[0.014s] Invoking command in '/home/hsq/code/auto-arm/rm-vision/build/rm_vision_bringup': CMAKE_PREFIX_PATH=/home/hsq/code/auto-arm/rm-vision/install/rm_auto_aim:/home/hsq/code/auto-arm/rm-vision/install/rm_serial_driver:/home/hsq/code/auto-arm/rm-vision/install/armor_tracker:/home/hsq/code/auto-arm/rm-vision/install/armor_detector:/home/hsq/code/auto-arm/rm-vision/install/auto_aim_interfaces:/home/hsq/code/auto-arm/rm-vision/install/rm_vision_bringup:/home/hsq/code/auto-arm/rm-vision/install/rm_gimbal_description:/home/hsq/code/auto-arm/rm-vision/install/hik_camera:/opt/ros/humble LD_LIBRARY_PATH=/home/hsq/code/auto-arm/rm-vision/install/rm_serial_driver/lib:/home/hsq/code/auto-arm/rm-vision/install/armor_tracker/lib:/home/hsq/code/auto-arm/rm-vision/install/armor_detector/lib:/home/hsq/code/auto-arm/rm-vision/install/auto_aim_interfaces/lib:/home/hsq/code/auto-arm/rm-vision/install/hik_camera/lib:/opt/MVS/lib/64:/opt/MVS/lib/32:/opt/MVS/lib/64:/opt/MVS/lib/32:/opt/MVS/lib/64:/opt/MVS/lib/32:/opt/ros/humble/opt/rviz_ogre_vendor/lib:/opt/ros/humble/lib/x86_64-linux-gnu:/opt/ros/humble/lib:/opt/MVS/lib/64:/opt/MVS/lib/32:/opt/MVS/lib/64:/opt/MVS/lib/32:/opt/MVS/lib/64:/opt/MVS/lib/32 /usr/bin/cmake --build /home/hsq/code/auto-arm/rm-vision/build/rm_vision_bringup -- -j12 -l12
[0.053s] Invoked command in '/home/hsq/code/auto-arm/rm-vision/build/rm_vision_bringup' returned '0': CMAKE_PREFIX_PATH=/home/hsq/code/auto-arm/rm-vision/install/rm_auto_aim:/home/hsq/code/auto-arm/rm-vision/install/rm_serial_driver:/home/hsq/code/auto-arm/rm-vision/install/armor_tracker:/home/hsq/code/auto-arm/rm-vision/install/armor_detector:/home/hsq/code/auto-arm/rm-vision/install/auto_aim_interfaces:/home/hsq/code/auto-arm/rm-vision/install/rm_vision_bringup:/home/hsq/code/auto-arm/rm-vision/install/rm_gimbal_description:/home/hsq/code/auto-arm/rm-vision/install/hik_camera:/opt/ros/humble LD_LIBRARY_PATH=/home/hsq/code/auto-arm/rm-vision/install/rm_serial_driver/lib:/home/hsq/code/auto-arm/rm-vision/install/armor_tracker/lib:/home/hsq/code/auto-arm/rm-vision/install/armor_detector/lib:/home/hsq/code/auto-arm/rm-vision/install/auto_aim_interfaces/lib:/home/hsq/code/auto-arm/rm-vision/install/hik_camera/lib:/opt/MVS/lib/64:/opt/MVS/lib/32:/opt/MVS/lib/64:/opt/MVS/lib/32:/opt/MVS/lib/64:/opt/MVS/lib/32:/opt/ros/humble/opt/rviz_ogre_vendor/lib:/opt/ros/humble/lib/x86_64-linux-gnu:/opt/ros/humble/lib:/opt/MVS/lib/64:/opt/MVS/lib/32:/opt/MVS/lib/64:/opt/MVS/lib/32:/opt/MVS/lib/64:/opt/MVS/lib/32 /usr/bin/cmake --build /home/hsq/code/auto-arm/rm-vision/build/rm_vision_bringup -- -j12 -l12
[0.055s] Invoking command in '/home/hsq/code/auto-arm/rm-vision/build/rm_vision_bringup': CMAKE_PREFIX_PATH=/home/hsq/code/auto-arm/rm-vision/install/rm_auto_aim:/home/hsq/code/auto-arm/rm-vision/install/rm_serial_driver:/home/hsq/code/auto-arm/rm-vision/install/armor_tracker:/home/hsq/code/auto-arm/rm-vision/install/armor_detector:/home/hsq/code/auto-arm/rm-vision/install/auto_aim_interfaces:/home/hsq/code/auto-arm/rm-vision/install/rm_vision_bringup:/home/hsq/code/auto-arm/rm-vision/install/rm_gimbal_description:/home/hsq/code/auto-arm/rm-vision/install/hik_camera:/opt/ros/humble LD_LIBRARY_PATH=/home/hsq/code/auto-arm/rm-vision/install/rm_serial_driver/lib:/home/hsq/code/auto-arm/rm-vision/install/armor_tracker/lib:/home/hsq/code/auto-arm/rm-vision/install/armor_detector/lib:/home/hsq/code/auto-arm/rm-vision/install/auto_aim_interfaces/lib:/home/hsq/code/auto-arm/rm-vision/install/hik_camera/lib:/opt/MVS/lib/64:/opt/MVS/lib/32:/opt/MVS/lib/64:/opt/MVS/lib/32:/opt/MVS/lib/64:/opt/MVS/lib/32:/opt/ros/humble/opt/rviz_ogre_vendor/lib:/opt/ros/humble/lib/x86_64-linux-gnu:/opt/ros/humble/lib:/opt/MVS/lib/64:/opt/MVS/lib/32:/opt/MVS/lib/64:/opt/MVS/lib/32:/opt/MVS/lib/64:/opt/MVS/lib/32 /usr/bin/cmake --install /home/hsq/code/auto-arm/rm-vision/build/rm_vision_bringup
[0.062s] -- Install configuration: ""
[0.062s] -- Up-to-date: /home/hsq/code/auto-arm/rm-vision/install/rm_vision_bringup/share/rm_vision_bringup/launch
[0.062s] -- Up-to-date: /home/hsq/code/auto-arm/rm-vision/install/rm_vision_bringup/share/rm_vision_bringup/launch/__pycache__
[0.062s] -- Installing: /home/hsq/code/auto-arm/rm-vision/install/rm_vision_bringup/share/rm_vision_bringup/launch/__pycache__/vision_bringup.launch.cpython-310.pyc
[0.062s] -- Up-to-date: /home/hsq/code/auto-arm/rm-vision/install/rm_vision_bringup/share/rm_vision_bringup/launch/vision_bringup.launch.py
[0.062s] -- Up-to-date: /home/hsq/code/auto-arm/rm-vision/install/rm_vision_bringup/share/rm_vision_bringup/launch/no_hardware.launch.py
[0.062s] -- Up-to-date: /home/hsq/code/auto-arm/rm-vision/install/rm_vision_bringup/share/rm_vision_bringup/launch/common.py
[0.062s] -- Up-to-date: /home/hsq/code/auto-arm/rm-vision/install/rm_vision_bringup/share/rm_vision_bringup/config
[0.063s] -- Up-to-date: /home/hsq/code/auto-arm/rm-vision/install/rm_vision_bringup/share/rm_vision_bringup/config/launch_params.yaml
[0.063s] -- Up-to-date: /home/hsq/code/auto-arm/rm-vision/install/rm_vision_bringup/share/rm_vision_bringup/config/node_params.yaml
[0.063s] -- Installing: /home/hsq/code/auto-arm/rm-vision/install/rm_vision_bringup/share/rm_vision_bringup/config/camera_info.yaml
[0.063s] -- Up-to-date: /home/hsq/code/auto-arm/rm-vision/install/rm_vision_bringup/share/ament_index/resource_index/package_run_dependencies/rm_vision_bringup
[0.063s] -- Up-to-date: /home/hsq/code/auto-arm/rm-vision/install/rm_vision_bringup/share/ament_index/resource_index/parent_prefix_path/rm_vision_bringup
[0.063s] -- Up-to-date: /home/hsq/code/auto-arm/rm-vision/install/rm_vision_bringup/share/rm_vision_bringup/environment/ament_prefix_path.sh
[0.063s] -- Up-to-date: /home/hsq/code/auto-arm/rm-vision/install/rm_vision_bringup/share/rm_vision_bringup/environment/ament_prefix_path.dsv
[0.063s] -- Up-to-date: /home/hsq/code/auto-arm/rm-vision/install/rm_vision_bringup/share/rm_vision_bringup/environment/path.sh
[0.063s] -- Up-to-date: /home/hsq/code/auto-arm/rm-vision/install/rm_vision_bringup/share/rm_vision_bringup/environment/path.dsv
[0.063s] -- Up-to-date: /home/hsq/code/auto-arm/rm-vision/install/rm_vision_bringup/share/rm_vision_bringup/local_setup.bash
[0.064s] -- Up-to-date: /home/hsq/code/auto-arm/rm-vision/install/rm_vision_bringup/share/rm_vision_bringup/local_setup.sh
[0.064s] -- Up-to-date: /home/hsq/code/auto-arm/rm-vision/install/rm_vision_bringup/share/rm_vision_bringup/local_setup.zsh
[0.064s] -- Up-to-date: /home/hsq/code/auto-arm/rm-vision/install/rm_vision_bringup/share/rm_vision_bringup/local_setup.dsv
[0.064s] -- Installing: /home/hsq/code/auto-arm/rm-vision/install/rm_vision_bringup/share/rm_vision_bringup/package.dsv
[0.064s] -- Up-to-date: /home/hsq/code/auto-arm/rm-vision/install/rm_vision_bringup/share/ament_index/resource_index/packages/rm_vision_bringup
[0.065s] -- Up-to-date: /home/hsq/code/auto-arm/rm-vision/install/rm_vision_bringup/share/rm_vision_bringup/cmake/rm_vision_bringupConfig.cmake
[0.065s] -- Up-to-date: /home/hsq/code/auto-arm/rm-vision/install/rm_vision_bringup/share/rm_vision_bringup/cmake/rm_vision_bringupConfig-version.cmake
[0.065s] -- Up-to-date: /home/hsq/code/auto-arm/rm-vision/install/rm_vision_bringup/share/rm_vision_bringup/package.xml
[0.065s] Invoked command in '/home/hsq/code/auto-arm/rm-vision/build/rm_vision_bringup' returned '0': CMAKE_PREFIX_PATH=/home/hsq/code/auto-arm/rm-vision/install/rm_auto_aim:/home/hsq/code/auto-arm/rm-vision/install/rm_serial_driver:/home/hsq/code/auto-arm/rm-vision/install/armor_tracker:/home/hsq/code/auto-arm/rm-vision/install/armor_detector:/home/hsq/code/auto-arm/rm-vision/install/auto_aim_interfaces:/home/hsq/code/auto-arm/rm-vision/install/rm_vision_bringup:/home/hsq/code/auto-arm/rm-vision/install/rm_gimbal_description:/home/hsq/code/auto-arm/rm-vision/install/hik_camera:/opt/ros/humble LD_LIBRARY_PATH=/home/hsq/code/auto-arm/rm-vision/install/rm_serial_driver/lib:/home/hsq/code/auto-arm/rm-vision/install/armor_tracker/lib:/home/hsq/code/auto-arm/rm-vision/install/armor_detector/lib:/home/hsq/code/auto-arm/rm-vision/install/auto_aim_interfaces/lib:/home/hsq/code/auto-arm/rm-vision/install/hik_camera/lib:/opt/MVS/lib/64:/opt/MVS/lib/32:/opt/MVS/lib/64:/opt/MVS/lib/32:/opt/MVS/lib/64:/opt/MVS/lib/32:/opt/ros/humble/opt/rviz_ogre_vendor/lib:/opt/ros/humble/lib/x86_64-linux-gnu:/opt/ros/humble/lib:/opt/MVS/lib/64:/opt/MVS/lib/32:/opt/MVS/lib/64:/opt/MVS/lib/32:/opt/MVS/lib/64:/opt/MVS/lib/32 /usr/bin/cmake --install /home/hsq/code/auto-arm/rm-vision/build/rm_vision_bringup
