[0.161s] DEBUG:colcon:Command line arguments: ['/usr/bin/colcon', 'build']
[0.162s] DEBUG:colcon:Parsed command line arguments: Namespace(log_base=None, log_level=None, verb_name='build', build_base='build', install_base='install', merge_install=False, symlink_install=False, test_result_base=None, continue_on_error=False, executor='parallel', parallel_workers=12, event_handlers=None, ignore_user_meta=False, metas=['./colcon.meta'], base_paths=['.'], packages_ignore=None, packages_ignore_regex=None, paths=None, packages_up_to=None, packages_up_to_regex=None, packages_above=None, packages_above_and_dependencies=None, packages_above_depth=None, packages_select_by_dep=None, packages_skip_by_dep=None, packages_skip_up_to=None, packages_select_build_failed=False, packages_skip_build_finished=False, packages_select_test_failures=False, packages_skip_test_passed=False, packages_select=None, packages_skip=None, packages_select_regex=None, packages_skip_regex=None, packages_start=None, packages_end=None, allow_overriding=[], cmake_args=None, cmake_target=None, cmake_target_skip_unavailable=False, cmake_clean_cache=False, cmake_clean_first=False, cmake_force_configure=False, ament_cmake_args=None, catkin_cmake_args=None, catkin_skip_building_tests=False, verb_parser=<colcon_defaults.argument_parser.defaults.DefaultArgumentsDecorator object at 0x7022e2623400>, verb_extension=<colcon_core.verb.build.BuildVerb object at 0x7022e2622e90>, main=<bound method BuildVerb.main of <colcon_core.verb.build.BuildVerb object at 0x7022e2622e90>>)
[0.351s] Level 1:colcon.colcon_core.package_discovery:discover_packages(colcon_meta) check parameters
[0.351s] Level 1:colcon.colcon_core.package_discovery:discover_packages(recursive) check parameters
[0.351s] Level 1:colcon.colcon_core.package_discovery:discover_packages(ignore) check parameters
[0.351s] Level 1:colcon.colcon_core.package_discovery:discover_packages(path) check parameters
[0.351s] Level 1:colcon.colcon_core.package_discovery:discover_packages(colcon_meta) discover
[0.351s] Level 1:colcon.colcon_core.package_discovery:discover_packages(recursive) discover
[0.351s] INFO:colcon.colcon_core.package_discovery:Crawling recursively for packages in '/home/hsq/code/auto-arm/rm-vision'
[0.352s] Level 1:colcon.colcon_core.package_identification:_identify(.) by extensions ['ignore', 'ignore_ament_install']
[0.352s] Level 1:colcon.colcon_core.package_identification:_identify(.) by extension 'ignore'
[0.352s] Level 1:colcon.colcon_core.package_identification:_identify(.) by extension 'ignore_ament_install'
[0.352s] Level 1:colcon.colcon_core.package_identification:_identify(.) by extensions ['colcon_pkg']
[0.352s] Level 1:colcon.colcon_core.package_identification:_identify(.) by extension 'colcon_pkg'
[0.352s] Level 1:colcon.colcon_core.package_identification:_identify(.) by extensions ['colcon_meta']
[0.352s] Level 1:colcon.colcon_core.package_identification:_identify(.) by extension 'colcon_meta'
[0.352s] Level 1:colcon.colcon_core.package_identification:_identify(.) by extensions ['ros']
[0.352s] Level 1:colcon.colcon_core.package_identification:_identify(.) by extension 'ros'
[0.365s] Level 1:colcon.colcon_core.package_identification:_identify(.) by extensions ['cmake', 'python']
[0.365s] Level 1:colcon.colcon_core.package_identification:_identify(.) by extension 'cmake'
[0.365s] Level 1:colcon.colcon_core.package_identification:_identify(.) by extension 'python'
[0.365s] Level 1:colcon.colcon_core.package_identification:_identify(.) by extensions ['python_setup_py']
[0.365s] Level 1:colcon.colcon_core.package_identification:_identify(.) by extension 'python_setup_py'
[0.365s] Level 1:colcon.colcon_core.package_identification:_identify(build) by extensions ['ignore', 'ignore_ament_install']
[0.366s] Level 1:colcon.colcon_core.package_identification:_identify(build) by extension 'ignore'
[0.366s] Level 1:colcon.colcon_core.package_identification:_identify(build) ignored
[0.366s] Level 1:colcon.colcon_core.package_identification:_identify(install) by extensions ['ignore', 'ignore_ament_install']
[0.366s] Level 1:colcon.colcon_core.package_identification:_identify(install) by extension 'ignore'
[0.366s] Level 1:colcon.colcon_core.package_identification:_identify(install) ignored
[0.366s] Level 1:colcon.colcon_core.package_identification:_identify(log) by extensions ['ignore', 'ignore_ament_install']
[0.366s] Level 1:colcon.colcon_core.package_identification:_identify(log) by extension 'ignore'
[0.366s] Level 1:colcon.colcon_core.package_identification:_identify(log) ignored
[0.366s] Level 1:colcon.colcon_core.package_identification:_identify(src) by extensions ['ignore', 'ignore_ament_install']
[0.366s] Level 1:colcon.colcon_core.package_identification:_identify(src) by extension 'ignore'
[0.366s] Level 1:colcon.colcon_core.package_identification:_identify(src) by extension 'ignore_ament_install'
[0.366s] Level 1:colcon.colcon_core.package_identification:_identify(src) by extensions ['colcon_pkg']
[0.366s] Level 1:colcon.colcon_core.package_identification:_identify(src) by extension 'colcon_pkg'
[0.366s] Level 1:colcon.colcon_core.package_identification:_identify(src) by extensions ['colcon_meta']
[0.366s] Level 1:colcon.colcon_core.package_identification:_identify(src) by extension 'colcon_meta'
[0.366s] Level 1:colcon.colcon_core.package_identification:_identify(src) by extensions ['ros']
[0.366s] Level 1:colcon.colcon_core.package_identification:_identify(src) by extension 'ros'
[0.366s] Level 1:colcon.colcon_core.package_identification:_identify(src) by extensions ['cmake', 'python']
[0.366s] Level 1:colcon.colcon_core.package_identification:_identify(src) by extension 'cmake'
[0.366s] Level 1:colcon.colcon_core.package_identification:_identify(src) by extension 'python'
[0.366s] Level 1:colcon.colcon_core.package_identification:_identify(src) by extensions ['python_setup_py']
[0.366s] Level 1:colcon.colcon_core.package_identification:_identify(src) by extension 'python_setup_py'
[0.366s] Level 1:colcon.colcon_core.package_identification:_identify(src/rm_auto_aim-main) by extensions ['ignore', 'ignore_ament_install']
[0.366s] Level 1:colcon.colcon_core.package_identification:_identify(src/rm_auto_aim-main) by extension 'ignore'
[0.367s] Level 1:colcon.colcon_core.package_identification:_identify(src/rm_auto_aim-main) by extension 'ignore_ament_install'
[0.367s] Level 1:colcon.colcon_core.package_identification:_identify(src/rm_auto_aim-main) by extensions ['colcon_pkg']
[0.367s] Level 1:colcon.colcon_core.package_identification:_identify(src/rm_auto_aim-main) by extension 'colcon_pkg'
[0.367s] Level 1:colcon.colcon_core.package_identification:_identify(src/rm_auto_aim-main) by extensions ['colcon_meta']
[0.367s] Level 1:colcon.colcon_core.package_identification:_identify(src/rm_auto_aim-main) by extension 'colcon_meta'
[0.367s] Level 1:colcon.colcon_core.package_identification:_identify(src/rm_auto_aim-main) by extensions ['ros']
[0.367s] Level 1:colcon.colcon_core.package_identification:_identify(src/rm_auto_aim-main) by extension 'ros'
[0.367s] Level 1:colcon.colcon_core.package_identification:_identify(src/rm_auto_aim-main) by extensions ['cmake', 'python']
[0.367s] Level 1:colcon.colcon_core.package_identification:_identify(src/rm_auto_aim-main) by extension 'cmake'
[0.367s] Level 1:colcon.colcon_core.package_identification:_identify(src/rm_auto_aim-main) by extension 'python'
[0.367s] Level 1:colcon.colcon_core.package_identification:_identify(src/rm_auto_aim-main) by extensions ['python_setup_py']
[0.367s] Level 1:colcon.colcon_core.package_identification:_identify(src/rm_auto_aim-main) by extension 'python_setup_py'
[0.367s] Level 1:colcon.colcon_core.package_identification:_identify(src/rm_auto_aim-main/armor_detector) by extensions ['ignore', 'ignore_ament_install']
[0.367s] Level 1:colcon.colcon_core.package_identification:_identify(src/rm_auto_aim-main/armor_detector) by extension 'ignore'
[0.367s] Level 1:colcon.colcon_core.package_identification:_identify(src/rm_auto_aim-main/armor_detector) by extension 'ignore_ament_install'
[0.367s] Level 1:colcon.colcon_core.package_identification:_identify(src/rm_auto_aim-main/armor_detector) by extensions ['colcon_pkg']
[0.367s] Level 1:colcon.colcon_core.package_identification:_identify(src/rm_auto_aim-main/armor_detector) by extension 'colcon_pkg'
[0.367s] Level 1:colcon.colcon_core.package_identification:_identify(src/rm_auto_aim-main/armor_detector) by extensions ['colcon_meta']
[0.367s] Level 1:colcon.colcon_core.package_identification:_identify(src/rm_auto_aim-main/armor_detector) by extension 'colcon_meta'
[0.367s] Level 1:colcon.colcon_core.package_identification:_identify(src/rm_auto_aim-main/armor_detector) by extensions ['ros']
[0.367s] Level 1:colcon.colcon_core.package_identification:_identify(src/rm_auto_aim-main/armor_detector) by extension 'ros'
[0.370s] DEBUG:colcon.colcon_core.package_identification:Package 'src/rm_auto_aim-main/armor_detector' with type 'ros.ament_cmake' and name 'armor_detector'
[0.370s] Level 1:colcon.colcon_core.package_identification:_identify(src/rm_auto_aim-main/armor_tracker) by extensions ['ignore', 'ignore_ament_install']
[0.371s] Level 1:colcon.colcon_core.package_identification:_identify(src/rm_auto_aim-main/armor_tracker) by extension 'ignore'
[0.371s] Level 1:colcon.colcon_core.package_identification:_identify(src/rm_auto_aim-main/armor_tracker) by extension 'ignore_ament_install'
[0.371s] Level 1:colcon.colcon_core.package_identification:_identify(src/rm_auto_aim-main/armor_tracker) by extensions ['colcon_pkg']
[0.371s] Level 1:colcon.colcon_core.package_identification:_identify(src/rm_auto_aim-main/armor_tracker) by extension 'colcon_pkg'
[0.371s] Level 1:colcon.colcon_core.package_identification:_identify(src/rm_auto_aim-main/armor_tracker) by extensions ['colcon_meta']
[0.371s] Level 1:colcon.colcon_core.package_identification:_identify(src/rm_auto_aim-main/armor_tracker) by extension 'colcon_meta'
[0.371s] Level 1:colcon.colcon_core.package_identification:_identify(src/rm_auto_aim-main/armor_tracker) by extensions ['ros']
[0.371s] Level 1:colcon.colcon_core.package_identification:_identify(src/rm_auto_aim-main/armor_tracker) by extension 'ros'
[0.372s] DEBUG:colcon.colcon_core.package_identification:Package 'src/rm_auto_aim-main/armor_tracker' with type 'ros.ament_cmake' and name 'armor_tracker'
[0.372s] Level 1:colcon.colcon_core.package_identification:_identify(src/rm_auto_aim-main/auto_aim_interfaces) by extensions ['ignore', 'ignore_ament_install']
[0.372s] Level 1:colcon.colcon_core.package_identification:_identify(src/rm_auto_aim-main/auto_aim_interfaces) by extension 'ignore'
[0.373s] Level 1:colcon.colcon_core.package_identification:_identify(src/rm_auto_aim-main/auto_aim_interfaces) by extension 'ignore_ament_install'
[0.373s] Level 1:colcon.colcon_core.package_identification:_identify(src/rm_auto_aim-main/auto_aim_interfaces) by extensions ['colcon_pkg']
[0.373s] Level 1:colcon.colcon_core.package_identification:_identify(src/rm_auto_aim-main/auto_aim_interfaces) by extension 'colcon_pkg'
[0.373s] Level 1:colcon.colcon_core.package_identification:_identify(src/rm_auto_aim-main/auto_aim_interfaces) by extensions ['colcon_meta']
[0.373s] Level 1:colcon.colcon_core.package_identification:_identify(src/rm_auto_aim-main/auto_aim_interfaces) by extension 'colcon_meta'
[0.373s] Level 1:colcon.colcon_core.package_identification:_identify(src/rm_auto_aim-main/auto_aim_interfaces) by extensions ['ros']
[0.373s] Level 1:colcon.colcon_core.package_identification:_identify(src/rm_auto_aim-main/auto_aim_interfaces) by extension 'ros'
[0.373s] DEBUG:colcon.colcon_core.package_identification:Package 'src/rm_auto_aim-main/auto_aim_interfaces' with type 'ros.ament_cmake' and name 'auto_aim_interfaces'
[0.374s] Level 1:colcon.colcon_core.package_identification:_identify(src/rm_auto_aim-main/docs) by extensions ['ignore', 'ignore_ament_install']
[0.374s] Level 1:colcon.colcon_core.package_identification:_identify(src/rm_auto_aim-main/docs) by extension 'ignore'
[0.374s] Level 1:colcon.colcon_core.package_identification:_identify(src/rm_auto_aim-main/docs) by extension 'ignore_ament_install'
[0.374s] Level 1:colcon.colcon_core.package_identification:_identify(src/rm_auto_aim-main/docs) by extensions ['colcon_pkg']
[0.374s] Level 1:colcon.colcon_core.package_identification:_identify(src/rm_auto_aim-main/docs) by extension 'colcon_pkg'
[0.374s] Level 1:colcon.colcon_core.package_identification:_identify(src/rm_auto_aim-main/docs) by extensions ['colcon_meta']
[0.374s] Level 1:colcon.colcon_core.package_identification:_identify(src/rm_auto_aim-main/docs) by extension 'colcon_meta'
[0.374s] Level 1:colcon.colcon_core.package_identification:_identify(src/rm_auto_aim-main/docs) by extensions ['ros']
[0.374s] Level 1:colcon.colcon_core.package_identification:_identify(src/rm_auto_aim-main/docs) by extension 'ros'
[0.374s] Level 1:colcon.colcon_core.package_identification:_identify(src/rm_auto_aim-main/docs) by extensions ['cmake', 'python']
[0.374s] Level 1:colcon.colcon_core.package_identification:_identify(src/rm_auto_aim-main/docs) by extension 'cmake'
[0.374s] Level 1:colcon.colcon_core.package_identification:_identify(src/rm_auto_aim-main/docs) by extension 'python'
[0.374s] Level 1:colcon.colcon_core.package_identification:_identify(src/rm_auto_aim-main/docs) by extensions ['python_setup_py']
[0.374s] Level 1:colcon.colcon_core.package_identification:_identify(src/rm_auto_aim-main/docs) by extension 'python_setup_py'
[0.374s] Level 1:colcon.colcon_core.package_identification:_identify(src/rm_auto_aim-main/rm_auto_aim) by extensions ['ignore', 'ignore_ament_install']
[0.374s] Level 1:colcon.colcon_core.package_identification:_identify(src/rm_auto_aim-main/rm_auto_aim) by extension 'ignore'
[0.374s] Level 1:colcon.colcon_core.package_identification:_identify(src/rm_auto_aim-main/rm_auto_aim) by extension 'ignore_ament_install'
[0.374s] Level 1:colcon.colcon_core.package_identification:_identify(src/rm_auto_aim-main/rm_auto_aim) by extensions ['colcon_pkg']
[0.374s] Level 1:colcon.colcon_core.package_identification:_identify(src/rm_auto_aim-main/rm_auto_aim) by extension 'colcon_pkg'
[0.374s] Level 1:colcon.colcon_core.package_identification:_identify(src/rm_auto_aim-main/rm_auto_aim) by extensions ['colcon_meta']
[0.374s] Level 1:colcon.colcon_core.package_identification:_identify(src/rm_auto_aim-main/rm_auto_aim) by extension 'colcon_meta'
[0.374s] Level 1:colcon.colcon_core.package_identification:_identify(src/rm_auto_aim-main/rm_auto_aim) by extensions ['ros']
[0.374s] Level 1:colcon.colcon_core.package_identification:_identify(src/rm_auto_aim-main/rm_auto_aim) by extension 'ros'
[0.375s] DEBUG:colcon.colcon_core.package_identification:Package 'src/rm_auto_aim-main/rm_auto_aim' with type 'ros.ament_cmake' and name 'rm_auto_aim'
[0.375s] Level 1:colcon.colcon_core.package_identification:_identify(src/rm_gimbal_description-main) by extensions ['ignore', 'ignore_ament_install']
[0.375s] Level 1:colcon.colcon_core.package_identification:_identify(src/rm_gimbal_description-main) by extension 'ignore'
[0.375s] Level 1:colcon.colcon_core.package_identification:_identify(src/rm_gimbal_description-main) by extension 'ignore_ament_install'
[0.375s] Level 1:colcon.colcon_core.package_identification:_identify(src/rm_gimbal_description-main) by extensions ['colcon_pkg']
[0.375s] Level 1:colcon.colcon_core.package_identification:_identify(src/rm_gimbal_description-main) by extension 'colcon_pkg'
[0.375s] Level 1:colcon.colcon_core.package_identification:_identify(src/rm_gimbal_description-main) by extensions ['colcon_meta']
[0.375s] Level 1:colcon.colcon_core.package_identification:_identify(src/rm_gimbal_description-main) by extension 'colcon_meta'
[0.375s] Level 1:colcon.colcon_core.package_identification:_identify(src/rm_gimbal_description-main) by extensions ['ros']
[0.375s] Level 1:colcon.colcon_core.package_identification:_identify(src/rm_gimbal_description-main) by extension 'ros'
[0.376s] DEBUG:colcon.colcon_core.package_identification:Package 'src/rm_gimbal_description-main' with type 'ros.ament_cmake' and name 'rm_gimbal_description'
[0.376s] Level 1:colcon.colcon_core.package_identification:_identify(src/rm_serial_driver-main) by extensions ['ignore', 'ignore_ament_install']
[0.376s] Level 1:colcon.colcon_core.package_identification:_identify(src/rm_serial_driver-main) by extension 'ignore'
[0.376s] Level 1:colcon.colcon_core.package_identification:_identify(src/rm_serial_driver-main) by extension 'ignore_ament_install'
[0.376s] Level 1:colcon.colcon_core.package_identification:_identify(src/rm_serial_driver-main) by extensions ['colcon_pkg']
[0.376s] Level 1:colcon.colcon_core.package_identification:_identify(src/rm_serial_driver-main) by extension 'colcon_pkg'
[0.376s] Level 1:colcon.colcon_core.package_identification:_identify(src/rm_serial_driver-main) by extensions ['colcon_meta']
[0.376s] Level 1:colcon.colcon_core.package_identification:_identify(src/rm_serial_driver-main) by extension 'colcon_meta'
[0.376s] Level 1:colcon.colcon_core.package_identification:_identify(src/rm_serial_driver-main) by extensions ['ros']
[0.376s] Level 1:colcon.colcon_core.package_identification:_identify(src/rm_serial_driver-main) by extension 'ros'
[0.377s] DEBUG:colcon.colcon_core.package_identification:Package 'src/rm_serial_driver-main' with type 'ros.ament_cmake' and name 'rm_serial_driver'
[0.377s] Level 1:colcon.colcon_core.package_identification:_identify(src/rm_vision-main) by extensions ['ignore', 'ignore_ament_install']
[0.377s] Level 1:colcon.colcon_core.package_identification:_identify(src/rm_vision-main) by extension 'ignore'
[0.377s] Level 1:colcon.colcon_core.package_identification:_identify(src/rm_vision-main) by extension 'ignore_ament_install'
[0.377s] Level 1:colcon.colcon_core.package_identification:_identify(src/rm_vision-main) by extensions ['colcon_pkg']
[0.377s] Level 1:colcon.colcon_core.package_identification:_identify(src/rm_vision-main) by extension 'colcon_pkg'
[0.377s] Level 1:colcon.colcon_core.package_identification:_identify(src/rm_vision-main) by extensions ['colcon_meta']
[0.377s] Level 1:colcon.colcon_core.package_identification:_identify(src/rm_vision-main) by extension 'colcon_meta'
[0.377s] Level 1:colcon.colcon_core.package_identification:_identify(src/rm_vision-main) by extensions ['ros']
[0.377s] Level 1:colcon.colcon_core.package_identification:_identify(src/rm_vision-main) by extension 'ros'
[0.377s] Level 1:colcon.colcon_core.package_identification:_identify(src/rm_vision-main) by extensions ['cmake', 'python']
[0.377s] Level 1:colcon.colcon_core.package_identification:_identify(src/rm_vision-main) by extension 'cmake'
[0.377s] Level 1:colcon.colcon_core.package_identification:_identify(src/rm_vision-main) by extension 'python'
[0.377s] Level 1:colcon.colcon_core.package_identification:_identify(src/rm_vision-main) by extensions ['python_setup_py']
[0.377s] Level 1:colcon.colcon_core.package_identification:_identify(src/rm_vision-main) by extension 'python_setup_py'
[0.377s] Level 1:colcon.colcon_core.package_identification:_identify(src/rm_vision-main/docs) by extensions ['ignore', 'ignore_ament_install']
[0.377s] Level 1:colcon.colcon_core.package_identification:_identify(src/rm_vision-main/docs) by extension 'ignore'
[0.377s] Level 1:colcon.colcon_core.package_identification:_identify(src/rm_vision-main/docs) by extension 'ignore_ament_install'
[0.377s] Level 1:colcon.colcon_core.package_identification:_identify(src/rm_vision-main/docs) by extensions ['colcon_pkg']
[0.377s] Level 1:colcon.colcon_core.package_identification:_identify(src/rm_vision-main/docs) by extension 'colcon_pkg'
[0.377s] Level 1:colcon.colcon_core.package_identification:_identify(src/rm_vision-main/docs) by extensions ['colcon_meta']
[0.377s] Level 1:colcon.colcon_core.package_identification:_identify(src/rm_vision-main/docs) by extension 'colcon_meta'
[0.377s] Level 1:colcon.colcon_core.package_identification:_identify(src/rm_vision-main/docs) by extensions ['ros']
[0.377s] Level 1:colcon.colcon_core.package_identification:_identify(src/rm_vision-main/docs) by extension 'ros'
[0.377s] Level 1:colcon.colcon_core.package_identification:_identify(src/rm_vision-main/docs) by extensions ['cmake', 'python']
[0.377s] Level 1:colcon.colcon_core.package_identification:_identify(src/rm_vision-main/docs) by extension 'cmake'
[0.378s] Level 1:colcon.colcon_core.package_identification:_identify(src/rm_vision-main/docs) by extension 'python'
[0.378s] Level 1:colcon.colcon_core.package_identification:_identify(src/rm_vision-main/docs) by extensions ['python_setup_py']
[0.378s] Level 1:colcon.colcon_core.package_identification:_identify(src/rm_vision-main/docs) by extension 'python_setup_py'
[0.378s] Level 1:colcon.colcon_core.package_identification:_identify(src/rm_vision-main/rm_vision_bringup) by extensions ['ignore', 'ignore_ament_install']
[0.378s] Level 1:colcon.colcon_core.package_identification:_identify(src/rm_vision-main/rm_vision_bringup) by extension 'ignore'
[0.378s] Level 1:colcon.colcon_core.package_identification:_identify(src/rm_vision-main/rm_vision_bringup) by extension 'ignore_ament_install'
[0.378s] Level 1:colcon.colcon_core.package_identification:_identify(src/rm_vision-main/rm_vision_bringup) by extensions ['colcon_pkg']
[0.378s] Level 1:colcon.colcon_core.package_identification:_identify(src/rm_vision-main/rm_vision_bringup) by extension 'colcon_pkg'
[0.378s] Level 1:colcon.colcon_core.package_identification:_identify(src/rm_vision-main/rm_vision_bringup) by extensions ['colcon_meta']
[0.378s] Level 1:colcon.colcon_core.package_identification:_identify(src/rm_vision-main/rm_vision_bringup) by extension 'colcon_meta'
[0.378s] Level 1:colcon.colcon_core.package_identification:_identify(src/rm_vision-main/rm_vision_bringup) by extensions ['ros']
[0.378s] Level 1:colcon.colcon_core.package_identification:_identify(src/rm_vision-main/rm_vision_bringup) by extension 'ros'
[0.378s] DEBUG:colcon.colcon_core.package_identification:Package 'src/rm_vision-main/rm_vision_bringup' with type 'ros.ament_cmake' and name 'rm_vision_bringup'
[0.378s] Level 1:colcon.colcon_core.package_identification:_identify(src/ros2_hik_camera-main) by extensions ['ignore', 'ignore_ament_install']
[0.378s] Level 1:colcon.colcon_core.package_identification:_identify(src/ros2_hik_camera-main) by extension 'ignore'
[0.378s] Level 1:colcon.colcon_core.package_identification:_identify(src/ros2_hik_camera-main) by extension 'ignore_ament_install'
[0.378s] Level 1:colcon.colcon_core.package_identification:_identify(src/ros2_hik_camera-main) by extensions ['colcon_pkg']
[0.378s] Level 1:colcon.colcon_core.package_identification:_identify(src/ros2_hik_camera-main) by extension 'colcon_pkg'
[0.379s] Level 1:colcon.colcon_core.package_identification:_identify(src/ros2_hik_camera-main) by extensions ['colcon_meta']
[0.379s] Level 1:colcon.colcon_core.package_identification:_identify(src/ros2_hik_camera-main) by extension 'colcon_meta'
[0.379s] Level 1:colcon.colcon_core.package_identification:_identify(src/ros2_hik_camera-main) by extensions ['ros']
[0.379s] Level 1:colcon.colcon_core.package_identification:_identify(src/ros2_hik_camera-main) by extension 'ros'
[0.379s] DEBUG:colcon.colcon_core.package_identification:Package 'src/ros2_hik_camera-main' with type 'ros.ament_cmake' and name 'hik_camera'
[0.379s] Level 1:colcon.colcon_core.package_discovery:discover_packages(recursive) using defaults
[0.379s] Level 1:colcon.colcon_core.package_discovery:discover_packages(ignore) discover
[0.379s] Level 1:colcon.colcon_core.package_discovery:discover_packages(ignore) using defaults
[0.379s] Level 1:colcon.colcon_core.package_discovery:discover_packages(path) discover
[0.379s] Level 1:colcon.colcon_core.package_discovery:discover_packages(path) using defaults
[0.417s] Level 1:colcon.colcon_core.package_discovery:discover_packages(prefix_path) check parameters
[0.417s] Level 1:colcon.colcon_core.package_discovery:discover_packages(prefix_path) discover
[0.418s] DEBUG:colcon.colcon_installed_package_information.package_discovery:Found 8 installed packages in /home/hsq/code/auto-arm/rm-vision/install
[0.419s] DEBUG:colcon.colcon_installed_package_information.package_discovery:Found 282 installed packages in /opt/ros/humble
[0.420s] Level 1:colcon.colcon_core.package_discovery:discover_packages(prefix_path) using defaults
[0.449s] Level 5:colcon.colcon_core.verb:set package 'auto_aim_interfaces' build argument 'cmake_args' from command line to 'None'
[0.449s] Level 5:colcon.colcon_core.verb:set package 'auto_aim_interfaces' build argument 'cmake_target' from command line to 'None'
[0.449s] Level 5:colcon.colcon_core.verb:set package 'auto_aim_interfaces' build argument 'cmake_target_skip_unavailable' from command line to 'False'
[0.449s] Level 5:colcon.colcon_core.verb:set package 'auto_aim_interfaces' build argument 'cmake_clean_cache' from command line to 'False'
[0.449s] Level 5:colcon.colcon_core.verb:set package 'auto_aim_interfaces' build argument 'cmake_clean_first' from command line to 'False'
[0.449s] Level 5:colcon.colcon_core.verb:set package 'auto_aim_interfaces' build argument 'cmake_force_configure' from command line to 'False'
[0.449s] Level 5:colcon.colcon_core.verb:set package 'auto_aim_interfaces' build argument 'ament_cmake_args' from command line to 'None'
[0.449s] Level 5:colcon.colcon_core.verb:set package 'auto_aim_interfaces' build argument 'catkin_cmake_args' from command line to 'None'
[0.449s] Level 5:colcon.colcon_core.verb:set package 'auto_aim_interfaces' build argument 'catkin_skip_building_tests' from command line to 'False'
[0.449s] DEBUG:colcon.colcon_core.verb:Building package 'auto_aim_interfaces' with the following arguments: {'ament_cmake_args': None, 'build_base': '/home/hsq/code/auto-arm/rm-vision/build/auto_aim_interfaces', 'catkin_cmake_args': None, 'catkin_skip_building_tests': False, 'cmake_args': None, 'cmake_clean_cache': False, 'cmake_clean_first': False, 'cmake_force_configure': False, 'cmake_target': None, 'cmake_target_skip_unavailable': False, 'install_base': '/home/hsq/code/auto-arm/rm-vision/install/auto_aim_interfaces', 'merge_install': False, 'path': '/home/hsq/code/auto-arm/rm-vision/src/rm_auto_aim-main/auto_aim_interfaces', 'symlink_install': False, 'test_result_base': None}
[0.449s] Level 5:colcon.colcon_core.verb:set package 'hik_camera' build argument 'cmake_args' from command line to 'None'
[0.449s] Level 5:colcon.colcon_core.verb:set package 'hik_camera' build argument 'cmake_target' from command line to 'None'
[0.449s] Level 5:colcon.colcon_core.verb:set package 'hik_camera' build argument 'cmake_target_skip_unavailable' from command line to 'False'
[0.449s] Level 5:colcon.colcon_core.verb:set package 'hik_camera' build argument 'cmake_clean_cache' from command line to 'False'
[0.449s] Level 5:colcon.colcon_core.verb:set package 'hik_camera' build argument 'cmake_clean_first' from command line to 'False'
[0.449s] Level 5:colcon.colcon_core.verb:set package 'hik_camera' build argument 'cmake_force_configure' from command line to 'False'
[0.449s] Level 5:colcon.colcon_core.verb:set package 'hik_camera' build argument 'ament_cmake_args' from command line to 'None'
[0.449s] Level 5:colcon.colcon_core.verb:set package 'hik_camera' build argument 'catkin_cmake_args' from command line to 'None'
[0.449s] Level 5:colcon.colcon_core.verb:set package 'hik_camera' build argument 'catkin_skip_building_tests' from command line to 'False'
[0.449s] DEBUG:colcon.colcon_core.verb:Building package 'hik_camera' with the following arguments: {'ament_cmake_args': None, 'build_base': '/home/hsq/code/auto-arm/rm-vision/build/hik_camera', 'catkin_cmake_args': None, 'catkin_skip_building_tests': False, 'cmake_args': None, 'cmake_clean_cache': False, 'cmake_clean_first': False, 'cmake_force_configure': False, 'cmake_target': None, 'cmake_target_skip_unavailable': False, 'install_base': '/home/hsq/code/auto-arm/rm-vision/install/hik_camera', 'merge_install': False, 'path': '/home/hsq/code/auto-arm/rm-vision/src/ros2_hik_camera-main', 'symlink_install': False, 'test_result_base': None}
[0.450s] Level 5:colcon.colcon_core.verb:set package 'rm_gimbal_description' build argument 'cmake_args' from command line to 'None'
[0.450s] Level 5:colcon.colcon_core.verb:set package 'rm_gimbal_description' build argument 'cmake_target' from command line to 'None'
[0.450s] Level 5:colcon.colcon_core.verb:set package 'rm_gimbal_description' build argument 'cmake_target_skip_unavailable' from command line to 'False'
[0.450s] Level 5:colcon.colcon_core.verb:set package 'rm_gimbal_description' build argument 'cmake_clean_cache' from command line to 'False'
[0.450s] Level 5:colcon.colcon_core.verb:set package 'rm_gimbal_description' build argument 'cmake_clean_first' from command line to 'False'
[0.450s] Level 5:colcon.colcon_core.verb:set package 'rm_gimbal_description' build argument 'cmake_force_configure' from command line to 'False'
[0.450s] Level 5:colcon.colcon_core.verb:set package 'rm_gimbal_description' build argument 'ament_cmake_args' from command line to 'None'
[0.450s] Level 5:colcon.colcon_core.verb:set package 'rm_gimbal_description' build argument 'catkin_cmake_args' from command line to 'None'
[0.450s] Level 5:colcon.colcon_core.verb:set package 'rm_gimbal_description' build argument 'catkin_skip_building_tests' from command line to 'False'
[0.450s] DEBUG:colcon.colcon_core.verb:Building package 'rm_gimbal_description' with the following arguments: {'ament_cmake_args': None, 'build_base': '/home/hsq/code/auto-arm/rm-vision/build/rm_gimbal_description', 'catkin_cmake_args': None, 'catkin_skip_building_tests': False, 'cmake_args': None, 'cmake_clean_cache': False, 'cmake_clean_first': False, 'cmake_force_configure': False, 'cmake_target': None, 'cmake_target_skip_unavailable': False, 'install_base': '/home/hsq/code/auto-arm/rm-vision/install/rm_gimbal_description', 'merge_install': False, 'path': '/home/hsq/code/auto-arm/rm-vision/src/rm_gimbal_description-main', 'symlink_install': False, 'test_result_base': None}
[0.450s] Level 5:colcon.colcon_core.verb:set package 'armor_detector' build argument 'cmake_args' from command line to 'None'
[0.450s] Level 5:colcon.colcon_core.verb:set package 'armor_detector' build argument 'cmake_target' from command line to 'None'
[0.450s] Level 5:colcon.colcon_core.verb:set package 'armor_detector' build argument 'cmake_target_skip_unavailable' from command line to 'False'
[0.450s] Level 5:colcon.colcon_core.verb:set package 'armor_detector' build argument 'cmake_clean_cache' from command line to 'False'
[0.450s] Level 5:colcon.colcon_core.verb:set package 'armor_detector' build argument 'cmake_clean_first' from command line to 'False'
[0.450s] Level 5:colcon.colcon_core.verb:set package 'armor_detector' build argument 'cmake_force_configure' from command line to 'False'
[0.450s] Level 5:colcon.colcon_core.verb:set package 'armor_detector' build argument 'ament_cmake_args' from command line to 'None'
[0.450s] Level 5:colcon.colcon_core.verb:set package 'armor_detector' build argument 'catkin_cmake_args' from command line to 'None'
[0.450s] Level 5:colcon.colcon_core.verb:set package 'armor_detector' build argument 'catkin_skip_building_tests' from command line to 'False'
[0.450s] DEBUG:colcon.colcon_core.verb:Building package 'armor_detector' with the following arguments: {'ament_cmake_args': None, 'build_base': '/home/hsq/code/auto-arm/rm-vision/build/armor_detector', 'catkin_cmake_args': None, 'catkin_skip_building_tests': False, 'cmake_args': None, 'cmake_clean_cache': False, 'cmake_clean_first': False, 'cmake_force_configure': False, 'cmake_target': None, 'cmake_target_skip_unavailable': False, 'install_base': '/home/hsq/code/auto-arm/rm-vision/install/armor_detector', 'merge_install': False, 'path': '/home/hsq/code/auto-arm/rm-vision/src/rm_auto_aim-main/armor_detector', 'symlink_install': False, 'test_result_base': None}
[0.450s] Level 5:colcon.colcon_core.verb:set package 'armor_tracker' build argument 'cmake_args' from command line to 'None'
[0.450s] Level 5:colcon.colcon_core.verb:set package 'armor_tracker' build argument 'cmake_target' from command line to 'None'
[0.450s] Level 5:colcon.colcon_core.verb:set package 'armor_tracker' build argument 'cmake_target_skip_unavailable' from command line to 'False'
[0.450s] Level 5:colcon.colcon_core.verb:set package 'armor_tracker' build argument 'cmake_clean_cache' from command line to 'False'
[0.450s] Level 5:colcon.colcon_core.verb:set package 'armor_tracker' build argument 'cmake_clean_first' from command line to 'False'
[0.450s] Level 5:colcon.colcon_core.verb:set package 'armor_tracker' build argument 'cmake_force_configure' from command line to 'False'
[0.450s] Level 5:colcon.colcon_core.verb:set package 'armor_tracker' build argument 'ament_cmake_args' from command line to 'None'
[0.450s] Level 5:colcon.colcon_core.verb:set package 'armor_tracker' build argument 'catkin_cmake_args' from command line to 'None'
[0.450s] Level 5:colcon.colcon_core.verb:set package 'armor_tracker' build argument 'catkin_skip_building_tests' from command line to 'False'
[0.450s] DEBUG:colcon.colcon_core.verb:Building package 'armor_tracker' with the following arguments: {'ament_cmake_args': None, 'build_base': '/home/hsq/code/auto-arm/rm-vision/build/armor_tracker', 'catkin_cmake_args': None, 'catkin_skip_building_tests': False, 'cmake_args': None, 'cmake_clean_cache': False, 'cmake_clean_first': False, 'cmake_force_configure': False, 'cmake_target': None, 'cmake_target_skip_unavailable': False, 'install_base': '/home/hsq/code/auto-arm/rm-vision/install/armor_tracker', 'merge_install': False, 'path': '/home/hsq/code/auto-arm/rm-vision/src/rm_auto_aim-main/armor_tracker', 'symlink_install': False, 'test_result_base': None}
[0.451s] Level 5:colcon.colcon_core.verb:set package 'rm_serial_driver' build argument 'cmake_args' from command line to 'None'
[0.451s] Level 5:colcon.colcon_core.verb:set package 'rm_serial_driver' build argument 'cmake_target' from command line to 'None'
[0.451s] Level 5:colcon.colcon_core.verb:set package 'rm_serial_driver' build argument 'cmake_target_skip_unavailable' from command line to 'False'
[0.451s] Level 5:colcon.colcon_core.verb:set package 'rm_serial_driver' build argument 'cmake_clean_cache' from command line to 'False'
[0.451s] Level 5:colcon.colcon_core.verb:set package 'rm_serial_driver' build argument 'cmake_clean_first' from command line to 'False'
[0.451s] Level 5:colcon.colcon_core.verb:set package 'rm_serial_driver' build argument 'cmake_force_configure' from command line to 'False'
[0.451s] Level 5:colcon.colcon_core.verb:set package 'rm_serial_driver' build argument 'ament_cmake_args' from command line to 'None'
[0.451s] Level 5:colcon.colcon_core.verb:set package 'rm_serial_driver' build argument 'catkin_cmake_args' from command line to 'None'
[0.451s] Level 5:colcon.colcon_core.verb:set package 'rm_serial_driver' build argument 'catkin_skip_building_tests' from command line to 'False'
[0.451s] DEBUG:colcon.colcon_core.verb:Building package 'rm_serial_driver' with the following arguments: {'ament_cmake_args': None, 'build_base': '/home/hsq/code/auto-arm/rm-vision/build/rm_serial_driver', 'catkin_cmake_args': None, 'catkin_skip_building_tests': False, 'cmake_args': None, 'cmake_clean_cache': False, 'cmake_clean_first': False, 'cmake_force_configure': False, 'cmake_target': None, 'cmake_target_skip_unavailable': False, 'install_base': '/home/hsq/code/auto-arm/rm-vision/install/rm_serial_driver', 'merge_install': False, 'path': '/home/hsq/code/auto-arm/rm-vision/src/rm_serial_driver-main', 'symlink_install': False, 'test_result_base': None}
[0.451s] Level 5:colcon.colcon_core.verb:set package 'rm_auto_aim' build argument 'cmake_args' from command line to 'None'
[0.451s] Level 5:colcon.colcon_core.verb:set package 'rm_auto_aim' build argument 'cmake_target' from command line to 'None'
[0.451s] Level 5:colcon.colcon_core.verb:set package 'rm_auto_aim' build argument 'cmake_target_skip_unavailable' from command line to 'False'
[0.451s] Level 5:colcon.colcon_core.verb:set package 'rm_auto_aim' build argument 'cmake_clean_cache' from command line to 'False'
[0.451s] Level 5:colcon.colcon_core.verb:set package 'rm_auto_aim' build argument 'cmake_clean_first' from command line to 'False'
[0.451s] Level 5:colcon.colcon_core.verb:set package 'rm_auto_aim' build argument 'cmake_force_configure' from command line to 'False'
[0.451s] Level 5:colcon.colcon_core.verb:set package 'rm_auto_aim' build argument 'ament_cmake_args' from command line to 'None'
[0.451s] Level 5:colcon.colcon_core.verb:set package 'rm_auto_aim' build argument 'catkin_cmake_args' from command line to 'None'
[0.451s] Level 5:colcon.colcon_core.verb:set package 'rm_auto_aim' build argument 'catkin_skip_building_tests' from command line to 'False'
[0.451s] DEBUG:colcon.colcon_core.verb:Building package 'rm_auto_aim' with the following arguments: {'ament_cmake_args': None, 'build_base': '/home/hsq/code/auto-arm/rm-vision/build/rm_auto_aim', 'catkin_cmake_args': None, 'catkin_skip_building_tests': False, 'cmake_args': None, 'cmake_clean_cache': False, 'cmake_clean_first': False, 'cmake_force_configure': False, 'cmake_target': None, 'cmake_target_skip_unavailable': False, 'install_base': '/home/hsq/code/auto-arm/rm-vision/install/rm_auto_aim', 'merge_install': False, 'path': '/home/hsq/code/auto-arm/rm-vision/src/rm_auto_aim-main/rm_auto_aim', 'symlink_install': False, 'test_result_base': None}
[0.451s] Level 5:colcon.colcon_core.verb:set package 'rm_vision_bringup' build argument 'cmake_args' from command line to 'None'
[0.451s] Level 5:colcon.colcon_core.verb:set package 'rm_vision_bringup' build argument 'cmake_target' from command line to 'None'
[0.451s] Level 5:colcon.colcon_core.verb:set package 'rm_vision_bringup' build argument 'cmake_target_skip_unavailable' from command line to 'False'
[0.451s] Level 5:colcon.colcon_core.verb:set package 'rm_vision_bringup' build argument 'cmake_clean_cache' from command line to 'False'
[0.451s] Level 5:colcon.colcon_core.verb:set package 'rm_vision_bringup' build argument 'cmake_clean_first' from command line to 'False'
[0.451s] Level 5:colcon.colcon_core.verb:set package 'rm_vision_bringup' build argument 'cmake_force_configure' from command line to 'False'
[0.451s] Level 5:colcon.colcon_core.verb:set package 'rm_vision_bringup' build argument 'ament_cmake_args' from command line to 'None'
[0.451s] Level 5:colcon.colcon_core.verb:set package 'rm_vision_bringup' build argument 'catkin_cmake_args' from command line to 'None'
[0.451s] Level 5:colcon.colcon_core.verb:set package 'rm_vision_bringup' build argument 'catkin_skip_building_tests' from command line to 'False'
[0.452s] DEBUG:colcon.colcon_core.verb:Building package 'rm_vision_bringup' with the following arguments: {'ament_cmake_args': None, 'build_base': '/home/hsq/code/auto-arm/rm-vision/build/rm_vision_bringup', 'catkin_cmake_args': None, 'catkin_skip_building_tests': False, 'cmake_args': None, 'cmake_clean_cache': False, 'cmake_clean_first': False, 'cmake_force_configure': False, 'cmake_target': None, 'cmake_target_skip_unavailable': False, 'install_base': '/home/hsq/code/auto-arm/rm-vision/install/rm_vision_bringup', 'merge_install': False, 'path': '/home/hsq/code/auto-arm/rm-vision/src/rm_vision-main/rm_vision_bringup', 'symlink_install': False, 'test_result_base': None}
[0.452s] INFO:colcon.colcon_core.executor:Executing jobs using 'parallel' executor
[0.453s] DEBUG:colcon.colcon_parallel_executor.executor.parallel:run_until_complete
[0.453s] INFO:colcon.colcon_ros.task.ament_cmake.build:Building ROS package in '/home/hsq/code/auto-arm/rm-vision/src/rm_auto_aim-main/auto_aim_interfaces' with build type 'ament_cmake'
[0.454s] INFO:colcon.colcon_cmake.task.cmake.build:Building CMake package in '/home/hsq/code/auto-arm/rm-vision/src/rm_auto_aim-main/auto_aim_interfaces'
[0.456s] INFO:colcon.colcon_core.plugin_system:Skipping extension 'colcon_core.shell.bat': Not used on non-Windows systems
[0.456s] INFO:colcon.colcon_core.shell:Skip shell extension 'powershell' for command environment: Not usable outside of PowerShell
[0.456s] DEBUG:colcon.colcon_core.shell:Skip shell extension 'dsv' for command environment
[0.461s] INFO:colcon.colcon_ros.task.ament_cmake.build:Building ROS package in '/home/hsq/code/auto-arm/rm-vision/src/ros2_hik_camera-main' with build type 'ament_cmake'
[0.462s] INFO:colcon.colcon_cmake.task.cmake.build:Building CMake package in '/home/hsq/code/auto-arm/rm-vision/src/ros2_hik_camera-main'
[0.462s] INFO:colcon.colcon_core.shell:Skip shell extension 'powershell' for command environment: Not usable outside of PowerShell
[0.462s] DEBUG:colcon.colcon_core.shell:Skip shell extension 'dsv' for command environment
[0.466s] INFO:colcon.colcon_ros.task.ament_cmake.build:Building ROS package in '/home/hsq/code/auto-arm/rm-vision/src/rm_gimbal_description-main' with build type 'ament_cmake'
[0.466s] INFO:colcon.colcon_cmake.task.cmake.build:Building CMake package in '/home/hsq/code/auto-arm/rm-vision/src/rm_gimbal_description-main'
[0.466s] INFO:colcon.colcon_core.shell:Skip shell extension 'powershell' for command environment: Not usable outside of PowerShell
[0.466s] DEBUG:colcon.colcon_core.shell:Skip shell extension 'dsv' for command environment
[0.477s] DEBUG:colcon.colcon_core.event_handler.log_command:Invoking command in '/home/hsq/code/auto-arm/rm-vision/build/auto_aim_interfaces': CMAKE_PREFIX_PATH=${CMAKE_PREFIX_PATH}:/opt/ros/humble /usr/bin/cmake --build /home/hsq/code/auto-arm/rm-vision/build/auto_aim_interfaces -- -j12 -l12
[0.483s] DEBUG:colcon.colcon_core.event_handler.log_command:Invoking command in '/home/hsq/code/auto-arm/rm-vision/build/hik_camera': CMAKE_PREFIX_PATH=${CMAKE_PREFIX_PATH}:/opt/ros/humble /usr/bin/cmake --build /home/hsq/code/auto-arm/rm-vision/build/hik_camera -- -j12 -l12
[0.497s] DEBUG:colcon.colcon_core.event_handler.log_command:Invoking command in '/home/hsq/code/auto-arm/rm-vision/build/rm_gimbal_description': CMAKE_PREFIX_PATH=${CMAKE_PREFIX_PATH}:/opt/ros/humble /usr/bin/cmake --build /home/hsq/code/auto-arm/rm-vision/build/rm_gimbal_description -- -j12 -l12
[0.550s] DEBUG:colcon.colcon_core.event_handler.log_command:Invoked command in '/home/hsq/code/auto-arm/rm-vision/build/rm_gimbal_description' returned '0': CMAKE_PREFIX_PATH=${CMAKE_PREFIX_PATH}:/opt/ros/humble /usr/bin/cmake --build /home/hsq/code/auto-arm/rm-vision/build/rm_gimbal_description -- -j12 -l12
[0.576s] DEBUG:colcon.colcon_core.event_handler.log_command:Invoking command in '/home/hsq/code/auto-arm/rm-vision/build/rm_gimbal_description': CMAKE_PREFIX_PATH=${CMAKE_PREFIX_PATH}:/opt/ros/humble /usr/bin/cmake --install /home/hsq/code/auto-arm/rm-vision/build/rm_gimbal_description
[0.600s] Level 1:colcon.colcon_core.environment:create_environment_scripts_only(rm_gimbal_description)
[0.605s] DEBUG:colcon.colcon_core.event_handler.log_command:Invoked command in '/home/hsq/code/auto-arm/rm-vision/build/rm_gimbal_description' returned '0': CMAKE_PREFIX_PATH=${CMAKE_PREFIX_PATH}:/opt/ros/humble /usr/bin/cmake --install /home/hsq/code/auto-arm/rm-vision/build/rm_gimbal_description
[0.608s] Level 1:colcon.colcon_core.environment:checking '/home/hsq/code/auto-arm/rm-vision/install/rm_gimbal_description' for CMake module files
[0.609s] Level 1:colcon.colcon_core.environment:checking '/home/hsq/code/auto-arm/rm-vision/install/rm_gimbal_description' for CMake config files
[0.610s] Level 1:colcon.colcon_core.shell:create_environment_hook('rm_gimbal_description', 'cmake_prefix_path')
[0.610s] INFO:colcon.colcon_core.shell:Creating environment hook '/home/hsq/code/auto-arm/rm-vision/install/rm_gimbal_description/share/rm_gimbal_description/hook/cmake_prefix_path.ps1'
[0.611s] INFO:colcon.colcon_core.shell:Creating environment descriptor '/home/hsq/code/auto-arm/rm-vision/install/rm_gimbal_description/share/rm_gimbal_description/hook/cmake_prefix_path.dsv'
[0.611s] INFO:colcon.colcon_core.shell:Creating environment hook '/home/hsq/code/auto-arm/rm-vision/install/rm_gimbal_description/share/rm_gimbal_description/hook/cmake_prefix_path.sh'
[0.613s] Level 1:colcon.colcon_core.environment:checking '/home/hsq/code/auto-arm/rm-vision/install/rm_gimbal_description/bin'
[0.613s] Level 1:colcon.colcon_core.environment:checking '/home/hsq/code/auto-arm/rm-vision/install/rm_gimbal_description/lib/pkgconfig/rm_gimbal_description.pc'
[0.613s] Level 1:colcon.colcon_core.environment:checking '/home/hsq/code/auto-arm/rm-vision/install/rm_gimbal_description/lib/python3.10/site-packages'
[0.613s] Level 1:colcon.colcon_core.environment:checking '/home/hsq/code/auto-arm/rm-vision/install/rm_gimbal_description/bin'
[0.614s] INFO:colcon.colcon_core.shell:Creating package script '/home/hsq/code/auto-arm/rm-vision/install/rm_gimbal_description/share/rm_gimbal_description/package.ps1'
[0.616s] INFO:colcon.colcon_core.shell:Creating package descriptor '/home/hsq/code/auto-arm/rm-vision/install/rm_gimbal_description/share/rm_gimbal_description/package.dsv'
[0.617s] INFO:colcon.colcon_core.shell:Creating package script '/home/hsq/code/auto-arm/rm-vision/install/rm_gimbal_description/share/rm_gimbal_description/package.sh'
[0.618s] INFO:colcon.colcon_core.shell:Creating package script '/home/hsq/code/auto-arm/rm-vision/install/rm_gimbal_description/share/rm_gimbal_description/package.bash'
[0.621s] INFO:colcon.colcon_core.shell:Creating package script '/home/hsq/code/auto-arm/rm-vision/install/rm_gimbal_description/share/rm_gimbal_description/package.zsh'
[0.624s] Level 1:colcon.colcon_core.environment:create_file_with_runtime_dependencies(/home/hsq/code/auto-arm/rm-vision/install/rm_gimbal_description/share/colcon-core/packages/rm_gimbal_description)
[0.626s] Level 1:colcon.colcon_core.environment:create_environment_scripts_only(rm_gimbal_description)
[0.627s] Level 1:colcon.colcon_core.environment:checking '/home/hsq/code/auto-arm/rm-vision/install/rm_gimbal_description' for CMake module files
[0.628s] Level 1:colcon.colcon_core.environment:checking '/home/hsq/code/auto-arm/rm-vision/install/rm_gimbal_description' for CMake config files
[0.628s] Level 1:colcon.colcon_core.shell:create_environment_hook('rm_gimbal_description', 'cmake_prefix_path')
[0.629s] INFO:colcon.colcon_core.shell:Creating environment hook '/home/hsq/code/auto-arm/rm-vision/install/rm_gimbal_description/share/rm_gimbal_description/hook/cmake_prefix_path.ps1'
[0.630s] INFO:colcon.colcon_core.shell:Creating environment descriptor '/home/hsq/code/auto-arm/rm-vision/install/rm_gimbal_description/share/rm_gimbal_description/hook/cmake_prefix_path.dsv'
[0.630s] INFO:colcon.colcon_core.shell:Creating environment hook '/home/hsq/code/auto-arm/rm-vision/install/rm_gimbal_description/share/rm_gimbal_description/hook/cmake_prefix_path.sh'
[0.632s] Level 1:colcon.colcon_core.environment:checking '/home/hsq/code/auto-arm/rm-vision/install/rm_gimbal_description/bin'
[0.633s] Level 1:colcon.colcon_core.environment:checking '/home/hsq/code/auto-arm/rm-vision/install/rm_gimbal_description/lib/pkgconfig/rm_gimbal_description.pc'
[0.633s] Level 1:colcon.colcon_core.environment:checking '/home/hsq/code/auto-arm/rm-vision/install/rm_gimbal_description/lib/python3.10/site-packages'
[0.633s] Level 1:colcon.colcon_core.environment:checking '/home/hsq/code/auto-arm/rm-vision/install/rm_gimbal_description/bin'
[0.634s] INFO:colcon.colcon_core.shell:Creating package script '/home/hsq/code/auto-arm/rm-vision/install/rm_gimbal_description/share/rm_gimbal_description/package.ps1'
[0.635s] INFO:colcon.colcon_core.shell:Creating package descriptor '/home/hsq/code/auto-arm/rm-vision/install/rm_gimbal_description/share/rm_gimbal_description/package.dsv'
[0.636s] INFO:colcon.colcon_core.shell:Creating package script '/home/hsq/code/auto-arm/rm-vision/install/rm_gimbal_description/share/rm_gimbal_description/package.sh'
[0.637s] INFO:colcon.colcon_core.shell:Creating package script '/home/hsq/code/auto-arm/rm-vision/install/rm_gimbal_description/share/rm_gimbal_description/package.bash'
[0.638s] INFO:colcon.colcon_core.shell:Creating package script '/home/hsq/code/auto-arm/rm-vision/install/rm_gimbal_description/share/rm_gimbal_description/package.zsh'
[0.639s] Level 1:colcon.colcon_core.environment:create_file_with_runtime_dependencies(/home/hsq/code/auto-arm/rm-vision/install/rm_gimbal_description/share/colcon-core/packages/rm_gimbal_description)
[0.643s] DEBUG:colcon.colcon_core.event_handler.log_command:Invoked command in '/home/hsq/code/auto-arm/rm-vision/build/hik_camera' returned '0': CMAKE_PREFIX_PATH=${CMAKE_PREFIX_PATH}:/opt/ros/humble /usr/bin/cmake --build /home/hsq/code/auto-arm/rm-vision/build/hik_camera -- -j12 -l12
[0.645s] DEBUG:colcon.colcon_core.event_handler.log_command:Invoking command in '/home/hsq/code/auto-arm/rm-vision/build/hik_camera': CMAKE_PREFIX_PATH=${CMAKE_PREFIX_PATH}:/opt/ros/humble /usr/bin/cmake --install /home/hsq/code/auto-arm/rm-vision/build/hik_camera
[0.659s] Level 1:colcon.colcon_core.environment:create_environment_scripts_only(hik_camera)
[0.660s] Level 1:colcon.colcon_core.environment:checking '/home/hsq/code/auto-arm/rm-vision/install/hik_camera' for CMake module files
[0.661s] DEBUG:colcon.colcon_core.event_handler.log_command:Invoked command in '/home/hsq/code/auto-arm/rm-vision/build/hik_camera' returned '0': CMAKE_PREFIX_PATH=${CMAKE_PREFIX_PATH}:/opt/ros/humble /usr/bin/cmake --install /home/hsq/code/auto-arm/rm-vision/build/hik_camera
[0.662s] Level 1:colcon.colcon_core.environment:checking '/home/hsq/code/auto-arm/rm-vision/install/hik_camera' for CMake config files
[0.663s] Level 1:colcon.colcon_core.shell:create_environment_hook('hik_camera', 'cmake_prefix_path')
[0.664s] INFO:colcon.colcon_core.shell:Creating environment hook '/home/hsq/code/auto-arm/rm-vision/install/hik_camera/share/hik_camera/hook/cmake_prefix_path.ps1'
[0.665s] INFO:colcon.colcon_core.shell:Creating environment descriptor '/home/hsq/code/auto-arm/rm-vision/install/hik_camera/share/hik_camera/hook/cmake_prefix_path.dsv'
[0.666s] INFO:colcon.colcon_core.shell:Creating environment hook '/home/hsq/code/auto-arm/rm-vision/install/hik_camera/share/hik_camera/hook/cmake_prefix_path.sh'
[0.667s] Level 1:colcon.colcon_core.environment:checking '/home/hsq/code/auto-arm/rm-vision/install/hik_camera/lib'
[0.668s] Level 1:colcon.colcon_core.shell:create_environment_hook('hik_camera', 'ld_library_path_lib')
[0.668s] INFO:colcon.colcon_core.shell:Creating environment hook '/home/hsq/code/auto-arm/rm-vision/install/hik_camera/share/hik_camera/hook/ld_library_path_lib.ps1'
[0.670s] INFO:colcon.colcon_core.shell:Creating environment descriptor '/home/hsq/code/auto-arm/rm-vision/install/hik_camera/share/hik_camera/hook/ld_library_path_lib.dsv'
[0.671s] INFO:colcon.colcon_core.shell:Creating environment hook '/home/hsq/code/auto-arm/rm-vision/install/hik_camera/share/hik_camera/hook/ld_library_path_lib.sh'
[0.673s] Level 1:colcon.colcon_core.environment:checking '/home/hsq/code/auto-arm/rm-vision/install/hik_camera/bin'
[0.674s] Level 1:colcon.colcon_core.environment:checking '/home/hsq/code/auto-arm/rm-vision/install/hik_camera/lib/pkgconfig/hik_camera.pc'
[0.675s] Level 1:colcon.colcon_core.environment:checking '/home/hsq/code/auto-arm/rm-vision/install/hik_camera/lib/python3.10/site-packages'
[0.675s] Level 1:colcon.colcon_core.environment:checking '/home/hsq/code/auto-arm/rm-vision/install/hik_camera/bin'
[0.676s] INFO:colcon.colcon_core.shell:Creating package script '/home/hsq/code/auto-arm/rm-vision/install/hik_camera/share/hik_camera/package.ps1'
[0.677s] INFO:colcon.colcon_core.shell:Creating package descriptor '/home/hsq/code/auto-arm/rm-vision/install/hik_camera/share/hik_camera/package.dsv'
[0.678s] INFO:colcon.colcon_core.shell:Creating package script '/home/hsq/code/auto-arm/rm-vision/install/hik_camera/share/hik_camera/package.sh'
[0.679s] INFO:colcon.colcon_core.shell:Creating package script '/home/hsq/code/auto-arm/rm-vision/install/hik_camera/share/hik_camera/package.bash'
[0.680s] INFO:colcon.colcon_core.shell:Creating package script '/home/hsq/code/auto-arm/rm-vision/install/hik_camera/share/hik_camera/package.zsh'
[0.681s] Level 1:colcon.colcon_core.environment:create_file_with_runtime_dependencies(/home/hsq/code/auto-arm/rm-vision/install/hik_camera/share/colcon-core/packages/hik_camera)
[0.682s] Level 1:colcon.colcon_core.environment:create_environment_scripts_only(hik_camera)
[0.682s] Level 1:colcon.colcon_core.environment:checking '/home/hsq/code/auto-arm/rm-vision/install/hik_camera' for CMake module files
[0.683s] Level 1:colcon.colcon_core.environment:checking '/home/hsq/code/auto-arm/rm-vision/install/hik_camera' for CMake config files
[0.683s] Level 1:colcon.colcon_core.shell:create_environment_hook('hik_camera', 'cmake_prefix_path')
[0.684s] INFO:colcon.colcon_core.shell:Creating environment hook '/home/hsq/code/auto-arm/rm-vision/install/hik_camera/share/hik_camera/hook/cmake_prefix_path.ps1'
[0.685s] INFO:colcon.colcon_core.shell:Creating environment descriptor '/home/hsq/code/auto-arm/rm-vision/install/hik_camera/share/hik_camera/hook/cmake_prefix_path.dsv'
[0.685s] INFO:colcon.colcon_core.shell:Creating environment hook '/home/hsq/code/auto-arm/rm-vision/install/hik_camera/share/hik_camera/hook/cmake_prefix_path.sh'
[0.686s] Level 1:colcon.colcon_core.environment:checking '/home/hsq/code/auto-arm/rm-vision/install/hik_camera/lib'
[0.686s] Level 1:colcon.colcon_core.shell:create_environment_hook('hik_camera', 'ld_library_path_lib')
[0.687s] INFO:colcon.colcon_core.shell:Creating environment hook '/home/hsq/code/auto-arm/rm-vision/install/hik_camera/share/hik_camera/hook/ld_library_path_lib.ps1'
[0.688s] INFO:colcon.colcon_core.shell:Creating environment descriptor '/home/hsq/code/auto-arm/rm-vision/install/hik_camera/share/hik_camera/hook/ld_library_path_lib.dsv'
[0.689s] INFO:colcon.colcon_core.shell:Creating environment hook '/home/hsq/code/auto-arm/rm-vision/install/hik_camera/share/hik_camera/hook/ld_library_path_lib.sh'
[0.690s] Level 1:colcon.colcon_core.environment:checking '/home/hsq/code/auto-arm/rm-vision/install/hik_camera/bin'
[0.691s] Level 1:colcon.colcon_core.environment:checking '/home/hsq/code/auto-arm/rm-vision/install/hik_camera/lib/pkgconfig/hik_camera.pc'
[0.691s] Level 1:colcon.colcon_core.environment:checking '/home/hsq/code/auto-arm/rm-vision/install/hik_camera/lib/python3.10/site-packages'
[0.691s] Level 1:colcon.colcon_core.environment:checking '/home/hsq/code/auto-arm/rm-vision/install/hik_camera/bin'
[0.692s] INFO:colcon.colcon_core.shell:Creating package script '/home/hsq/code/auto-arm/rm-vision/install/hik_camera/share/hik_camera/package.ps1'
[0.693s] INFO:colcon.colcon_core.shell:Creating package descriptor '/home/hsq/code/auto-arm/rm-vision/install/hik_camera/share/hik_camera/package.dsv'
[0.695s] INFO:colcon.colcon_core.shell:Creating package script '/home/hsq/code/auto-arm/rm-vision/install/hik_camera/share/hik_camera/package.sh'
[0.697s] INFO:colcon.colcon_core.shell:Creating package script '/home/hsq/code/auto-arm/rm-vision/install/hik_camera/share/hik_camera/package.bash'
[0.698s] INFO:colcon.colcon_core.shell:Creating package script '/home/hsq/code/auto-arm/rm-vision/install/hik_camera/share/hik_camera/package.zsh'
[0.698s] Level 1:colcon.colcon_core.environment:create_file_with_runtime_dependencies(/home/hsq/code/auto-arm/rm-vision/install/hik_camera/share/colcon-core/packages/hik_camera)
[0.945s] DEBUG:colcon.colcon_core.event_handler.log_command:Invoked command in '/home/hsq/code/auto-arm/rm-vision/build/auto_aim_interfaces' returned '0': CMAKE_PREFIX_PATH=${CMAKE_PREFIX_PATH}:/opt/ros/humble /usr/bin/cmake --build /home/hsq/code/auto-arm/rm-vision/build/auto_aim_interfaces -- -j12 -l12
[0.946s] DEBUG:colcon.colcon_core.event_handler.log_command:Invoking command in '/home/hsq/code/auto-arm/rm-vision/build/auto_aim_interfaces': CMAKE_PREFIX_PATH=${CMAKE_PREFIX_PATH}:/opt/ros/humble /usr/bin/cmake --install /home/hsq/code/auto-arm/rm-vision/build/auto_aim_interfaces
[1.028s] Level 1:colcon.colcon_core.environment:create_environment_scripts_only(auto_aim_interfaces)
[1.029s] Level 1:colcon.colcon_core.environment:checking '/home/hsq/code/auto-arm/rm-vision/install/auto_aim_interfaces' for CMake module files
[1.029s] DEBUG:colcon.colcon_core.event_handler.log_command:Invoked command in '/home/hsq/code/auto-arm/rm-vision/build/auto_aim_interfaces' returned '0': CMAKE_PREFIX_PATH=${CMAKE_PREFIX_PATH}:/opt/ros/humble /usr/bin/cmake --install /home/hsq/code/auto-arm/rm-vision/build/auto_aim_interfaces
[1.030s] Level 1:colcon.colcon_core.environment:checking '/home/hsq/code/auto-arm/rm-vision/install/auto_aim_interfaces' for CMake config files
[1.031s] Level 1:colcon.colcon_core.shell:create_environment_hook('auto_aim_interfaces', 'cmake_prefix_path')
[1.031s] INFO:colcon.colcon_core.shell:Creating environment hook '/home/hsq/code/auto-arm/rm-vision/install/auto_aim_interfaces/share/auto_aim_interfaces/hook/cmake_prefix_path.ps1'
[1.032s] INFO:colcon.colcon_core.shell:Creating environment descriptor '/home/hsq/code/auto-arm/rm-vision/install/auto_aim_interfaces/share/auto_aim_interfaces/hook/cmake_prefix_path.dsv'
[1.033s] INFO:colcon.colcon_core.shell:Creating environment hook '/home/hsq/code/auto-arm/rm-vision/install/auto_aim_interfaces/share/auto_aim_interfaces/hook/cmake_prefix_path.sh'
[1.034s] Level 1:colcon.colcon_core.environment:checking '/home/hsq/code/auto-arm/rm-vision/install/auto_aim_interfaces/lib'
[1.034s] Level 1:colcon.colcon_core.shell:create_environment_hook('auto_aim_interfaces', 'ld_library_path_lib')
[1.034s] INFO:colcon.colcon_core.shell:Creating environment hook '/home/hsq/code/auto-arm/rm-vision/install/auto_aim_interfaces/share/auto_aim_interfaces/hook/ld_library_path_lib.ps1'
[1.035s] INFO:colcon.colcon_core.shell:Creating environment descriptor '/home/hsq/code/auto-arm/rm-vision/install/auto_aim_interfaces/share/auto_aim_interfaces/hook/ld_library_path_lib.dsv'
[1.035s] INFO:colcon.colcon_core.shell:Creating environment hook '/home/hsq/code/auto-arm/rm-vision/install/auto_aim_interfaces/share/auto_aim_interfaces/hook/ld_library_path_lib.sh'
[1.036s] Level 1:colcon.colcon_core.environment:checking '/home/hsq/code/auto-arm/rm-vision/install/auto_aim_interfaces/bin'
[1.036s] Level 1:colcon.colcon_core.environment:checking '/home/hsq/code/auto-arm/rm-vision/install/auto_aim_interfaces/lib/pkgconfig/auto_aim_interfaces.pc'
[1.036s] Level 1:colcon.colcon_core.environment:checking '/home/hsq/code/auto-arm/rm-vision/install/auto_aim_interfaces/lib/python3.10/site-packages'
[1.036s] Level 1:colcon.colcon_core.environment:checking '/home/hsq/code/auto-arm/rm-vision/install/auto_aim_interfaces/bin'
[1.036s] INFO:colcon.colcon_core.shell:Creating package script '/home/hsq/code/auto-arm/rm-vision/install/auto_aim_interfaces/share/auto_aim_interfaces/package.ps1'
[1.037s] INFO:colcon.colcon_core.shell:Creating package descriptor '/home/hsq/code/auto-arm/rm-vision/install/auto_aim_interfaces/share/auto_aim_interfaces/package.dsv'
[1.037s] INFO:colcon.colcon_core.shell:Creating package script '/home/hsq/code/auto-arm/rm-vision/install/auto_aim_interfaces/share/auto_aim_interfaces/package.sh'
[1.038s] INFO:colcon.colcon_core.shell:Creating package script '/home/hsq/code/auto-arm/rm-vision/install/auto_aim_interfaces/share/auto_aim_interfaces/package.bash'
[1.038s] INFO:colcon.colcon_core.shell:Creating package script '/home/hsq/code/auto-arm/rm-vision/install/auto_aim_interfaces/share/auto_aim_interfaces/package.zsh'
[1.039s] Level 1:colcon.colcon_core.environment:create_file_with_runtime_dependencies(/home/hsq/code/auto-arm/rm-vision/install/auto_aim_interfaces/share/colcon-core/packages/auto_aim_interfaces)
[1.040s] Level 1:colcon.colcon_core.environment:create_environment_scripts_only(auto_aim_interfaces)
[1.040s] Level 1:colcon.colcon_core.environment:checking '/home/hsq/code/auto-arm/rm-vision/install/auto_aim_interfaces' for CMake module files
[1.041s] Level 1:colcon.colcon_core.environment:checking '/home/hsq/code/auto-arm/rm-vision/install/auto_aim_interfaces' for CMake config files
[1.042s] Level 1:colcon.colcon_core.shell:create_environment_hook('auto_aim_interfaces', 'cmake_prefix_path')
[1.042s] INFO:colcon.colcon_core.shell:Creating environment hook '/home/hsq/code/auto-arm/rm-vision/install/auto_aim_interfaces/share/auto_aim_interfaces/hook/cmake_prefix_path.ps1'
[1.043s] INFO:colcon.colcon_core.shell:Creating environment descriptor '/home/hsq/code/auto-arm/rm-vision/install/auto_aim_interfaces/share/auto_aim_interfaces/hook/cmake_prefix_path.dsv'
[1.043s] INFO:colcon.colcon_core.shell:Creating environment hook '/home/hsq/code/auto-arm/rm-vision/install/auto_aim_interfaces/share/auto_aim_interfaces/hook/cmake_prefix_path.sh'
[1.044s] Level 1:colcon.colcon_core.environment:checking '/home/hsq/code/auto-arm/rm-vision/install/auto_aim_interfaces/lib'
[1.044s] Level 1:colcon.colcon_core.shell:create_environment_hook('auto_aim_interfaces', 'ld_library_path_lib')
[1.045s] INFO:colcon.colcon_core.shell:Creating environment hook '/home/hsq/code/auto-arm/rm-vision/install/auto_aim_interfaces/share/auto_aim_interfaces/hook/ld_library_path_lib.ps1'
[1.045s] INFO:colcon.colcon_core.shell:Creating environment descriptor '/home/hsq/code/auto-arm/rm-vision/install/auto_aim_interfaces/share/auto_aim_interfaces/hook/ld_library_path_lib.dsv'
[1.046s] INFO:colcon.colcon_core.shell:Creating environment hook '/home/hsq/code/auto-arm/rm-vision/install/auto_aim_interfaces/share/auto_aim_interfaces/hook/ld_library_path_lib.sh'
[1.047s] Level 1:colcon.colcon_core.environment:checking '/home/hsq/code/auto-arm/rm-vision/install/auto_aim_interfaces/bin'
[1.047s] Level 1:colcon.colcon_core.environment:checking '/home/hsq/code/auto-arm/rm-vision/install/auto_aim_interfaces/lib/pkgconfig/auto_aim_interfaces.pc'
[1.047s] Level 1:colcon.colcon_core.environment:checking '/home/hsq/code/auto-arm/rm-vision/install/auto_aim_interfaces/lib/python3.10/site-packages'
[1.048s] Level 1:colcon.colcon_core.environment:checking '/home/hsq/code/auto-arm/rm-vision/install/auto_aim_interfaces/bin'
[1.048s] INFO:colcon.colcon_core.shell:Creating package script '/home/hsq/code/auto-arm/rm-vision/install/auto_aim_interfaces/share/auto_aim_interfaces/package.ps1'
[1.049s] INFO:colcon.colcon_core.shell:Creating package descriptor '/home/hsq/code/auto-arm/rm-vision/install/auto_aim_interfaces/share/auto_aim_interfaces/package.dsv'
[1.049s] INFO:colcon.colcon_core.shell:Creating package script '/home/hsq/code/auto-arm/rm-vision/install/auto_aim_interfaces/share/auto_aim_interfaces/package.sh'
[1.050s] INFO:colcon.colcon_core.shell:Creating package script '/home/hsq/code/auto-arm/rm-vision/install/auto_aim_interfaces/share/auto_aim_interfaces/package.bash'
[1.050s] INFO:colcon.colcon_core.shell:Creating package script '/home/hsq/code/auto-arm/rm-vision/install/auto_aim_interfaces/share/auto_aim_interfaces/package.zsh'
[1.051s] Level 1:colcon.colcon_core.environment:create_file_with_runtime_dependencies(/home/hsq/code/auto-arm/rm-vision/install/auto_aim_interfaces/share/colcon-core/packages/auto_aim_interfaces)
[1.051s] INFO:colcon.colcon_ros.task.ament_cmake.build:Building ROS package in '/home/hsq/code/auto-arm/rm-vision/src/rm_auto_aim-main/armor_detector' with build type 'ament_cmake'
[1.052s] INFO:colcon.colcon_cmake.task.cmake.build:Building CMake package in '/home/hsq/code/auto-arm/rm-vision/src/rm_auto_aim-main/armor_detector'
[1.052s] INFO:colcon.colcon_core.shell:Skip shell extension 'powershell' for command environment: Not usable outside of PowerShell
[1.052s] DEBUG:colcon.colcon_core.shell:Skip shell extension 'dsv' for command environment
[1.059s] INFO:colcon.colcon_ros.task.ament_cmake.build:Building ROS package in '/home/hsq/code/auto-arm/rm-vision/src/rm_auto_aim-main/armor_tracker' with build type 'ament_cmake'
[1.059s] INFO:colcon.colcon_cmake.task.cmake.build:Building CMake package in '/home/hsq/code/auto-arm/rm-vision/src/rm_auto_aim-main/armor_tracker'
[1.060s] INFO:colcon.colcon_core.shell:Skip shell extension 'powershell' for command environment: Not usable outside of PowerShell
[1.060s] DEBUG:colcon.colcon_core.shell:Skip shell extension 'dsv' for command environment
[1.067s] INFO:colcon.colcon_ros.task.ament_cmake.build:Building ROS package in '/home/hsq/code/auto-arm/rm-vision/src/rm_serial_driver-main' with build type 'ament_cmake'
[1.068s] INFO:colcon.colcon_cmake.task.cmake.build:Building CMake package in '/home/hsq/code/auto-arm/rm-vision/src/rm_serial_driver-main'
[1.068s] INFO:colcon.colcon_core.shell:Skip shell extension 'powershell' for command environment: Not usable outside of PowerShell
[1.068s] DEBUG:colcon.colcon_core.shell:Skip shell extension 'dsv' for command environment
[1.081s] DEBUG:colcon.colcon_core.event_handler.log_command:Invoking command in '/home/hsq/code/auto-arm/rm-vision/build/armor_detector': CMAKE_PREFIX_PATH=/home/hsq/code/auto-arm/rm-vision/install/auto_aim_interfaces:/home/hsq/code/auto-arm/rm-vision/install/rm_vision_bringup:/home/hsq/code/auto-arm/rm-vision/install/rm_serial_driver:/home/hsq/code/auto-arm/rm-vision/install/rm_gimbal_description:/home/hsq/code/auto-arm/rm-vision/install/rm_auto_aim:/home/hsq/code/auto-arm/rm-vision/install/hik_camera:/home/hsq/code/auto-arm/rm-vision/install/armor_tracker:/home/hsq/code/auto-arm/rm-vision/install/armor_detector:/opt/ros/humble LD_LIBRARY_PATH=/home/hsq/code/auto-arm/rm-vision/install/auto_aim_interfaces/lib:/home/hsq/code/auto-arm/rm-vision/install/rm_serial_driver/lib:/home/hsq/code/auto-arm/rm-vision/install/hik_camera/lib:/home/hsq/code/auto-arm/rm-vision/install/armor_tracker/lib:/home/hsq/code/auto-arm/rm-vision/install/armor_detector/lib:/opt/MVS/lib/64:/opt/MVS/lib/32:/opt/MVS/lib/64:/opt/MVS/lib/32:/opt/MVS/lib/64:/opt/MVS/lib/32:/opt/ros/humble/opt/rviz_ogre_vendor/lib:/opt/ros/humble/lib/x86_64-linux-gnu:/opt/ros/humble/lib:/opt/MVS/lib/64:/opt/MVS/lib/32:/opt/MVS/lib/64:/opt/MVS/lib/32:/opt/MVS/lib/64:/opt/MVS/lib/32 /usr/bin/cmake --build /home/hsq/code/auto-arm/rm-vision/build/armor_detector -- -j12 -l12
[1.084s] DEBUG:colcon.colcon_core.event_handler.log_command:Invoking command in '/home/hsq/code/auto-arm/rm-vision/build/armor_tracker': CMAKE_PREFIX_PATH=/home/hsq/code/auto-arm/rm-vision/install/auto_aim_interfaces:/home/hsq/code/auto-arm/rm-vision/install/rm_vision_bringup:/home/hsq/code/auto-arm/rm-vision/install/rm_serial_driver:/home/hsq/code/auto-arm/rm-vision/install/rm_gimbal_description:/home/hsq/code/auto-arm/rm-vision/install/rm_auto_aim:/home/hsq/code/auto-arm/rm-vision/install/hik_camera:/home/hsq/code/auto-arm/rm-vision/install/armor_tracker:/home/hsq/code/auto-arm/rm-vision/install/armor_detector:/opt/ros/humble LD_LIBRARY_PATH=/home/hsq/code/auto-arm/rm-vision/install/auto_aim_interfaces/lib:/home/hsq/code/auto-arm/rm-vision/install/rm_serial_driver/lib:/home/hsq/code/auto-arm/rm-vision/install/hik_camera/lib:/home/hsq/code/auto-arm/rm-vision/install/armor_tracker/lib:/home/hsq/code/auto-arm/rm-vision/install/armor_detector/lib:/opt/MVS/lib/64:/opt/MVS/lib/32:/opt/MVS/lib/64:/opt/MVS/lib/32:/opt/MVS/lib/64:/opt/MVS/lib/32:/opt/ros/humble/opt/rviz_ogre_vendor/lib:/opt/ros/humble/lib/x86_64-linux-gnu:/opt/ros/humble/lib:/opt/MVS/lib/64:/opt/MVS/lib/32:/opt/MVS/lib/64:/opt/MVS/lib/32:/opt/MVS/lib/64:/opt/MVS/lib/32 /usr/bin/cmake --build /home/hsq/code/auto-arm/rm-vision/build/armor_tracker -- -j12 -l12
[1.089s] DEBUG:colcon.colcon_core.event_handler.log_command:Invoking command in '/home/hsq/code/auto-arm/rm-vision/build/rm_serial_driver': CMAKE_PREFIX_PATH=/home/hsq/code/auto-arm/rm-vision/install/auto_aim_interfaces:/home/hsq/code/auto-arm/rm-vision/install/rm_vision_bringup:/home/hsq/code/auto-arm/rm-vision/install/rm_serial_driver:/home/hsq/code/auto-arm/rm-vision/install/rm_gimbal_description:/home/hsq/code/auto-arm/rm-vision/install/rm_auto_aim:/home/hsq/code/auto-arm/rm-vision/install/hik_camera:/home/hsq/code/auto-arm/rm-vision/install/armor_tracker:/home/hsq/code/auto-arm/rm-vision/install/armor_detector:/opt/ros/humble LD_LIBRARY_PATH=/home/hsq/code/auto-arm/rm-vision/install/auto_aim_interfaces/lib:/home/hsq/code/auto-arm/rm-vision/install/rm_serial_driver/lib:/home/hsq/code/auto-arm/rm-vision/install/hik_camera/lib:/home/hsq/code/auto-arm/rm-vision/install/armor_tracker/lib:/home/hsq/code/auto-arm/rm-vision/install/armor_detector/lib:/opt/MVS/lib/64:/opt/MVS/lib/32:/opt/MVS/lib/64:/opt/MVS/lib/32:/opt/MVS/lib/64:/opt/MVS/lib/32:/opt/ros/humble/opt/rviz_ogre_vendor/lib:/opt/ros/humble/lib/x86_64-linux-gnu:/opt/ros/humble/lib:/opt/MVS/lib/64:/opt/MVS/lib/32:/opt/MVS/lib/64:/opt/MVS/lib/32:/opt/MVS/lib/64:/opt/MVS/lib/32 /usr/bin/cmake --build /home/hsq/code/auto-arm/rm-vision/build/rm_serial_driver -- -j12 -l12
[1.229s] DEBUG:colcon.colcon_core.event_handler.log_command:Invoked command in '/home/hsq/code/auto-arm/rm-vision/build/rm_serial_driver' returned '0': CMAKE_PREFIX_PATH=/home/hsq/code/auto-arm/rm-vision/install/auto_aim_interfaces:/home/hsq/code/auto-arm/rm-vision/install/rm_vision_bringup:/home/hsq/code/auto-arm/rm-vision/install/rm_serial_driver:/home/hsq/code/auto-arm/rm-vision/install/rm_gimbal_description:/home/hsq/code/auto-arm/rm-vision/install/rm_auto_aim:/home/hsq/code/auto-arm/rm-vision/install/hik_camera:/home/hsq/code/auto-arm/rm-vision/install/armor_tracker:/home/hsq/code/auto-arm/rm-vision/install/armor_detector:/opt/ros/humble LD_LIBRARY_PATH=/home/hsq/code/auto-arm/rm-vision/install/auto_aim_interfaces/lib:/home/hsq/code/auto-arm/rm-vision/install/rm_serial_driver/lib:/home/hsq/code/auto-arm/rm-vision/install/hik_camera/lib:/home/hsq/code/auto-arm/rm-vision/install/armor_tracker/lib:/home/hsq/code/auto-arm/rm-vision/install/armor_detector/lib:/opt/MVS/lib/64:/opt/MVS/lib/32:/opt/MVS/lib/64:/opt/MVS/lib/32:/opt/MVS/lib/64:/opt/MVS/lib/32:/opt/ros/humble/opt/rviz_ogre_vendor/lib:/opt/ros/humble/lib/x86_64-linux-gnu:/opt/ros/humble/lib:/opt/MVS/lib/64:/opt/MVS/lib/32:/opt/MVS/lib/64:/opt/MVS/lib/32:/opt/MVS/lib/64:/opt/MVS/lib/32 /usr/bin/cmake --build /home/hsq/code/auto-arm/rm-vision/build/rm_serial_driver -- -j12 -l12
[1.231s] DEBUG:colcon.colcon_core.event_handler.log_command:Invoking command in '/home/hsq/code/auto-arm/rm-vision/build/rm_serial_driver': CMAKE_PREFIX_PATH=/home/hsq/code/auto-arm/rm-vision/install/auto_aim_interfaces:/home/hsq/code/auto-arm/rm-vision/install/rm_vision_bringup:/home/hsq/code/auto-arm/rm-vision/install/rm_serial_driver:/home/hsq/code/auto-arm/rm-vision/install/rm_gimbal_description:/home/hsq/code/auto-arm/rm-vision/install/rm_auto_aim:/home/hsq/code/auto-arm/rm-vision/install/hik_camera:/home/hsq/code/auto-arm/rm-vision/install/armor_tracker:/home/hsq/code/auto-arm/rm-vision/install/armor_detector:/opt/ros/humble LD_LIBRARY_PATH=/home/hsq/code/auto-arm/rm-vision/install/auto_aim_interfaces/lib:/home/hsq/code/auto-arm/rm-vision/install/rm_serial_driver/lib:/home/hsq/code/auto-arm/rm-vision/install/hik_camera/lib:/home/hsq/code/auto-arm/rm-vision/install/armor_tracker/lib:/home/hsq/code/auto-arm/rm-vision/install/armor_detector/lib:/opt/MVS/lib/64:/opt/MVS/lib/32:/opt/MVS/lib/64:/opt/MVS/lib/32:/opt/MVS/lib/64:/opt/MVS/lib/32:/opt/ros/humble/opt/rviz_ogre_vendor/lib:/opt/ros/humble/lib/x86_64-linux-gnu:/opt/ros/humble/lib:/opt/MVS/lib/64:/opt/MVS/lib/32:/opt/MVS/lib/64:/opt/MVS/lib/32:/opt/MVS/lib/64:/opt/MVS/lib/32 /usr/bin/cmake --install /home/hsq/code/auto-arm/rm-vision/build/rm_serial_driver
[1.241s] DEBUG:colcon.colcon_core.event_handler.log_command:Invoked command in '/home/hsq/code/auto-arm/rm-vision/build/armor_detector' returned '0': CMAKE_PREFIX_PATH=/home/hsq/code/auto-arm/rm-vision/install/auto_aim_interfaces:/home/hsq/code/auto-arm/rm-vision/install/rm_vision_bringup:/home/hsq/code/auto-arm/rm-vision/install/rm_serial_driver:/home/hsq/code/auto-arm/rm-vision/install/rm_gimbal_description:/home/hsq/code/auto-arm/rm-vision/install/rm_auto_aim:/home/hsq/code/auto-arm/rm-vision/install/hik_camera:/home/hsq/code/auto-arm/rm-vision/install/armor_tracker:/home/hsq/code/auto-arm/rm-vision/install/armor_detector:/opt/ros/humble LD_LIBRARY_PATH=/home/hsq/code/auto-arm/rm-vision/install/auto_aim_interfaces/lib:/home/hsq/code/auto-arm/rm-vision/install/rm_serial_driver/lib:/home/hsq/code/auto-arm/rm-vision/install/hik_camera/lib:/home/hsq/code/auto-arm/rm-vision/install/armor_tracker/lib:/home/hsq/code/auto-arm/rm-vision/install/armor_detector/lib:/opt/MVS/lib/64:/opt/MVS/lib/32:/opt/MVS/lib/64:/opt/MVS/lib/32:/opt/MVS/lib/64:/opt/MVS/lib/32:/opt/ros/humble/opt/rviz_ogre_vendor/lib:/opt/ros/humble/lib/x86_64-linux-gnu:/opt/ros/humble/lib:/opt/MVS/lib/64:/opt/MVS/lib/32:/opt/MVS/lib/64:/opt/MVS/lib/32:/opt/MVS/lib/64:/opt/MVS/lib/32 /usr/bin/cmake --build /home/hsq/code/auto-arm/rm-vision/build/armor_detector -- -j12 -l12
[1.244s] DEBUG:colcon.colcon_core.event_handler.log_command:Invoking command in '/home/hsq/code/auto-arm/rm-vision/build/armor_detector': CMAKE_PREFIX_PATH=/home/hsq/code/auto-arm/rm-vision/install/auto_aim_interfaces:/home/hsq/code/auto-arm/rm-vision/install/rm_vision_bringup:/home/hsq/code/auto-arm/rm-vision/install/rm_serial_driver:/home/hsq/code/auto-arm/rm-vision/install/rm_gimbal_description:/home/hsq/code/auto-arm/rm-vision/install/rm_auto_aim:/home/hsq/code/auto-arm/rm-vision/install/hik_camera:/home/hsq/code/auto-arm/rm-vision/install/armor_tracker:/home/hsq/code/auto-arm/rm-vision/install/armor_detector:/opt/ros/humble LD_LIBRARY_PATH=/home/hsq/code/auto-arm/rm-vision/install/auto_aim_interfaces/lib:/home/hsq/code/auto-arm/rm-vision/install/rm_serial_driver/lib:/home/hsq/code/auto-arm/rm-vision/install/hik_camera/lib:/home/hsq/code/auto-arm/rm-vision/install/armor_tracker/lib:/home/hsq/code/auto-arm/rm-vision/install/armor_detector/lib:/opt/MVS/lib/64:/opt/MVS/lib/32:/opt/MVS/lib/64:/opt/MVS/lib/32:/opt/MVS/lib/64:/opt/MVS/lib/32:/opt/ros/humble/opt/rviz_ogre_vendor/lib:/opt/ros/humble/lib/x86_64-linux-gnu:/opt/ros/humble/lib:/opt/MVS/lib/64:/opt/MVS/lib/32:/opt/MVS/lib/64:/opt/MVS/lib/32:/opt/MVS/lib/64:/opt/MVS/lib/32 /usr/bin/cmake --install /home/hsq/code/auto-arm/rm-vision/build/armor_detector
[1.250s] Level 1:colcon.colcon_core.environment:create_environment_scripts_only(rm_serial_driver)
[1.250s] Level 1:colcon.colcon_core.environment:checking '/home/hsq/code/auto-arm/rm-vision/install/rm_serial_driver' for CMake module files
[1.251s] DEBUG:colcon.colcon_core.event_handler.log_command:Invoked command in '/home/hsq/code/auto-arm/rm-vision/build/rm_serial_driver' returned '0': CMAKE_PREFIX_PATH=/home/hsq/code/auto-arm/rm-vision/install/auto_aim_interfaces:/home/hsq/code/auto-arm/rm-vision/install/rm_vision_bringup:/home/hsq/code/auto-arm/rm-vision/install/rm_serial_driver:/home/hsq/code/auto-arm/rm-vision/install/rm_gimbal_description:/home/hsq/code/auto-arm/rm-vision/install/rm_auto_aim:/home/hsq/code/auto-arm/rm-vision/install/hik_camera:/home/hsq/code/auto-arm/rm-vision/install/armor_tracker:/home/hsq/code/auto-arm/rm-vision/install/armor_detector:/opt/ros/humble LD_LIBRARY_PATH=/home/hsq/code/auto-arm/rm-vision/install/auto_aim_interfaces/lib:/home/hsq/code/auto-arm/rm-vision/install/rm_serial_driver/lib:/home/hsq/code/auto-arm/rm-vision/install/hik_camera/lib:/home/hsq/code/auto-arm/rm-vision/install/armor_tracker/lib:/home/hsq/code/auto-arm/rm-vision/install/armor_detector/lib:/opt/MVS/lib/64:/opt/MVS/lib/32:/opt/MVS/lib/64:/opt/MVS/lib/32:/opt/MVS/lib/64:/opt/MVS/lib/32:/opt/ros/humble/opt/rviz_ogre_vendor/lib:/opt/ros/humble/lib/x86_64-linux-gnu:/opt/ros/humble/lib:/opt/MVS/lib/64:/opt/MVS/lib/32:/opt/MVS/lib/64:/opt/MVS/lib/32:/opt/MVS/lib/64:/opt/MVS/lib/32 /usr/bin/cmake --install /home/hsq/code/auto-arm/rm-vision/build/rm_serial_driver
[1.255s] Level 1:colcon.colcon_core.environment:checking '/home/hsq/code/auto-arm/rm-vision/install/rm_serial_driver' for CMake config files
[1.257s] Level 1:colcon.colcon_core.shell:create_environment_hook('rm_serial_driver', 'cmake_prefix_path')
[1.258s] INFO:colcon.colcon_core.shell:Creating environment hook '/home/hsq/code/auto-arm/rm-vision/install/rm_serial_driver/share/rm_serial_driver/hook/cmake_prefix_path.ps1'
[1.259s] INFO:colcon.colcon_core.shell:Creating environment descriptor '/home/hsq/code/auto-arm/rm-vision/install/rm_serial_driver/share/rm_serial_driver/hook/cmake_prefix_path.dsv'
[1.263s] INFO:colcon.colcon_core.shell:Creating environment hook '/home/hsq/code/auto-arm/rm-vision/install/rm_serial_driver/share/rm_serial_driver/hook/cmake_prefix_path.sh'
[1.264s] Level 1:colcon.colcon_core.environment:checking '/home/hsq/code/auto-arm/rm-vision/install/rm_serial_driver/lib'
[1.264s] Level 1:colcon.colcon_core.shell:create_environment_hook('rm_serial_driver', 'ld_library_path_lib')
[1.265s] INFO:colcon.colcon_core.shell:Creating environment hook '/home/hsq/code/auto-arm/rm-vision/install/rm_serial_driver/share/rm_serial_driver/hook/ld_library_path_lib.ps1'
[1.266s] INFO:colcon.colcon_core.shell:Creating environment descriptor '/home/hsq/code/auto-arm/rm-vision/install/rm_serial_driver/share/rm_serial_driver/hook/ld_library_path_lib.dsv'
[1.266s] INFO:colcon.colcon_core.shell:Creating environment hook '/home/hsq/code/auto-arm/rm-vision/install/rm_serial_driver/share/rm_serial_driver/hook/ld_library_path_lib.sh'
[1.267s] Level 1:colcon.colcon_core.environment:checking '/home/hsq/code/auto-arm/rm-vision/install/rm_serial_driver/bin'
[1.267s] Level 1:colcon.colcon_core.environment:checking '/home/hsq/code/auto-arm/rm-vision/install/rm_serial_driver/lib/pkgconfig/rm_serial_driver.pc'
[1.267s] Level 1:colcon.colcon_core.environment:checking '/home/hsq/code/auto-arm/rm-vision/install/rm_serial_driver/lib/python3.10/site-packages'
[1.268s] Level 1:colcon.colcon_core.environment:checking '/home/hsq/code/auto-arm/rm-vision/install/rm_serial_driver/bin'
[1.268s] INFO:colcon.colcon_core.shell:Creating package script '/home/hsq/code/auto-arm/rm-vision/install/rm_serial_driver/share/rm_serial_driver/package.ps1'
[1.269s] INFO:colcon.colcon_core.shell:Creating package descriptor '/home/hsq/code/auto-arm/rm-vision/install/rm_serial_driver/share/rm_serial_driver/package.dsv'
[1.270s] INFO:colcon.colcon_core.shell:Creating package script '/home/hsq/code/auto-arm/rm-vision/install/rm_serial_driver/share/rm_serial_driver/package.sh'
[1.271s] INFO:colcon.colcon_core.shell:Creating package script '/home/hsq/code/auto-arm/rm-vision/install/rm_serial_driver/share/rm_serial_driver/package.bash'
[1.272s] INFO:colcon.colcon_core.shell:Creating package script '/home/hsq/code/auto-arm/rm-vision/install/rm_serial_driver/share/rm_serial_driver/package.zsh'
[1.273s] Level 1:colcon.colcon_core.environment:create_file_with_runtime_dependencies(/home/hsq/code/auto-arm/rm-vision/install/rm_serial_driver/share/colcon-core/packages/rm_serial_driver)
[1.275s] Level 1:colcon.colcon_core.environment:create_environment_scripts_only(rm_serial_driver)
[1.275s] Level 1:colcon.colcon_core.environment:checking '/home/hsq/code/auto-arm/rm-vision/install/rm_serial_driver' for CMake module files
[1.276s] Level 1:colcon.colcon_core.environment:checking '/home/hsq/code/auto-arm/rm-vision/install/rm_serial_driver' for CMake config files
[1.276s] Level 1:colcon.colcon_core.shell:create_environment_hook('rm_serial_driver', 'cmake_prefix_path')
[1.277s] INFO:colcon.colcon_core.shell:Creating environment hook '/home/hsq/code/auto-arm/rm-vision/install/rm_serial_driver/share/rm_serial_driver/hook/cmake_prefix_path.ps1'
[1.278s] INFO:colcon.colcon_core.shell:Creating environment descriptor '/home/hsq/code/auto-arm/rm-vision/install/rm_serial_driver/share/rm_serial_driver/hook/cmake_prefix_path.dsv'
[1.278s] INFO:colcon.colcon_core.shell:Creating environment hook '/home/hsq/code/auto-arm/rm-vision/install/rm_serial_driver/share/rm_serial_driver/hook/cmake_prefix_path.sh'
[1.279s] Level 1:colcon.colcon_core.environment:checking '/home/hsq/code/auto-arm/rm-vision/install/rm_serial_driver/lib'
[1.279s] Level 1:colcon.colcon_core.shell:create_environment_hook('rm_serial_driver', 'ld_library_path_lib')
[1.280s] INFO:colcon.colcon_core.shell:Creating environment hook '/home/hsq/code/auto-arm/rm-vision/install/rm_serial_driver/share/rm_serial_driver/hook/ld_library_path_lib.ps1'
[1.280s] INFO:colcon.colcon_core.shell:Creating environment descriptor '/home/hsq/code/auto-arm/rm-vision/install/rm_serial_driver/share/rm_serial_driver/hook/ld_library_path_lib.dsv'
[1.281s] INFO:colcon.colcon_core.shell:Creating environment hook '/home/hsq/code/auto-arm/rm-vision/install/rm_serial_driver/share/rm_serial_driver/hook/ld_library_path_lib.sh'
[1.281s] Level 1:colcon.colcon_core.environment:checking '/home/hsq/code/auto-arm/rm-vision/install/rm_serial_driver/bin'
[1.281s] Level 1:colcon.colcon_core.environment:checking '/home/hsq/code/auto-arm/rm-vision/install/rm_serial_driver/lib/pkgconfig/rm_serial_driver.pc'
[1.282s] Level 1:colcon.colcon_core.environment:checking '/home/hsq/code/auto-arm/rm-vision/install/rm_serial_driver/lib/python3.10/site-packages'
[1.282s] Level 1:colcon.colcon_core.environment:checking '/home/hsq/code/auto-arm/rm-vision/install/rm_serial_driver/bin'
[1.282s] INFO:colcon.colcon_core.shell:Creating package script '/home/hsq/code/auto-arm/rm-vision/install/rm_serial_driver/share/rm_serial_driver/package.ps1'
[1.283s] INFO:colcon.colcon_core.shell:Creating package descriptor '/home/hsq/code/auto-arm/rm-vision/install/rm_serial_driver/share/rm_serial_driver/package.dsv'
[1.284s] INFO:colcon.colcon_core.shell:Creating package script '/home/hsq/code/auto-arm/rm-vision/install/rm_serial_driver/share/rm_serial_driver/package.sh'
[1.284s] INFO:colcon.colcon_core.shell:Creating package script '/home/hsq/code/auto-arm/rm-vision/install/rm_serial_driver/share/rm_serial_driver/package.bash'
[1.285s] INFO:colcon.colcon_core.shell:Creating package script '/home/hsq/code/auto-arm/rm-vision/install/rm_serial_driver/share/rm_serial_driver/package.zsh'
[1.286s] Level 1:colcon.colcon_core.environment:create_file_with_runtime_dependencies(/home/hsq/code/auto-arm/rm-vision/install/rm_serial_driver/share/colcon-core/packages/rm_serial_driver)
[1.287s] Level 1:colcon.colcon_core.environment:create_environment_scripts_only(armor_detector)
[1.288s] Level 1:colcon.colcon_core.environment:checking '/home/hsq/code/auto-arm/rm-vision/install/armor_detector' for CMake module files
[1.289s] DEBUG:colcon.colcon_core.event_handler.log_command:Invoked command in '/home/hsq/code/auto-arm/rm-vision/build/armor_detector' returned '0': CMAKE_PREFIX_PATH=/home/hsq/code/auto-arm/rm-vision/install/auto_aim_interfaces:/home/hsq/code/auto-arm/rm-vision/install/rm_vision_bringup:/home/hsq/code/auto-arm/rm-vision/install/rm_serial_driver:/home/hsq/code/auto-arm/rm-vision/install/rm_gimbal_description:/home/hsq/code/auto-arm/rm-vision/install/rm_auto_aim:/home/hsq/code/auto-arm/rm-vision/install/hik_camera:/home/hsq/code/auto-arm/rm-vision/install/armor_tracker:/home/hsq/code/auto-arm/rm-vision/install/armor_detector:/opt/ros/humble LD_LIBRARY_PATH=/home/hsq/code/auto-arm/rm-vision/install/auto_aim_interfaces/lib:/home/hsq/code/auto-arm/rm-vision/install/rm_serial_driver/lib:/home/hsq/code/auto-arm/rm-vision/install/hik_camera/lib:/home/hsq/code/auto-arm/rm-vision/install/armor_tracker/lib:/home/hsq/code/auto-arm/rm-vision/install/armor_detector/lib:/opt/MVS/lib/64:/opt/MVS/lib/32:/opt/MVS/lib/64:/opt/MVS/lib/32:/opt/MVS/lib/64:/opt/MVS/lib/32:/opt/ros/humble/opt/rviz_ogre_vendor/lib:/opt/ros/humble/lib/x86_64-linux-gnu:/opt/ros/humble/lib:/opt/MVS/lib/64:/opt/MVS/lib/32:/opt/MVS/lib/64:/opt/MVS/lib/32:/opt/MVS/lib/64:/opt/MVS/lib/32 /usr/bin/cmake --install /home/hsq/code/auto-arm/rm-vision/build/armor_detector
[1.290s] Level 1:colcon.colcon_core.environment:checking '/home/hsq/code/auto-arm/rm-vision/install/armor_detector' for CMake config files
[1.290s] Level 1:colcon.colcon_core.shell:create_environment_hook('armor_detector', 'cmake_prefix_path')
[1.290s] INFO:colcon.colcon_core.shell:Creating environment hook '/home/hsq/code/auto-arm/rm-vision/install/armor_detector/share/armor_detector/hook/cmake_prefix_path.ps1'
[1.291s] INFO:colcon.colcon_core.shell:Creating environment descriptor '/home/hsq/code/auto-arm/rm-vision/install/armor_detector/share/armor_detector/hook/cmake_prefix_path.dsv'
[1.292s] INFO:colcon.colcon_core.shell:Creating environment hook '/home/hsq/code/auto-arm/rm-vision/install/armor_detector/share/armor_detector/hook/cmake_prefix_path.sh'
[1.293s] Level 1:colcon.colcon_core.environment:checking '/home/hsq/code/auto-arm/rm-vision/install/armor_detector/lib'
[1.293s] Level 1:colcon.colcon_core.shell:create_environment_hook('armor_detector', 'ld_library_path_lib')
[1.293s] INFO:colcon.colcon_core.shell:Creating environment hook '/home/hsq/code/auto-arm/rm-vision/install/armor_detector/share/armor_detector/hook/ld_library_path_lib.ps1'
[1.294s] INFO:colcon.colcon_core.shell:Creating environment descriptor '/home/hsq/code/auto-arm/rm-vision/install/armor_detector/share/armor_detector/hook/ld_library_path_lib.dsv'
[1.294s] INFO:colcon.colcon_core.shell:Creating environment hook '/home/hsq/code/auto-arm/rm-vision/install/armor_detector/share/armor_detector/hook/ld_library_path_lib.sh'
[1.295s] Level 1:colcon.colcon_core.environment:checking '/home/hsq/code/auto-arm/rm-vision/install/armor_detector/bin'
[1.295s] Level 1:colcon.colcon_core.environment:checking '/home/hsq/code/auto-arm/rm-vision/install/armor_detector/lib/pkgconfig/armor_detector.pc'
[1.295s] Level 1:colcon.colcon_core.environment:checking '/home/hsq/code/auto-arm/rm-vision/install/armor_detector/lib/python3.10/site-packages'
[1.295s] Level 1:colcon.colcon_core.environment:checking '/home/hsq/code/auto-arm/rm-vision/install/armor_detector/bin'
[1.296s] INFO:colcon.colcon_core.shell:Creating package script '/home/hsq/code/auto-arm/rm-vision/install/armor_detector/share/armor_detector/package.ps1'
[1.296s] INFO:colcon.colcon_core.shell:Creating package descriptor '/home/hsq/code/auto-arm/rm-vision/install/armor_detector/share/armor_detector/package.dsv'
[1.297s] INFO:colcon.colcon_core.shell:Creating package script '/home/hsq/code/auto-arm/rm-vision/install/armor_detector/share/armor_detector/package.sh'
[1.297s] INFO:colcon.colcon_core.shell:Creating package script '/home/hsq/code/auto-arm/rm-vision/install/armor_detector/share/armor_detector/package.bash'
[1.297s] INFO:colcon.colcon_core.shell:Creating package script '/home/hsq/code/auto-arm/rm-vision/install/armor_detector/share/armor_detector/package.zsh'
[1.297s] Level 1:colcon.colcon_core.environment:create_file_with_runtime_dependencies(/home/hsq/code/auto-arm/rm-vision/install/armor_detector/share/colcon-core/packages/armor_detector)
[1.298s] Level 1:colcon.colcon_core.environment:create_environment_scripts_only(armor_detector)
[1.298s] Level 1:colcon.colcon_core.environment:checking '/home/hsq/code/auto-arm/rm-vision/install/armor_detector' for CMake module files
[1.298s] Level 1:colcon.colcon_core.environment:checking '/home/hsq/code/auto-arm/rm-vision/install/armor_detector' for CMake config files
[1.299s] Level 1:colcon.colcon_core.shell:create_environment_hook('armor_detector', 'cmake_prefix_path')
[1.299s] INFO:colcon.colcon_core.shell:Creating environment hook '/home/hsq/code/auto-arm/rm-vision/install/armor_detector/share/armor_detector/hook/cmake_prefix_path.ps1'
[1.299s] INFO:colcon.colcon_core.shell:Creating environment descriptor '/home/hsq/code/auto-arm/rm-vision/install/armor_detector/share/armor_detector/hook/cmake_prefix_path.dsv'
[1.300s] INFO:colcon.colcon_core.shell:Creating environment hook '/home/hsq/code/auto-arm/rm-vision/install/armor_detector/share/armor_detector/hook/cmake_prefix_path.sh'
[1.300s] Level 1:colcon.colcon_core.environment:checking '/home/hsq/code/auto-arm/rm-vision/install/armor_detector/lib'
[1.300s] Level 1:colcon.colcon_core.shell:create_environment_hook('armor_detector', 'ld_library_path_lib')
[1.301s] INFO:colcon.colcon_core.shell:Creating environment hook '/home/hsq/code/auto-arm/rm-vision/install/armor_detector/share/armor_detector/hook/ld_library_path_lib.ps1'
[1.301s] INFO:colcon.colcon_core.shell:Creating environment descriptor '/home/hsq/code/auto-arm/rm-vision/install/armor_detector/share/armor_detector/hook/ld_library_path_lib.dsv'
[1.301s] INFO:colcon.colcon_core.shell:Creating environment hook '/home/hsq/code/auto-arm/rm-vision/install/armor_detector/share/armor_detector/hook/ld_library_path_lib.sh'
[1.302s] Level 1:colcon.colcon_core.environment:checking '/home/hsq/code/auto-arm/rm-vision/install/armor_detector/bin'
[1.302s] Level 1:colcon.colcon_core.environment:checking '/home/hsq/code/auto-arm/rm-vision/install/armor_detector/lib/pkgconfig/armor_detector.pc'
[1.302s] Level 1:colcon.colcon_core.environment:checking '/home/hsq/code/auto-arm/rm-vision/install/armor_detector/lib/python3.10/site-packages'
[1.302s] Level 1:colcon.colcon_core.environment:checking '/home/hsq/code/auto-arm/rm-vision/install/armor_detector/bin'
[1.303s] INFO:colcon.colcon_core.shell:Creating package script '/home/hsq/code/auto-arm/rm-vision/install/armor_detector/share/armor_detector/package.ps1'
[1.304s] INFO:colcon.colcon_core.shell:Creating package descriptor '/home/hsq/code/auto-arm/rm-vision/install/armor_detector/share/armor_detector/package.dsv'
[1.304s] INFO:colcon.colcon_core.shell:Creating package script '/home/hsq/code/auto-arm/rm-vision/install/armor_detector/share/armor_detector/package.sh'
[1.305s] INFO:colcon.colcon_core.shell:Creating package script '/home/hsq/code/auto-arm/rm-vision/install/armor_detector/share/armor_detector/package.bash'
[1.305s] INFO:colcon.colcon_core.shell:Creating package script '/home/hsq/code/auto-arm/rm-vision/install/armor_detector/share/armor_detector/package.zsh'
[1.306s] Level 1:colcon.colcon_core.environment:create_file_with_runtime_dependencies(/home/hsq/code/auto-arm/rm-vision/install/armor_detector/share/colcon-core/packages/armor_detector)
[9.612s] DEBUG:colcon.colcon_core.event_handler.log_command:Invoked command in '/home/hsq/code/auto-arm/rm-vision/build/armor_tracker' returned '2': CMAKE_PREFIX_PATH=/home/hsq/code/auto-arm/rm-vision/install/auto_aim_interfaces:/home/hsq/code/auto-arm/rm-vision/install/rm_vision_bringup:/home/hsq/code/auto-arm/rm-vision/install/rm_serial_driver:/home/hsq/code/auto-arm/rm-vision/install/rm_gimbal_description:/home/hsq/code/auto-arm/rm-vision/install/rm_auto_aim:/home/hsq/code/auto-arm/rm-vision/install/hik_camera:/home/hsq/code/auto-arm/rm-vision/install/armor_tracker:/home/hsq/code/auto-arm/rm-vision/install/armor_detector:/opt/ros/humble LD_LIBRARY_PATH=/home/hsq/code/auto-arm/rm-vision/install/auto_aim_interfaces/lib:/home/hsq/code/auto-arm/rm-vision/install/rm_serial_driver/lib:/home/hsq/code/auto-arm/rm-vision/install/hik_camera/lib:/home/hsq/code/auto-arm/rm-vision/install/armor_tracker/lib:/home/hsq/code/auto-arm/rm-vision/install/armor_detector/lib:/opt/MVS/lib/64:/opt/MVS/lib/32:/opt/MVS/lib/64:/opt/MVS/lib/32:/opt/MVS/lib/64:/opt/MVS/lib/32:/opt/ros/humble/opt/rviz_ogre_vendor/lib:/opt/ros/humble/lib/x86_64-linux-gnu:/opt/ros/humble/lib:/opt/MVS/lib/64:/opt/MVS/lib/32:/opt/MVS/lib/64:/opt/MVS/lib/32:/opt/MVS/lib/64:/opt/MVS/lib/32 /usr/bin/cmake --build /home/hsq/code/auto-arm/rm-vision/build/armor_tracker -- -j12 -l12
[9.613s] Level 1:colcon.colcon_core.environment:create_environment_scripts_only(armor_tracker)
[9.613s] Level 1:colcon.colcon_core.environment:checking '/home/hsq/code/auto-arm/rm-vision/install/armor_tracker' for CMake module files
[9.613s] Level 1:colcon.colcon_core.environment:checking '/home/hsq/code/auto-arm/rm-vision/install/armor_tracker' for CMake config files
[9.614s] Level 1:colcon.colcon_core.shell:create_environment_hook('armor_tracker', 'cmake_prefix_path')
[9.614s] INFO:colcon.colcon_core.shell:Creating environment hook '/home/hsq/code/auto-arm/rm-vision/install/armor_tracker/share/armor_tracker/hook/cmake_prefix_path.ps1'
[9.614s] INFO:colcon.colcon_core.shell:Creating environment descriptor '/home/hsq/code/auto-arm/rm-vision/install/armor_tracker/share/armor_tracker/hook/cmake_prefix_path.dsv'
[9.615s] INFO:colcon.colcon_core.shell:Creating environment hook '/home/hsq/code/auto-arm/rm-vision/install/armor_tracker/share/armor_tracker/hook/cmake_prefix_path.sh'
[9.615s] Level 1:colcon.colcon_core.environment:checking '/home/hsq/code/auto-arm/rm-vision/install/armor_tracker/lib'
[9.615s] Level 1:colcon.colcon_core.shell:create_environment_hook('armor_tracker', 'ld_library_path_lib')
[9.616s] INFO:colcon.colcon_core.shell:Creating environment hook '/home/hsq/code/auto-arm/rm-vision/install/armor_tracker/share/armor_tracker/hook/ld_library_path_lib.ps1'
[9.616s] INFO:colcon.colcon_core.shell:Creating environment descriptor '/home/hsq/code/auto-arm/rm-vision/install/armor_tracker/share/armor_tracker/hook/ld_library_path_lib.dsv'
[9.616s] INFO:colcon.colcon_core.shell:Creating environment hook '/home/hsq/code/auto-arm/rm-vision/install/armor_tracker/share/armor_tracker/hook/ld_library_path_lib.sh'
[9.617s] Level 1:colcon.colcon_core.environment:checking '/home/hsq/code/auto-arm/rm-vision/install/armor_tracker/bin'
[9.617s] Level 1:colcon.colcon_core.environment:checking '/home/hsq/code/auto-arm/rm-vision/install/armor_tracker/lib/pkgconfig/armor_tracker.pc'
[9.617s] Level 1:colcon.colcon_core.environment:checking '/home/hsq/code/auto-arm/rm-vision/install/armor_tracker/lib/python3.10/site-packages'
[9.617s] Level 1:colcon.colcon_core.environment:checking '/home/hsq/code/auto-arm/rm-vision/install/armor_tracker/bin'
[9.617s] INFO:colcon.colcon_core.shell:Creating package script '/home/hsq/code/auto-arm/rm-vision/install/armor_tracker/share/armor_tracker/package.ps1'
[9.618s] INFO:colcon.colcon_core.shell:Creating package descriptor '/home/hsq/code/auto-arm/rm-vision/install/armor_tracker/share/armor_tracker/package.dsv'
[9.618s] INFO:colcon.colcon_core.shell:Creating package script '/home/hsq/code/auto-arm/rm-vision/install/armor_tracker/share/armor_tracker/package.sh'
[9.619s] INFO:colcon.colcon_core.shell:Creating package script '/home/hsq/code/auto-arm/rm-vision/install/armor_tracker/share/armor_tracker/package.bash'
[9.619s] INFO:colcon.colcon_core.shell:Creating package script '/home/hsq/code/auto-arm/rm-vision/install/armor_tracker/share/armor_tracker/package.zsh'
[9.620s] Level 1:colcon.colcon_core.environment:create_file_with_runtime_dependencies(/home/hsq/code/auto-arm/rm-vision/install/armor_tracker/share/colcon-core/packages/armor_tracker)
[9.630s] DEBUG:colcon.colcon_parallel_executor.executor.parallel:closing loop
[9.631s] DEBUG:colcon.colcon_parallel_executor.executor.parallel:loop closed
[9.631s] DEBUG:colcon.colcon_parallel_executor.executor.parallel:run_until_complete finished with '2'
[9.631s] DEBUG:colcon.colcon_core.event_reactor:joining thread
[9.639s] INFO:colcon.colcon_core.plugin_system:Skipping extension 'colcon_notification.desktop_notification.terminal_notifier': Not used on non-Darwin systems
[9.640s] INFO:colcon.colcon_core.plugin_system:Skipping extension 'colcon_notification.desktop_notification.win32': Not used on non-Windows systems
[9.640s] INFO:colcon.colcon_notification.desktop_notification:Sending desktop notification using 'notify2'
[9.657s] DEBUG:colcon.colcon_core.event_reactor:joined thread
[9.657s] INFO:colcon.colcon_core.shell:Creating prefix script '/home/hsq/code/auto-arm/rm-vision/install/local_setup.ps1'
[9.658s] INFO:colcon.colcon_core.shell:Creating prefix util module '/home/hsq/code/auto-arm/rm-vision/install/_local_setup_util_ps1.py'
[9.661s] INFO:colcon.colcon_core.shell:Creating prefix chain script '/home/hsq/code/auto-arm/rm-vision/install/setup.ps1'
[9.663s] INFO:colcon.colcon_core.shell:Creating prefix script '/home/hsq/code/auto-arm/rm-vision/install/local_setup.sh'
[9.664s] INFO:colcon.colcon_core.shell:Creating prefix util module '/home/hsq/code/auto-arm/rm-vision/install/_local_setup_util_sh.py'
[9.665s] INFO:colcon.colcon_core.shell:Creating prefix chain script '/home/hsq/code/auto-arm/rm-vision/install/setup.sh'
[9.667s] INFO:colcon.colcon_core.shell:Creating prefix script '/home/hsq/code/auto-arm/rm-vision/install/local_setup.bash'
[9.668s] INFO:colcon.colcon_core.shell:Creating prefix chain script '/home/hsq/code/auto-arm/rm-vision/install/setup.bash'
[9.669s] INFO:colcon.colcon_core.shell:Creating prefix script '/home/hsq/code/auto-arm/rm-vision/install/local_setup.zsh'
[9.670s] INFO:colcon.colcon_core.shell:Creating prefix chain script '/home/hsq/code/auto-arm/rm-vision/install/setup.zsh'
