[0.029s] Invoking command in '/home/hsq/code/auto-arm/rm-vision/build/rm_serial_driver': CMAKE_PREFIX_PATH=/home/hsq/code/auto-arm/rm-vision/install/auto_aim_interfaces:/home/hsq/code/auto-arm/rm-vision/install/rm_vision_bringup:/home/hsq/code/auto-arm/rm-vision/install/rm_serial_driver:/home/hsq/code/auto-arm/rm-vision/install/rm_gimbal_description:/home/hsq/code/auto-arm/rm-vision/install/rm_auto_aim:/home/hsq/code/auto-arm/rm-vision/install/hik_camera:/home/hsq/code/auto-arm/rm-vision/install/armor_tracker:/home/hsq/code/auto-arm/rm-vision/install/armor_detector:/opt/ros/humble LD_LIBRARY_PATH=/home/hsq/code/auto-arm/rm-vision/install/auto_aim_interfaces/lib:/home/hsq/code/auto-arm/rm-vision/install/rm_serial_driver/lib:/home/hsq/code/auto-arm/rm-vision/install/hik_camera/lib:/home/hsq/code/auto-arm/rm-vision/install/armor_tracker/lib:/home/hsq/code/auto-arm/rm-vision/install/armor_detector/lib:/opt/MVS/lib/64:/opt/MVS/lib/32:/opt/MVS/lib/64:/opt/MVS/lib/32:/opt/MVS/lib/64:/opt/MVS/lib/32:/opt/ros/humble/opt/rviz_ogre_vendor/lib:/opt/ros/humble/lib/x86_64-linux-gnu:/opt/ros/humble/lib:/opt/MVS/lib/64:/opt/MVS/lib/32:/opt/MVS/lib/64:/opt/MVS/lib/32:/opt/MVS/lib/64:/opt/MVS/lib/32 /usr/bin/cmake --build /home/hsq/code/auto-arm/rm-vision/build/rm_serial_driver -- -j12 -l12
[0.129s] [ 20%] [32mBuilding CXX object CMakeFiles/rm_serial_driver.dir/src/rm_serial_driver.cpp.o[0m
[13.728s] [ 40%] [32m[1mLinking CXX shared library librm_serial_driver.so[0m
[14.799s] [ 60%] Built target rm_serial_driver
[14.834s] [100%] Built target rm_serial_driver_node
[14.850s] Invoked command in '/home/hsq/code/auto-arm/rm-vision/build/rm_serial_driver' returned '0': CMAKE_PREFIX_PATH=/home/hsq/code/auto-arm/rm-vision/install/auto_aim_interfaces:/home/hsq/code/auto-arm/rm-vision/install/rm_vision_bringup:/home/hsq/code/auto-arm/rm-vision/install/rm_serial_driver:/home/hsq/code/auto-arm/rm-vision/install/rm_gimbal_description:/home/hsq/code/auto-arm/rm-vision/install/rm_auto_aim:/home/hsq/code/auto-arm/rm-vision/install/hik_camera:/home/hsq/code/auto-arm/rm-vision/install/armor_tracker:/home/hsq/code/auto-arm/rm-vision/install/armor_detector:/opt/ros/humble LD_LIBRARY_PATH=/home/hsq/code/auto-arm/rm-vision/install/auto_aim_interfaces/lib:/home/hsq/code/auto-arm/rm-vision/install/rm_serial_driver/lib:/home/hsq/code/auto-arm/rm-vision/install/hik_camera/lib:/home/hsq/code/auto-arm/rm-vision/install/armor_tracker/lib:/home/hsq/code/auto-arm/rm-vision/install/armor_detector/lib:/opt/MVS/lib/64:/opt/MVS/lib/32:/opt/MVS/lib/64:/opt/MVS/lib/32:/opt/MVS/lib/64:/opt/MVS/lib/32:/opt/ros/humble/opt/rviz_ogre_vendor/lib:/opt/ros/humble/lib/x86_64-linux-gnu:/opt/ros/humble/lib:/opt/MVS/lib/64:/opt/MVS/lib/32:/opt/MVS/lib/64:/opt/MVS/lib/32:/opt/MVS/lib/64:/opt/MVS/lib/32 /usr/bin/cmake --build /home/hsq/code/auto-arm/rm-vision/build/rm_serial_driver -- -j12 -l12
[14.852s] Invoking command in '/home/hsq/code/auto-arm/rm-vision/build/rm_serial_driver': CMAKE_PREFIX_PATH=/home/hsq/code/auto-arm/rm-vision/install/auto_aim_interfaces:/home/hsq/code/auto-arm/rm-vision/install/rm_vision_bringup:/home/hsq/code/auto-arm/rm-vision/install/rm_serial_driver:/home/hsq/code/auto-arm/rm-vision/install/rm_gimbal_description:/home/hsq/code/auto-arm/rm-vision/install/rm_auto_aim:/home/hsq/code/auto-arm/rm-vision/install/hik_camera:/home/hsq/code/auto-arm/rm-vision/install/armor_tracker:/home/hsq/code/auto-arm/rm-vision/install/armor_detector:/opt/ros/humble LD_LIBRARY_PATH=/home/hsq/code/auto-arm/rm-vision/install/auto_aim_interfaces/lib:/home/hsq/code/auto-arm/rm-vision/install/rm_serial_driver/lib:/home/hsq/code/auto-arm/rm-vision/install/hik_camera/lib:/home/hsq/code/auto-arm/rm-vision/install/armor_tracker/lib:/home/hsq/code/auto-arm/rm-vision/install/armor_detector/lib:/opt/MVS/lib/64:/opt/MVS/lib/32:/opt/MVS/lib/64:/opt/MVS/lib/32:/opt/MVS/lib/64:/opt/MVS/lib/32:/opt/ros/humble/opt/rviz_ogre_vendor/lib:/opt/ros/humble/lib/x86_64-linux-gnu:/opt/ros/humble/lib:/opt/MVS/lib/64:/opt/MVS/lib/32:/opt/MVS/lib/64:/opt/MVS/lib/32:/opt/MVS/lib/64:/opt/MVS/lib/32 /usr/bin/cmake --install /home/hsq/code/auto-arm/rm-vision/build/rm_serial_driver
[14.864s] -- Install configuration: ""
[14.864s] -- Up-to-date: /home/hsq/code/auto-arm/rm-vision/install/rm_serial_driver/lib/rm_serial_driver/rm_serial_driver_node
[14.864s] -- Up-to-date: /home/hsq/code/auto-arm/rm-vision/install/rm_serial_driver/include
[14.864s] -- Up-to-date: /home/hsq/code/auto-arm/rm-vision/install/rm_serial_driver/include/rm_serial_driver
[14.864s] -- Up-to-date: /home/hsq/code/auto-arm/rm-vision/install/rm_serial_driver/include/rm_serial_driver/rm_serial_driver.hpp
[14.864s] -- Up-to-date: /home/hsq/code/auto-arm/rm-vision/install/rm_serial_driver/include/rm_serial_driver/packet.hpp
[14.864s] -- Up-to-date: /home/hsq/code/auto-arm/rm-vision/install/rm_serial_driver/include/rm_serial_driver/crc.hpp
[14.864s] -- Up-to-date: /home/hsq/code/auto-arm/rm-vision/install/rm_serial_driver/share/rm_serial_driver/environment/library_path.sh
[14.864s] -- Up-to-date: /home/hsq/code/auto-arm/rm-vision/install/rm_serial_driver/share/rm_serial_driver/environment/library_path.dsv
[14.864s] -- Installing: /home/hsq/code/auto-arm/rm-vision/install/rm_serial_driver/lib/librm_serial_driver.so
[14.874s] -- Set runtime path of "/home/hsq/code/auto-arm/rm-vision/install/rm_serial_driver/lib/librm_serial_driver.so" to ""
[14.874s] -- Up-to-date: /home/hsq/code/auto-arm/rm-vision/install/rm_serial_driver/share/rm_serial_driver/config
[14.875s] -- Up-to-date: /home/hsq/code/auto-arm/rm-vision/install/rm_serial_driver/share/rm_serial_driver/config/serial_driver.yaml
[14.875s] -- Up-to-date: /home/hsq/code/auto-arm/rm-vision/install/rm_serial_driver/share/rm_serial_driver/launch
[14.875s] -- Up-to-date: /home/hsq/code/auto-arm/rm-vision/install/rm_serial_driver/share/rm_serial_driver/launch/serial_driver.launch.py
[14.875s] -- Up-to-date: /home/hsq/code/auto-arm/rm-vision/install/rm_serial_driver/share/ament_index/resource_index/package_run_dependencies/rm_serial_driver
[14.875s] -- Up-to-date: /home/hsq/code/auto-arm/rm-vision/install/rm_serial_driver/share/ament_index/resource_index/parent_prefix_path/rm_serial_driver
[14.875s] -- Up-to-date: /home/hsq/code/auto-arm/rm-vision/install/rm_serial_driver/share/rm_serial_driver/environment/ament_prefix_path.sh
[14.875s] -- Up-to-date: /home/hsq/code/auto-arm/rm-vision/install/rm_serial_driver/share/rm_serial_driver/environment/ament_prefix_path.dsv
[14.875s] -- Up-to-date: /home/hsq/code/auto-arm/rm-vision/install/rm_serial_driver/share/rm_serial_driver/environment/path.sh
[14.876s] -- Up-to-date: /home/hsq/code/auto-arm/rm-vision/install/rm_serial_driver/share/rm_serial_driver/environment/path.dsv
[14.876s] -- Up-to-date: /home/hsq/code/auto-arm/rm-vision/install/rm_serial_driver/share/rm_serial_driver/local_setup.bash
[14.876s] -- Up-to-date: /home/hsq/code/auto-arm/rm-vision/install/rm_serial_driver/share/rm_serial_driver/local_setup.sh
[14.876s] -- Up-to-date: /home/hsq/code/auto-arm/rm-vision/install/rm_serial_driver/share/rm_serial_driver/local_setup.zsh
[14.876s] -- Up-to-date: /home/hsq/code/auto-arm/rm-vision/install/rm_serial_driver/share/rm_serial_driver/local_setup.dsv
[14.876s] -- Installing: /home/hsq/code/auto-arm/rm-vision/install/rm_serial_driver/share/rm_serial_driver/package.dsv
[14.876s] -- Up-to-date: /home/hsq/code/auto-arm/rm-vision/install/rm_serial_driver/share/ament_index/resource_index/packages/rm_serial_driver
[14.876s] -- Up-to-date: /home/hsq/code/auto-arm/rm-vision/install/rm_serial_driver/share/ament_index/resource_index/rclcpp_components/rm_serial_driver
[14.876s] -- Up-to-date: /home/hsq/code/auto-arm/rm-vision/install/rm_serial_driver/share/rm_serial_driver/cmake/ament_cmake_export_dependencies-extras.cmake
[14.876s] -- Up-to-date: /home/hsq/code/auto-arm/rm-vision/install/rm_serial_driver/share/rm_serial_driver/cmake/ament_cmake_export_include_directories-extras.cmake
[14.876s] -- Up-to-date: /home/hsq/code/auto-arm/rm-vision/install/rm_serial_driver/share/rm_serial_driver/cmake/ament_cmake_export_libraries-extras.cmake
[14.876s] -- Up-to-date: /home/hsq/code/auto-arm/rm-vision/install/rm_serial_driver/share/rm_serial_driver/cmake/rm_serial_driverConfig.cmake
[14.877s] -- Up-to-date: /home/hsq/code/auto-arm/rm-vision/install/rm_serial_driver/share/rm_serial_driver/cmake/rm_serial_driverConfig-version.cmake
[14.877s] -- Up-to-date: /home/hsq/code/auto-arm/rm-vision/install/rm_serial_driver/share/rm_serial_driver/package.xml
[14.878s] Invoked command in '/home/hsq/code/auto-arm/rm-vision/build/rm_serial_driver' returned '0': CMAKE_PREFIX_PATH=/home/hsq/code/auto-arm/rm-vision/install/auto_aim_interfaces:/home/hsq/code/auto-arm/rm-vision/install/rm_vision_bringup:/home/hsq/code/auto-arm/rm-vision/install/rm_serial_driver:/home/hsq/code/auto-arm/rm-vision/install/rm_gimbal_description:/home/hsq/code/auto-arm/rm-vision/install/rm_auto_aim:/home/hsq/code/auto-arm/rm-vision/install/hik_camera:/home/hsq/code/auto-arm/rm-vision/install/armor_tracker:/home/hsq/code/auto-arm/rm-vision/install/armor_detector:/opt/ros/humble LD_LIBRARY_PATH=/home/hsq/code/auto-arm/rm-vision/install/auto_aim_interfaces/lib:/home/hsq/code/auto-arm/rm-vision/install/rm_serial_driver/lib:/home/hsq/code/auto-arm/rm-vision/install/hik_camera/lib:/home/hsq/code/auto-arm/rm-vision/install/armor_tracker/lib:/home/hsq/code/auto-arm/rm-vision/install/armor_detector/lib:/opt/MVS/lib/64:/opt/MVS/lib/32:/opt/MVS/lib/64:/opt/MVS/lib/32:/opt/MVS/lib/64:/opt/MVS/lib/32:/opt/ros/humble/opt/rviz_ogre_vendor/lib:/opt/ros/humble/lib/x86_64-linux-gnu:/opt/ros/humble/lib:/opt/MVS/lib/64:/opt/MVS/lib/32:/opt/MVS/lib/64:/opt/MVS/lib/32:/opt/MVS/lib/64:/opt/MVS/lib/32 /usr/bin/cmake --install /home/hsq/code/auto-arm/rm-vision/build/rm_serial_driver
