[0.012s] Invoking command in '/home/hsq/code/auto-arm/rm-vision/build/armor_tracker': AMENT_PREFIX_PATH=/home/hsq/code/auto-arm/rm-vision/install/auto_aim_interfaces:${AMENT_PREFIX_PATH} CMAKE_PREFIX_PATH=/home/hsq/code/auto-arm/rm-vision/install/auto_aim_interfaces:/opt/ros/humble LD_LIBRARY_PATH=/home/hsq/code/auto-arm/rm-vision/install/auto_aim_interfaces/lib:/opt/MVS/lib/64:/opt/MVS/lib/32:/opt/MVS/lib/64:/opt/MVS/lib/32:/opt/MVS/lib/64:/opt/MVS/lib/32:/opt/ros/humble/opt/rviz_ogre_vendor/lib:/opt/ros/humble/lib/x86_64-linux-gnu:/opt/ros/humble/lib:/opt/MVS/lib/64:/opt/MVS/lib/32:/opt/MVS/lib/64:/opt/MVS/lib/32:/opt/MVS/lib/64:/opt/MVS/lib/32 PYTHONPATH=/home/hsq/code/auto-arm/rm-vision/install/auto_aim_interfaces/local/lib/python3.10/dist-packages:${PYTHONPATH} /usr/bin/cmake --build /home/hsq/code/auto-arm/rm-vision/build/armor_tracker -- -j12 -l12
[0.060s] [ 33%] Built target armor_tracker_node
[0.067s] [ 50%] [32mBuilding CXX object CMakeFiles/armor_tracker.dir/src/tracker_node.cpp.o[0m
[8.413s] [ 66%] [32m[1mLinking CXX shared library libarmor_tracker.so[0m
[9.107s] [100%] Built target armor_tracker
[9.116s] Invoked command in '/home/hsq/code/auto-arm/rm-vision/build/armor_tracker' returned '0': AMENT_PREFIX_PATH=/home/hsq/code/auto-arm/rm-vision/install/auto_aim_interfaces:${AMENT_PREFIX_PATH} CMAKE_PREFIX_PATH=/home/hsq/code/auto-arm/rm-vision/install/auto_aim_interfaces:/opt/ros/humble LD_LIBRARY_PATH=/home/hsq/code/auto-arm/rm-vision/install/auto_aim_interfaces/lib:/opt/MVS/lib/64:/opt/MVS/lib/32:/opt/MVS/lib/64:/opt/MVS/lib/32:/opt/MVS/lib/64:/opt/MVS/lib/32:/opt/ros/humble/opt/rviz_ogre_vendor/lib:/opt/ros/humble/lib/x86_64-linux-gnu:/opt/ros/humble/lib:/opt/MVS/lib/64:/opt/MVS/lib/32:/opt/MVS/lib/64:/opt/MVS/lib/32:/opt/MVS/lib/64:/opt/MVS/lib/32 PYTHONPATH=/home/hsq/code/auto-arm/rm-vision/install/auto_aim_interfaces/local/lib/python3.10/dist-packages:${PYTHONPATH} /usr/bin/cmake --build /home/hsq/code/auto-arm/rm-vision/build/armor_tracker -- -j12 -l12
[9.118s] Invoking command in '/home/hsq/code/auto-arm/rm-vision/build/armor_tracker': AMENT_PREFIX_PATH=/home/hsq/code/auto-arm/rm-vision/install/auto_aim_interfaces:${AMENT_PREFIX_PATH} CMAKE_PREFIX_PATH=/home/hsq/code/auto-arm/rm-vision/install/auto_aim_interfaces:/opt/ros/humble LD_LIBRARY_PATH=/home/hsq/code/auto-arm/rm-vision/install/auto_aim_interfaces/lib:/opt/MVS/lib/64:/opt/MVS/lib/32:/opt/MVS/lib/64:/opt/MVS/lib/32:/opt/MVS/lib/64:/opt/MVS/lib/32:/opt/ros/humble/opt/rviz_ogre_vendor/lib:/opt/ros/humble/lib/x86_64-linux-gnu:/opt/ros/humble/lib:/opt/MVS/lib/64:/opt/MVS/lib/32:/opt/MVS/lib/64:/opt/MVS/lib/32:/opt/MVS/lib/64:/opt/MVS/lib/32 PYTHONPATH=/home/hsq/code/auto-arm/rm-vision/install/auto_aim_interfaces/local/lib/python3.10/dist-packages:${PYTHONPATH} /usr/bin/cmake --install /home/hsq/code/auto-arm/rm-vision/build/armor_tracker
[9.126s] -- Install configuration: ""
[9.126s] -- Up-to-date: /home/hsq/code/auto-arm/rm-vision/install/armor_tracker/lib/armor_tracker/armor_tracker_node
[9.126s] -- Up-to-date: /home/hsq/code/auto-arm/rm-vision/install/armor_tracker/include
[9.126s] -- Up-to-date: /home/hsq/code/auto-arm/rm-vision/install/armor_tracker/include/armor_tracker
[9.126s] -- Up-to-date: /home/hsq/code/auto-arm/rm-vision/install/armor_tracker/include/armor_tracker/tracker_node.hpp
[9.126s] -- Up-to-date: /home/hsq/code/auto-arm/rm-vision/install/armor_tracker/include/armor_tracker/tracker.hpp
[9.126s] -- Up-to-date: /home/hsq/code/auto-arm/rm-vision/install/armor_tracker/include/armor_tracker/extended_kalman_filter.hpp
[9.126s] -- Up-to-date: /home/hsq/code/auto-arm/rm-vision/install/armor_tracker/share/armor_tracker/environment/library_path.sh
[9.126s] -- Up-to-date: /home/hsq/code/auto-arm/rm-vision/install/armor_tracker/share/armor_tracker/environment/library_path.dsv
[9.126s] -- Installing: /home/hsq/code/auto-arm/rm-vision/install/armor_tracker/lib/libarmor_tracker.so
[9.133s] -- Set runtime path of "/home/hsq/code/auto-arm/rm-vision/install/armor_tracker/lib/libarmor_tracker.so" to ""
[9.133s] -- Up-to-date: /home/hsq/code/auto-arm/rm-vision/install/armor_tracker/share/ament_index/resource_index/package_run_dependencies/armor_tracker
[9.133s] -- Up-to-date: /home/hsq/code/auto-arm/rm-vision/install/armor_tracker/share/ament_index/resource_index/parent_prefix_path/armor_tracker
[9.133s] -- Up-to-date: /home/hsq/code/auto-arm/rm-vision/install/armor_tracker/share/armor_tracker/environment/ament_prefix_path.sh
[9.133s] -- Up-to-date: /home/hsq/code/auto-arm/rm-vision/install/armor_tracker/share/armor_tracker/environment/ament_prefix_path.dsv
[9.134s] -- Up-to-date: /home/hsq/code/auto-arm/rm-vision/install/armor_tracker/share/armor_tracker/environment/path.sh
[9.134s] -- Up-to-date: /home/hsq/code/auto-arm/rm-vision/install/armor_tracker/share/armor_tracker/environment/path.dsv
[9.134s] -- Up-to-date: /home/hsq/code/auto-arm/rm-vision/install/armor_tracker/share/armor_tracker/local_setup.bash
[9.134s] -- Up-to-date: /home/hsq/code/auto-arm/rm-vision/install/armor_tracker/share/armor_tracker/local_setup.sh
[9.134s] -- Up-to-date: /home/hsq/code/auto-arm/rm-vision/install/armor_tracker/share/armor_tracker/local_setup.zsh
[9.134s] -- Up-to-date: /home/hsq/code/auto-arm/rm-vision/install/armor_tracker/share/armor_tracker/local_setup.dsv
[9.134s] -- Installing: /home/hsq/code/auto-arm/rm-vision/install/armor_tracker/share/armor_tracker/package.dsv
[9.134s] -- Up-to-date: /home/hsq/code/auto-arm/rm-vision/install/armor_tracker/share/ament_index/resource_index/packages/armor_tracker
[9.134s] -- Up-to-date: /home/hsq/code/auto-arm/rm-vision/install/armor_tracker/share/ament_index/resource_index/rclcpp_components/armor_tracker
[9.134s] -- Up-to-date: /home/hsq/code/auto-arm/rm-vision/install/armor_tracker/share/armor_tracker/cmake/ament_cmake_export_dependencies-extras.cmake
[9.134s] -- Up-to-date: /home/hsq/code/auto-arm/rm-vision/install/armor_tracker/share/armor_tracker/cmake/ament_cmake_export_include_directories-extras.cmake
[9.134s] -- Up-to-date: /home/hsq/code/auto-arm/rm-vision/install/armor_tracker/share/armor_tracker/cmake/ament_cmake_export_libraries-extras.cmake
[9.134s] -- Up-to-date: /home/hsq/code/auto-arm/rm-vision/install/armor_tracker/share/armor_tracker/cmake/armor_trackerConfig.cmake
[9.134s] -- Up-to-date: /home/hsq/code/auto-arm/rm-vision/install/armor_tracker/share/armor_tracker/cmake/armor_trackerConfig-version.cmake
[9.135s] -- Up-to-date: /home/hsq/code/auto-arm/rm-vision/install/armor_tracker/share/armor_tracker/package.xml
[9.135s] Invoked command in '/home/hsq/code/auto-arm/rm-vision/build/armor_tracker' returned '0': AMENT_PREFIX_PATH=/home/hsq/code/auto-arm/rm-vision/install/auto_aim_interfaces:${AMENT_PREFIX_PATH} CMAKE_PREFIX_PATH=/home/hsq/code/auto-arm/rm-vision/install/auto_aim_interfaces:/opt/ros/humble LD_LIBRARY_PATH=/home/hsq/code/auto-arm/rm-vision/install/auto_aim_interfaces/lib:/opt/MVS/lib/64:/opt/MVS/lib/32:/opt/MVS/lib/64:/opt/MVS/lib/32:/opt/MVS/lib/64:/opt/MVS/lib/32:/opt/ros/humble/opt/rviz_ogre_vendor/lib:/opt/ros/humble/lib/x86_64-linux-gnu:/opt/ros/humble/lib:/opt/MVS/lib/64:/opt/MVS/lib/32:/opt/MVS/lib/64:/opt/MVS/lib/32:/opt/MVS/lib/64:/opt/MVS/lib/32 PYTHONPATH=/home/hsq/code/auto-arm/rm-vision/install/auto_aim_interfaces/local/lib/python3.10/dist-packages:${PYTHONPATH} /usr/bin/cmake --install /home/hsq/code/auto-arm/rm-vision/build/armor_tracker
