[0.021s] Invoking command in '/home/hsq/code/auto-arm/rm-vision/build/rm_serial_driver': CMAKE_PREFIX_PATH=/home/hsq/code/auto-arm/rm-vision/install/auto_aim_interfaces:/home/hsq/code/auto-arm/rm-vision/install/rm_vision_bringup:/home/hsq/code/auto-arm/rm-vision/install/rm_serial_driver:/home/hsq/code/auto-arm/rm-vision/install/rm_gimbal_description:/home/hsq/code/auto-arm/rm-vision/install/rm_auto_aim:/home/hsq/code/auto-arm/rm-vision/install/hik_camera:/home/hsq/code/auto-arm/rm-vision/install/armor_tracker:/home/hsq/code/auto-arm/rm-vision/install/armor_detector:/opt/ros/humble LD_LIBRARY_PATH=/home/hsq/code/auto-arm/rm-vision/install/auto_aim_interfaces/lib:/home/hsq/code/auto-arm/rm-vision/install/rm_serial_driver/lib:/home/hsq/code/auto-arm/rm-vision/install/hik_camera/lib:/home/hsq/code/auto-arm/rm-vision/install/armor_tracker/lib:/home/hsq/code/auto-arm/rm-vision/install/armor_detector/lib:/opt/MVS/lib/64:/opt/MVS/lib/32:/opt/MVS/lib/64:/opt/MVS/lib/32:/opt/MVS/lib/64:/opt/MVS/lib/32:/opt/ros/humble/opt/rviz_ogre_vendor/lib:/opt/ros/humble/lib/x86_64-linux-gnu:/opt/ros/humble/lib:/opt/MVS/lib/64:/opt/MVS/lib/32:/opt/MVS/lib/64:/opt/MVS/lib/32:/opt/MVS/lib/64:/opt/MVS/lib/32 /usr/bin/cmake --build /home/hsq/code/auto-arm/rm-vision/build/rm_serial_driver -- -j12 -l12
[0.129s] [ 40%] Built target rm_serial_driver_node
[0.138s] [100%] Built target rm_serial_driver
[0.161s] Invoked command in '/home/hsq/code/auto-arm/rm-vision/build/rm_serial_driver' returned '0': CMAKE_PREFIX_PATH=/home/hsq/code/auto-arm/rm-vision/install/auto_aim_interfaces:/home/hsq/code/auto-arm/rm-vision/install/rm_vision_bringup:/home/hsq/code/auto-arm/rm-vision/install/rm_serial_driver:/home/hsq/code/auto-arm/rm-vision/install/rm_gimbal_description:/home/hsq/code/auto-arm/rm-vision/install/rm_auto_aim:/home/hsq/code/auto-arm/rm-vision/install/hik_camera:/home/hsq/code/auto-arm/rm-vision/install/armor_tracker:/home/hsq/code/auto-arm/rm-vision/install/armor_detector:/opt/ros/humble LD_LIBRARY_PATH=/home/hsq/code/auto-arm/rm-vision/install/auto_aim_interfaces/lib:/home/hsq/code/auto-arm/rm-vision/install/rm_serial_driver/lib:/home/hsq/code/auto-arm/rm-vision/install/hik_camera/lib:/home/hsq/code/auto-arm/rm-vision/install/armor_tracker/lib:/home/hsq/code/auto-arm/rm-vision/install/armor_detector/lib:/opt/MVS/lib/64:/opt/MVS/lib/32:/opt/MVS/lib/64:/opt/MVS/lib/32:/opt/MVS/lib/64:/opt/MVS/lib/32:/opt/ros/humble/opt/rviz_ogre_vendor/lib:/opt/ros/humble/lib/x86_64-linux-gnu:/opt/ros/humble/lib:/opt/MVS/lib/64:/opt/MVS/lib/32:/opt/MVS/lib/64:/opt/MVS/lib/32:/opt/MVS/lib/64:/opt/MVS/lib/32 /usr/bin/cmake --build /home/hsq/code/auto-arm/rm-vision/build/rm_serial_driver -- -j12 -l12
[0.163s] Invoking command in '/home/hsq/code/auto-arm/rm-vision/build/rm_serial_driver': CMAKE_PREFIX_PATH=/home/hsq/code/auto-arm/rm-vision/install/auto_aim_interfaces:/home/hsq/code/auto-arm/rm-vision/install/rm_vision_bringup:/home/hsq/code/auto-arm/rm-vision/install/rm_serial_driver:/home/hsq/code/auto-arm/rm-vision/install/rm_gimbal_description:/home/hsq/code/auto-arm/rm-vision/install/rm_auto_aim:/home/hsq/code/auto-arm/rm-vision/install/hik_camera:/home/hsq/code/auto-arm/rm-vision/install/armor_tracker:/home/hsq/code/auto-arm/rm-vision/install/armor_detector:/opt/ros/humble LD_LIBRARY_PATH=/home/hsq/code/auto-arm/rm-vision/install/auto_aim_interfaces/lib:/home/hsq/code/auto-arm/rm-vision/install/rm_serial_driver/lib:/home/hsq/code/auto-arm/rm-vision/install/hik_camera/lib:/home/hsq/code/auto-arm/rm-vision/install/armor_tracker/lib:/home/hsq/code/auto-arm/rm-vision/install/armor_detector/lib:/opt/MVS/lib/64:/opt/MVS/lib/32:/opt/MVS/lib/64:/opt/MVS/lib/32:/opt/MVS/lib/64:/opt/MVS/lib/32:/opt/ros/humble/opt/rviz_ogre_vendor/lib:/opt/ros/humble/lib/x86_64-linux-gnu:/opt/ros/humble/lib:/opt/MVS/lib/64:/opt/MVS/lib/32:/opt/MVS/lib/64:/opt/MVS/lib/32:/opt/MVS/lib/64:/opt/MVS/lib/32 /usr/bin/cmake --install /home/hsq/code/auto-arm/rm-vision/build/rm_serial_driver
[0.177s] -- Install configuration: ""
[0.177s] -- Up-to-date: /home/hsq/code/auto-arm/rm-vision/install/rm_serial_driver/lib/rm_serial_driver/rm_serial_driver_node
[0.178s] -- Up-to-date: /home/hsq/code/auto-arm/rm-vision/install/rm_serial_driver/include
[0.178s] -- Up-to-date: /home/hsq/code/auto-arm/rm-vision/install/rm_serial_driver/include/rm_serial_driver
[0.178s] -- Up-to-date: /home/hsq/code/auto-arm/rm-vision/install/rm_serial_driver/include/rm_serial_driver/rm_serial_driver.hpp
[0.178s] -- Up-to-date: /home/hsq/code/auto-arm/rm-vision/install/rm_serial_driver/include/rm_serial_driver/packet.hpp
[0.178s] -- Up-to-date: /home/hsq/code/auto-arm/rm-vision/install/rm_serial_driver/include/rm_serial_driver/crc.hpp
[0.178s] -- Up-to-date: /home/hsq/code/auto-arm/rm-vision/install/rm_serial_driver/share/rm_serial_driver/environment/library_path.sh
[0.178s] -- Up-to-date: /home/hsq/code/auto-arm/rm-vision/install/rm_serial_driver/share/rm_serial_driver/environment/library_path.dsv
[0.178s] -- Up-to-date: /home/hsq/code/auto-arm/rm-vision/install/rm_serial_driver/lib/librm_serial_driver.so
[0.178s] -- Up-to-date: /home/hsq/code/auto-arm/rm-vision/install/rm_serial_driver/share/rm_serial_driver/config
[0.178s] -- Up-to-date: /home/hsq/code/auto-arm/rm-vision/install/rm_serial_driver/share/rm_serial_driver/config/serial_driver.yaml
[0.179s] -- Up-to-date: /home/hsq/code/auto-arm/rm-vision/install/rm_serial_driver/share/rm_serial_driver/launch
[0.179s] -- Up-to-date: /home/hsq/code/auto-arm/rm-vision/install/rm_serial_driver/share/rm_serial_driver/launch/serial_driver.launch.py
[0.179s] -- Up-to-date: /home/hsq/code/auto-arm/rm-vision/install/rm_serial_driver/share/ament_index/resource_index/package_run_dependencies/rm_serial_driver
[0.179s] -- Up-to-date: /home/hsq/code/auto-arm/rm-vision/install/rm_serial_driver/share/ament_index/resource_index/parent_prefix_path/rm_serial_driver
[0.179s] -- Up-to-date: /home/hsq/code/auto-arm/rm-vision/install/rm_serial_driver/share/rm_serial_driver/environment/ament_prefix_path.sh
[0.179s] -- Up-to-date: /home/hsq/code/auto-arm/rm-vision/install/rm_serial_driver/share/rm_serial_driver/environment/ament_prefix_path.dsv
[0.179s] -- Up-to-date: /home/hsq/code/auto-arm/rm-vision/install/rm_serial_driver/share/rm_serial_driver/environment/path.sh
[0.179s] -- Up-to-date: /home/hsq/code/auto-arm/rm-vision/install/rm_serial_driver/share/rm_serial_driver/environment/path.dsv
[0.179s] -- Up-to-date: /home/hsq/code/auto-arm/rm-vision/install/rm_serial_driver/share/rm_serial_driver/local_setup.bash
[0.179s] -- Up-to-date: /home/hsq/code/auto-arm/rm-vision/install/rm_serial_driver/share/rm_serial_driver/local_setup.sh
[0.179s] -- Up-to-date: /home/hsq/code/auto-arm/rm-vision/install/rm_serial_driver/share/rm_serial_driver/local_setup.zsh
[0.179s] -- Up-to-date: /home/hsq/code/auto-arm/rm-vision/install/rm_serial_driver/share/rm_serial_driver/local_setup.dsv
[0.179s] -- Installing: /home/hsq/code/auto-arm/rm-vision/install/rm_serial_driver/share/rm_serial_driver/package.dsv
[0.179s] -- Up-to-date: /home/hsq/code/auto-arm/rm-vision/install/rm_serial_driver/share/ament_index/resource_index/packages/rm_serial_driver
[0.179s] -- Up-to-date: /home/hsq/code/auto-arm/rm-vision/install/rm_serial_driver/share/ament_index/resource_index/rclcpp_components/rm_serial_driver
[0.180s] -- Up-to-date: /home/hsq/code/auto-arm/rm-vision/install/rm_serial_driver/share/rm_serial_driver/cmake/ament_cmake_export_dependencies-extras.cmake
[0.180s] -- Up-to-date: /home/hsq/code/auto-arm/rm-vision/install/rm_serial_driver/share/rm_serial_driver/cmake/ament_cmake_export_include_directories-extras.cmake
[0.180s] -- Up-to-date: /home/hsq/code/auto-arm/rm-vision/install/rm_serial_driver/share/rm_serial_driver/cmake/ament_cmake_export_libraries-extras.cmake
[0.180s] -- Up-to-date: /home/hsq/code/auto-arm/rm-vision/install/rm_serial_driver/share/rm_serial_driver/cmake/rm_serial_driverConfig.cmake
[0.180s] -- Up-to-date: /home/hsq/code/auto-arm/rm-vision/install/rm_serial_driver/share/rm_serial_driver/cmake/rm_serial_driverConfig-version.cmake
[0.180s] -- Up-to-date: /home/hsq/code/auto-arm/rm-vision/install/rm_serial_driver/share/rm_serial_driver/package.xml
[0.183s] Invoked command in '/home/hsq/code/auto-arm/rm-vision/build/rm_serial_driver' returned '0': CMAKE_PREFIX_PATH=/home/hsq/code/auto-arm/rm-vision/install/auto_aim_interfaces:/home/hsq/code/auto-arm/rm-vision/install/rm_vision_bringup:/home/hsq/code/auto-arm/rm-vision/install/rm_serial_driver:/home/hsq/code/auto-arm/rm-vision/install/rm_gimbal_description:/home/hsq/code/auto-arm/rm-vision/install/rm_auto_aim:/home/hsq/code/auto-arm/rm-vision/install/hik_camera:/home/hsq/code/auto-arm/rm-vision/install/armor_tracker:/home/hsq/code/auto-arm/rm-vision/install/armor_detector:/opt/ros/humble LD_LIBRARY_PATH=/home/hsq/code/auto-arm/rm-vision/install/auto_aim_interfaces/lib:/home/hsq/code/auto-arm/rm-vision/install/rm_serial_driver/lib:/home/hsq/code/auto-arm/rm-vision/install/hik_camera/lib:/home/hsq/code/auto-arm/rm-vision/install/armor_tracker/lib:/home/hsq/code/auto-arm/rm-vision/install/armor_detector/lib:/opt/MVS/lib/64:/opt/MVS/lib/32:/opt/MVS/lib/64:/opt/MVS/lib/32:/opt/MVS/lib/64:/opt/MVS/lib/32:/opt/ros/humble/opt/rviz_ogre_vendor/lib:/opt/ros/humble/lib/x86_64-linux-gnu:/opt/ros/humble/lib:/opt/MVS/lib/64:/opt/MVS/lib/32:/opt/MVS/lib/64:/opt/MVS/lib/32:/opt/MVS/lib/64:/opt/MVS/lib/32 /usr/bin/cmake --install /home/hsq/code/auto-arm/rm-vision/build/rm_serial_driver
