[0.008s] Invoking command in '/home/hsq/code/auto-arm/rm-vision/build/rm_gimbal_description': CMAKE_PREFIX_PATH=/opt/ros/humble /usr/bin/cmake --build /home/hsq/code/auto-arm/rm-vision/build/rm_gimbal_description -- -j12 -l12
[0.032s] Invoked command in '/home/hsq/code/auto-arm/rm-vision/build/rm_gimbal_description' returned '0': CMAKE_PREFIX_PATH=/opt/ros/humble /usr/bin/cmake --build /home/hsq/code/auto-arm/rm-vision/build/rm_gimbal_description -- -j12 -l12
[0.039s] Invoking command in '/home/hsq/code/auto-arm/rm-vision/build/rm_gimbal_description': CMAKE_PREFIX_PATH=/opt/ros/humble /usr/bin/cmake --install /home/hsq/code/auto-arm/rm-vision/build/rm_gimbal_description
[0.049s] -- Install configuration: ""
[0.049s] -- Up-to-date: /home/hsq/code/auto-arm/rm-vision/install/rm_gimbal_description/share/rm_gimbal_description/urdf
[0.052s] -- Up-to-date: /home/hsq/code/auto-arm/rm-vision/install/rm_gimbal_description/share/rm_gimbal_description/urdf/rm_gimbal.urdf.xacro
[0.052s] -- Up-to-date: /home/hsq/code/auto-arm/rm-vision/install/rm_gimbal_description/share/ament_index/resource_index/package_run_dependencies/rm_gimbal_description
[0.052s] -- Up-to-date: /home/hsq/code/auto-arm/rm-vision/install/rm_gimbal_description/share/ament_index/resource_index/parent_prefix_path/rm_gimbal_description
[0.052s] -- Up-to-date: /home/hsq/code/auto-arm/rm-vision/install/rm_gimbal_description/share/rm_gimbal_description/environment/ament_prefix_path.sh
[0.052s] -- Up-to-date: /home/hsq/code/auto-arm/rm-vision/install/rm_gimbal_description/share/rm_gimbal_description/environment/ament_prefix_path.dsv
[0.052s] -- Up-to-date: /home/hsq/code/auto-arm/rm-vision/install/rm_gimbal_description/share/rm_gimbal_description/environment/path.sh
[0.052s] -- Up-to-date: /home/hsq/code/auto-arm/rm-vision/install/rm_gimbal_description/share/rm_gimbal_description/environment/path.dsv
[0.053s] -- Up-to-date: /home/hsq/code/auto-arm/rm-vision/install/rm_gimbal_description/share/rm_gimbal_description/local_setup.bash
[0.053s] -- Up-to-date: /home/hsq/code/auto-arm/rm-vision/install/rm_gimbal_description/share/rm_gimbal_description/local_setup.sh
[0.053s] -- Up-to-date: /home/hsq/code/auto-arm/rm-vision/install/rm_gimbal_description/share/rm_gimbal_description/local_setup.zsh
[0.053s] -- Up-to-date: /home/hsq/code/auto-arm/rm-vision/install/rm_gimbal_description/share/rm_gimbal_description/local_setup.dsv
[0.053s] -- Installing: /home/hsq/code/auto-arm/rm-vision/install/rm_gimbal_description/share/rm_gimbal_description/package.dsv
[0.053s] -- Up-to-date: /home/hsq/code/auto-arm/rm-vision/install/rm_gimbal_description/share/ament_index/resource_index/packages/rm_gimbal_description
[0.053s] -- Up-to-date: /home/hsq/code/auto-arm/rm-vision/install/rm_gimbal_description/share/rm_gimbal_description/cmake/rm_gimbal_descriptionConfig.cmake
[0.053s] -- Up-to-date: /home/hsq/code/auto-arm/rm-vision/install/rm_gimbal_description/share/rm_gimbal_description/cmake/rm_gimbal_descriptionConfig-version.cmake
[0.053s] -- Up-to-date: /home/hsq/code/auto-arm/rm-vision/install/rm_gimbal_description/share/rm_gimbal_description/package.xml
[0.054s] Invoked command in '/home/hsq/code/auto-arm/rm-vision/build/rm_gimbal_description' returned '0': CMAKE_PREFIX_PATH=/opt/ros/humble /usr/bin/cmake --install /home/hsq/code/auto-arm/rm-vision/build/rm_gimbal_description
