[0.012s] Invoking command in '/home/yuanluochen/code/arming/rm-vision/build/rm_vision_bringup': AMENT_PREFIX_PATH=/home/yuanluochen/code/arming/rm-vision/install/rm_auto_aim:/home/yuanluochen/code/arming/rm-vision/install/rm_serial_driver:/home/yuanluochen/code/arming/rm-vision/install/armor_tracker:/home/yuanluochen/code/arming/rm-vision/install/armor_detector:/home/yuanluochen/code/arming/rm-vision/install/auto_aim_interfaces:${AMENT_PREFIX_PATH} CMAKE_PREFIX_PATH=/home/yuanluochen/code/arming/rm-vision/install/rm_auto_aim:/home/yuanluochen/code/arming/rm-vision/install/rm_serial_driver:/home/yuanluochen/code/arming/rm-vision/install/armor_tracker:/home/yuanluochen/code/arming/rm-vision/install/armor_detector:/home/yuanluochen/code/arming/rm-vision/install/auto_aim_interfaces:/opt/ros/humble LD_LIBRARY_PATH=/home/yuanluochen/code/arming/rm-vision/install/rm_serial_driver/lib:/home/yuanluochen/code/arming/rm-vision/install/armor_tracker/lib:/home/yuanluochen/code/arming/rm-vision/install/armor_detector/lib:/home/yuanluochen/code/arming/rm-vision/install/auto_aim_interfaces/lib:/opt/MVS/lib/64:/opt/MVS/lib/32:/opt/MVS/lib/64:/opt/MVS/lib/32:/opt/ros/humble/opt/rviz_ogre_vendor/lib:/opt/ros/humble/lib/x86_64-linux-gnu:/opt/ros/humble/lib:/opt/MVS/lib/64:/opt/MVS/lib/32 PYTHONPATH=/home/yuanluochen/code/arming/rm-vision/install/auto_aim_interfaces/local/lib/python3.10/dist-packages:${PYTHONPATH} /usr/bin/cmake /home/yuanluochen/code/arming/rm-vision/src/rm_vision-main/rm_vision_bringup -DCMAKE_INSTALL_PREFIX=/home/yuanluochen/code/arming/rm-vision/install/rm_vision_bringup
[0.050s] -- The C compiler identification is GNU 11.4.0
[0.091s] -- The CXX compiler identification is GNU 11.4.0
[0.096s] -- Detecting C compiler ABI info
[0.151s] -- Detecting C compiler ABI info - done
[0.157s] -- Check for working C compiler: /usr/bin/cc - skipped
[0.157s] -- Detecting C compile features
[0.157s] -- Detecting C compile features - done
[0.159s] -- Detecting CXX compiler ABI info
[0.218s] -- Detecting CXX compiler ABI info - done
[0.224s] -- Check for working CXX compiler: /usr/bin/c++ - skipped
[0.224s] -- Detecting CXX compile features
[0.224s] -- Detecting CXX compile features - done
[0.226s] -- Found ament_cmake_auto: 1.3.11 (/opt/ros/humble/share/ament_cmake_auto/cmake)
[0.329s] -- Found Python3: /usr/bin/python3 (found version "3.10.12") found components: Interpreter 
[0.389s] -- Found ament_lint_auto: 0.12.11 (/opt/ros/humble/share/ament_lint_auto/cmake)
[0.438s] -- Configuring done
[0.440s] -- Generating done
[0.441s] -- Build files have been written to: /home/yuanluochen/code/arming/rm-vision/build/rm_vision_bringup
[0.445s] Invoked command in '/home/yuanluochen/code/arming/rm-vision/build/rm_vision_bringup' returned '0': AMENT_PREFIX_PATH=/home/yuanluochen/code/arming/rm-vision/install/rm_auto_aim:/home/yuanluochen/code/arming/rm-vision/install/rm_serial_driver:/home/yuanluochen/code/arming/rm-vision/install/armor_tracker:/home/yuanluochen/code/arming/rm-vision/install/armor_detector:/home/yuanluochen/code/arming/rm-vision/install/auto_aim_interfaces:${AMENT_PREFIX_PATH} CMAKE_PREFIX_PATH=/home/yuanluochen/code/arming/rm-vision/install/rm_auto_aim:/home/yuanluochen/code/arming/rm-vision/install/rm_serial_driver:/home/yuanluochen/code/arming/rm-vision/install/armor_tracker:/home/yuanluochen/code/arming/rm-vision/install/armor_detector:/home/yuanluochen/code/arming/rm-vision/install/auto_aim_interfaces:/opt/ros/humble LD_LIBRARY_PATH=/home/yuanluochen/code/arming/rm-vision/install/rm_serial_driver/lib:/home/yuanluochen/code/arming/rm-vision/install/armor_tracker/lib:/home/yuanluochen/code/arming/rm-vision/install/armor_detector/lib:/home/yuanluochen/code/arming/rm-vision/install/auto_aim_interfaces/lib:/opt/MVS/lib/64:/opt/MVS/lib/32:/opt/MVS/lib/64:/opt/MVS/lib/32:/opt/ros/humble/opt/rviz_ogre_vendor/lib:/opt/ros/humble/lib/x86_64-linux-gnu:/opt/ros/humble/lib:/opt/MVS/lib/64:/opt/MVS/lib/32 PYTHONPATH=/home/yuanluochen/code/arming/rm-vision/install/auto_aim_interfaces/local/lib/python3.10/dist-packages:${PYTHONPATH} /usr/bin/cmake /home/yuanluochen/code/arming/rm-vision/src/rm_vision-main/rm_vision_bringup -DCMAKE_INSTALL_PREFIX=/home/yuanluochen/code/arming/rm-vision/install/rm_vision_bringup
[0.446s] Invoking command in '/home/yuanluochen/code/arming/rm-vision/build/rm_vision_bringup': AMENT_PREFIX_PATH=/home/yuanluochen/code/arming/rm-vision/install/rm_auto_aim:/home/yuanluochen/code/arming/rm-vision/install/rm_serial_driver:/home/yuanluochen/code/arming/rm-vision/install/armor_tracker:/home/yuanluochen/code/arming/rm-vision/install/armor_detector:/home/yuanluochen/code/arming/rm-vision/install/auto_aim_interfaces:${AMENT_PREFIX_PATH} CMAKE_PREFIX_PATH=/home/yuanluochen/code/arming/rm-vision/install/rm_auto_aim:/home/yuanluochen/code/arming/rm-vision/install/rm_serial_driver:/home/yuanluochen/code/arming/rm-vision/install/armor_tracker:/home/yuanluochen/code/arming/rm-vision/install/armor_detector:/home/yuanluochen/code/arming/rm-vision/install/auto_aim_interfaces:/opt/ros/humble LD_LIBRARY_PATH=/home/yuanluochen/code/arming/rm-vision/install/rm_serial_driver/lib:/home/yuanluochen/code/arming/rm-vision/install/armor_tracker/lib:/home/yuanluochen/code/arming/rm-vision/install/armor_detector/lib:/home/yuanluochen/code/arming/rm-vision/install/auto_aim_interfaces/lib:/opt/MVS/lib/64:/opt/MVS/lib/32:/opt/MVS/lib/64:/opt/MVS/lib/32:/opt/ros/humble/opt/rviz_ogre_vendor/lib:/opt/ros/humble/lib/x86_64-linux-gnu:/opt/ros/humble/lib:/opt/MVS/lib/64:/opt/MVS/lib/32 PYTHONPATH=/home/yuanluochen/code/arming/rm-vision/install/auto_aim_interfaces/local/lib/python3.10/dist-packages:${PYTHONPATH} /usr/bin/cmake --build /home/yuanluochen/code/arming/rm-vision/build/rm_vision_bringup -- -j16 -l16
[0.475s] Invoked command in '/home/yuanluochen/code/arming/rm-vision/build/rm_vision_bringup' returned '0': AMENT_PREFIX_PATH=/home/yuanluochen/code/arming/rm-vision/install/rm_auto_aim:/home/yuanluochen/code/arming/rm-vision/install/rm_serial_driver:/home/yuanluochen/code/arming/rm-vision/install/armor_tracker:/home/yuanluochen/code/arming/rm-vision/install/armor_detector:/home/yuanluochen/code/arming/rm-vision/install/auto_aim_interfaces:${AMENT_PREFIX_PATH} CMAKE_PREFIX_PATH=/home/yuanluochen/code/arming/rm-vision/install/rm_auto_aim:/home/yuanluochen/code/arming/rm-vision/install/rm_serial_driver:/home/yuanluochen/code/arming/rm-vision/install/armor_tracker:/home/yuanluochen/code/arming/rm-vision/install/armor_detector:/home/yuanluochen/code/arming/rm-vision/install/auto_aim_interfaces:/opt/ros/humble LD_LIBRARY_PATH=/home/yuanluochen/code/arming/rm-vision/install/rm_serial_driver/lib:/home/yuanluochen/code/arming/rm-vision/install/armor_tracker/lib:/home/yuanluochen/code/arming/rm-vision/install/armor_detector/lib:/home/yuanluochen/code/arming/rm-vision/install/auto_aim_interfaces/lib:/opt/MVS/lib/64:/opt/MVS/lib/32:/opt/MVS/lib/64:/opt/MVS/lib/32:/opt/ros/humble/opt/rviz_ogre_vendor/lib:/opt/ros/humble/lib/x86_64-linux-gnu:/opt/ros/humble/lib:/opt/MVS/lib/64:/opt/MVS/lib/32 PYTHONPATH=/home/yuanluochen/code/arming/rm-vision/install/auto_aim_interfaces/local/lib/python3.10/dist-packages:${PYTHONPATH} /usr/bin/cmake --build /home/yuanluochen/code/arming/rm-vision/build/rm_vision_bringup -- -j16 -l16
[0.476s] Invoking command in '/home/yuanluochen/code/arming/rm-vision/build/rm_vision_bringup': AMENT_PREFIX_PATH=/home/yuanluochen/code/arming/rm-vision/install/rm_auto_aim:/home/yuanluochen/code/arming/rm-vision/install/rm_serial_driver:/home/yuanluochen/code/arming/rm-vision/install/armor_tracker:/home/yuanluochen/code/arming/rm-vision/install/armor_detector:/home/yuanluochen/code/arming/rm-vision/install/auto_aim_interfaces:${AMENT_PREFIX_PATH} CMAKE_PREFIX_PATH=/home/yuanluochen/code/arming/rm-vision/install/rm_auto_aim:/home/yuanluochen/code/arming/rm-vision/install/rm_serial_driver:/home/yuanluochen/code/arming/rm-vision/install/armor_tracker:/home/yuanluochen/code/arming/rm-vision/install/armor_detector:/home/yuanluochen/code/arming/rm-vision/install/auto_aim_interfaces:/opt/ros/humble LD_LIBRARY_PATH=/home/yuanluochen/code/arming/rm-vision/install/rm_serial_driver/lib:/home/yuanluochen/code/arming/rm-vision/install/armor_tracker/lib:/home/yuanluochen/code/arming/rm-vision/install/armor_detector/lib:/home/yuanluochen/code/arming/rm-vision/install/auto_aim_interfaces/lib:/opt/MVS/lib/64:/opt/MVS/lib/32:/opt/MVS/lib/64:/opt/MVS/lib/32:/opt/ros/humble/opt/rviz_ogre_vendor/lib:/opt/ros/humble/lib/x86_64-linux-gnu:/opt/ros/humble/lib:/opt/MVS/lib/64:/opt/MVS/lib/32 PYTHONPATH=/home/yuanluochen/code/arming/rm-vision/install/auto_aim_interfaces/local/lib/python3.10/dist-packages:${PYTHONPATH} /usr/bin/cmake --install /home/yuanluochen/code/arming/rm-vision/build/rm_vision_bringup
[0.481s] -- Install configuration: ""
[0.481s] -- Installing: /home/yuanluochen/code/arming/rm-vision/install/rm_vision_bringup/share/rm_vision_bringup/launch
[0.481s] -- Installing: /home/yuanluochen/code/arming/rm-vision/install/rm_vision_bringup/share/rm_vision_bringup/launch/__pycache__
[0.481s] -- Installing: /home/yuanluochen/code/arming/rm-vision/install/rm_vision_bringup/share/rm_vision_bringup/launch/__pycache__/vision_bringup.launch.cpython-310.pyc
[0.481s] -- Installing: /home/yuanluochen/code/arming/rm-vision/install/rm_vision_bringup/share/rm_vision_bringup/launch/common.py
[0.481s] -- Installing: /home/yuanluochen/code/arming/rm-vision/install/rm_vision_bringup/share/rm_vision_bringup/launch/no_hardware.launch.py
[0.481s] -- Installing: /home/yuanluochen/code/arming/rm-vision/install/rm_vision_bringup/share/rm_vision_bringup/launch/vision_bringup.launch.py
[0.481s] -- Installing: /home/yuanluochen/code/arming/rm-vision/install/rm_vision_bringup/share/rm_vision_bringup/config
[0.481s] -- Installing: /home/yuanluochen/code/arming/rm-vision/install/rm_vision_bringup/share/rm_vision_bringup/config/camera_info.yaml
[0.481s] -- Installing: /home/yuanluochen/code/arming/rm-vision/install/rm_vision_bringup/share/rm_vision_bringup/config/launch_params.yaml
[0.481s] -- Installing: /home/yuanluochen/code/arming/rm-vision/install/rm_vision_bringup/share/rm_vision_bringup/config/node_params.yaml
[0.481s] -- Installing: /home/yuanluochen/code/arming/rm-vision/install/rm_vision_bringup/share/ament_index/resource_index/package_run_dependencies/rm_vision_bringup
[0.482s] -- Installing: /home/yuanluochen/code/arming/rm-vision/install/rm_vision_bringup/share/ament_index/resource_index/parent_prefix_path/rm_vision_bringup
[0.482s] -- Installing: /home/yuanluochen/code/arming/rm-vision/install/rm_vision_bringup/share/rm_vision_bringup/environment/ament_prefix_path.sh
[0.482s] -- Installing: /home/yuanluochen/code/arming/rm-vision/install/rm_vision_bringup/share/rm_vision_bringup/environment/ament_prefix_path.dsv
[0.482s] -- Installing: /home/yuanluochen/code/arming/rm-vision/install/rm_vision_bringup/share/rm_vision_bringup/environment/path.sh
[0.482s] -- Installing: /home/yuanluochen/code/arming/rm-vision/install/rm_vision_bringup/share/rm_vision_bringup/environment/path.dsv
[0.482s] -- Installing: /home/yuanluochen/code/arming/rm-vision/install/rm_vision_bringup/share/rm_vision_bringup/local_setup.bash
[0.482s] -- Installing: /home/yuanluochen/code/arming/rm-vision/install/rm_vision_bringup/share/rm_vision_bringup/local_setup.sh
[0.482s] -- Installing: /home/yuanluochen/code/arming/rm-vision/install/rm_vision_bringup/share/rm_vision_bringup/local_setup.zsh
[0.482s] -- Installing: /home/yuanluochen/code/arming/rm-vision/install/rm_vision_bringup/share/rm_vision_bringup/local_setup.dsv
[0.482s] -- Installing: /home/yuanluochen/code/arming/rm-vision/install/rm_vision_bringup/share/rm_vision_bringup/package.dsv
[0.482s] -- Installing: /home/yuanluochen/code/arming/rm-vision/install/rm_vision_bringup/share/ament_index/resource_index/packages/rm_vision_bringup
[0.482s] -- Installing: /home/yuanluochen/code/arming/rm-vision/install/rm_vision_bringup/share/rm_vision_bringup/cmake/rm_vision_bringupConfig.cmake
[0.483s] -- Installing: /home/yuanluochen/code/arming/rm-vision/install/rm_vision_bringup/share/rm_vision_bringup/cmake/rm_vision_bringupConfig-version.cmake
[0.483s] -- Installing: /home/yuanluochen/code/arming/rm-vision/install/rm_vision_bringup/share/rm_vision_bringup/package.xml
[0.484s] Invoked command in '/home/yuanluochen/code/arming/rm-vision/build/rm_vision_bringup' returned '0': AMENT_PREFIX_PATH=/home/yuanluochen/code/arming/rm-vision/install/rm_auto_aim:/home/yuanluochen/code/arming/rm-vision/install/rm_serial_driver:/home/yuanluochen/code/arming/rm-vision/install/armor_tracker:/home/yuanluochen/code/arming/rm-vision/install/armor_detector:/home/yuanluochen/code/arming/rm-vision/install/auto_aim_interfaces:${AMENT_PREFIX_PATH} CMAKE_PREFIX_PATH=/home/yuanluochen/code/arming/rm-vision/install/rm_auto_aim:/home/yuanluochen/code/arming/rm-vision/install/rm_serial_driver:/home/yuanluochen/code/arming/rm-vision/install/armor_tracker:/home/yuanluochen/code/arming/rm-vision/install/armor_detector:/home/yuanluochen/code/arming/rm-vision/install/auto_aim_interfaces:/opt/ros/humble LD_LIBRARY_PATH=/home/yuanluochen/code/arming/rm-vision/install/rm_serial_driver/lib:/home/yuanluochen/code/arming/rm-vision/install/armor_tracker/lib:/home/yuanluochen/code/arming/rm-vision/install/armor_detector/lib:/home/yuanluochen/code/arming/rm-vision/install/auto_aim_interfaces/lib:/opt/MVS/lib/64:/opt/MVS/lib/32:/opt/MVS/lib/64:/opt/MVS/lib/32:/opt/ros/humble/opt/rviz_ogre_vendor/lib:/opt/ros/humble/lib/x86_64-linux-gnu:/opt/ros/humble/lib:/opt/MVS/lib/64:/opt/MVS/lib/32 PYTHONPATH=/home/yuanluochen/code/arming/rm-vision/install/auto_aim_interfaces/local/lib/python3.10/dist-packages:${PYTHONPATH} /usr/bin/cmake --install /home/yuanluochen/code/arming/rm-vision/build/rm_vision_bringup
