[0.014s] Invoking command in '/home/hsq/code/auto-arm/rm-vision/build/hik_camera': CMAKE_PREFIX_PATH=/opt/ros/humble /usr/bin/cmake /home/hsq/code/auto-arm/rm-vision/src/ros2_hik_camera-main -DCMAKE_INSTALL_PREFIX=/home/hsq/code/auto-arm/rm-vision/install/hik_camera
[0.070s] -- The C compiler identification is GNU 11.4.0
[0.134s] -- The CXX compiler identification is GNU 11.4.0
[0.142s] -- Detecting C compiler ABI info
[0.237s] -- Detecting C compiler ABI info - done
[0.242s] -- Check for working C compiler: /usr/bin/cc - skipped
[0.243s] -- Detecting C compile features
[0.243s] -- Detecting C compile features - done
[0.246s] -- Detecting CXX compiler ABI info
[0.356s] -- Detecting CXX compiler ABI info - done
[0.364s] -- Check for working CXX compiler: /usr/bin/c++ - skipped
[0.364s] -- Detecting CXX compile features
[0.365s] -- Detecting CXX compile features - done
[0.366s] -- Found ament_cmake_auto: 1.3.11 (/opt/ros/humble/share/ament_cmake_auto/cmake)
[0.573s] -- Found Python3: /usr/bin/python3 (found version "3.10.12") found components: Interpreter 
[0.792s] -- Found rosidl_generator_c: 3.1.6 (/opt/ros/humble/share/rosidl_generator_c/cmake)
[0.795s] -- Found rosidl_adapter: 3.1.6 (/opt/ros/humble/share/rosidl_adapter/cmake)
[0.805s] -- Found rosidl_generator_cpp: 3.1.6 (/opt/ros/humble/share/rosidl_generator_cpp/cmake)
[0.821s] -- Using all available rosidl_typesupport_c: rosidl_typesupport_fastrtps_c;rosidl_typesupport_introspection_c
[0.841s] -- Using all available rosidl_typesupport_cpp: rosidl_typesupport_fastrtps_cpp;rosidl_typesupport_introspection_cpp
[0.887s] -- Found rmw_implementation_cmake: 6.1.2 (/opt/ros/humble/share/rmw_implementation_cmake/cmake)
[0.889s] -- Found rmw_fastrtps_cpp: 6.2.7 (/opt/ros/humble/share/rmw_fastrtps_cpp/cmake)
[0.994s] -- Found OpenSSL: /usr/lib/x86_64-linux-gnu/libcrypto.so (found version "3.0.2")  
[1.020s] -- Found FastRTPS: /opt/ros/humble/include  
[1.061s] -- Using RMW implementation 'rmw_fastrtps_cpp' as default
[1.068s] -- Looking for pthread.h
[1.156s] -- Looking for pthread.h - found
[1.157s] -- Performing Test CMAKE_HAVE_LIBC_PTHREAD
[1.244s] -- Performing Test CMAKE_HAVE_LIBC_PTHREAD - Success
[1.245s] -- Found Threads: TRUE  
[1.380s] -- Found ament_lint_auto: 0.12.12 (/opt/ros/humble/share/ament_lint_auto/cmake)
[1.395s] -- Added test 'cppcheck' to perform static code analysis on C / C++ code
[1.396s] -- Configured cppcheck include dirs: /home/hsq/code/auto-arm/rm-vision/src/ros2_hik_camera-main/hikSDK/include
[1.396s] -- Configured cppcheck exclude dirs and/or files: 
[1.396s] -- Added test 'flake8' to check Python code syntax and style conventions
[1.396s] -- Added test 'lint_cmake' to check CMake code style
[1.397s] -- Added test 'pep257' to check Python code against some of the docstring style conventions in PEP 257
[1.397s] -- Added test 'xmllint' to check XML markup files
[1.399s] -- Configuring done
[1.412s] -- Generating done
[1.415s] -- Build files have been written to: /home/hsq/code/auto-arm/rm-vision/build/hik_camera
[1.433s] Invoked command in '/home/hsq/code/auto-arm/rm-vision/build/hik_camera' returned '0': CMAKE_PREFIX_PATH=/opt/ros/humble /usr/bin/cmake /home/hsq/code/auto-arm/rm-vision/src/ros2_hik_camera-main -DCMAKE_INSTALL_PREFIX=/home/hsq/code/auto-arm/rm-vision/install/hik_camera
[1.434s] Invoking command in '/home/hsq/code/auto-arm/rm-vision/build/hik_camera': CMAKE_PREFIX_PATH=/opt/ros/humble /usr/bin/cmake --build /home/hsq/code/auto-arm/rm-vision/build/hik_camera -- -j12 -l12
[1.485s] [ 25%] [32mBuilding CXX object CMakeFiles/hik_camera.dir/src/hik_camera_node.cpp.o[0m
[1.487s] [ 50%] [32mBuilding CXX object CMakeFiles/hik_camera_node.dir/rclcpp_components/node_main_hik_camera_node.cpp.o[0m
[7.568s] [ 75%] [32m[1mLinking CXX shared library libhik_camera.so[0m
[7.755s] [100%] [32m[1mLinking CXX executable hik_camera_node[0m
[7.799s] [100%] Built target hik_camera
[7.932s] [100%] Built target hik_camera_node
[7.948s] Invoked command in '/home/hsq/code/auto-arm/rm-vision/build/hik_camera' returned '0': CMAKE_PREFIX_PATH=/opt/ros/humble /usr/bin/cmake --build /home/hsq/code/auto-arm/rm-vision/build/hik_camera -- -j12 -l12
[7.951s] Invoking command in '/home/hsq/code/auto-arm/rm-vision/build/hik_camera': CMAKE_PREFIX_PATH=/opt/ros/humble /usr/bin/cmake --install /home/hsq/code/auto-arm/rm-vision/build/hik_camera
[7.963s] -- Install configuration: ""
[7.963s] -- Installing: /home/hsq/code/auto-arm/rm-vision/install/hik_camera/lib
[7.963s] -- Installing: /home/hsq/code/auto-arm/rm-vision/install/hik_camera/lib/libMvUsb3vTL.so
[7.976s] -- Installing: /home/hsq/code/auto-arm/rm-vision/install/hik_camera/lib/libFormatConversion.so
[7.977s] -- Installing: /home/hsq/code/auto-arm/rm-vision/install/hik_camera/lib/libMediaProcess.so
[7.979s] -- Installing: /home/hsq/code/auto-arm/rm-vision/install/hik_camera/lib/libMvCameraControl.so
[7.994s] -- Installing: /home/hsq/code/auto-arm/rm-vision/install/hik_camera/lib/libMVRender.so
[7.994s] -- Installing: /home/hsq/code/auto-arm/rm-vision/install/hik_camera/lib/hik_camera/hik_camera_node
[7.994s] -- Set runtime path of "/home/hsq/code/auto-arm/rm-vision/install/hik_camera/lib/hik_camera/hik_camera_node" to ""
[7.994s] -- Installing: /home/hsq/code/auto-arm/rm-vision/install/hik_camera/share/hik_camera/environment/library_path.sh
[7.994s] -- Installing: /home/hsq/code/auto-arm/rm-vision/install/hik_camera/share/hik_camera/environment/library_path.dsv
[7.994s] -- Installing: /home/hsq/code/auto-arm/rm-vision/install/hik_camera/lib/libhik_camera.so
[7.996s] -- Set runtime path of "/home/hsq/code/auto-arm/rm-vision/install/hik_camera/lib/libhik_camera.so" to ""
[7.997s] -- Installing: /home/hsq/code/auto-arm/rm-vision/install/hik_camera/share/hik_camera/config
[7.997s] -- Installing: /home/hsq/code/auto-arm/rm-vision/install/hik_camera/share/hik_camera/config/camera_params.yaml
[7.997s] -- Installing: /home/hsq/code/auto-arm/rm-vision/install/hik_camera/share/hik_camera/config/camera_info.yaml
[7.997s] -- Installing: /home/hsq/code/auto-arm/rm-vision/install/hik_camera/share/hik_camera/launch
[7.997s] -- Installing: /home/hsq/code/auto-arm/rm-vision/install/hik_camera/share/hik_camera/launch/hik_camera.launch.py
[7.997s] -- Installing: /home/hsq/code/auto-arm/rm-vision/install/hik_camera/share/ament_index/resource_index/package_run_dependencies/hik_camera
[7.997s] -- Installing: /home/hsq/code/auto-arm/rm-vision/install/hik_camera/share/ament_index/resource_index/parent_prefix_path/hik_camera
[7.997s] -- Installing: /home/hsq/code/auto-arm/rm-vision/install/hik_camera/share/hik_camera/environment/ament_prefix_path.sh
[7.997s] -- Installing: /home/hsq/code/auto-arm/rm-vision/install/hik_camera/share/hik_camera/environment/ament_prefix_path.dsv
[7.997s] -- Installing: /home/hsq/code/auto-arm/rm-vision/install/hik_camera/share/hik_camera/environment/path.sh
[7.997s] -- Installing: /home/hsq/code/auto-arm/rm-vision/install/hik_camera/share/hik_camera/environment/path.dsv
[7.997s] -- Installing: /home/hsq/code/auto-arm/rm-vision/install/hik_camera/share/hik_camera/local_setup.bash
[7.998s] -- Installing: /home/hsq/code/auto-arm/rm-vision/install/hik_camera/share/hik_camera/local_setup.sh
[7.998s] -- Installing: /home/hsq/code/auto-arm/rm-vision/install/hik_camera/share/hik_camera/local_setup.zsh
[7.998s] -- Installing: /home/hsq/code/auto-arm/rm-vision/install/hik_camera/share/hik_camera/local_setup.dsv
[7.998s] -- Installing: /home/hsq/code/auto-arm/rm-vision/install/hik_camera/share/hik_camera/package.dsv
[7.998s] -- Installing: /home/hsq/code/auto-arm/rm-vision/install/hik_camera/share/ament_index/resource_index/packages/hik_camera
[7.999s] -- Installing: /home/hsq/code/auto-arm/rm-vision/install/hik_camera/share/ament_index/resource_index/rclcpp_components/hik_camera
[7.999s] -- Installing: /home/hsq/code/auto-arm/rm-vision/install/hik_camera/share/hik_camera/cmake/ament_cmake_export_dependencies-extras.cmake
[7.999s] -- Installing: /home/hsq/code/auto-arm/rm-vision/install/hik_camera/share/hik_camera/cmake/ament_cmake_export_libraries-extras.cmake
[7.999s] -- Installing: /home/hsq/code/auto-arm/rm-vision/install/hik_camera/share/hik_camera/cmake/hik_cameraConfig.cmake
[7.999s] -- Installing: /home/hsq/code/auto-arm/rm-vision/install/hik_camera/share/hik_camera/cmake/hik_cameraConfig-version.cmake
[8.000s] -- Installing: /home/hsq/code/auto-arm/rm-vision/install/hik_camera/share/hik_camera/package.xml
[8.005s] Invoked command in '/home/hsq/code/auto-arm/rm-vision/build/hik_camera' returned '0': CMAKE_PREFIX_PATH=/opt/ros/humble /usr/bin/cmake --install /home/hsq/code/auto-arm/rm-vision/build/hik_camera
