[0.017s] Invoking command in '/home/hsq/code/auto-arm/rm-vision/build/rm_gimbal_description': CMAKE_PREFIX_PATH=/opt/ros/humble /usr/bin/cmake /home/hsq/code/auto-arm/rm-vision/src/rm_gimbal_description-main -DCMAKE_INSTALL_PREFIX=/home/hsq/code/auto-arm/rm-vision/install/rm_gimbal_description
[0.082s] -- The C compiler identification is GNU 11.4.0
[0.166s] -- The CXX compiler identification is GNU 11.4.0
[0.173s] -- Detecting C compiler ABI info
[0.276s] -- Detecting C compiler ABI info - done
[0.283s] -- Check for working C compiler: /usr/bin/cc - skipped
[0.287s] -- Detecting C compile features
[0.287s] -- Detecting C compile features - done
[0.287s] -- Detecting CXX compiler ABI info
[0.385s] -- Detecting CXX compiler ABI info - done
[0.391s] -- Check for working CXX compiler: /usr/bin/c++ - skipped
[0.391s] -- Detecting CXX compile features
[0.391s] -- Detecting CXX compile features - done
[0.393s] -- Found ament_cmake: 1.3.11 (/opt/ros/humble/share/ament_cmake/cmake)
[0.582s] -- Found Python3: /usr/bin/python3 (found version "3.10.12") found components: Interpreter 
[0.678s] -- Found ament_lint_auto: 0.12.12 (/opt/ros/humble/share/ament_lint_auto/cmake)
[0.767s] -- Added test 'lint_cmake' to check CMake code style
[0.767s] -- Added test 'xmllint' to check XML markup files
[0.768s] -- Configuring done
[0.774s] -- Generating done
[0.776s] -- Build files have been written to: /home/hsq/code/auto-arm/rm-vision/build/rm_gimbal_description
[0.783s] Invoked command in '/home/hsq/code/auto-arm/rm-vision/build/rm_gimbal_description' returned '0': CMAKE_PREFIX_PATH=/opt/ros/humble /usr/bin/cmake /home/hsq/code/auto-arm/rm-vision/src/rm_gimbal_description-main -DCMAKE_INSTALL_PREFIX=/home/hsq/code/auto-arm/rm-vision/install/rm_gimbal_description
[0.785s] Invoking command in '/home/hsq/code/auto-arm/rm-vision/build/rm_gimbal_description': CMAKE_PREFIX_PATH=/opt/ros/humble /usr/bin/cmake --build /home/hsq/code/auto-arm/rm-vision/build/rm_gimbal_description -- -j12 -l12
[0.840s] Invoked command in '/home/hsq/code/auto-arm/rm-vision/build/rm_gimbal_description' returned '0': CMAKE_PREFIX_PATH=/opt/ros/humble /usr/bin/cmake --build /home/hsq/code/auto-arm/rm-vision/build/rm_gimbal_description -- -j12 -l12
[0.851s] Invoking command in '/home/hsq/code/auto-arm/rm-vision/build/rm_gimbal_description': CMAKE_PREFIX_PATH=/opt/ros/humble /usr/bin/cmake --install /home/hsq/code/auto-arm/rm-vision/build/rm_gimbal_description
[0.857s] -- Install configuration: ""
[0.857s] -- Installing: /home/hsq/code/auto-arm/rm-vision/install/rm_gimbal_description/share/rm_gimbal_description/urdf
[0.857s] -- Installing: /home/hsq/code/auto-arm/rm-vision/install/rm_gimbal_description/share/rm_gimbal_description/urdf/rm_gimbal.urdf.xacro
[0.857s] -- Installing: /home/hsq/code/auto-arm/rm-vision/install/rm_gimbal_description/share/ament_index/resource_index/package_run_dependencies/rm_gimbal_description
[0.857s] -- Installing: /home/hsq/code/auto-arm/rm-vision/install/rm_gimbal_description/share/ament_index/resource_index/parent_prefix_path/rm_gimbal_description
[0.857s] -- Installing: /home/hsq/code/auto-arm/rm-vision/install/rm_gimbal_description/share/rm_gimbal_description/environment/ament_prefix_path.sh
[0.857s] -- Installing: /home/hsq/code/auto-arm/rm-vision/install/rm_gimbal_description/share/rm_gimbal_description/environment/ament_prefix_path.dsv
[0.858s] -- Installing: /home/hsq/code/auto-arm/rm-vision/install/rm_gimbal_description/share/rm_gimbal_description/environment/path.sh
[0.858s] -- Installing: /home/hsq/code/auto-arm/rm-vision/install/rm_gimbal_description/share/rm_gimbal_description/environment/path.dsv
[0.858s] -- Installing: /home/hsq/code/auto-arm/rm-vision/install/rm_gimbal_description/share/rm_gimbal_description/local_setup.bash
[0.858s] -- Installing: /home/hsq/code/auto-arm/rm-vision/install/rm_gimbal_description/share/rm_gimbal_description/local_setup.sh
[0.858s] -- Installing: /home/hsq/code/auto-arm/rm-vision/install/rm_gimbal_description/share/rm_gimbal_description/local_setup.zsh
[0.858s] -- Installing: /home/hsq/code/auto-arm/rm-vision/install/rm_gimbal_description/share/rm_gimbal_description/local_setup.dsv
[0.858s] -- Installing: /home/hsq/code/auto-arm/rm-vision/install/rm_gimbal_description/share/rm_gimbal_description/package.dsv
[0.858s] -- Installing: /home/hsq/code/auto-arm/rm-vision/install/rm_gimbal_description/share/ament_index/resource_index/packages/rm_gimbal_description
[0.858s] -- Installing: /home/hsq/code/auto-arm/rm-vision/install/rm_gimbal_description/share/rm_gimbal_description/cmake/rm_gimbal_descriptionConfig.cmake
[0.859s] -- Installing: /home/hsq/code/auto-arm/rm-vision/install/rm_gimbal_description/share/rm_gimbal_description/cmake/rm_gimbal_descriptionConfig-version.cmake
[0.859s] -- Installing: /home/hsq/code/auto-arm/rm-vision/install/rm_gimbal_description/share/rm_gimbal_description/package.xml
[0.862s] Invoked command in '/home/hsq/code/auto-arm/rm-vision/build/rm_gimbal_description' returned '0': CMAKE_PREFIX_PATH=/opt/ros/humble /usr/bin/cmake --install /home/hsq/code/auto-arm/rm-vision/build/rm_gimbal_description
