[0.009s] Invoking command in '/home/hsq/code/auto-arm/rm-vision/build/armor_tracker': AMENT_PREFIX_PATH=/home/hsq/code/auto-arm/rm-vision/install/auto_aim_interfaces:${AMENT_PREFIX_PATH} CMAKE_PREFIX_PATH=/home/hsq/code/auto-arm/rm-vision/install/auto_aim_interfaces:/opt/ros/humble LD_LIBRARY_PATH=/home/hsq/code/auto-arm/rm-vision/install/auto_aim_interfaces/lib:/opt/MVS/lib/64:/opt/MVS/lib/32:/opt/MVS/lib/64:/opt/MVS/lib/32:/opt/MVS/lib/64:/opt/MVS/lib/32:/opt/ros/humble/opt/rviz_ogre_vendor/lib:/opt/ros/humble/lib/x86_64-linux-gnu:/opt/ros/humble/lib:/opt/MVS/lib/64:/opt/MVS/lib/32:/opt/MVS/lib/64:/opt/MVS/lib/32:/opt/MVS/lib/64:/opt/MVS/lib/32 PYTHONPATH=/home/hsq/code/auto-arm/rm-vision/install/auto_aim_interfaces/local/lib/python3.10/dist-packages:${PYTHONPATH} /usr/bin/cmake --build /home/hsq/code/auto-arm/rm-vision/build/armor_tracker -- -j12 -l12
[0.051s] [ 33%] Built target armor_tracker_node
[0.062s] [ 50%] [32mBuilding CXX object CMakeFiles/armor_tracker.dir/src/tracker_node.cpp.o[0m
[7.575s] [ 66%] [32m[1mLinking CXX shared library libarmor_tracker.so[0m
[8.148s] [100%] Built target armor_tracker
[8.154s] Invoked command in '/home/hsq/code/auto-arm/rm-vision/build/armor_tracker' returned '0': AMENT_PREFIX_PATH=/home/hsq/code/auto-arm/rm-vision/install/auto_aim_interfaces:${AMENT_PREFIX_PATH} CMAKE_PREFIX_PATH=/home/hsq/code/auto-arm/rm-vision/install/auto_aim_interfaces:/opt/ros/humble LD_LIBRARY_PATH=/home/hsq/code/auto-arm/rm-vision/install/auto_aim_interfaces/lib:/opt/MVS/lib/64:/opt/MVS/lib/32:/opt/MVS/lib/64:/opt/MVS/lib/32:/opt/MVS/lib/64:/opt/MVS/lib/32:/opt/ros/humble/opt/rviz_ogre_vendor/lib:/opt/ros/humble/lib/x86_64-linux-gnu:/opt/ros/humble/lib:/opt/MVS/lib/64:/opt/MVS/lib/32:/opt/MVS/lib/64:/opt/MVS/lib/32:/opt/MVS/lib/64:/opt/MVS/lib/32 PYTHONPATH=/home/hsq/code/auto-arm/rm-vision/install/auto_aim_interfaces/local/lib/python3.10/dist-packages:${PYTHONPATH} /usr/bin/cmake --build /home/hsq/code/auto-arm/rm-vision/build/armor_tracker -- -j12 -l12
[8.156s] Invoking command in '/home/hsq/code/auto-arm/rm-vision/build/armor_tracker': AMENT_PREFIX_PATH=/home/hsq/code/auto-arm/rm-vision/install/auto_aim_interfaces:${AMENT_PREFIX_PATH} CMAKE_PREFIX_PATH=/home/hsq/code/auto-arm/rm-vision/install/auto_aim_interfaces:/opt/ros/humble LD_LIBRARY_PATH=/home/hsq/code/auto-arm/rm-vision/install/auto_aim_interfaces/lib:/opt/MVS/lib/64:/opt/MVS/lib/32:/opt/MVS/lib/64:/opt/MVS/lib/32:/opt/MVS/lib/64:/opt/MVS/lib/32:/opt/ros/humble/opt/rviz_ogre_vendor/lib:/opt/ros/humble/lib/x86_64-linux-gnu:/opt/ros/humble/lib:/opt/MVS/lib/64:/opt/MVS/lib/32:/opt/MVS/lib/64:/opt/MVS/lib/32:/opt/MVS/lib/64:/opt/MVS/lib/32 PYTHONPATH=/home/hsq/code/auto-arm/rm-vision/install/auto_aim_interfaces/local/lib/python3.10/dist-packages:${PYTHONPATH} /usr/bin/cmake --install /home/hsq/code/auto-arm/rm-vision/build/armor_tracker
[8.161s] -- Install configuration: ""
[8.161s] -- Up-to-date: /home/hsq/code/auto-arm/rm-vision/install/armor_tracker/lib/armor_tracker/armor_tracker_node
[8.161s] -- Up-to-date: /home/hsq/code/auto-arm/rm-vision/install/armor_tracker/include
[8.161s] -- Up-to-date: /home/hsq/code/auto-arm/rm-vision/install/armor_tracker/include/armor_tracker
[8.161s] -- Up-to-date: /home/hsq/code/auto-arm/rm-vision/install/armor_tracker/include/armor_tracker/tracker_node.hpp
[8.161s] -- Up-to-date: /home/hsq/code/auto-arm/rm-vision/install/armor_tracker/include/armor_tracker/tracker.hpp
[8.161s] -- Up-to-date: /home/hsq/code/auto-arm/rm-vision/install/armor_tracker/include/armor_tracker/extended_kalman_filter.hpp
[8.162s] -- Up-to-date: /home/hsq/code/auto-arm/rm-vision/install/armor_tracker/share/armor_tracker/environment/library_path.sh
[8.162s] -- Up-to-date: /home/hsq/code/auto-arm/rm-vision/install/armor_tracker/share/armor_tracker/environment/library_path.dsv
[8.162s] -- Installing: /home/hsq/code/auto-arm/rm-vision/install/armor_tracker/lib/libarmor_tracker.so
[8.168s] -- Set runtime path of "/home/hsq/code/auto-arm/rm-vision/install/armor_tracker/lib/libarmor_tracker.so" to ""
[8.168s] -- Up-to-date: /home/hsq/code/auto-arm/rm-vision/install/armor_tracker/share/ament_index/resource_index/package_run_dependencies/armor_tracker
[8.168s] -- Up-to-date: /home/hsq/code/auto-arm/rm-vision/install/armor_tracker/share/ament_index/resource_index/parent_prefix_path/armor_tracker
[8.168s] -- Up-to-date: /home/hsq/code/auto-arm/rm-vision/install/armor_tracker/share/armor_tracker/environment/ament_prefix_path.sh
[8.168s] -- Up-to-date: /home/hsq/code/auto-arm/rm-vision/install/armor_tracker/share/armor_tracker/environment/ament_prefix_path.dsv
[8.168s] -- Up-to-date: /home/hsq/code/auto-arm/rm-vision/install/armor_tracker/share/armor_tracker/environment/path.sh
[8.168s] -- Up-to-date: /home/hsq/code/auto-arm/rm-vision/install/armor_tracker/share/armor_tracker/environment/path.dsv
[8.168s] -- Up-to-date: /home/hsq/code/auto-arm/rm-vision/install/armor_tracker/share/armor_tracker/local_setup.bash
[8.169s] -- Up-to-date: /home/hsq/code/auto-arm/rm-vision/install/armor_tracker/share/armor_tracker/local_setup.sh
[8.169s] -- Up-to-date: /home/hsq/code/auto-arm/rm-vision/install/armor_tracker/share/armor_tracker/local_setup.zsh
[8.169s] -- Up-to-date: /home/hsq/code/auto-arm/rm-vision/install/armor_tracker/share/armor_tracker/local_setup.dsv
[8.169s] -- Installing: /home/hsq/code/auto-arm/rm-vision/install/armor_tracker/share/armor_tracker/package.dsv
[8.169s] -- Up-to-date: /home/hsq/code/auto-arm/rm-vision/install/armor_tracker/share/ament_index/resource_index/packages/armor_tracker
[8.169s] -- Up-to-date: /home/hsq/code/auto-arm/rm-vision/install/armor_tracker/share/ament_index/resource_index/rclcpp_components/armor_tracker
[8.169s] -- Up-to-date: /home/hsq/code/auto-arm/rm-vision/install/armor_tracker/share/armor_tracker/cmake/ament_cmake_export_dependencies-extras.cmake
[8.169s] -- Up-to-date: /home/hsq/code/auto-arm/rm-vision/install/armor_tracker/share/armor_tracker/cmake/ament_cmake_export_include_directories-extras.cmake
[8.169s] -- Up-to-date: /home/hsq/code/auto-arm/rm-vision/install/armor_tracker/share/armor_tracker/cmake/ament_cmake_export_libraries-extras.cmake
[8.169s] -- Up-to-date: /home/hsq/code/auto-arm/rm-vision/install/armor_tracker/share/armor_tracker/cmake/armor_trackerConfig.cmake
[8.169s] -- Up-to-date: /home/hsq/code/auto-arm/rm-vision/install/armor_tracker/share/armor_tracker/cmake/armor_trackerConfig-version.cmake
[8.169s] -- Up-to-date: /home/hsq/code/auto-arm/rm-vision/install/armor_tracker/share/armor_tracker/package.xml
[8.170s] Invoked command in '/home/hsq/code/auto-arm/rm-vision/build/armor_tracker' returned '0': AMENT_PREFIX_PATH=/home/hsq/code/auto-arm/rm-vision/install/auto_aim_interfaces:${AMENT_PREFIX_PATH} CMAKE_PREFIX_PATH=/home/hsq/code/auto-arm/rm-vision/install/auto_aim_interfaces:/opt/ros/humble LD_LIBRARY_PATH=/home/hsq/code/auto-arm/rm-vision/install/auto_aim_interfaces/lib:/opt/MVS/lib/64:/opt/MVS/lib/32:/opt/MVS/lib/64:/opt/MVS/lib/32:/opt/MVS/lib/64:/opt/MVS/lib/32:/opt/ros/humble/opt/rviz_ogre_vendor/lib:/opt/ros/humble/lib/x86_64-linux-gnu:/opt/ros/humble/lib:/opt/MVS/lib/64:/opt/MVS/lib/32:/opt/MVS/lib/64:/opt/MVS/lib/32:/opt/MVS/lib/64:/opt/MVS/lib/32 PYTHONPATH=/home/hsq/code/auto-arm/rm-vision/install/auto_aim_interfaces/local/lib/python3.10/dist-packages:${PYTHONPATH} /usr/bin/cmake --install /home/hsq/code/auto-arm/rm-vision/build/armor_tracker
