[0.016s] Invoking command in '/home/hsq/code/auto-arm/rm-vision/build/rm_auto_aim': AMENT_PREFIX_PATH=/home/hsq/code/auto-arm/rm-vision/install/armor_tracker:/home/hsq/code/auto-arm/rm-vision/install/armor_detector:/home/hsq/code/auto-arm/rm-vision/install/auto_aim_interfaces:${AMENT_PREFIX_PATH} CMAKE_PREFIX_PATH=/home/hsq/code/auto-arm/rm-vision/install/armor_tracker:/home/hsq/code/auto-arm/rm-vision/install/armor_detector:/home/hsq/code/auto-arm/rm-vision/install/auto_aim_interfaces:/opt/ros/humble LD_LIBRARY_PATH=/home/hsq/code/auto-arm/rm-vision/install/armor_tracker/lib:/home/hsq/code/auto-arm/rm-vision/install/armor_detector/lib:/home/hsq/code/auto-arm/rm-vision/install/auto_aim_interfaces/lib:/opt/MVS/lib/64:/opt/MVS/lib/32:/opt/MVS/lib/64:/opt/MVS/lib/32:/opt/MVS/lib/64:/opt/MVS/lib/32:/opt/ros/humble/opt/rviz_ogre_vendor/lib:/opt/ros/humble/lib/x86_64-linux-gnu:/opt/ros/humble/lib:/opt/MVS/lib/64:/opt/MVS/lib/32:/opt/MVS/lib/64:/opt/MVS/lib/32:/opt/MVS/lib/64:/opt/MVS/lib/32 PYTHONPATH=/home/hsq/code/auto-arm/rm-vision/install/auto_aim_interfaces/local/lib/python3.10/dist-packages:${PYTHONPATH} /usr/bin/cmake /home/hsq/code/auto-arm/rm-vision/src/rm_auto_aim-main/rm_auto_aim -DCMAKE_INSTALL_PREFIX=/home/hsq/code/auto-arm/rm-vision/install/rm_auto_aim
[0.074s] -- The C compiler identification is GNU 11.4.0
[0.124s] -- The CXX compiler identification is GNU 11.4.0
[0.133s] -- Detecting C compiler ABI info
[0.210s] -- Detecting C compiler ABI info - done
[0.215s] -- Check for working C compiler: /usr/bin/cc - skipped
[0.215s] -- Detecting C compile features
[0.215s] -- Detecting C compile features - done
[0.218s] -- Detecting CXX compiler ABI info
[0.307s] -- Detecting CXX compiler ABI info - done
[0.315s] -- Check for working CXX compiler: /usr/bin/c++ - skipped
[0.315s] -- Detecting CXX compile features
[0.316s] -- Detecting CXX compile features - done
[0.318s] -- Found ament_cmake_auto: 1.3.11 (/opt/ros/humble/share/ament_cmake_auto/cmake)
[0.491s] -- Found Python3: /usr/bin/python3 (found version "3.10.12") found components: Interpreter 
[0.589s] -- Found ament_lint_auto: 0.12.12 (/opt/ros/humble/share/ament_lint_auto/cmake)
[0.677s] -- Added test 'lint_cmake' to check CMake code style
[0.678s] -- Added test 'xmllint' to check XML markup files
[0.678s] -- Configuring done
[0.681s] -- Generating done
[0.683s] -- Build files have been written to: /home/hsq/code/auto-arm/rm-vision/build/rm_auto_aim
[0.688s] Invoked command in '/home/hsq/code/auto-arm/rm-vision/build/rm_auto_aim' returned '0': AMENT_PREFIX_PATH=/home/hsq/code/auto-arm/rm-vision/install/armor_tracker:/home/hsq/code/auto-arm/rm-vision/install/armor_detector:/home/hsq/code/auto-arm/rm-vision/install/auto_aim_interfaces:${AMENT_PREFIX_PATH} CMAKE_PREFIX_PATH=/home/hsq/code/auto-arm/rm-vision/install/armor_tracker:/home/hsq/code/auto-arm/rm-vision/install/armor_detector:/home/hsq/code/auto-arm/rm-vision/install/auto_aim_interfaces:/opt/ros/humble LD_LIBRARY_PATH=/home/hsq/code/auto-arm/rm-vision/install/armor_tracker/lib:/home/hsq/code/auto-arm/rm-vision/install/armor_detector/lib:/home/hsq/code/auto-arm/rm-vision/install/auto_aim_interfaces/lib:/opt/MVS/lib/64:/opt/MVS/lib/32:/opt/MVS/lib/64:/opt/MVS/lib/32:/opt/MVS/lib/64:/opt/MVS/lib/32:/opt/ros/humble/opt/rviz_ogre_vendor/lib:/opt/ros/humble/lib/x86_64-linux-gnu:/opt/ros/humble/lib:/opt/MVS/lib/64:/opt/MVS/lib/32:/opt/MVS/lib/64:/opt/MVS/lib/32:/opt/MVS/lib/64:/opt/MVS/lib/32 PYTHONPATH=/home/hsq/code/auto-arm/rm-vision/install/auto_aim_interfaces/local/lib/python3.10/dist-packages:${PYTHONPATH} /usr/bin/cmake /home/hsq/code/auto-arm/rm-vision/src/rm_auto_aim-main/rm_auto_aim -DCMAKE_INSTALL_PREFIX=/home/hsq/code/auto-arm/rm-vision/install/rm_auto_aim
[0.690s] Invoking command in '/home/hsq/code/auto-arm/rm-vision/build/rm_auto_aim': AMENT_PREFIX_PATH=/home/hsq/code/auto-arm/rm-vision/install/armor_tracker:/home/hsq/code/auto-arm/rm-vision/install/armor_detector:/home/hsq/code/auto-arm/rm-vision/install/auto_aim_interfaces:${AMENT_PREFIX_PATH} CMAKE_PREFIX_PATH=/home/hsq/code/auto-arm/rm-vision/install/armor_tracker:/home/hsq/code/auto-arm/rm-vision/install/armor_detector:/home/hsq/code/auto-arm/rm-vision/install/auto_aim_interfaces:/opt/ros/humble LD_LIBRARY_PATH=/home/hsq/code/auto-arm/rm-vision/install/armor_tracker/lib:/home/hsq/code/auto-arm/rm-vision/install/armor_detector/lib:/home/hsq/code/auto-arm/rm-vision/install/auto_aim_interfaces/lib:/opt/MVS/lib/64:/opt/MVS/lib/32:/opt/MVS/lib/64:/opt/MVS/lib/32:/opt/MVS/lib/64:/opt/MVS/lib/32:/opt/ros/humble/opt/rviz_ogre_vendor/lib:/opt/ros/humble/lib/x86_64-linux-gnu:/opt/ros/humble/lib:/opt/MVS/lib/64:/opt/MVS/lib/32:/opt/MVS/lib/64:/opt/MVS/lib/32:/opt/MVS/lib/64:/opt/MVS/lib/32 PYTHONPATH=/home/hsq/code/auto-arm/rm-vision/install/auto_aim_interfaces/local/lib/python3.10/dist-packages:${PYTHONPATH} /usr/bin/cmake --build /home/hsq/code/auto-arm/rm-vision/build/rm_auto_aim -- -j12 -l12
[0.742s] Invoked command in '/home/hsq/code/auto-arm/rm-vision/build/rm_auto_aim' returned '0': AMENT_PREFIX_PATH=/home/hsq/code/auto-arm/rm-vision/install/armor_tracker:/home/hsq/code/auto-arm/rm-vision/install/armor_detector:/home/hsq/code/auto-arm/rm-vision/install/auto_aim_interfaces:${AMENT_PREFIX_PATH} CMAKE_PREFIX_PATH=/home/hsq/code/auto-arm/rm-vision/install/armor_tracker:/home/hsq/code/auto-arm/rm-vision/install/armor_detector:/home/hsq/code/auto-arm/rm-vision/install/auto_aim_interfaces:/opt/ros/humble LD_LIBRARY_PATH=/home/hsq/code/auto-arm/rm-vision/install/armor_tracker/lib:/home/hsq/code/auto-arm/rm-vision/install/armor_detector/lib:/home/hsq/code/auto-arm/rm-vision/install/auto_aim_interfaces/lib:/opt/MVS/lib/64:/opt/MVS/lib/32:/opt/MVS/lib/64:/opt/MVS/lib/32:/opt/MVS/lib/64:/opt/MVS/lib/32:/opt/ros/humble/opt/rviz_ogre_vendor/lib:/opt/ros/humble/lib/x86_64-linux-gnu:/opt/ros/humble/lib:/opt/MVS/lib/64:/opt/MVS/lib/32:/opt/MVS/lib/64:/opt/MVS/lib/32:/opt/MVS/lib/64:/opt/MVS/lib/32 PYTHONPATH=/home/hsq/code/auto-arm/rm-vision/install/auto_aim_interfaces/local/lib/python3.10/dist-packages:${PYTHONPATH} /usr/bin/cmake --build /home/hsq/code/auto-arm/rm-vision/build/rm_auto_aim -- -j12 -l12
[0.744s] Invoking command in '/home/hsq/code/auto-arm/rm-vision/build/rm_auto_aim': AMENT_PREFIX_PATH=/home/hsq/code/auto-arm/rm-vision/install/armor_tracker:/home/hsq/code/auto-arm/rm-vision/install/armor_detector:/home/hsq/code/auto-arm/rm-vision/install/auto_aim_interfaces:${AMENT_PREFIX_PATH} CMAKE_PREFIX_PATH=/home/hsq/code/auto-arm/rm-vision/install/armor_tracker:/home/hsq/code/auto-arm/rm-vision/install/armor_detector:/home/hsq/code/auto-arm/rm-vision/install/auto_aim_interfaces:/opt/ros/humble LD_LIBRARY_PATH=/home/hsq/code/auto-arm/rm-vision/install/armor_tracker/lib:/home/hsq/code/auto-arm/rm-vision/install/armor_detector/lib:/home/hsq/code/auto-arm/rm-vision/install/auto_aim_interfaces/lib:/opt/MVS/lib/64:/opt/MVS/lib/32:/opt/MVS/lib/64:/opt/MVS/lib/32:/opt/MVS/lib/64:/opt/MVS/lib/32:/opt/ros/humble/opt/rviz_ogre_vendor/lib:/opt/ros/humble/lib/x86_64-linux-gnu:/opt/ros/humble/lib:/opt/MVS/lib/64:/opt/MVS/lib/32:/opt/MVS/lib/64:/opt/MVS/lib/32:/opt/MVS/lib/64:/opt/MVS/lib/32 PYTHONPATH=/home/hsq/code/auto-arm/rm-vision/install/auto_aim_interfaces/local/lib/python3.10/dist-packages:${PYTHONPATH} /usr/bin/cmake --install /home/hsq/code/auto-arm/rm-vision/build/rm_auto_aim
[0.754s] -- Install configuration: ""
[0.754s] -- Installing: /home/hsq/code/auto-arm/rm-vision/install/rm_auto_aim/share/ament_index/resource_index/package_run_dependencies/rm_auto_aim
[0.755s] -- Installing: /home/hsq/code/auto-arm/rm-vision/install/rm_auto_aim/share/ament_index/resource_index/parent_prefix_path/rm_auto_aim
[0.755s] -- Installing: /home/hsq/code/auto-arm/rm-vision/install/rm_auto_aim/share/rm_auto_aim/environment/ament_prefix_path.sh
[0.755s] -- Installing: /home/hsq/code/auto-arm/rm-vision/install/rm_auto_aim/share/rm_auto_aim/environment/ament_prefix_path.dsv
[0.755s] -- Installing: /home/hsq/code/auto-arm/rm-vision/install/rm_auto_aim/share/rm_auto_aim/environment/path.sh
[0.755s] -- Installing: /home/hsq/code/auto-arm/rm-vision/install/rm_auto_aim/share/rm_auto_aim/environment/path.dsv
[0.755s] -- Installing: /home/hsq/code/auto-arm/rm-vision/install/rm_auto_aim/share/rm_auto_aim/local_setup.bash
[0.756s] -- Installing: /home/hsq/code/auto-arm/rm-vision/install/rm_auto_aim/share/rm_auto_aim/local_setup.sh
[0.756s] -- Installing: /home/hsq/code/auto-arm/rm-vision/install/rm_auto_aim/share/rm_auto_aim/local_setup.zsh
[0.756s] -- Installing: /home/hsq/code/auto-arm/rm-vision/install/rm_auto_aim/share/rm_auto_aim/local_setup.dsv
[0.756s] -- Installing: /home/hsq/code/auto-arm/rm-vision/install/rm_auto_aim/share/rm_auto_aim/package.dsv
[0.757s] -- Installing: /home/hsq/code/auto-arm/rm-vision/install/rm_auto_aim/share/ament_index/resource_index/packages/rm_auto_aim
[0.757s] -- Installing: /home/hsq/code/auto-arm/rm-vision/install/rm_auto_aim/share/rm_auto_aim/cmake/rm_auto_aimConfig.cmake
[0.757s] -- Installing: /home/hsq/code/auto-arm/rm-vision/install/rm_auto_aim/share/rm_auto_aim/cmake/rm_auto_aimConfig-version.cmake
[0.757s] -- Installing: /home/hsq/code/auto-arm/rm-vision/install/rm_auto_aim/share/rm_auto_aim/package.xml
[0.760s] Invoked command in '/home/hsq/code/auto-arm/rm-vision/build/rm_auto_aim' returned '0': AMENT_PREFIX_PATH=/home/hsq/code/auto-arm/rm-vision/install/armor_tracker:/home/hsq/code/auto-arm/rm-vision/install/armor_detector:/home/hsq/code/auto-arm/rm-vision/install/auto_aim_interfaces:${AMENT_PREFIX_PATH} CMAKE_PREFIX_PATH=/home/hsq/code/auto-arm/rm-vision/install/armor_tracker:/home/hsq/code/auto-arm/rm-vision/install/armor_detector:/home/hsq/code/auto-arm/rm-vision/install/auto_aim_interfaces:/opt/ros/humble LD_LIBRARY_PATH=/home/hsq/code/auto-arm/rm-vision/install/armor_tracker/lib:/home/hsq/code/auto-arm/rm-vision/install/armor_detector/lib:/home/hsq/code/auto-arm/rm-vision/install/auto_aim_interfaces/lib:/opt/MVS/lib/64:/opt/MVS/lib/32:/opt/MVS/lib/64:/opt/MVS/lib/32:/opt/MVS/lib/64:/opt/MVS/lib/32:/opt/ros/humble/opt/rviz_ogre_vendor/lib:/opt/ros/humble/lib/x86_64-linux-gnu:/opt/ros/humble/lib:/opt/MVS/lib/64:/opt/MVS/lib/32:/opt/MVS/lib/64:/opt/MVS/lib/32:/opt/MVS/lib/64:/opt/MVS/lib/32 PYTHONPATH=/home/hsq/code/auto-arm/rm-vision/install/auto_aim_interfaces/local/lib/python3.10/dist-packages:${PYTHONPATH} /usr/bin/cmake --install /home/hsq/code/auto-arm/rm-vision/build/rm_auto_aim
