[0.021s] Invoking command in '/home/hsq/code/auto-arm/rm-vision/build/armor_tracker': AMENT_PREFIX_PATH=/home/hsq/code/auto-arm/rm-vision/install/auto_aim_interfaces:${AMENT_PREFIX_PATH} CMAKE_PREFIX_PATH=/home/hsq/code/auto-arm/rm-vision/install/auto_aim_interfaces:/opt/ros/humble LD_LIBRARY_PATH=/home/hsq/code/auto-arm/rm-vision/install/auto_aim_interfaces/lib:/opt/MVS/lib/64:/opt/MVS/lib/32:/opt/MVS/lib/64:/opt/MVS/lib/32:/opt/MVS/lib/64:/opt/MVS/lib/32:/opt/ros/humble/opt/rviz_ogre_vendor/lib:/opt/ros/humble/lib/x86_64-linux-gnu:/opt/ros/humble/lib:/opt/MVS/lib/64:/opt/MVS/lib/32:/opt/MVS/lib/64:/opt/MVS/lib/32:/opt/MVS/lib/64:/opt/MVS/lib/32 PYTHONPATH=/home/hsq/code/auto-arm/rm-vision/install/auto_aim_interfaces/local/lib/python3.10/dist-packages:${PYTHONPATH} /usr/bin/cmake /home/hsq/code/auto-arm/rm-vision/src/rm_auto_aim-main/armor_tracker -DCMAKE_INSTALL_PREFIX=/home/hsq/code/auto-arm/rm-vision/install/armor_tracker
[0.120s] -- The C compiler identification is GNU 11.4.0
[0.202s] -- The CXX compiler identification is GNU 11.4.0
[0.211s] -- Detecting C compiler ABI info
[0.312s] -- Detecting C compiler ABI info - done
[0.318s] -- Check for working C compiler: /usr/bin/cc - skipped
[0.318s] -- Detecting C compile features
[0.318s] -- Detecting C compile features - done
[0.321s] -- Detecting CXX compiler ABI info
[0.411s] -- Detecting CXX compiler ABI info - done
[0.420s] -- Check for working CXX compiler: /usr/bin/c++ - skipped
[0.420s] -- Detecting CXX compile features
[0.420s] -- Detecting CXX compile features - done
[0.421s] -- Found ament_cmake_auto: 1.3.11 (/opt/ros/humble/share/ament_cmake_auto/cmake)
[0.609s] -- Found Python3: /usr/bin/python3 (found version "3.10.12") found components: Interpreter 
[0.835s] -- Found rosidl_generator_c: 3.1.6 (/opt/ros/humble/share/rosidl_generator_c/cmake)
[0.839s] -- Found rosidl_adapter: 3.1.6 (/opt/ros/humble/share/rosidl_adapter/cmake)
[0.846s] -- Found rosidl_generator_cpp: 3.1.6 (/opt/ros/humble/share/rosidl_generator_cpp/cmake)
[0.858s] -- Using all available rosidl_typesupport_c: rosidl_typesupport_fastrtps_c;rosidl_typesupport_introspection_c
[0.878s] -- Using all available rosidl_typesupport_cpp: rosidl_typesupport_fastrtps_cpp;rosidl_typesupport_introspection_cpp
[0.929s] -- Found rmw_implementation_cmake: 6.1.2 (/opt/ros/humble/share/rmw_implementation_cmake/cmake)
[0.932s] -- Found rmw_fastrtps_cpp: 6.2.7 (/opt/ros/humble/share/rmw_fastrtps_cpp/cmake)
[1.028s] -- Found OpenSSL: /usr/lib/x86_64-linux-gnu/libcrypto.so (found version "3.0.2")  
[1.057s] -- Found FastRTPS: /opt/ros/humble/include  
[1.111s] -- Using RMW implementation 'rmw_fastrtps_cpp' as default
[1.122s] -- Looking for pthread.h
[1.221s] -- Looking for pthread.h - found
[1.221s] -- Performing Test CMAKE_HAVE_LIBC_PTHREAD
[1.299s] -- Performing Test CMAKE_HAVE_LIBC_PTHREAD - Success
[1.301s] -- Found Threads: TRUE  
[1.459s] -- Found eigen3_cmake_module: 0.1.1 (/opt/ros/humble/share/eigen3_cmake_module/cmake)
[1.461s] -- Found Eigen3: TRUE (found version "3.4.0") 
[1.461s] -- Ensuring Eigen3 include directory is part of orocos-kdl CMake target
[1.564s] -- Found ament_lint_auto: 0.12.12 (/opt/ros/humble/share/ament_lint_auto/cmake)
[1.594s] -- Added test 'cppcheck' to perform static code analysis on C / C++ code
[1.594s] -- Configured cppcheck include dirs: /home/hsq/code/auto-arm/rm-vision/src/rm_auto_aim-main/armor_tracker/include
[1.594s] -- Configured cppcheck exclude dirs and/or files: 
[1.595s] -- Added test 'lint_cmake' to check CMake code style
[1.595s] -- Added test 'xmllint' to check XML markup files
[1.598s] -- Configuring done
[1.612s] -- Generating done
[1.621s] -- Build files have been written to: /home/hsq/code/auto-arm/rm-vision/build/armor_tracker
[1.638s] Invoked command in '/home/hsq/code/auto-arm/rm-vision/build/armor_tracker' returned '0': AMENT_PREFIX_PATH=/home/hsq/code/auto-arm/rm-vision/install/auto_aim_interfaces:${AMENT_PREFIX_PATH} CMAKE_PREFIX_PATH=/home/hsq/code/auto-arm/rm-vision/install/auto_aim_interfaces:/opt/ros/humble LD_LIBRARY_PATH=/home/hsq/code/auto-arm/rm-vision/install/auto_aim_interfaces/lib:/opt/MVS/lib/64:/opt/MVS/lib/32:/opt/MVS/lib/64:/opt/MVS/lib/32:/opt/MVS/lib/64:/opt/MVS/lib/32:/opt/ros/humble/opt/rviz_ogre_vendor/lib:/opt/ros/humble/lib/x86_64-linux-gnu:/opt/ros/humble/lib:/opt/MVS/lib/64:/opt/MVS/lib/32:/opt/MVS/lib/64:/opt/MVS/lib/32:/opt/MVS/lib/64:/opt/MVS/lib/32 PYTHONPATH=/home/hsq/code/auto-arm/rm-vision/install/auto_aim_interfaces/local/lib/python3.10/dist-packages:${PYTHONPATH} /usr/bin/cmake /home/hsq/code/auto-arm/rm-vision/src/rm_auto_aim-main/armor_tracker -DCMAKE_INSTALL_PREFIX=/home/hsq/code/auto-arm/rm-vision/install/armor_tracker
[1.640s] Invoking command in '/home/hsq/code/auto-arm/rm-vision/build/armor_tracker': AMENT_PREFIX_PATH=/home/hsq/code/auto-arm/rm-vision/install/auto_aim_interfaces:${AMENT_PREFIX_PATH} CMAKE_PREFIX_PATH=/home/hsq/code/auto-arm/rm-vision/install/auto_aim_interfaces:/opt/ros/humble LD_LIBRARY_PATH=/home/hsq/code/auto-arm/rm-vision/install/auto_aim_interfaces/lib:/opt/MVS/lib/64:/opt/MVS/lib/32:/opt/MVS/lib/64:/opt/MVS/lib/32:/opt/MVS/lib/64:/opt/MVS/lib/32:/opt/ros/humble/opt/rviz_ogre_vendor/lib:/opt/ros/humble/lib/x86_64-linux-gnu:/opt/ros/humble/lib:/opt/MVS/lib/64:/opt/MVS/lib/32:/opt/MVS/lib/64:/opt/MVS/lib/32:/opt/MVS/lib/64:/opt/MVS/lib/32 PYTHONPATH=/home/hsq/code/auto-arm/rm-vision/install/auto_aim_interfaces/local/lib/python3.10/dist-packages:${PYTHONPATH} /usr/bin/cmake --build /home/hsq/code/auto-arm/rm-vision/build/armor_tracker -- -j12 -l12
[1.707s] [ 16%] [32mBuilding CXX object CMakeFiles/armor_tracker.dir/src/tracker.cpp.o[0m
[1.707s] [ 33%] [32mBuilding CXX object CMakeFiles/armor_tracker.dir/src/tracker_node.cpp.o[0m
[1.708s] [ 50%] [32mBuilding CXX object CMakeFiles/armor_tracker.dir/src/extended_kalman_filter.cpp.o[0m
[1.710s] [ 66%] [32mBuilding CXX object CMakeFiles/armor_tracker_node.dir/rclcpp_components/node_main_armor_tracker_node.cpp.o[0m
[8.516s] [ 83%] [32m[1mLinking CXX executable armor_tracker_node[0m
[8.812s] [ 83%] Built target armor_tracker_node
[22.696s] [100%] [32m[1mLinking CXX shared library libarmor_tracker.so[0m
[24.345s] [100%] Built target armor_tracker
[24.361s] Invoked command in '/home/hsq/code/auto-arm/rm-vision/build/armor_tracker' returned '0': AMENT_PREFIX_PATH=/home/hsq/code/auto-arm/rm-vision/install/auto_aim_interfaces:${AMENT_PREFIX_PATH} CMAKE_PREFIX_PATH=/home/hsq/code/auto-arm/rm-vision/install/auto_aim_interfaces:/opt/ros/humble LD_LIBRARY_PATH=/home/hsq/code/auto-arm/rm-vision/install/auto_aim_interfaces/lib:/opt/MVS/lib/64:/opt/MVS/lib/32:/opt/MVS/lib/64:/opt/MVS/lib/32:/opt/MVS/lib/64:/opt/MVS/lib/32:/opt/ros/humble/opt/rviz_ogre_vendor/lib:/opt/ros/humble/lib/x86_64-linux-gnu:/opt/ros/humble/lib:/opt/MVS/lib/64:/opt/MVS/lib/32:/opt/MVS/lib/64:/opt/MVS/lib/32:/opt/MVS/lib/64:/opt/MVS/lib/32 PYTHONPATH=/home/hsq/code/auto-arm/rm-vision/install/auto_aim_interfaces/local/lib/python3.10/dist-packages:${PYTHONPATH} /usr/bin/cmake --build /home/hsq/code/auto-arm/rm-vision/build/armor_tracker -- -j12 -l12
[24.364s] Invoking command in '/home/hsq/code/auto-arm/rm-vision/build/armor_tracker': AMENT_PREFIX_PATH=/home/hsq/code/auto-arm/rm-vision/install/auto_aim_interfaces:${AMENT_PREFIX_PATH} CMAKE_PREFIX_PATH=/home/hsq/code/auto-arm/rm-vision/install/auto_aim_interfaces:/opt/ros/humble LD_LIBRARY_PATH=/home/hsq/code/auto-arm/rm-vision/install/auto_aim_interfaces/lib:/opt/MVS/lib/64:/opt/MVS/lib/32:/opt/MVS/lib/64:/opt/MVS/lib/32:/opt/MVS/lib/64:/opt/MVS/lib/32:/opt/ros/humble/opt/rviz_ogre_vendor/lib:/opt/ros/humble/lib/x86_64-linux-gnu:/opt/ros/humble/lib:/opt/MVS/lib/64:/opt/MVS/lib/32:/opt/MVS/lib/64:/opt/MVS/lib/32:/opt/MVS/lib/64:/opt/MVS/lib/32 PYTHONPATH=/home/hsq/code/auto-arm/rm-vision/install/auto_aim_interfaces/local/lib/python3.10/dist-packages:${PYTHONPATH} /usr/bin/cmake --install /home/hsq/code/auto-arm/rm-vision/build/armor_tracker
[24.371s] -- Install configuration: ""
[24.371s] -- Installing: /home/hsq/code/auto-arm/rm-vision/install/armor_tracker/lib/armor_tracker/armor_tracker_node
[24.371s] -- Set runtime path of "/home/hsq/code/auto-arm/rm-vision/install/armor_tracker/lib/armor_tracker/armor_tracker_node" to ""
[24.371s] -- Installing: /home/hsq/code/auto-arm/rm-vision/install/armor_tracker/include
[24.371s] -- Installing: /home/hsq/code/auto-arm/rm-vision/install/armor_tracker/include/armor_tracker
[24.371s] -- Installing: /home/hsq/code/auto-arm/rm-vision/install/armor_tracker/include/armor_tracker/tracker_node.hpp
[24.371s] -- Installing: /home/hsq/code/auto-arm/rm-vision/install/armor_tracker/include/armor_tracker/tracker.hpp
[24.371s] -- Installing: /home/hsq/code/auto-arm/rm-vision/install/armor_tracker/include/armor_tracker/extended_kalman_filter.hpp
[24.371s] -- Installing: /home/hsq/code/auto-arm/rm-vision/install/armor_tracker/share/armor_tracker/environment/library_path.sh
[24.371s] -- Installing: /home/hsq/code/auto-arm/rm-vision/install/armor_tracker/share/armor_tracker/environment/library_path.dsv
[24.371s] -- Installing: /home/hsq/code/auto-arm/rm-vision/install/armor_tracker/lib/libarmor_tracker.so
[24.379s] -- Set runtime path of "/home/hsq/code/auto-arm/rm-vision/install/armor_tracker/lib/libarmor_tracker.so" to ""
[24.379s] -- Installing: /home/hsq/code/auto-arm/rm-vision/install/armor_tracker/share/ament_index/resource_index/package_run_dependencies/armor_tracker
[24.379s] -- Installing: /home/hsq/code/auto-arm/rm-vision/install/armor_tracker/share/ament_index/resource_index/parent_prefix_path/armor_tracker
[24.379s] -- Installing: /home/hsq/code/auto-arm/rm-vision/install/armor_tracker/share/armor_tracker/environment/ament_prefix_path.sh
[24.379s] -- Installing: /home/hsq/code/auto-arm/rm-vision/install/armor_tracker/share/armor_tracker/environment/ament_prefix_path.dsv
[24.379s] -- Installing: /home/hsq/code/auto-arm/rm-vision/install/armor_tracker/share/armor_tracker/environment/path.sh
[24.379s] -- Installing: /home/hsq/code/auto-arm/rm-vision/install/armor_tracker/share/armor_tracker/environment/path.dsv
[24.379s] -- Installing: /home/hsq/code/auto-arm/rm-vision/install/armor_tracker/share/armor_tracker/local_setup.bash
[24.379s] -- Installing: /home/hsq/code/auto-arm/rm-vision/install/armor_tracker/share/armor_tracker/local_setup.sh
[24.379s] -- Installing: /home/hsq/code/auto-arm/rm-vision/install/armor_tracker/share/armor_tracker/local_setup.zsh
[24.379s] -- Installing: /home/hsq/code/auto-arm/rm-vision/install/armor_tracker/share/armor_tracker/local_setup.dsv
[24.379s] -- Installing: /home/hsq/code/auto-arm/rm-vision/install/armor_tracker/share/armor_tracker/package.dsv
[24.379s] -- Installing: /home/hsq/code/auto-arm/rm-vision/install/armor_tracker/share/ament_index/resource_index/packages/armor_tracker
[24.379s] -- Installing: /home/hsq/code/auto-arm/rm-vision/install/armor_tracker/share/ament_index/resource_index/rclcpp_components/armor_tracker
[24.379s] -- Installing: /home/hsq/code/auto-arm/rm-vision/install/armor_tracker/share/armor_tracker/cmake/ament_cmake_export_dependencies-extras.cmake
[24.379s] -- Installing: /home/hsq/code/auto-arm/rm-vision/install/armor_tracker/share/armor_tracker/cmake/ament_cmake_export_include_directories-extras.cmake
[24.379s] -- Installing: /home/hsq/code/auto-arm/rm-vision/install/armor_tracker/share/armor_tracker/cmake/ament_cmake_export_libraries-extras.cmake
[24.379s] -- Installing: /home/hsq/code/auto-arm/rm-vision/install/armor_tracker/share/armor_tracker/cmake/armor_trackerConfig.cmake
[24.379s] -- Installing: /home/hsq/code/auto-arm/rm-vision/install/armor_tracker/share/armor_tracker/cmake/armor_trackerConfig-version.cmake
[24.380s] -- Installing: /home/hsq/code/auto-arm/rm-vision/install/armor_tracker/share/armor_tracker/package.xml
[24.381s] Invoked command in '/home/hsq/code/auto-arm/rm-vision/build/armor_tracker' returned '0': AMENT_PREFIX_PATH=/home/hsq/code/auto-arm/rm-vision/install/auto_aim_interfaces:${AMENT_PREFIX_PATH} CMAKE_PREFIX_PATH=/home/hsq/code/auto-arm/rm-vision/install/auto_aim_interfaces:/opt/ros/humble LD_LIBRARY_PATH=/home/hsq/code/auto-arm/rm-vision/install/auto_aim_interfaces/lib:/opt/MVS/lib/64:/opt/MVS/lib/32:/opt/MVS/lib/64:/opt/MVS/lib/32:/opt/MVS/lib/64:/opt/MVS/lib/32:/opt/ros/humble/opt/rviz_ogre_vendor/lib:/opt/ros/humble/lib/x86_64-linux-gnu:/opt/ros/humble/lib:/opt/MVS/lib/64:/opt/MVS/lib/32:/opt/MVS/lib/64:/opt/MVS/lib/32:/opt/MVS/lib/64:/opt/MVS/lib/32 PYTHONPATH=/home/hsq/code/auto-arm/rm-vision/install/auto_aim_interfaces/local/lib/python3.10/dist-packages:${PYTHONPATH} /usr/bin/cmake --install /home/hsq/code/auto-arm/rm-vision/build/armor_tracker
