[0.019s] Invoking command in '/home/hsq/code/auto-arm/rm-vision/build/armor_detector': AMENT_PREFIX_PATH=/home/hsq/code/auto-arm/rm-vision/install/auto_aim_interfaces:${AMENT_PREFIX_PATH} CMAKE_PREFIX_PATH=/home/hsq/code/auto-arm/rm-vision/install/auto_aim_interfaces:/opt/ros/humble LD_LIBRARY_PATH=/home/hsq/code/auto-arm/rm-vision/install/auto_aim_interfaces/lib:/opt/MVS/lib/64:/opt/MVS/lib/32:/opt/MVS/lib/64:/opt/MVS/lib/32:/opt/MVS/lib/64:/opt/MVS/lib/32:/opt/ros/humble/opt/rviz_ogre_vendor/lib:/opt/ros/humble/lib/x86_64-linux-gnu:/opt/ros/humble/lib:/opt/MVS/lib/64:/opt/MVS/lib/32:/opt/MVS/lib/64:/opt/MVS/lib/32:/opt/MVS/lib/64:/opt/MVS/lib/32 PYTHONPATH=/home/hsq/code/auto-arm/rm-vision/install/auto_aim_interfaces/local/lib/python3.10/dist-packages:${PYTHONPATH} /usr/bin/cmake /home/hsq/code/auto-arm/rm-vision/src/rm_auto_aim-main/armor_detector -DCMAKE_INSTALL_PREFIX=/home/hsq/code/auto-arm/rm-vision/install/armor_detector
[0.123s] -- The C compiler identification is GNU 11.4.0
[0.210s] -- The CXX compiler identification is GNU 11.4.0
[0.220s] -- Detecting C compiler ABI info
[0.321s] -- Detecting C compiler ABI info - done
[0.330s] -- Check for working C compiler: /usr/bin/cc - skipped
[0.330s] -- Detecting C compile features
[0.331s] -- Detecting C compile features - done
[0.334s] -- Detecting CXX compiler ABI info
[0.424s] -- Detecting CXX compiler ABI info - done
[0.432s] -- Check for working CXX compiler: /usr/bin/c++ - skipped
[0.433s] -- Detecting CXX compile features
[0.433s] -- Detecting CXX compile features - done
[0.435s] -- Found ament_cmake_auto: 1.3.11 (/opt/ros/humble/share/ament_cmake_auto/cmake)
[0.638s] -- Found Python3: /usr/bin/python3 (found version "3.10.12") found components: Interpreter 
[0.762s] -- Found OpenCV: /usr (found version "4.5.4") 
[0.872s] -- Found rosidl_generator_c: 3.1.6 (/opt/ros/humble/share/rosidl_generator_c/cmake)
[0.876s] -- Found rosidl_adapter: 3.1.6 (/opt/ros/humble/share/rosidl_adapter/cmake)
[0.882s] -- Found rosidl_generator_cpp: 3.1.6 (/opt/ros/humble/share/rosidl_generator_cpp/cmake)
[0.893s] -- Using all available rosidl_typesupport_c: rosidl_typesupport_fastrtps_c;rosidl_typesupport_introspection_c
[0.907s] -- Using all available rosidl_typesupport_cpp: rosidl_typesupport_fastrtps_cpp;rosidl_typesupport_introspection_cpp
[0.942s] -- Found rmw_implementation_cmake: 6.1.2 (/opt/ros/humble/share/rmw_implementation_cmake/cmake)
[0.944s] -- Found rmw_fastrtps_cpp: 6.2.7 (/opt/ros/humble/share/rmw_fastrtps_cpp/cmake)
[1.033s] -- Found OpenSSL: /usr/lib/x86_64-linux-gnu/libcrypto.so (found version "3.0.2")  
[1.062s] -- Found FastRTPS: /opt/ros/humble/include  
[1.105s] -- Using RMW implementation 'rmw_fastrtps_cpp' as default
[1.113s] -- Looking for pthread.h
[1.206s] -- Looking for pthread.h - found
[1.206s] -- Performing Test CMAKE_HAVE_LIBC_PTHREAD
[1.303s] -- Performing Test CMAKE_HAVE_LIBC_PTHREAD - Success
[1.303s] -- Found Threads: TRUE  
[1.479s] -- Found eigen3_cmake_module: 0.1.1 (/opt/ros/humble/share/eigen3_cmake_module/cmake)
[1.481s] -- Found Eigen3: TRUE (found version "3.4.0") 
[1.481s] -- Ensuring Eigen3 include directory is part of orocos-kdl CMake target
[1.543s] -- Found ament_lint_auto: 0.12.12 (/opt/ros/humble/share/ament_lint_auto/cmake)
[1.559s] -- Found ament_cmake_gtest: 1.3.11 (/opt/ros/humble/share/ament_cmake_gtest/cmake)
[1.561s] -- Found gtest sources under '/opt/ros/humble/src/gtest_vendor': C++ tests using 'Google Test' will be built
[1.572s] -- Added test 'cppcheck' to perform static code analysis on C / C++ code
[1.573s] -- Configured cppcheck include dirs: /home/hsq/code/auto-arm/rm-vision/src/rm_auto_aim-main/armor_detector/include
[1.573s] -- Configured cppcheck exclude dirs and/or files: 
[1.574s] -- Added test 'lint_cmake' to check CMake code style
[1.575s] -- Added test 'xmllint' to check XML markup files
[1.577s] -- Configuring done
[1.619s] -- Generating done
[1.635s] -- Build files have been written to: /home/hsq/code/auto-arm/rm-vision/build/armor_detector
[1.657s] Invoked command in '/home/hsq/code/auto-arm/rm-vision/build/armor_detector' returned '0': AMENT_PREFIX_PATH=/home/hsq/code/auto-arm/rm-vision/install/auto_aim_interfaces:${AMENT_PREFIX_PATH} CMAKE_PREFIX_PATH=/home/hsq/code/auto-arm/rm-vision/install/auto_aim_interfaces:/opt/ros/humble LD_LIBRARY_PATH=/home/hsq/code/auto-arm/rm-vision/install/auto_aim_interfaces/lib:/opt/MVS/lib/64:/opt/MVS/lib/32:/opt/MVS/lib/64:/opt/MVS/lib/32:/opt/MVS/lib/64:/opt/MVS/lib/32:/opt/ros/humble/opt/rviz_ogre_vendor/lib:/opt/ros/humble/lib/x86_64-linux-gnu:/opt/ros/humble/lib:/opt/MVS/lib/64:/opt/MVS/lib/32:/opt/MVS/lib/64:/opt/MVS/lib/32:/opt/MVS/lib/64:/opt/MVS/lib/32 PYTHONPATH=/home/hsq/code/auto-arm/rm-vision/install/auto_aim_interfaces/local/lib/python3.10/dist-packages:${PYTHONPATH} /usr/bin/cmake /home/hsq/code/auto-arm/rm-vision/src/rm_auto_aim-main/armor_detector -DCMAKE_INSTALL_PREFIX=/home/hsq/code/auto-arm/rm-vision/install/armor_detector
[1.659s] Invoking command in '/home/hsq/code/auto-arm/rm-vision/build/armor_detector': AMENT_PREFIX_PATH=/home/hsq/code/auto-arm/rm-vision/install/auto_aim_interfaces:${AMENT_PREFIX_PATH} CMAKE_PREFIX_PATH=/home/hsq/code/auto-arm/rm-vision/install/auto_aim_interfaces:/opt/ros/humble LD_LIBRARY_PATH=/home/hsq/code/auto-arm/rm-vision/install/auto_aim_interfaces/lib:/opt/MVS/lib/64:/opt/MVS/lib/32:/opt/MVS/lib/64:/opt/MVS/lib/32:/opt/MVS/lib/64:/opt/MVS/lib/32:/opt/ros/humble/opt/rviz_ogre_vendor/lib:/opt/ros/humble/lib/x86_64-linux-gnu:/opt/ros/humble/lib:/opt/MVS/lib/64:/opt/MVS/lib/32:/opt/MVS/lib/64:/opt/MVS/lib/32:/opt/MVS/lib/64:/opt/MVS/lib/32 PYTHONPATH=/home/hsq/code/auto-arm/rm-vision/install/auto_aim_interfaces/local/lib/python3.10/dist-packages:${PYTHONPATH} /usr/bin/cmake --build /home/hsq/code/auto-arm/rm-vision/build/armor_detector -- -j12 -l12
[1.729s] [  6%] [32mBuilding CXX object CMakeFiles/armor_detector_node.dir/rclcpp_components/node_main_armor_detector_node.cpp.o[0m
[1.730s] [ 20%] [32mBuilding CXX object CMakeFiles/armor_detector.dir/src/detector.cpp.o[0m
[1.731s] [ 20%] [32mBuilding CXX object gtest/CMakeFiles/gtest_main.dir/src/gtest_main.cc.o[0m
[1.735s] [ 33%] [32mBuilding CXX object gtest/CMakeFiles/gtest.dir/src/gtest-all.cc.o[0m
[1.736s] [ 40%] [32mBuilding CXX object CMakeFiles/armor_detector.dir/src/number_classifier.cpp.o[0m
[1.738s] [ 40%] [32mBuilding CXX object CMakeFiles/armor_detector.dir/src/detector_node.cpp.o[0m
[1.745s] [ 46%] [32mBuilding CXX object CMakeFiles/armor_detector.dir/src/pnp_solver.cpp.o[0m
[3.231s] [ 53%] [32m[1mLinking CXX static library libgtest_main.a[0m
[3.370s] [ 53%] Built target gtest_main
[7.614s] [ 60%] [32m[1mLinking CXX executable armor_detector_node[0m
[7.935s] [ 60%] Built target armor_detector_node
[8.021s] [ 66%] [32m[1mLinking CXX static library libgtest.a[0m
[8.106s] [ 66%] Built target gtest
[28.335s] [ 73%] [32m[1mLinking CXX shared library libarmor_detector.so[0m
[30.153s] [ 73%] Built target armor_detector
[30.177s] [ 86%] [32mBuilding CXX object CMakeFiles/test_number_cls.dir/test/test_number_cls.cpp.o[0m
[30.178s] [ 86%] [32mBuilding CXX object CMakeFiles/test_node_startup.dir/test/test_node_startup.cpp.o[0m
[32.623s] [ 93%] [32m[1mLinking CXX executable test_number_cls[0m
[34.288s] [ 93%] Built target test_number_cls
[36.786s] [100%] [32m[1mLinking CXX executable test_node_startup[0m
[38.302s] [100%] Built target test_node_startup
[38.313s] Invoked command in '/home/hsq/code/auto-arm/rm-vision/build/armor_detector' returned '0': AMENT_PREFIX_PATH=/home/hsq/code/auto-arm/rm-vision/install/auto_aim_interfaces:${AMENT_PREFIX_PATH} CMAKE_PREFIX_PATH=/home/hsq/code/auto-arm/rm-vision/install/auto_aim_interfaces:/opt/ros/humble LD_LIBRARY_PATH=/home/hsq/code/auto-arm/rm-vision/install/auto_aim_interfaces/lib:/opt/MVS/lib/64:/opt/MVS/lib/32:/opt/MVS/lib/64:/opt/MVS/lib/32:/opt/MVS/lib/64:/opt/MVS/lib/32:/opt/ros/humble/opt/rviz_ogre_vendor/lib:/opt/ros/humble/lib/x86_64-linux-gnu:/opt/ros/humble/lib:/opt/MVS/lib/64:/opt/MVS/lib/32:/opt/MVS/lib/64:/opt/MVS/lib/32:/opt/MVS/lib/64:/opt/MVS/lib/32 PYTHONPATH=/home/hsq/code/auto-arm/rm-vision/install/auto_aim_interfaces/local/lib/python3.10/dist-packages:${PYTHONPATH} /usr/bin/cmake --build /home/hsq/code/auto-arm/rm-vision/build/armor_detector -- -j12 -l12
[38.315s] Invoking command in '/home/hsq/code/auto-arm/rm-vision/build/armor_detector': AMENT_PREFIX_PATH=/home/hsq/code/auto-arm/rm-vision/install/auto_aim_interfaces:${AMENT_PREFIX_PATH} CMAKE_PREFIX_PATH=/home/hsq/code/auto-arm/rm-vision/install/auto_aim_interfaces:/opt/ros/humble LD_LIBRARY_PATH=/home/hsq/code/auto-arm/rm-vision/install/auto_aim_interfaces/lib:/opt/MVS/lib/64:/opt/MVS/lib/32:/opt/MVS/lib/64:/opt/MVS/lib/32:/opt/MVS/lib/64:/opt/MVS/lib/32:/opt/ros/humble/opt/rviz_ogre_vendor/lib:/opt/ros/humble/lib/x86_64-linux-gnu:/opt/ros/humble/lib:/opt/MVS/lib/64:/opt/MVS/lib/32:/opt/MVS/lib/64:/opt/MVS/lib/32:/opt/MVS/lib/64:/opt/MVS/lib/32 PYTHONPATH=/home/hsq/code/auto-arm/rm-vision/install/auto_aim_interfaces/local/lib/python3.10/dist-packages:${PYTHONPATH} /usr/bin/cmake --install /home/hsq/code/auto-arm/rm-vision/build/armor_detector
[38.323s] -- Install configuration: ""
[38.324s] -- Installing: /home/hsq/code/auto-arm/rm-vision/install/armor_detector/lib/armor_detector/armor_detector_node
[38.324s] -- Set runtime path of "/home/hsq/code/auto-arm/rm-vision/install/armor_detector/lib/armor_detector/armor_detector_node" to ""
[38.324s] -- Installing: /home/hsq/code/auto-arm/rm-vision/install/armor_detector/include
[38.324s] -- Installing: /home/hsq/code/auto-arm/rm-vision/install/armor_detector/include/armor_detector
[38.324s] -- Installing: /home/hsq/code/auto-arm/rm-vision/install/armor_detector/include/armor_detector/detector_node.hpp
[38.325s] -- Installing: /home/hsq/code/auto-arm/rm-vision/install/armor_detector/include/armor_detector/pnp_solver.hpp
[38.325s] -- Installing: /home/hsq/code/auto-arm/rm-vision/install/armor_detector/include/armor_detector/number_classifier.hpp
[38.325s] -- Installing: /home/hsq/code/auto-arm/rm-vision/install/armor_detector/include/armor_detector/detector.hpp
[38.325s] -- Installing: /home/hsq/code/auto-arm/rm-vision/install/armor_detector/include/armor_detector/armor.hpp
[38.325s] -- Installing: /home/hsq/code/auto-arm/rm-vision/install/armor_detector/share/armor_detector/environment/library_path.sh
[38.325s] -- Installing: /home/hsq/code/auto-arm/rm-vision/install/armor_detector/share/armor_detector/environment/library_path.dsv
[38.325s] -- Installing: /home/hsq/code/auto-arm/rm-vision/install/armor_detector/lib/libarmor_detector.so
[38.340s] -- Set runtime path of "/home/hsq/code/auto-arm/rm-vision/install/armor_detector/lib/libarmor_detector.so" to ""
[38.340s] -- Installing: /home/hsq/code/auto-arm/rm-vision/install/armor_detector/share/armor_detector/model
[38.340s] -- Installing: /home/hsq/code/auto-arm/rm-vision/install/armor_detector/share/armor_detector/model/mlp.onnx
[38.340s] -- Installing: /home/hsq/code/auto-arm/rm-vision/install/armor_detector/share/armor_detector/model/label.txt
[38.340s] -- Installing: /home/hsq/code/auto-arm/rm-vision/install/armor_detector/share/ament_index/resource_index/package_run_dependencies/armor_detector
[38.340s] -- Installing: /home/hsq/code/auto-arm/rm-vision/install/armor_detector/share/ament_index/resource_index/parent_prefix_path/armor_detector
[38.340s] -- Installing: /home/hsq/code/auto-arm/rm-vision/install/armor_detector/share/armor_detector/environment/ament_prefix_path.sh
[38.340s] -- Installing: /home/hsq/code/auto-arm/rm-vision/install/armor_detector/share/armor_detector/environment/ament_prefix_path.dsv
[38.340s] -- Installing: /home/hsq/code/auto-arm/rm-vision/install/armor_detector/share/armor_detector/environment/path.sh
[38.340s] -- Installing: /home/hsq/code/auto-arm/rm-vision/install/armor_detector/share/armor_detector/environment/path.dsv
[38.340s] -- Installing: /home/hsq/code/auto-arm/rm-vision/install/armor_detector/share/armor_detector/local_setup.bash
[38.340s] -- Installing: /home/hsq/code/auto-arm/rm-vision/install/armor_detector/share/armor_detector/local_setup.sh
[38.341s] -- Installing: /home/hsq/code/auto-arm/rm-vision/install/armor_detector/share/armor_detector/local_setup.zsh
[38.341s] -- Installing: /home/hsq/code/auto-arm/rm-vision/install/armor_detector/share/armor_detector/local_setup.dsv
[38.341s] -- Installing: /home/hsq/code/auto-arm/rm-vision/install/armor_detector/share/armor_detector/package.dsv
[38.341s] -- Installing: /home/hsq/code/auto-arm/rm-vision/install/armor_detector/share/ament_index/resource_index/packages/armor_detector
[38.341s] -- Installing: /home/hsq/code/auto-arm/rm-vision/install/armor_detector/share/ament_index/resource_index/rclcpp_components/armor_detector
[38.341s] -- Installing: /home/hsq/code/auto-arm/rm-vision/install/armor_detector/share/armor_detector/cmake/ament_cmake_export_dependencies-extras.cmake
[38.341s] -- Installing: /home/hsq/code/auto-arm/rm-vision/install/armor_detector/share/armor_detector/cmake/ament_cmake_export_include_directories-extras.cmake
[38.341s] -- Installing: /home/hsq/code/auto-arm/rm-vision/install/armor_detector/share/armor_detector/cmake/ament_cmake_export_libraries-extras.cmake
[38.341s] -- Installing: /home/hsq/code/auto-arm/rm-vision/install/armor_detector/share/armor_detector/cmake/armor_detectorConfig.cmake
[38.341s] -- Installing: /home/hsq/code/auto-arm/rm-vision/install/armor_detector/share/armor_detector/cmake/armor_detectorConfig-version.cmake
[38.341s] -- Installing: /home/hsq/code/auto-arm/rm-vision/install/armor_detector/share/armor_detector/package.xml
[38.344s] Invoked command in '/home/hsq/code/auto-arm/rm-vision/build/armor_detector' returned '0': AMENT_PREFIX_PATH=/home/hsq/code/auto-arm/rm-vision/install/auto_aim_interfaces:${AMENT_PREFIX_PATH} CMAKE_PREFIX_PATH=/home/hsq/code/auto-arm/rm-vision/install/auto_aim_interfaces:/opt/ros/humble LD_LIBRARY_PATH=/home/hsq/code/auto-arm/rm-vision/install/auto_aim_interfaces/lib:/opt/MVS/lib/64:/opt/MVS/lib/32:/opt/MVS/lib/64:/opt/MVS/lib/32:/opt/MVS/lib/64:/opt/MVS/lib/32:/opt/ros/humble/opt/rviz_ogre_vendor/lib:/opt/ros/humble/lib/x86_64-linux-gnu:/opt/ros/humble/lib:/opt/MVS/lib/64:/opt/MVS/lib/32:/opt/MVS/lib/64:/opt/MVS/lib/32:/opt/MVS/lib/64:/opt/MVS/lib/32 PYTHONPATH=/home/hsq/code/auto-arm/rm-vision/install/auto_aim_interfaces/local/lib/python3.10/dist-packages:${PYTHONPATH} /usr/bin/cmake --install /home/hsq/code/auto-arm/rm-vision/build/armor_detector
