[0.009s] Invoking command in '/home/yuanluochen/code/arming/rm-vision/build/rm_gimbal_description': CMAKE_PREFIX_PATH=/opt/ros/humble /usr/bin/cmake /home/yuanluochen/code/arming/rm-vision/src/rm_gimbal_description-main -DCMAKE_INSTALL_PREFIX=/home/yuanluochen/code/arming/rm-vision/install/rm_gimbal_description
[0.060s] -- The C compiler identification is GNU 11.4.0
[0.100s] -- The CXX compiler identification is GNU 11.4.0
[0.107s] -- Detecting C compiler ABI info
[0.157s] -- Detecting C compiler ABI info - done
[0.161s] -- Check for working C compiler: /usr/bin/cc - skipped
[0.162s] -- Detecting C compile features
[0.162s] -- Detecting C compile features - done
[0.165s] -- Detecting CXX compiler ABI info
[0.221s] -- Detecting CXX compiler ABI info - done
[0.227s] -- Check for working CXX compiler: /usr/bin/c++ - skipped
[0.228s] -- Detecting CXX compile features
[0.228s] -- Detecting CXX compile features - done
[0.233s] -- Found ament_cmake: 1.3.11 (/opt/ros/humble/share/ament_cmake/cmake)
[0.340s] -- Found Python3: /usr/bin/python3 (found version "3.10.12") found components: Interpreter 
[0.406s] -- Found ament_lint_auto: 0.12.11 (/opt/ros/humble/share/ament_lint_auto/cmake)
[0.460s] -- Added test 'lint_cmake' to check CMake code style
[0.460s] -- Added test 'xmllint' to check XML markup files
[0.461s] -- Configuring done
[0.464s] -- Generating done
[0.465s] -- Build files have been written to: /home/yuanluochen/code/arming/rm-vision/build/rm_gimbal_description
[0.469s] Invoked command in '/home/yuanluochen/code/arming/rm-vision/build/rm_gimbal_description' returned '0': CMAKE_PREFIX_PATH=/opt/ros/humble /usr/bin/cmake /home/yuanluochen/code/arming/rm-vision/src/rm_gimbal_description-main -DCMAKE_INSTALL_PREFIX=/home/yuanluochen/code/arming/rm-vision/install/rm_gimbal_description
[0.470s] Invoking command in '/home/yuanluochen/code/arming/rm-vision/build/rm_gimbal_description': CMAKE_PREFIX_PATH=/opt/ros/humble /usr/bin/cmake --build /home/yuanluochen/code/arming/rm-vision/build/rm_gimbal_description -- -j16 -l16
[0.496s] Invoked command in '/home/yuanluochen/code/arming/rm-vision/build/rm_gimbal_description' returned '0': CMAKE_PREFIX_PATH=/opt/ros/humble /usr/bin/cmake --build /home/yuanluochen/code/arming/rm-vision/build/rm_gimbal_description -- -j16 -l16
[0.503s] Invoking command in '/home/yuanluochen/code/arming/rm-vision/build/rm_gimbal_description': CMAKE_PREFIX_PATH=/opt/ros/humble /usr/bin/cmake --install /home/yuanluochen/code/arming/rm-vision/build/rm_gimbal_description
[0.509s] -- Install configuration: ""
[0.509s] -- Installing: /home/yuanluochen/code/arming/rm-vision/install/rm_gimbal_description/share/rm_gimbal_description/urdf
[0.509s] -- Installing: /home/yuanluochen/code/arming/rm-vision/install/rm_gimbal_description/share/rm_gimbal_description/urdf/rm_gimbal.urdf.xacro
[0.509s] -- Installing: /home/yuanluochen/code/arming/rm-vision/install/rm_gimbal_description/share/ament_index/resource_index/package_run_dependencies/rm_gimbal_description
[0.509s] -- Installing: /home/yuanluochen/code/arming/rm-vision/install/rm_gimbal_description/share/ament_index/resource_index/parent_prefix_path/rm_gimbal_description
[0.509s] -- Installing: /home/yuanluochen/code/arming/rm-vision/install/rm_gimbal_description/share/rm_gimbal_description/environment/ament_prefix_path.sh
[0.510s] -- Installing: /home/yuanluochen/code/arming/rm-vision/install/rm_gimbal_description/share/rm_gimbal_description/environment/ament_prefix_path.dsv
[0.510s] -- Installing: /home/yuanluochen/code/arming/rm-vision/install/rm_gimbal_description/share/rm_gimbal_description/environment/path.sh
[0.510s] -- Installing: /home/yuanluochen/code/arming/rm-vision/install/rm_gimbal_description/share/rm_gimbal_description/environment/path.dsv
[0.510s] -- Installing: /home/yuanluochen/code/arming/rm-vision/install/rm_gimbal_description/share/rm_gimbal_description/local_setup.bash
[0.510s] -- Installing: /home/yuanluochen/code/arming/rm-vision/install/rm_gimbal_description/share/rm_gimbal_description/local_setup.sh
[0.510s] -- Installing: /home/yuanluochen/code/arming/rm-vision/install/rm_gimbal_description/share/rm_gimbal_description/local_setup.zsh
[0.510s] -- Installing: /home/yuanluochen/code/arming/rm-vision/install/rm_gimbal_description/share/rm_gimbal_description/local_setup.dsv
[0.510s] -- Installing: /home/yuanluochen/code/arming/rm-vision/install/rm_gimbal_description/share/rm_gimbal_description/package.dsv
[0.510s] -- Installing: /home/yuanluochen/code/arming/rm-vision/install/rm_gimbal_description/share/ament_index/resource_index/packages/rm_gimbal_description
[0.510s] -- Installing: /home/yuanluochen/code/arming/rm-vision/install/rm_gimbal_description/share/rm_gimbal_description/cmake/rm_gimbal_descriptionConfig.cmake
[0.510s] -- Installing: /home/yuanluochen/code/arming/rm-vision/install/rm_gimbal_description/share/rm_gimbal_description/cmake/rm_gimbal_descriptionConfig-version.cmake
[0.510s] -- Installing: /home/yuanluochen/code/arming/rm-vision/install/rm_gimbal_description/share/rm_gimbal_description/package.xml
[0.512s] Invoked command in '/home/yuanluochen/code/arming/rm-vision/build/rm_gimbal_description' returned '0': CMAKE_PREFIX_PATH=/opt/ros/humble /usr/bin/cmake --install /home/yuanluochen/code/arming/rm-vision/build/rm_gimbal_description
