[0.009s] Invoking command in '/home/yuanluochen/code/arming/rm-vision/build/armor_tracker': AMENT_PREFIX_PATH=/home/yuanluochen/code/arming/rm-vision/install/auto_aim_interfaces:${AMENT_PREFIX_PATH} CMAKE_PREFIX_PATH=/home/yuanluochen/code/arming/rm-vision/install/auto_aim_interfaces:/opt/ros/humble LD_LIBRARY_PATH=/home/yuanluochen/code/arming/rm-vision/install/auto_aim_interfaces/lib:/opt/MVS/lib/64:/opt/MVS/lib/32:/opt/MVS/lib/64:/opt/MVS/lib/32:/opt/ros/humble/opt/rviz_ogre_vendor/lib:/opt/ros/humble/lib/x86_64-linux-gnu:/opt/ros/humble/lib:/opt/MVS/lib/64:/opt/MVS/lib/32 PYTHONPATH=/home/yuanluochen/code/arming/rm-vision/install/auto_aim_interfaces/local/lib/python3.10/dist-packages:${PYTHONPATH} /usr/bin/cmake /home/yuanluochen/code/arming/rm-vision/src/rm_auto_aim-main/armor_tracker -DCMAKE_INSTALL_PREFIX=/home/yuanluochen/code/arming/rm-vision/install/armor_tracker
[0.048s] -- The C compiler identification is GNU 11.4.0
[0.087s] -- The CXX compiler identification is GNU 11.4.0
[0.091s] -- Detecting C compiler ABI info
[0.144s] -- Detecting C compiler ABI info - done
[0.149s] -- Check for working C compiler: /usr/bin/cc - skipped
[0.149s] -- Detecting C compile features
[0.149s] -- Detecting C compile features - done
[0.152s] -- Detecting CXX compiler ABI info
[0.210s] -- Detecting CXX compiler ABI info - done
[0.215s] -- Check for working CXX compiler: /usr/bin/c++ - skipped
[0.215s] -- Detecting CXX compile features
[0.215s] -- Detecting CXX compile features - done
[0.218s] -- Found ament_cmake_auto: 1.3.11 (/opt/ros/humble/share/ament_cmake_auto/cmake)
[0.326s] -- Found Python3: /usr/bin/python3 (found version "3.10.12") found components: Interpreter 
[0.468s] -- Found rosidl_generator_c: 3.1.6 (/opt/ros/humble/share/rosidl_generator_c/cmake)
[0.471s] -- Found rosidl_adapter: 3.1.6 (/opt/ros/humble/share/rosidl_adapter/cmake)
[0.478s] -- Found rosidl_generator_cpp: 3.1.6 (/opt/ros/humble/share/rosidl_generator_cpp/cmake)
[0.487s] -- Using all available rosidl_typesupport_c: rosidl_typesupport_fastrtps_c;rosidl_typesupport_introspection_c
[0.499s] -- Using all available rosidl_typesupport_cpp: rosidl_typesupport_fastrtps_cpp;rosidl_typesupport_introspection_cpp
[0.533s] -- Found rmw_implementation_cmake: 6.1.2 (/opt/ros/humble/share/rmw_implementation_cmake/cmake)
[0.535s] -- Found rmw_fastrtps_cpp: 6.2.7 (/opt/ros/humble/share/rmw_fastrtps_cpp/cmake)
[0.595s] -- Found OpenSSL: /usr/lib/x86_64-linux-gnu/libcrypto.so (found version "3.0.2")  
[0.614s] -- Found FastRTPS: /opt/ros/humble/include  
[0.645s] -- Using RMW implementation 'rmw_fastrtps_cpp' as default
[0.651s] -- Looking for pthread.h
[0.701s] -- Looking for pthread.h - found
[0.701s] -- Performing Test CMAKE_HAVE_LIBC_PTHREAD
[0.753s] -- Performing Test CMAKE_HAVE_LIBC_PTHREAD - Success
[0.754s] -- Found Threads: TRUE  
[0.887s] -- Found eigen3_cmake_module: 0.1.1 (/opt/ros/humble/share/eigen3_cmake_module/cmake)
[0.888s] -- Found Eigen3: TRUE (found version "3.4.0") 
[0.888s] -- Ensuring Eigen3 include directory is part of orocos-kdl CMake target
[0.954s] -- Found ament_lint_auto: 0.12.11 (/opt/ros/humble/share/ament_lint_auto/cmake)
[0.984s] -- Added test 'cppcheck' to perform static code analysis on C / C++ code
[0.984s] -- Configured cppcheck include dirs: /home/yuanluochen/code/arming/rm-vision/src/rm_auto_aim-main/armor_tracker/include
[0.984s] -- Configured cppcheck exclude dirs and/or files: 
[0.984s] -- Added test 'lint_cmake' to check CMake code style
[0.985s] -- Added test 'xmllint' to check XML markup files
[0.987s] -- Configuring done
[1.004s] -- Generating done
[1.009s] -- Build files have been written to: /home/yuanluochen/code/arming/rm-vision/build/armor_tracker
[1.019s] Invoked command in '/home/yuanluochen/code/arming/rm-vision/build/armor_tracker' returned '0': AMENT_PREFIX_PATH=/home/yuanluochen/code/arming/rm-vision/install/auto_aim_interfaces:${AMENT_PREFIX_PATH} CMAKE_PREFIX_PATH=/home/yuanluochen/code/arming/rm-vision/install/auto_aim_interfaces:/opt/ros/humble LD_LIBRARY_PATH=/home/yuanluochen/code/arming/rm-vision/install/auto_aim_interfaces/lib:/opt/MVS/lib/64:/opt/MVS/lib/32:/opt/MVS/lib/64:/opt/MVS/lib/32:/opt/ros/humble/opt/rviz_ogre_vendor/lib:/opt/ros/humble/lib/x86_64-linux-gnu:/opt/ros/humble/lib:/opt/MVS/lib/64:/opt/MVS/lib/32 PYTHONPATH=/home/yuanluochen/code/arming/rm-vision/install/auto_aim_interfaces/local/lib/python3.10/dist-packages:${PYTHONPATH} /usr/bin/cmake /home/yuanluochen/code/arming/rm-vision/src/rm_auto_aim-main/armor_tracker -DCMAKE_INSTALL_PREFIX=/home/yuanluochen/code/arming/rm-vision/install/armor_tracker
[1.020s] Invoking command in '/home/yuanluochen/code/arming/rm-vision/build/armor_tracker': AMENT_PREFIX_PATH=/home/yuanluochen/code/arming/rm-vision/install/auto_aim_interfaces:${AMENT_PREFIX_PATH} CMAKE_PREFIX_PATH=/home/yuanluochen/code/arming/rm-vision/install/auto_aim_interfaces:/opt/ros/humble LD_LIBRARY_PATH=/home/yuanluochen/code/arming/rm-vision/install/auto_aim_interfaces/lib:/opt/MVS/lib/64:/opt/MVS/lib/32:/opt/MVS/lib/64:/opt/MVS/lib/32:/opt/ros/humble/opt/rviz_ogre_vendor/lib:/opt/ros/humble/lib/x86_64-linux-gnu:/opt/ros/humble/lib:/opt/MVS/lib/64:/opt/MVS/lib/32 PYTHONPATH=/home/yuanluochen/code/arming/rm-vision/install/auto_aim_interfaces/local/lib/python3.10/dist-packages:${PYTHONPATH} /usr/bin/cmake --build /home/yuanluochen/code/arming/rm-vision/build/armor_tracker -- -j16 -l16
[1.062s] [ 66%] [32mBuilding CXX object CMakeFiles/armor_tracker.dir/src/extended_kalman_filter.cpp.o[0m
[1.062s] [ 66%] [32mBuilding CXX object CMakeFiles/armor_tracker.dir/src/tracker.cpp.o[0m
[1.062s] [ 66%] [32mBuilding CXX object CMakeFiles/armor_tracker_node.dir/rclcpp_components/node_main_armor_tracker_node.cpp.o[0m
[1.062s] [ 66%] [32mBuilding CXX object CMakeFiles/armor_tracker.dir/src/tracker_node.cpp.o[0m
[4.718s] [ 83%] [32m[1mLinking CXX executable armor_tracker_node[0m
[4.864s] [ 83%] Built target armor_tracker_node
[13.239s] [100%] [32m[1mLinking CXX shared library libarmor_tracker.so[0m
[13.953s] [100%] Built target armor_tracker
[13.961s] Invoked command in '/home/yuanluochen/code/arming/rm-vision/build/armor_tracker' returned '0': AMENT_PREFIX_PATH=/home/yuanluochen/code/arming/rm-vision/install/auto_aim_interfaces:${AMENT_PREFIX_PATH} CMAKE_PREFIX_PATH=/home/yuanluochen/code/arming/rm-vision/install/auto_aim_interfaces:/opt/ros/humble LD_LIBRARY_PATH=/home/yuanluochen/code/arming/rm-vision/install/auto_aim_interfaces/lib:/opt/MVS/lib/64:/opt/MVS/lib/32:/opt/MVS/lib/64:/opt/MVS/lib/32:/opt/ros/humble/opt/rviz_ogre_vendor/lib:/opt/ros/humble/lib/x86_64-linux-gnu:/opt/ros/humble/lib:/opt/MVS/lib/64:/opt/MVS/lib/32 PYTHONPATH=/home/yuanluochen/code/arming/rm-vision/install/auto_aim_interfaces/local/lib/python3.10/dist-packages:${PYTHONPATH} /usr/bin/cmake --build /home/yuanluochen/code/arming/rm-vision/build/armor_tracker -- -j16 -l16
[13.962s] Invoking command in '/home/yuanluochen/code/arming/rm-vision/build/armor_tracker': AMENT_PREFIX_PATH=/home/yuanluochen/code/arming/rm-vision/install/auto_aim_interfaces:${AMENT_PREFIX_PATH} CMAKE_PREFIX_PATH=/home/yuanluochen/code/arming/rm-vision/install/auto_aim_interfaces:/opt/ros/humble LD_LIBRARY_PATH=/home/yuanluochen/code/arming/rm-vision/install/auto_aim_interfaces/lib:/opt/MVS/lib/64:/opt/MVS/lib/32:/opt/MVS/lib/64:/opt/MVS/lib/32:/opt/ros/humble/opt/rviz_ogre_vendor/lib:/opt/ros/humble/lib/x86_64-linux-gnu:/opt/ros/humble/lib:/opt/MVS/lib/64:/opt/MVS/lib/32 PYTHONPATH=/home/yuanluochen/code/arming/rm-vision/install/auto_aim_interfaces/local/lib/python3.10/dist-packages:${PYTHONPATH} /usr/bin/cmake --install /home/yuanluochen/code/arming/rm-vision/build/armor_tracker
[13.967s] -- Install configuration: ""
[13.967s] -- Installing: /home/yuanluochen/code/arming/rm-vision/install/armor_tracker/lib/armor_tracker/armor_tracker_node
[13.970s] -- Set runtime path of "/home/yuanluochen/code/arming/rm-vision/install/armor_tracker/lib/armor_tracker/armor_tracker_node" to ""
[13.970s] -- Installing: /home/yuanluochen/code/arming/rm-vision/install/armor_tracker/include
[13.970s] -- Installing: /home/yuanluochen/code/arming/rm-vision/install/armor_tracker/include/armor_tracker
[13.970s] -- Installing: /home/yuanluochen/code/arming/rm-vision/install/armor_tracker/include/armor_tracker/extended_kalman_filter.hpp
[13.970s] -- Installing: /home/yuanluochen/code/arming/rm-vision/install/armor_tracker/include/armor_tracker/tracker.hpp
[13.970s] -- Installing: /home/yuanluochen/code/arming/rm-vision/install/armor_tracker/include/armor_tracker/tracker_node.hpp
[13.970s] -- Installing: /home/yuanluochen/code/arming/rm-vision/install/armor_tracker/share/armor_tracker/environment/library_path.sh
[13.971s] -- Installing: /home/yuanluochen/code/arming/rm-vision/install/armor_tracker/share/armor_tracker/environment/library_path.dsv
[13.971s] -- Installing: /home/yuanluochen/code/arming/rm-vision/install/armor_tracker/lib/libarmor_tracker.so
[13.978s] -- Set runtime path of "/home/yuanluochen/code/arming/rm-vision/install/armor_tracker/lib/libarmor_tracker.so" to ""
[13.978s] -- Installing: /home/yuanluochen/code/arming/rm-vision/install/armor_tracker/share/ament_index/resource_index/package_run_dependencies/armor_tracker
[13.978s] -- Installing: /home/yuanluochen/code/arming/rm-vision/install/armor_tracker/share/ament_index/resource_index/parent_prefix_path/armor_tracker
[13.978s] -- Installing: /home/yuanluochen/code/arming/rm-vision/install/armor_tracker/share/armor_tracker/environment/ament_prefix_path.sh
[13.978s] -- Installing: /home/yuanluochen/code/arming/rm-vision/install/armor_tracker/share/armor_tracker/environment/ament_prefix_path.dsv
[13.978s] -- Installing: /home/yuanluochen/code/arming/rm-vision/install/armor_tracker/share/armor_tracker/environment/path.sh
[13.978s] -- Installing: /home/yuanluochen/code/arming/rm-vision/install/armor_tracker/share/armor_tracker/environment/path.dsv
[13.978s] -- Installing: /home/yuanluochen/code/arming/rm-vision/install/armor_tracker/share/armor_tracker/local_setup.bash
[13.978s] -- Installing: /home/yuanluochen/code/arming/rm-vision/install/armor_tracker/share/armor_tracker/local_setup.sh
[13.978s] -- Installing: /home/yuanluochen/code/arming/rm-vision/install/armor_tracker/share/armor_tracker/local_setup.zsh
[13.978s] -- Installing: /home/yuanluochen/code/arming/rm-vision/install/armor_tracker/share/armor_tracker/local_setup.dsv
[13.979s] -- Installing: /home/yuanluochen/code/arming/rm-vision/install/armor_tracker/share/armor_tracker/package.dsv
[13.979s] -- Installing: /home/yuanluochen/code/arming/rm-vision/install/armor_tracker/share/ament_index/resource_index/packages/armor_tracker
[13.979s] -- Installing: /home/yuanluochen/code/arming/rm-vision/install/armor_tracker/share/ament_index/resource_index/rclcpp_components/armor_tracker
[13.979s] -- Installing: /home/yuanluochen/code/arming/rm-vision/install/armor_tracker/share/armor_tracker/cmake/ament_cmake_export_dependencies-extras.cmake
[13.979s] -- Installing: /home/yuanluochen/code/arming/rm-vision/install/armor_tracker/share/armor_tracker/cmake/ament_cmake_export_include_directories-extras.cmake
[13.979s] -- Installing: /home/yuanluochen/code/arming/rm-vision/install/armor_tracker/share/armor_tracker/cmake/ament_cmake_export_libraries-extras.cmake
[13.979s] -- Installing: /home/yuanluochen/code/arming/rm-vision/install/armor_tracker/share/armor_tracker/cmake/armor_trackerConfig.cmake
[13.979s] -- Installing: /home/yuanluochen/code/arming/rm-vision/install/armor_tracker/share/armor_tracker/cmake/armor_trackerConfig-version.cmake
[13.979s] -- Installing: /home/yuanluochen/code/arming/rm-vision/install/armor_tracker/share/armor_tracker/package.xml
[13.982s] Invoked command in '/home/yuanluochen/code/arming/rm-vision/build/armor_tracker' returned '0': AMENT_PREFIX_PATH=/home/yuanluochen/code/arming/rm-vision/install/auto_aim_interfaces:${AMENT_PREFIX_PATH} CMAKE_PREFIX_PATH=/home/yuanluochen/code/arming/rm-vision/install/auto_aim_interfaces:/opt/ros/humble LD_LIBRARY_PATH=/home/yuanluochen/code/arming/rm-vision/install/auto_aim_interfaces/lib:/opt/MVS/lib/64:/opt/MVS/lib/32:/opt/MVS/lib/64:/opt/MVS/lib/32:/opt/ros/humble/opt/rviz_ogre_vendor/lib:/opt/ros/humble/lib/x86_64-linux-gnu:/opt/ros/humble/lib:/opt/MVS/lib/64:/opt/MVS/lib/32 PYTHONPATH=/home/yuanluochen/code/arming/rm-vision/install/auto_aim_interfaces/local/lib/python3.10/dist-packages:${PYTHONPATH} /usr/bin/cmake --install /home/yuanluochen/code/arming/rm-vision/build/armor_tracker
