[0.008s] Invoking command in '/home/yuanluochen/code/arming/rm-vision/build/rm_serial_driver': AMENT_PREFIX_PATH=/home/yuanluochen/code/arming/rm-vision/install/auto_aim_interfaces:${AMENT_PREFIX_PATH} CMAKE_PREFIX_PATH=/home/yuanluochen/code/arming/rm-vision/install/auto_aim_interfaces:/opt/ros/humble LD_LIBRARY_PATH=/home/yuanluochen/code/arming/rm-vision/install/auto_aim_interfaces/lib:/opt/MVS/lib/64:/opt/MVS/lib/32:/opt/MVS/lib/64:/opt/MVS/lib/32:/opt/ros/humble/opt/rviz_ogre_vendor/lib:/opt/ros/humble/lib/x86_64-linux-gnu:/opt/ros/humble/lib:/opt/MVS/lib/64:/opt/MVS/lib/32 PYTHONPATH=/home/yuanluochen/code/arming/rm-vision/install/auto_aim_interfaces/local/lib/python3.10/dist-packages:${PYTHONPATH} /usr/bin/cmake /home/yuanluochen/code/arming/rm-vision/src/rm_serial_driver-main -DCMAKE_INSTALL_PREFIX=/home/yuanluochen/code/arming/rm-vision/install/rm_serial_driver
[0.046s] -- The C compiler identification is GNU 11.4.0
[0.084s] -- The CXX compiler identification is GNU 11.4.0
[0.089s] -- Detecting C compiler ABI info
[0.142s] -- Detecting C compiler ABI info - done
[0.147s] -- Check for working C compiler: /usr/bin/cc - skipped
[0.147s] -- Detecting C compile features
[0.147s] -- Detecting C compile features - done
[0.149s] -- Detecting CXX compiler ABI info
[0.207s] -- Detecting CXX compiler ABI info - done
[0.212s] -- Check for working CXX compiler: /usr/bin/c++ - skipped
[0.213s] -- Detecting CXX compile features
[0.213s] -- Detecting CXX compile features - done
[0.216s] -- Found ament_cmake_auto: 1.3.11 (/opt/ros/humble/share/ament_cmake_auto/cmake)
[0.324s] -- Found Python3: /usr/bin/python3 (found version "3.10.12") found components: Interpreter 
[0.472s] -- Found rosidl_generator_c: 3.1.6 (/opt/ros/humble/share/rosidl_generator_c/cmake)
[0.477s] -- Found rosidl_adapter: 3.1.6 (/opt/ros/humble/share/rosidl_adapter/cmake)
[0.487s] -- Found rosidl_generator_cpp: 3.1.6 (/opt/ros/humble/share/rosidl_generator_cpp/cmake)
[0.502s] -- Using all available rosidl_typesupport_c: rosidl_typesupport_fastrtps_c;rosidl_typesupport_introspection_c
[0.514s] -- Using all available rosidl_typesupport_cpp: rosidl_typesupport_fastrtps_cpp;rosidl_typesupport_introspection_cpp
[0.544s] -- Found rmw_implementation_cmake: 6.1.2 (/opt/ros/humble/share/rmw_implementation_cmake/cmake)
[0.546s] -- Found rmw_fastrtps_cpp: 6.2.7 (/opt/ros/humble/share/rmw_fastrtps_cpp/cmake)
[0.603s] -- Found OpenSSL: /usr/lib/x86_64-linux-gnu/libcrypto.so (found version "3.0.2")  
[0.621s] -- Found FastRTPS: /opt/ros/humble/include  
[0.652s] -- Using RMW implementation 'rmw_fastrtps_cpp' as default
[0.657s] -- Looking for pthread.h
[0.705s] -- Looking for pthread.h - found
[0.705s] -- Performing Test CMAKE_HAVE_LIBC_PTHREAD
[0.755s] -- Performing Test CMAKE_HAVE_LIBC_PTHREAD - Success
[0.756s] -- Found Threads: TRUE  
[0.830s] -- Found asio_cmake_module: 1.2.0 (/opt/ros/humble/share/asio_cmake_module/cmake)
[0.831s] -- Found ASIO: /usr/include  
[0.933s] -- Found eigen3_cmake_module: 0.1.1 (/opt/ros/humble/share/eigen3_cmake_module/cmake)
[0.934s] -- Found Eigen3: TRUE (found version "3.4.0") 
[0.934s] -- Ensuring Eigen3 include directory is part of orocos-kdl CMake target
[0.996s] -- Found ament_lint_auto: 0.12.11 (/opt/ros/humble/share/ament_lint_auto/cmake)
[1.022s] -- Added test 'cppcheck' to perform static code analysis on C / C++ code
[1.023s] -- Configured cppcheck include dirs: /home/yuanluochen/code/arming/rm-vision/src/rm_serial_driver-main/include
[1.023s] -- Configured cppcheck exclude dirs and/or files: 
[1.024s] -- Added test 'cpplint' to check C / C++ code against the Google style
[1.024s] -- Configured cpplint exclude dirs and/or files: 
[1.025s] -- Added test 'flake8' to check Python code syntax and style conventions
[1.025s] -- Added test 'lint_cmake' to check CMake code style
[1.026s] -- Added test 'pep257' to check Python code against some of the docstring style conventions in PEP 257
[1.026s] -- Added test 'xmllint' to check XML markup files
[1.029s] -- Configuring done
[1.055s] -- Generating done
[1.060s] -- Build files have been written to: /home/yuanluochen/code/arming/rm-vision/build/rm_serial_driver
[1.071s] Invoked command in '/home/yuanluochen/code/arming/rm-vision/build/rm_serial_driver' returned '0': AMENT_PREFIX_PATH=/home/yuanluochen/code/arming/rm-vision/install/auto_aim_interfaces:${AMENT_PREFIX_PATH} CMAKE_PREFIX_PATH=/home/yuanluochen/code/arming/rm-vision/install/auto_aim_interfaces:/opt/ros/humble LD_LIBRARY_PATH=/home/yuanluochen/code/arming/rm-vision/install/auto_aim_interfaces/lib:/opt/MVS/lib/64:/opt/MVS/lib/32:/opt/MVS/lib/64:/opt/MVS/lib/32:/opt/ros/humble/opt/rviz_ogre_vendor/lib:/opt/ros/humble/lib/x86_64-linux-gnu:/opt/ros/humble/lib:/opt/MVS/lib/64:/opt/MVS/lib/32 PYTHONPATH=/home/yuanluochen/code/arming/rm-vision/install/auto_aim_interfaces/local/lib/python3.10/dist-packages:${PYTHONPATH} /usr/bin/cmake /home/yuanluochen/code/arming/rm-vision/src/rm_serial_driver-main -DCMAKE_INSTALL_PREFIX=/home/yuanluochen/code/arming/rm-vision/install/rm_serial_driver
[1.073s] Invoking command in '/home/yuanluochen/code/arming/rm-vision/build/rm_serial_driver': AMENT_PREFIX_PATH=/home/yuanluochen/code/arming/rm-vision/install/auto_aim_interfaces:${AMENT_PREFIX_PATH} CMAKE_PREFIX_PATH=/home/yuanluochen/code/arming/rm-vision/install/auto_aim_interfaces:/opt/ros/humble LD_LIBRARY_PATH=/home/yuanluochen/code/arming/rm-vision/install/auto_aim_interfaces/lib:/opt/MVS/lib/64:/opt/MVS/lib/32:/opt/MVS/lib/64:/opt/MVS/lib/32:/opt/ros/humble/opt/rviz_ogre_vendor/lib:/opt/ros/humble/lib/x86_64-linux-gnu:/opt/ros/humble/lib:/opt/MVS/lib/64:/opt/MVS/lib/32 PYTHONPATH=/home/yuanluochen/code/arming/rm-vision/install/auto_aim_interfaces/local/lib/python3.10/dist-packages:${PYTHONPATH} /usr/bin/cmake --build /home/yuanluochen/code/arming/rm-vision/build/rm_serial_driver -- -j16 -l16
[1.117s] [ 40%] [32mBuilding CXX object CMakeFiles/rm_serial_driver_node.dir/rclcpp_components/node_main_rm_serial_driver_node.cpp.o[0m
[1.118s] [ 60%] [32mBuilding CXX object CMakeFiles/rm_serial_driver.dir/src/rm_serial_driver.cpp.o[0m
[1.118s] [ 60%] [32mBuilding CXX object CMakeFiles/rm_serial_driver.dir/src/crc.cpp.o[0m
[4.876s] [ 80%] [32m[1mLinking CXX executable rm_serial_driver_node[0m
[5.013s] [ 80%] Built target rm_serial_driver_node
[12.571s] [100%] [32m[1mLinking CXX shared library librm_serial_driver.so[0m
[13.064s] [100%] Built target rm_serial_driver
[13.073s] Invoked command in '/home/yuanluochen/code/arming/rm-vision/build/rm_serial_driver' returned '0': AMENT_PREFIX_PATH=/home/yuanluochen/code/arming/rm-vision/install/auto_aim_interfaces:${AMENT_PREFIX_PATH} CMAKE_PREFIX_PATH=/home/yuanluochen/code/arming/rm-vision/install/auto_aim_interfaces:/opt/ros/humble LD_LIBRARY_PATH=/home/yuanluochen/code/arming/rm-vision/install/auto_aim_interfaces/lib:/opt/MVS/lib/64:/opt/MVS/lib/32:/opt/MVS/lib/64:/opt/MVS/lib/32:/opt/ros/humble/opt/rviz_ogre_vendor/lib:/opt/ros/humble/lib/x86_64-linux-gnu:/opt/ros/humble/lib:/opt/MVS/lib/64:/opt/MVS/lib/32 PYTHONPATH=/home/yuanluochen/code/arming/rm-vision/install/auto_aim_interfaces/local/lib/python3.10/dist-packages:${PYTHONPATH} /usr/bin/cmake --build /home/yuanluochen/code/arming/rm-vision/build/rm_serial_driver -- -j16 -l16
[13.074s] Invoking command in '/home/yuanluochen/code/arming/rm-vision/build/rm_serial_driver': AMENT_PREFIX_PATH=/home/yuanluochen/code/arming/rm-vision/install/auto_aim_interfaces:${AMENT_PREFIX_PATH} CMAKE_PREFIX_PATH=/home/yuanluochen/code/arming/rm-vision/install/auto_aim_interfaces:/opt/ros/humble LD_LIBRARY_PATH=/home/yuanluochen/code/arming/rm-vision/install/auto_aim_interfaces/lib:/opt/MVS/lib/64:/opt/MVS/lib/32:/opt/MVS/lib/64:/opt/MVS/lib/32:/opt/ros/humble/opt/rviz_ogre_vendor/lib:/opt/ros/humble/lib/x86_64-linux-gnu:/opt/ros/humble/lib:/opt/MVS/lib/64:/opt/MVS/lib/32 PYTHONPATH=/home/yuanluochen/code/arming/rm-vision/install/auto_aim_interfaces/local/lib/python3.10/dist-packages:${PYTHONPATH} /usr/bin/cmake --install /home/yuanluochen/code/arming/rm-vision/build/rm_serial_driver
[13.080s] -- Install configuration: ""
[13.080s] -- Installing: /home/yuanluochen/code/arming/rm-vision/install/rm_serial_driver/lib/rm_serial_driver/rm_serial_driver_node
[13.091s] -- Set runtime path of "/home/yuanluochen/code/arming/rm-vision/install/rm_serial_driver/lib/rm_serial_driver/rm_serial_driver_node" to ""
[13.091s] -- Installing: /home/yuanluochen/code/arming/rm-vision/install/rm_serial_driver/include
[13.091s] -- Installing: /home/yuanluochen/code/arming/rm-vision/install/rm_serial_driver/include/rm_serial_driver
[13.091s] -- Installing: /home/yuanluochen/code/arming/rm-vision/install/rm_serial_driver/include/rm_serial_driver/crc.hpp
[13.091s] -- Installing: /home/yuanluochen/code/arming/rm-vision/install/rm_serial_driver/include/rm_serial_driver/packet.hpp
[13.091s] -- Installing: /home/yuanluochen/code/arming/rm-vision/install/rm_serial_driver/include/rm_serial_driver/rm_serial_driver.hpp
[13.092s] -- Installing: /home/yuanluochen/code/arming/rm-vision/install/rm_serial_driver/share/rm_serial_driver/environment/library_path.sh
[13.092s] -- Installing: /home/yuanluochen/code/arming/rm-vision/install/rm_serial_driver/share/rm_serial_driver/environment/library_path.dsv
[13.092s] -- Installing: /home/yuanluochen/code/arming/rm-vision/install/rm_serial_driver/lib/librm_serial_driver.so
[13.097s] -- Set runtime path of "/home/yuanluochen/code/arming/rm-vision/install/rm_serial_driver/lib/librm_serial_driver.so" to ""
[13.097s] -- Installing: /home/yuanluochen/code/arming/rm-vision/install/rm_serial_driver/share/rm_serial_driver/config
[13.097s] -- Installing: /home/yuanluochen/code/arming/rm-vision/install/rm_serial_driver/share/rm_serial_driver/config/serial_driver.yaml
[13.097s] -- Installing: /home/yuanluochen/code/arming/rm-vision/install/rm_serial_driver/share/rm_serial_driver/launch
[13.098s] -- Installing: /home/yuanluochen/code/arming/rm-vision/install/rm_serial_driver/share/rm_serial_driver/launch/serial_driver.launch.py
[13.098s] -- Installing: /home/yuanluochen/code/arming/rm-vision/install/rm_serial_driver/share/ament_index/resource_index/package_run_dependencies/rm_serial_driver
[13.098s] -- Installing: /home/yuanluochen/code/arming/rm-vision/install/rm_serial_driver/share/ament_index/resource_index/parent_prefix_path/rm_serial_driver
[13.098s] -- Installing: /home/yuanluochen/code/arming/rm-vision/install/rm_serial_driver/share/rm_serial_driver/environment/ament_prefix_path.sh
[13.098s] -- Installing: /home/yuanluochen/code/arming/rm-vision/install/rm_serial_driver/share/rm_serial_driver/environment/ament_prefix_path.dsv
[13.098s] -- Installing: /home/yuanluochen/code/arming/rm-vision/install/rm_serial_driver/share/rm_serial_driver/environment/path.sh
[13.098s] -- Installing: /home/yuanluochen/code/arming/rm-vision/install/rm_serial_driver/share/rm_serial_driver/environment/path.dsv
[13.098s] -- Installing: /home/yuanluochen/code/arming/rm-vision/install/rm_serial_driver/share/rm_serial_driver/local_setup.bash
[13.099s] -- Installing: /home/yuanluochen/code/arming/rm-vision/install/rm_serial_driver/share/rm_serial_driver/local_setup.sh
[13.099s] -- Installing: /home/yuanluochen/code/arming/rm-vision/install/rm_serial_driver/share/rm_serial_driver/local_setup.zsh
[13.099s] -- Installing: /home/yuanluochen/code/arming/rm-vision/install/rm_serial_driver/share/rm_serial_driver/local_setup.dsv
[13.099s] -- Installing: /home/yuanluochen/code/arming/rm-vision/install/rm_serial_driver/share/rm_serial_driver/package.dsv
[13.099s] -- Installing: /home/yuanluochen/code/arming/rm-vision/install/rm_serial_driver/share/ament_index/resource_index/packages/rm_serial_driver
[13.099s] -- Installing: /home/yuanluochen/code/arming/rm-vision/install/rm_serial_driver/share/ament_index/resource_index/rclcpp_components/rm_serial_driver
[13.099s] -- Installing: /home/yuanluochen/code/arming/rm-vision/install/rm_serial_driver/share/rm_serial_driver/cmake/ament_cmake_export_dependencies-extras.cmake
[13.099s] -- Installing: /home/yuanluochen/code/arming/rm-vision/install/rm_serial_driver/share/rm_serial_driver/cmake/ament_cmake_export_include_directories-extras.cmake
[13.100s] -- Installing: /home/yuanluochen/code/arming/rm-vision/install/rm_serial_driver/share/rm_serial_driver/cmake/ament_cmake_export_libraries-extras.cmake
[13.100s] -- Installing: /home/yuanluochen/code/arming/rm-vision/install/rm_serial_driver/share/rm_serial_driver/cmake/rm_serial_driverConfig.cmake
[13.100s] -- Installing: /home/yuanluochen/code/arming/rm-vision/install/rm_serial_driver/share/rm_serial_driver/cmake/rm_serial_driverConfig-version.cmake
[13.100s] -- Installing: /home/yuanluochen/code/arming/rm-vision/install/rm_serial_driver/share/rm_serial_driver/package.xml
[13.102s] Invoked command in '/home/yuanluochen/code/arming/rm-vision/build/rm_serial_driver' returned '0': AMENT_PREFIX_PATH=/home/yuanluochen/code/arming/rm-vision/install/auto_aim_interfaces:${AMENT_PREFIX_PATH} CMAKE_PREFIX_PATH=/home/yuanluochen/code/arming/rm-vision/install/auto_aim_interfaces:/opt/ros/humble LD_LIBRARY_PATH=/home/yuanluochen/code/arming/rm-vision/install/auto_aim_interfaces/lib:/opt/MVS/lib/64:/opt/MVS/lib/32:/opt/MVS/lib/64:/opt/MVS/lib/32:/opt/ros/humble/opt/rviz_ogre_vendor/lib:/opt/ros/humble/lib/x86_64-linux-gnu:/opt/ros/humble/lib:/opt/MVS/lib/64:/opt/MVS/lib/32 PYTHONPATH=/home/yuanluochen/code/arming/rm-vision/install/auto_aim_interfaces/local/lib/python3.10/dist-packages:${PYTHONPATH} /usr/bin/cmake --install /home/yuanluochen/code/arming/rm-vision/build/rm_serial_driver
