[0.010s] Invoking command in '/home/yuanluochen/code/arming/rm-vision/build/auto_aim_interfaces': CMAKE_PREFIX_PATH=/opt/ros/humble /usr/bin/cmake /home/yuanluochen/code/arming/rm-vision/src/rm_auto_aim-main/auto_aim_interfaces -DCMAKE_INSTALL_PREFIX=/home/yuanluochen/code/arming/rm-vision/install/auto_aim_interfaces
[0.067s] -- The C compiler identification is GNU 11.4.0
[0.108s] -- The CXX compiler identification is GNU 11.4.0
[0.115s] -- Detecting C compiler ABI info
[0.163s] -- Detecting C compiler ABI info - done
[0.172s] -- Check for working C compiler: /usr/bin/cc - skipped
[0.172s] -- Detecting C compile features
[0.173s] -- Detecting C compile features - done
[0.176s] -- Detecting CXX compiler ABI info
[0.231s] -- Detecting CXX compiler ABI info - done
[0.236s] -- Check for working CXX compiler: /usr/bin/c++ - skipped
[0.236s] -- Detecting CXX compile features
[0.236s] -- Detecting CXX compile features - done
[0.240s] -- Found ament_cmake: 1.3.11 (/opt/ros/humble/share/ament_cmake/cmake)
[0.347s] -- Found Python3: /usr/bin/python3 (found version "3.10.12") found components: Interpreter 
[0.412s] -- Found rosidl_default_generators: 1.2.0 (/opt/ros/humble/share/rosidl_default_generators/cmake)
[0.414s] -- Using all available rosidl_typesupport_c: rosidl_typesupport_fastrtps_c;rosidl_typesupport_introspection_c
[0.419s] -- Found rosidl_adapter: 3.1.6 (/opt/ros/humble/share/rosidl_adapter/cmake)
[0.452s] -- Using all available rosidl_typesupport_cpp: rosidl_typesupport_fastrtps_cpp;rosidl_typesupport_introspection_cpp
[0.477s] -- Found geometry_msgs: 4.2.4 (/opt/ros/humble/share/geometry_msgs/cmake)
[0.730s] -- Found ament_cmake_ros: 0.10.0 (/opt/ros/humble/share/ament_cmake_ros/cmake)
[0.903s] -- Using all available rosidl_typesupport_c: rosidl_typesupport_fastrtps_c;rosidl_typesupport_introspection_c
[1.151s] -- Using all available rosidl_typesupport_cpp: rosidl_typesupport_fastrtps_cpp;rosidl_typesupport_introspection_cpp
[1.169s] -- Found PythonInterp: /usr/bin/python3 (found suitable version "3.10.12", minimum required is "3.6") 
[1.170s] -- Found python_cmake_module: 0.10.0 (/opt/ros/humble/share/python_cmake_module/cmake)
[1.193s] -- Found PythonLibs: /usr/lib/x86_64-linux-gnu/libpython3.10.so (found suitable version "3.10.12", minimum required is "3.5") 
[1.193s] -- Using PYTHON_EXECUTABLE: /usr/bin/python3
[1.193s] -- Using PYTHON_INCLUDE_DIRS: /usr/include/python3.10
[1.193s] -- Using PYTHON_LIBRARIES: /usr/lib/x86_64-linux-gnu/libpython3.10.so
[1.210s] -- Found PythonExtra: .so  
[1.265s] -- Configuring done
[1.298s] -- Generating done
[1.308s] -- Build files have been written to: /home/yuanluochen/code/arming/rm-vision/build/auto_aim_interfaces
[1.318s] Invoked command in '/home/yuanluochen/code/arming/rm-vision/build/auto_aim_interfaces' returned '0': CMAKE_PREFIX_PATH=/opt/ros/humble /usr/bin/cmake /home/yuanluochen/code/arming/rm-vision/src/rm_auto_aim-main/auto_aim_interfaces -DCMAKE_INSTALL_PREFIX=/home/yuanluochen/code/arming/rm-vision/install/auto_aim_interfaces
[1.319s] Invoking command in '/home/yuanluochen/code/arming/rm-vision/build/auto_aim_interfaces': CMAKE_PREFIX_PATH=/opt/ros/humble /usr/bin/cmake --build /home/yuanluochen/code/arming/rm-vision/build/auto_aim_interfaces -- -j16 -l16
[1.350s] [  1%] [34m[1mGenerating C code for ROS interfaces[0m
[1.357s] [  2%] [34m[1mGenerating C++ code for ROS interfaces[0m
[1.363s] [  2%] Built target ament_cmake_python_copy_auto_aim_interfaces
[1.547s] running egg_info
[1.548s] creating auto_aim_interfaces.egg-info
[1.548s] writing auto_aim_interfaces.egg-info/PKG-INFO
[1.548s] writing dependency_links to auto_aim_interfaces.egg-info/dependency_links.txt
[1.548s] writing top-level names to auto_aim_interfaces.egg-info/top_level.txt
[1.548s] writing manifest file 'auto_aim_interfaces.egg-info/SOURCES.txt'
[1.550s] reading manifest file 'auto_aim_interfaces.egg-info/SOURCES.txt'
[1.550s] writing manifest file 'auto_aim_interfaces.egg-info/SOURCES.txt'
[1.571s] [  2%] Built target ament_cmake_python_build_auto_aim_interfaces_egg
[1.819s] [  2%] Built target auto_aim_interfaces__cpp
[1.831s] [  3%] [34m[1mGenerating C++ introspection for ROS interfaces[0m
[1.831s] [  4%] [34m[1mGenerating C++ type support dispatch for ROS interfaces[0m
[1.833s] [  5%] [34m[1mGenerating C++ type support for eProsima Fast-RTPS[0m
[1.861s] [  8%] [32mBuilding C object CMakeFiles/auto_aim_interfaces__rosidl_generator_c.dir/rosidl_generator_c/auto_aim_interfaces/msg/detail/debug_armor__functions.c.o[0m
[1.861s] [  8%] [32mBuilding C object CMakeFiles/auto_aim_interfaces__rosidl_generator_c.dir/rosidl_generator_c/auto_aim_interfaces/msg/detail/debug_light__functions.c.o[0m
[1.862s] [ 10%] [32mBuilding C object CMakeFiles/auto_aim_interfaces__rosidl_generator_c.dir/rosidl_generator_c/auto_aim_interfaces/msg/detail/target__functions.c.o[0m
[1.862s] [ 10%] [32mBuilding C object CMakeFiles/auto_aim_interfaces__rosidl_generator_c.dir/rosidl_generator_c/auto_aim_interfaces/msg/detail/armors__functions.c.o[0m
[1.862s] [ 11%] [32mBuilding C object CMakeFiles/auto_aim_interfaces__rosidl_generator_c.dir/rosidl_generator_c/auto_aim_interfaces/msg/detail/armor__functions.c.o[0m
[1.862s] [ 12%] [32mBuilding C object CMakeFiles/auto_aim_interfaces__rosidl_generator_c.dir/rosidl_generator_c/auto_aim_interfaces/msg/detail/debug_lights__functions.c.o[0m
[1.863s] [ 13%] [32mBuilding C object CMakeFiles/auto_aim_interfaces__rosidl_generator_c.dir/rosidl_generator_c/auto_aim_interfaces/msg/detail/debug_armors__functions.c.o[0m
[1.863s] [ 14%] [32mBuilding C object CMakeFiles/auto_aim_interfaces__rosidl_generator_c.dir/rosidl_generator_c/auto_aim_interfaces/msg/detail/tracker_info__functions.c.o[0m
[1.930s] [ 16%] [32m[1mLinking C shared library libauto_aim_interfaces__rosidl_generator_c.so[0m
[1.969s] [ 16%] Built target auto_aim_interfaces__rosidl_generator_c
[1.979s] [ 19%] [34m[1mGenerating C type support for eProsima Fast-RTPS[0m
[1.979s] [ 19%] [34m[1mGenerating C introspection for ROS interfaces[0m
[1.979s] [ 19%] [34m[1mGenerating C type support dispatch for ROS interfaces[0m
[2.209s] [ 20%] [32mBuilding CXX object CMakeFiles/auto_aim_interfaces__rosidl_typesupport_cpp.dir/rosidl_typesupport_cpp/auto_aim_interfaces/msg/armor__type_support.cpp.o[0m
[2.209s] [ 22%] [32mBuilding CXX object CMakeFiles/auto_aim_interfaces__rosidl_typesupport_cpp.dir/rosidl_typesupport_cpp/auto_aim_interfaces/msg/target__type_support.cpp.o[0m
[2.209s] [ 22%] [32mBuilding CXX object CMakeFiles/auto_aim_interfaces__rosidl_typesupport_cpp.dir/rosidl_typesupport_cpp/auto_aim_interfaces/msg/armors__type_support.cpp.o[0m
[2.209s] [ 24%] [32mBuilding CXX object CMakeFiles/auto_aim_interfaces__rosidl_typesupport_cpp.dir/rosidl_typesupport_cpp/auto_aim_interfaces/msg/debug_light__type_support.cpp.o[0m
[2.209s] [ 27%] [32mBuilding CXX object CMakeFiles/auto_aim_interfaces__rosidl_typesupport_cpp.dir/rosidl_typesupport_cpp/auto_aim_interfaces/msg/debug_armor__type_support.cpp.o[0m
[2.209s] [ 27%] [32mBuilding CXX object CMakeFiles/auto_aim_interfaces__rosidl_typesupport_cpp.dir/rosidl_typesupport_cpp/auto_aim_interfaces/msg/debug_armors__type_support.cpp.o[0m
[2.210s] [ 27%] [32mBuilding CXX object CMakeFiles/auto_aim_interfaces__rosidl_typesupport_cpp.dir/rosidl_typesupport_cpp/auto_aim_interfaces/msg/debug_lights__type_support.cpp.o[0m
[2.210s] [ 28%] [32mBuilding CXX object CMakeFiles/auto_aim_interfaces__rosidl_typesupport_cpp.dir/rosidl_typesupport_cpp/auto_aim_interfaces/msg/tracker_info__type_support.cpp.o[0m
[2.359s] [ 29%] [32mBuilding CXX object CMakeFiles/auto_aim_interfaces__rosidl_typesupport_introspection_cpp.dir/rosidl_typesupport_introspection_cpp/auto_aim_interfaces/msg/detail/armor__type_support.cpp.o[0m
[2.370s] [ 32%] [32mBuilding CXX object CMakeFiles/auto_aim_interfaces__rosidl_typesupport_introspection_cpp.dir/rosidl_typesupport_introspection_cpp/auto_aim_interfaces/msg/detail/armors__type_support.cpp.o[0m
[2.371s] [ 32%] [32mBuilding CXX object CMakeFiles/auto_aim_interfaces__rosidl_typesupport_introspection_cpp.dir/rosidl_typesupport_introspection_cpp/auto_aim_interfaces/msg/detail/target__type_support.cpp.o[0m
[2.414s] [ 33%] [32mBuilding CXX object CMakeFiles/auto_aim_interfaces__rosidl_typesupport_introspection_cpp.dir/rosidl_typesupport_introspection_cpp/auto_aim_interfaces/msg/detail/debug_light__type_support.cpp.o[0m
[2.676s] [ 34%] [32mBuilding CXX object CMakeFiles/auto_aim_interfaces__rosidl_typesupport_introspection_cpp.dir/rosidl_typesupport_introspection_cpp/auto_aim_interfaces/msg/detail/debug_lights__type_support.cpp.o[0m
[2.677s] [ 35%] [32mBuilding CXX object CMakeFiles/auto_aim_interfaces__rosidl_typesupport_c.dir/rosidl_typesupport_c/auto_aim_interfaces/msg/armor__type_support.cpp.o[0m
[2.687s] [ 36%] [32mBuilding CXX object CMakeFiles/auto_aim_interfaces__rosidl_typesupport_c.dir/rosidl_typesupport_c/auto_aim_interfaces/msg/armors__type_support.cpp.o[0m
[2.687s] [ 37%] [32mBuilding CXX object CMakeFiles/auto_aim_interfaces__rosidl_typesupport_introspection_cpp.dir/rosidl_typesupport_introspection_cpp/auto_aim_interfaces/msg/detail/debug_armor__type_support.cpp.o[0m
[2.692s] [ 39%] [32mBuilding CXX object CMakeFiles/auto_aim_interfaces__rosidl_typesupport_c.dir/rosidl_typesupport_c/auto_aim_interfaces/msg/target__type_support.cpp.o[0m
[2.714s] [ 40%] [32mBuilding CXX object CMakeFiles/auto_aim_interfaces__rosidl_typesupport_c.dir/rosidl_typesupport_c/auto_aim_interfaces/msg/debug_light__type_support.cpp.o[0m
[2.716s] [ 41%] [32mBuilding CXX object CMakeFiles/auto_aim_interfaces__rosidl_typesupport_c.dir/rosidl_typesupport_c/auto_aim_interfaces/msg/debug_lights__type_support.cpp.o[0m
[2.729s] [ 42%] [32m[1mLinking CXX shared library libauto_aim_interfaces__rosidl_typesupport_cpp.so[0m
[2.744s] [ 43%] [32mBuilding CXX object CMakeFiles/auto_aim_interfaces__rosidl_typesupport_c.dir/rosidl_typesupport_c/auto_aim_interfaces/msg/debug_armor__type_support.cpp.o[0m
[2.754s] [ 45%] [32mBuilding CXX object CMakeFiles/auto_aim_interfaces__rosidl_typesupport_introspection_cpp.dir/rosidl_typesupport_introspection_cpp/auto_aim_interfaces/msg/detail/debug_armors__type_support.cpp.o[0m
[2.758s] [ 47%] [32mBuilding CXX object CMakeFiles/auto_aim_interfaces__rosidl_typesupport_c.dir/rosidl_typesupport_c/auto_aim_interfaces/msg/tracker_info__type_support.cpp.o[0m
[2.758s] [ 47%] [32mBuilding CXX object CMakeFiles/auto_aim_interfaces__rosidl_typesupport_c.dir/rosidl_typesupport_c/auto_aim_interfaces/msg/debug_armors__type_support.cpp.o[0m
[2.758s] [ 48%] [32mBuilding CXX object CMakeFiles/auto_aim_interfaces__rosidl_typesupport_fastrtps_cpp.dir/rosidl_typesupport_fastrtps_cpp/auto_aim_interfaces/msg/detail/dds_fastrtps/armor__type_support.cpp.o[0m
[2.771s] [ 49%] [32mBuilding CXX object CMakeFiles/auto_aim_interfaces__rosidl_typesupport_introspection_cpp.dir/rosidl_typesupport_introspection_cpp/auto_aim_interfaces/msg/detail/tracker_info__type_support.cpp.o[0m
[2.808s] [ 51%] [32m[1mLinking CXX shared library libauto_aim_interfaces__rosidl_typesupport_c.so[0m
[2.812s] [ 51%] [32mBuilding CXX object CMakeFiles/auto_aim_interfaces__rosidl_typesupport_fastrtps_cpp.dir/rosidl_typesupport_fastrtps_cpp/auto_aim_interfaces/msg/detail/dds_fastrtps/armors__type_support.cpp.o[0m
[2.816s] [ 52%] [32mBuilding CXX object CMakeFiles/auto_aim_interfaces__rosidl_typesupport_fastrtps_cpp.dir/rosidl_typesupport_fastrtps_cpp/auto_aim_interfaces/msg/detail/dds_fastrtps/debug_light__type_support.cpp.o[0m
[2.819s] [ 52%] Built target auto_aim_interfaces__rosidl_typesupport_cpp
[2.821s] [ 54%] [32mBuilding CXX object CMakeFiles/auto_aim_interfaces__rosidl_typesupport_fastrtps_cpp.dir/rosidl_typesupport_fastrtps_cpp/auto_aim_interfaces/msg/detail/dds_fastrtps/target__type_support.cpp.o[0m
[2.845s] [ 55%] [32mBuilding CXX object CMakeFiles/auto_aim_interfaces__rosidl_typesupport_fastrtps_c.dir/rosidl_typesupport_fastrtps_c/auto_aim_interfaces/msg/detail/armor__type_support_c.cpp.o[0m
[2.869s] [ 56%] [32mBuilding CXX object CMakeFiles/auto_aim_interfaces__rosidl_typesupport_fastrtps_cpp.dir/rosidl_typesupport_fastrtps_cpp/auto_aim_interfaces/msg/detail/dds_fastrtps/debug_lights__type_support.cpp.o[0m
[2.875s] [ 57%] [32mBuilding C object CMakeFiles/auto_aim_interfaces__rosidl_typesupport_introspection_c.dir/rosidl_typesupport_introspection_c/auto_aim_interfaces/msg/detail/armor__type_support.c.o[0m
[2.973s] [ 57%] Built target auto_aim_interfaces__rosidl_typesupport_c
[3.028s] [ 58%] [32mBuilding CXX object CMakeFiles/auto_aim_interfaces__rosidl_typesupport_fastrtps_cpp.dir/rosidl_typesupport_fastrtps_cpp/auto_aim_interfaces/msg/detail/dds_fastrtps/debug_armor__type_support.cpp.o[0m
[3.035s] [ 59%] [32mBuilding C object CMakeFiles/auto_aim_interfaces__rosidl_typesupport_introspection_c.dir/rosidl_typesupport_introspection_c/auto_aim_interfaces/msg/detail/armors__type_support.c.o[0m
[3.074s] [ 60%] [32mBuilding C object CMakeFiles/auto_aim_interfaces__rosidl_typesupport_introspection_c.dir/rosidl_typesupport_introspection_c/auto_aim_interfaces/msg/detail/debug_light__type_support.c.o[0m
[3.076s] [ 62%] [32mBuilding C object CMakeFiles/auto_aim_interfaces__rosidl_typesupport_introspection_c.dir/rosidl_typesupport_introspection_c/auto_aim_interfaces/msg/detail/target__type_support.c.o[0m
[3.081s] [ 63%] [32mBuilding CXX object CMakeFiles/auto_aim_interfaces__rosidl_typesupport_fastrtps_c.dir/rosidl_typesupport_fastrtps_c/auto_aim_interfaces/msg/detail/armors__type_support_c.cpp.o[0m
[3.113s] [ 64%] [32mBuilding CXX object CMakeFiles/auto_aim_interfaces__rosidl_typesupport_fastrtps_cpp.dir/rosidl_typesupport_fastrtps_cpp/auto_aim_interfaces/msg/detail/dds_fastrtps/debug_armors__type_support.cpp.o[0m
[3.150s] [ 65%] [32mBuilding C object CMakeFiles/auto_aim_interfaces__rosidl_typesupport_introspection_c.dir/rosidl_typesupport_introspection_c/auto_aim_interfaces/msg/detail/debug_lights__type_support.c.o[0m
[3.165s] [ 66%] [32mBuilding C object CMakeFiles/auto_aim_interfaces__rosidl_typesupport_introspection_c.dir/rosidl_typesupport_introspection_c/auto_aim_interfaces/msg/detail/debug_armor__type_support.c.o[0m
[3.197s] [ 67%] [32mBuilding C object CMakeFiles/auto_aim_interfaces__rosidl_typesupport_introspection_c.dir/rosidl_typesupport_introspection_c/auto_aim_interfaces/msg/detail/debug_armors__type_support.c.o[0m
[3.251s] [ 68%] [32mBuilding C object CMakeFiles/auto_aim_interfaces__rosidl_typesupport_introspection_c.dir/rosidl_typesupport_introspection_c/auto_aim_interfaces/msg/detail/tracker_info__type_support.c.o[0m
[3.254s] [ 70%] [32mBuilding CXX object CMakeFiles/auto_aim_interfaces__rosidl_typesupport_fastrtps_c.dir/rosidl_typesupport_fastrtps_c/auto_aim_interfaces/msg/detail/target__type_support_c.cpp.o[0m
[3.260s] [ 71%] [32mBuilding CXX object CMakeFiles/auto_aim_interfaces__rosidl_typesupport_fastrtps_cpp.dir/rosidl_typesupport_fastrtps_cpp/auto_aim_interfaces/msg/detail/dds_fastrtps/tracker_info__type_support.cpp.o[0m
[3.317s] [ 72%] [32mBuilding CXX object CMakeFiles/auto_aim_interfaces__rosidl_typesupport_fastrtps_c.dir/rosidl_typesupport_fastrtps_c/auto_aim_interfaces/msg/detail/debug_light__type_support_c.cpp.o[0m
[3.375s] [ 73%] [32m[1mLinking C shared library libauto_aim_interfaces__rosidl_typesupport_introspection_c.so[0m
[3.375s] [ 74%] [32mBuilding CXX object CMakeFiles/auto_aim_interfaces__rosidl_typesupport_fastrtps_c.dir/rosidl_typesupport_fastrtps_c/auto_aim_interfaces/msg/detail/debug_lights__type_support_c.cpp.o[0m
[3.408s] [ 75%] [32mBuilding CXX object CMakeFiles/auto_aim_interfaces__rosidl_typesupport_fastrtps_c.dir/rosidl_typesupport_fastrtps_c/auto_aim_interfaces/msg/detail/debug_armor__type_support_c.cpp.o[0m
[3.441s] [ 77%] [32mBuilding CXX object CMakeFiles/auto_aim_interfaces__rosidl_typesupport_fastrtps_c.dir/rosidl_typesupport_fastrtps_c/auto_aim_interfaces/msg/detail/debug_armors__type_support_c.cpp.o[0m
[3.443s] [ 78%] [32mBuilding CXX object CMakeFiles/auto_aim_interfaces__rosidl_typesupport_fastrtps_c.dir/rosidl_typesupport_fastrtps_c/auto_aim_interfaces/msg/detail/tracker_info__type_support_c.cpp.o[0m
[3.480s] [ 78%] Built target auto_aim_interfaces__rosidl_typesupport_introspection_c
[3.503s] [ 79%] [32m[1mLinking CXX shared library libauto_aim_interfaces__rosidl_typesupport_introspection_cpp.so[0m
[3.649s] [ 79%] Built target auto_aim_interfaces__rosidl_typesupport_introspection_cpp
[3.766s] [ 80%] [32m[1mLinking CXX shared library libauto_aim_interfaces__rosidl_typesupport_fastrtps_cpp.so[0m
[3.834s] [ 80%] Built target auto_aim_interfaces__rosidl_typesupport_fastrtps_cpp
[3.869s] [ 81%] [32m[1mLinking CXX shared library libauto_aim_interfaces__rosidl_typesupport_fastrtps_c.so[0m
[3.927s] [ 81%] Built target auto_aim_interfaces__rosidl_typesupport_fastrtps_c
[3.943s] [ 81%] Built target auto_aim_interfaces
[3.958s] [ 82%] [34m[1mGenerating Python code for ROS interfaces[0m
[4.667s] [ 82%] Built target auto_aim_interfaces__py
[4.685s] [ 87%] [32mBuilding C object CMakeFiles/auto_aim_interfaces__rosidl_generator_py.dir/rosidl_generator_py/auto_aim_interfaces/msg/_debug_lights_s.c.o[0m
[4.685s] [ 87%] [32mBuilding C object CMakeFiles/auto_aim_interfaces__rosidl_generator_py.dir/rosidl_generator_py/auto_aim_interfaces/msg/_debug_armors_s.c.o[0m
[4.685s] [ 87%] [32mBuilding C object CMakeFiles/auto_aim_interfaces__rosidl_generator_py.dir/rosidl_generator_py/auto_aim_interfaces/msg/_debug_armor_s.c.o[0m
[4.685s] [ 87%] [32mBuilding C object CMakeFiles/auto_aim_interfaces__rosidl_generator_py.dir/rosidl_generator_py/auto_aim_interfaces/msg/_target_s.c.o[0m
[4.685s] [ 88%] [32mBuilding C object CMakeFiles/auto_aim_interfaces__rosidl_generator_py.dir/rosidl_generator_py/auto_aim_interfaces/msg/_armors_s.c.o[0m
[4.685s] [ 89%] [32mBuilding C object CMakeFiles/auto_aim_interfaces__rosidl_generator_py.dir/rosidl_generator_py/auto_aim_interfaces/msg/_armor_s.c.o[0m
[4.685s] [ 90%] [32mBuilding C object CMakeFiles/auto_aim_interfaces__rosidl_generator_py.dir/rosidl_generator_py/auto_aim_interfaces/msg/_debug_light_s.c.o[0m
[4.686s] [ 91%] [32mBuilding C object CMakeFiles/auto_aim_interfaces__rosidl_generator_py.dir/rosidl_generator_py/auto_aim_interfaces/msg/_tracker_info_s.c.o[0m
[4.828s] [ 93%] [32m[1mLinking C shared library rosidl_generator_py/auto_aim_interfaces/libauto_aim_interfaces__rosidl_generator_py.so[0m
[4.864s] [ 93%] Built target auto_aim_interfaces__rosidl_generator_py
[4.880s] [ 96%] [32mBuilding C object CMakeFiles/auto_aim_interfaces__rosidl_typesupport_c__pyext.dir/rosidl_generator_py/auto_aim_interfaces/_auto_aim_interfaces_s.ep.rosidl_typesupport_c.c.o[0m
[4.880s] [ 96%] [32mBuilding C object CMakeFiles/auto_aim_interfaces__rosidl_typesupport_fastrtps_c__pyext.dir/rosidl_generator_py/auto_aim_interfaces/_auto_aim_interfaces_s.ep.rosidl_typesupport_fastrtps_c.c.o[0m
[4.880s] [ 96%] [32mBuilding C object CMakeFiles/auto_aim_interfaces__rosidl_typesupport_introspection_c__pyext.dir/rosidl_generator_py/auto_aim_interfaces/_auto_aim_interfaces_s.ep.rosidl_typesupport_introspection_c.c.o[0m
[4.975s] [ 97%] [32m[1mLinking C shared library rosidl_generator_py/auto_aim_interfaces/auto_aim_interfaces_s__rosidl_typesupport_introspection_c.cpython-310-x86_64-linux-gnu.so[0m
[4.976s] [ 98%] [32m[1mLinking C shared library rosidl_generator_py/auto_aim_interfaces/auto_aim_interfaces_s__rosidl_typesupport_c.cpython-310-x86_64-linux-gnu.so[0m
[4.976s] [100%] [32m[1mLinking C shared library rosidl_generator_py/auto_aim_interfaces/auto_aim_interfaces_s__rosidl_typesupport_fastrtps_c.cpython-310-x86_64-linux-gnu.so[0m
[5.006s] [100%] Built target auto_aim_interfaces__rosidl_typesupport_c__pyext
[5.006s] [100%] Built target auto_aim_interfaces__rosidl_typesupport_fastrtps_c__pyext
[5.006s] [100%] Built target auto_aim_interfaces__rosidl_typesupport_introspection_c__pyext
[5.016s] Invoked command in '/home/yuanluochen/code/arming/rm-vision/build/auto_aim_interfaces' returned '0': CMAKE_PREFIX_PATH=/opt/ros/humble /usr/bin/cmake --build /home/yuanluochen/code/arming/rm-vision/build/auto_aim_interfaces -- -j16 -l16
[5.017s] Invoking command in '/home/yuanluochen/code/arming/rm-vision/build/auto_aim_interfaces': CMAKE_PREFIX_PATH=/opt/ros/humble /usr/bin/cmake --install /home/yuanluochen/code/arming/rm-vision/build/auto_aim_interfaces
[5.024s] -- Install configuration: ""
[5.025s] -- Installing: /home/yuanluochen/code/arming/rm-vision/install/auto_aim_interfaces/share/ament_index/resource_index/rosidl_interfaces/auto_aim_interfaces
[5.025s] -- Installing: /home/yuanluochen/code/arming/rm-vision/install/auto_aim_interfaces/include/auto_aim_interfaces/auto_aim_interfaces
[5.025s] -- Installing: /home/yuanluochen/code/arming/rm-vision/install/auto_aim_interfaces/include/auto_aim_interfaces/auto_aim_interfaces/msg
[5.025s] -- Installing: /home/yuanluochen/code/arming/rm-vision/install/auto_aim_interfaces/include/auto_aim_interfaces/auto_aim_interfaces/msg/rosidl_generator_c__visibility_control.h
[5.025s] -- Installing: /home/yuanluochen/code/arming/rm-vision/install/auto_aim_interfaces/include/auto_aim_interfaces/auto_aim_interfaces/msg/armor.h
[5.025s] -- Installing: /home/yuanluochen/code/arming/rm-vision/install/auto_aim_interfaces/include/auto_aim_interfaces/auto_aim_interfaces/msg/detail
[5.025s] -- Installing: /home/yuanluochen/code/arming/rm-vision/install/auto_aim_interfaces/include/auto_aim_interfaces/auto_aim_interfaces/msg/detail/armor__functions.c
[5.025s] -- Installing: /home/yuanluochen/code/arming/rm-vision/install/auto_aim_interfaces/include/auto_aim_interfaces/auto_aim_interfaces/msg/detail/armor__functions.h
[5.025s] -- Installing: /home/yuanluochen/code/arming/rm-vision/install/auto_aim_interfaces/include/auto_aim_interfaces/auto_aim_interfaces/msg/detail/armor__struct.h
[5.025s] -- Installing: /home/yuanluochen/code/arming/rm-vision/install/auto_aim_interfaces/include/auto_aim_interfaces/auto_aim_interfaces/msg/detail/armor__type_support.h
[5.025s] -- Installing: /home/yuanluochen/code/arming/rm-vision/install/auto_aim_interfaces/include/auto_aim_interfaces/auto_aim_interfaces/msg/detail/armors__functions.c
[5.025s] -- Installing: /home/yuanluochen/code/arming/rm-vision/install/auto_aim_interfaces/include/auto_aim_interfaces/auto_aim_interfaces/msg/detail/armors__functions.h
[5.025s] -- Installing: /home/yuanluochen/code/arming/rm-vision/install/auto_aim_interfaces/include/auto_aim_interfaces/auto_aim_interfaces/msg/detail/armors__struct.h
[5.025s] -- Installing: /home/yuanluochen/code/arming/rm-vision/install/auto_aim_interfaces/include/auto_aim_interfaces/auto_aim_interfaces/msg/detail/armors__type_support.h
[5.025s] -- Installing: /home/yuanluochen/code/arming/rm-vision/install/auto_aim_interfaces/include/auto_aim_interfaces/auto_aim_interfaces/msg/detail/target__functions.c
[5.025s] -- Installing: /home/yuanluochen/code/arming/rm-vision/install/auto_aim_interfaces/include/auto_aim_interfaces/auto_aim_interfaces/msg/detail/target__functions.h
[5.025s] -- Installing: /home/yuanluochen/code/arming/rm-vision/install/auto_aim_interfaces/include/auto_aim_interfaces/auto_aim_interfaces/msg/detail/target__struct.h
[5.025s] -- Installing: /home/yuanluochen/code/arming/rm-vision/install/auto_aim_interfaces/include/auto_aim_interfaces/auto_aim_interfaces/msg/detail/target__type_support.h
[5.025s] -- Installing: /home/yuanluochen/code/arming/rm-vision/install/auto_aim_interfaces/include/auto_aim_interfaces/auto_aim_interfaces/msg/detail/debug_light__functions.c
[5.025s] -- Installing: /home/yuanluochen/code/arming/rm-vision/install/auto_aim_interfaces/include/auto_aim_interfaces/auto_aim_interfaces/msg/detail/debug_light__functions.h
[5.025s] -- Installing: /home/yuanluochen/code/arming/rm-vision/install/auto_aim_interfaces/include/auto_aim_interfaces/auto_aim_interfaces/msg/detail/debug_light__struct.h
[5.026s] -- Installing: /home/yuanluochen/code/arming/rm-vision/install/auto_aim_interfaces/include/auto_aim_interfaces/auto_aim_interfaces/msg/detail/debug_light__type_support.h
[5.026s] -- Installing: /home/yuanluochen/code/arming/rm-vision/install/auto_aim_interfaces/include/auto_aim_interfaces/auto_aim_interfaces/msg/detail/debug_lights__functions.c
[5.026s] -- Installing: /home/yuanluochen/code/arming/rm-vision/install/auto_aim_interfaces/include/auto_aim_interfaces/auto_aim_interfaces/msg/detail/debug_lights__functions.h
[5.026s] -- Installing: /home/yuanluochen/code/arming/rm-vision/install/auto_aim_interfaces/include/auto_aim_interfaces/auto_aim_interfaces/msg/detail/debug_lights__struct.h
[5.026s] -- Installing: /home/yuanluochen/code/arming/rm-vision/install/auto_aim_interfaces/include/auto_aim_interfaces/auto_aim_interfaces/msg/detail/debug_lights__type_support.h
[5.026s] -- Installing: /home/yuanluochen/code/arming/rm-vision/install/auto_aim_interfaces/include/auto_aim_interfaces/auto_aim_interfaces/msg/detail/debug_armor__functions.c
[5.026s] -- Installing: /home/yuanluochen/code/arming/rm-vision/install/auto_aim_interfaces/include/auto_aim_interfaces/auto_aim_interfaces/msg/detail/debug_armor__functions.h
[5.026s] -- Installing: /home/yuanluochen/code/arming/rm-vision/install/auto_aim_interfaces/include/auto_aim_interfaces/auto_aim_interfaces/msg/detail/debug_armor__struct.h
[5.026s] -- Installing: /home/yuanluochen/code/arming/rm-vision/install/auto_aim_interfaces/include/auto_aim_interfaces/auto_aim_interfaces/msg/detail/debug_armor__type_support.h
[5.026s] -- Installing: /home/yuanluochen/code/arming/rm-vision/install/auto_aim_interfaces/include/auto_aim_interfaces/auto_aim_interfaces/msg/detail/debug_armors__functions.c
[5.026s] -- Installing: /home/yuanluochen/code/arming/rm-vision/install/auto_aim_interfaces/include/auto_aim_interfaces/auto_aim_interfaces/msg/detail/debug_armors__functions.h
[5.026s] -- Installing: /home/yuanluochen/code/arming/rm-vision/install/auto_aim_interfaces/include/auto_aim_interfaces/auto_aim_interfaces/msg/detail/debug_armors__struct.h
[5.026s] -- Installing: /home/yuanluochen/code/arming/rm-vision/install/auto_aim_interfaces/include/auto_aim_interfaces/auto_aim_interfaces/msg/detail/debug_armors__type_support.h
[5.026s] -- Installing: /home/yuanluochen/code/arming/rm-vision/install/auto_aim_interfaces/include/auto_aim_interfaces/auto_aim_interfaces/msg/detail/tracker_info__functions.c
[5.026s] -- Installing: /home/yuanluochen/code/arming/rm-vision/install/auto_aim_interfaces/include/auto_aim_interfaces/auto_aim_interfaces/msg/detail/tracker_info__functions.h
[5.026s] -- Installing: /home/yuanluochen/code/arming/rm-vision/install/auto_aim_interfaces/include/auto_aim_interfaces/auto_aim_interfaces/msg/detail/tracker_info__struct.h
[5.026s] -- Installing: /home/yuanluochen/code/arming/rm-vision/install/auto_aim_interfaces/include/auto_aim_interfaces/auto_aim_interfaces/msg/detail/tracker_info__type_support.h
[5.026s] -- Installing: /home/yuanluochen/code/arming/rm-vision/install/auto_aim_interfaces/include/auto_aim_interfaces/auto_aim_interfaces/msg/armors.h
[5.026s] -- Installing: /home/yuanluochen/code/arming/rm-vision/install/auto_aim_interfaces/include/auto_aim_interfaces/auto_aim_interfaces/msg/target.h
[5.026s] -- Installing: /home/yuanluochen/code/arming/rm-vision/install/auto_aim_interfaces/include/auto_aim_interfaces/auto_aim_interfaces/msg/debug_light.h
[5.026s] -- Installing: /home/yuanluochen/code/arming/rm-vision/install/auto_aim_interfaces/include/auto_aim_interfaces/auto_aim_interfaces/msg/debug_lights.h
[5.027s] -- Installing: /home/yuanluochen/code/arming/rm-vision/install/auto_aim_interfaces/include/auto_aim_interfaces/auto_aim_interfaces/msg/debug_armor.h
[5.027s] -- Installing: /home/yuanluochen/code/arming/rm-vision/install/auto_aim_interfaces/include/auto_aim_interfaces/auto_aim_interfaces/msg/debug_armors.h
[5.027s] -- Installing: /home/yuanluochen/code/arming/rm-vision/install/auto_aim_interfaces/include/auto_aim_interfaces/auto_aim_interfaces/msg/tracker_info.h
[5.027s] -- Installing: /home/yuanluochen/code/arming/rm-vision/install/auto_aim_interfaces/share/auto_aim_interfaces/environment/library_path.sh
[5.027s] -- Installing: /home/yuanluochen/code/arming/rm-vision/install/auto_aim_interfaces/share/auto_aim_interfaces/environment/library_path.dsv
[5.027s] -- Installing: /home/yuanluochen/code/arming/rm-vision/install/auto_aim_interfaces/lib/libauto_aim_interfaces__rosidl_generator_c.so
[5.028s] -- Set runtime path of "/home/yuanluochen/code/arming/rm-vision/install/auto_aim_interfaces/lib/libauto_aim_interfaces__rosidl_generator_c.so" to ""
[5.028s] -- Up-to-date: /home/yuanluochen/code/arming/rm-vision/install/auto_aim_interfaces/include/auto_aim_interfaces/auto_aim_interfaces
[5.029s] -- Up-to-date: /home/yuanluochen/code/arming/rm-vision/install/auto_aim_interfaces/include/auto_aim_interfaces/auto_aim_interfaces/msg
[5.029s] -- Installing: /home/yuanluochen/code/arming/rm-vision/install/auto_aim_interfaces/include/auto_aim_interfaces/auto_aim_interfaces/msg/rosidl_typesupport_fastrtps_c__visibility_control.h
[5.029s] -- Up-to-date: /home/yuanluochen/code/arming/rm-vision/install/auto_aim_interfaces/include/auto_aim_interfaces/auto_aim_interfaces/msg/detail
[5.029s] -- Installing: /home/yuanluochen/code/arming/rm-vision/install/auto_aim_interfaces/include/auto_aim_interfaces/auto_aim_interfaces/msg/detail/armor__rosidl_typesupport_fastrtps_c.h
[5.029s] -- Installing: /home/yuanluochen/code/arming/rm-vision/install/auto_aim_interfaces/include/auto_aim_interfaces/auto_aim_interfaces/msg/detail/armors__rosidl_typesupport_fastrtps_c.h
[5.029s] -- Installing: /home/yuanluochen/code/arming/rm-vision/install/auto_aim_interfaces/include/auto_aim_interfaces/auto_aim_interfaces/msg/detail/target__rosidl_typesupport_fastrtps_c.h
[5.029s] -- Installing: /home/yuanluochen/code/arming/rm-vision/install/auto_aim_interfaces/include/auto_aim_interfaces/auto_aim_interfaces/msg/detail/debug_light__rosidl_typesupport_fastrtps_c.h
[5.029s] -- Installing: /home/yuanluochen/code/arming/rm-vision/install/auto_aim_interfaces/include/auto_aim_interfaces/auto_aim_interfaces/msg/detail/debug_lights__rosidl_typesupport_fastrtps_c.h
[5.029s] -- Installing: /home/yuanluochen/code/arming/rm-vision/install/auto_aim_interfaces/include/auto_aim_interfaces/auto_aim_interfaces/msg/detail/debug_armor__rosidl_typesupport_fastrtps_c.h
[5.029s] -- Installing: /home/yuanluochen/code/arming/rm-vision/install/auto_aim_interfaces/include/auto_aim_interfaces/auto_aim_interfaces/msg/detail/debug_armors__rosidl_typesupport_fastrtps_c.h
[5.029s] -- Installing: /home/yuanluochen/code/arming/rm-vision/install/auto_aim_interfaces/include/auto_aim_interfaces/auto_aim_interfaces/msg/detail/tracker_info__rosidl_typesupport_fastrtps_c.h
[5.029s] -- Installing: /home/yuanluochen/code/arming/rm-vision/install/auto_aim_interfaces/lib/libauto_aim_interfaces__rosidl_typesupport_fastrtps_c.so
[5.029s] -- Set runtime path of "/home/yuanluochen/code/arming/rm-vision/install/auto_aim_interfaces/lib/libauto_aim_interfaces__rosidl_typesupport_fastrtps_c.so" to ""
[5.029s] -- Up-to-date: /home/yuanluochen/code/arming/rm-vision/install/auto_aim_interfaces/include/auto_aim_interfaces/auto_aim_interfaces
[5.029s] -- Up-to-date: /home/yuanluochen/code/arming/rm-vision/install/auto_aim_interfaces/include/auto_aim_interfaces/auto_aim_interfaces/msg
[5.030s] -- Installing: /home/yuanluochen/code/arming/rm-vision/install/auto_aim_interfaces/include/auto_aim_interfaces/auto_aim_interfaces/msg/rosidl_typesupport_introspection_c__visibility_control.h
[5.030s] -- Up-to-date: /home/yuanluochen/code/arming/rm-vision/install/auto_aim_interfaces/include/auto_aim_interfaces/auto_aim_interfaces/msg/detail
[5.030s] -- Installing: /home/yuanluochen/code/arming/rm-vision/install/auto_aim_interfaces/include/auto_aim_interfaces/auto_aim_interfaces/msg/detail/armor__rosidl_typesupport_introspection_c.h
[5.030s] -- Installing: /home/yuanluochen/code/arming/rm-vision/install/auto_aim_interfaces/include/auto_aim_interfaces/auto_aim_interfaces/msg/detail/armor__type_support.c
[5.030s] -- Installing: /home/yuanluochen/code/arming/rm-vision/install/auto_aim_interfaces/include/auto_aim_interfaces/auto_aim_interfaces/msg/detail/armors__rosidl_typesupport_introspection_c.h
[5.030s] -- Installing: /home/yuanluochen/code/arming/rm-vision/install/auto_aim_interfaces/include/auto_aim_interfaces/auto_aim_interfaces/msg/detail/armors__type_support.c
[5.030s] -- Installing: /home/yuanluochen/code/arming/rm-vision/install/auto_aim_interfaces/include/auto_aim_interfaces/auto_aim_interfaces/msg/detail/target__rosidl_typesupport_introspection_c.h
[5.030s] -- Installing: /home/yuanluochen/code/arming/rm-vision/install/auto_aim_interfaces/include/auto_aim_interfaces/auto_aim_interfaces/msg/detail/target__type_support.c
[5.030s] -- Installing: /home/yuanluochen/code/arming/rm-vision/install/auto_aim_interfaces/include/auto_aim_interfaces/auto_aim_interfaces/msg/detail/debug_light__rosidl_typesupport_introspection_c.h
[5.030s] -- Installing: /home/yuanluochen/code/arming/rm-vision/install/auto_aim_interfaces/include/auto_aim_interfaces/auto_aim_interfaces/msg/detail/debug_light__type_support.c
[5.030s] -- Installing: /home/yuanluochen/code/arming/rm-vision/install/auto_aim_interfaces/include/auto_aim_interfaces/auto_aim_interfaces/msg/detail/debug_lights__rosidl_typesupport_introspection_c.h
[5.030s] -- Installing: /home/yuanluochen/code/arming/rm-vision/install/auto_aim_interfaces/include/auto_aim_interfaces/auto_aim_interfaces/msg/detail/debug_lights__type_support.c
[5.030s] -- Installing: /home/yuanluochen/code/arming/rm-vision/install/auto_aim_interfaces/include/auto_aim_interfaces/auto_aim_interfaces/msg/detail/debug_armor__rosidl_typesupport_introspection_c.h
[5.030s] -- Installing: /home/yuanluochen/code/arming/rm-vision/install/auto_aim_interfaces/include/auto_aim_interfaces/auto_aim_interfaces/msg/detail/debug_armor__type_support.c
[5.030s] -- Installing: /home/yuanluochen/code/arming/rm-vision/install/auto_aim_interfaces/include/auto_aim_interfaces/auto_aim_interfaces/msg/detail/debug_armors__rosidl_typesupport_introspection_c.h
[5.030s] -- Installing: /home/yuanluochen/code/arming/rm-vision/install/auto_aim_interfaces/include/auto_aim_interfaces/auto_aim_interfaces/msg/detail/debug_armors__type_support.c
[5.030s] -- Installing: /home/yuanluochen/code/arming/rm-vision/install/auto_aim_interfaces/include/auto_aim_interfaces/auto_aim_interfaces/msg/detail/tracker_info__rosidl_typesupport_introspection_c.h
[5.030s] -- Installing: /home/yuanluochen/code/arming/rm-vision/install/auto_aim_interfaces/include/auto_aim_interfaces/auto_aim_interfaces/msg/detail/tracker_info__type_support.c
[5.030s] -- Installing: /home/yuanluochen/code/arming/rm-vision/install/auto_aim_interfaces/lib/libauto_aim_interfaces__rosidl_typesupport_introspection_c.so
[5.031s] -- Set runtime path of "/home/yuanluochen/code/arming/rm-vision/install/auto_aim_interfaces/lib/libauto_aim_interfaces__rosidl_typesupport_introspection_c.so" to ""
[5.031s] -- Installing: /home/yuanluochen/code/arming/rm-vision/install/auto_aim_interfaces/lib/libauto_aim_interfaces__rosidl_typesupport_c.so
[5.031s] -- Set runtime path of "/home/yuanluochen/code/arming/rm-vision/install/auto_aim_interfaces/lib/libauto_aim_interfaces__rosidl_typesupport_c.so" to ""
[5.031s] -- Up-to-date: /home/yuanluochen/code/arming/rm-vision/install/auto_aim_interfaces/include/auto_aim_interfaces/auto_aim_interfaces
[5.031s] -- Up-to-date: /home/yuanluochen/code/arming/rm-vision/install/auto_aim_interfaces/include/auto_aim_interfaces/auto_aim_interfaces/msg
[5.031s] -- Installing: /home/yuanluochen/code/arming/rm-vision/install/auto_aim_interfaces/include/auto_aim_interfaces/auto_aim_interfaces/msg/rosidl_generator_cpp__visibility_control.hpp
[5.031s] -- Installing: /home/yuanluochen/code/arming/rm-vision/install/auto_aim_interfaces/include/auto_aim_interfaces/auto_aim_interfaces/msg/armor.hpp
[5.031s] -- Up-to-date: /home/yuanluochen/code/arming/rm-vision/install/auto_aim_interfaces/include/auto_aim_interfaces/auto_aim_interfaces/msg/detail
[5.031s] -- Installing: /home/yuanluochen/code/arming/rm-vision/install/auto_aim_interfaces/include/auto_aim_interfaces/auto_aim_interfaces/msg/detail/armor__builder.hpp
[5.031s] -- Installing: /home/yuanluochen/code/arming/rm-vision/install/auto_aim_interfaces/include/auto_aim_interfaces/auto_aim_interfaces/msg/detail/armor__struct.hpp
[5.031s] -- Installing: /home/yuanluochen/code/arming/rm-vision/install/auto_aim_interfaces/include/auto_aim_interfaces/auto_aim_interfaces/msg/detail/armor__traits.hpp
[5.031s] -- Installing: /home/yuanluochen/code/arming/rm-vision/install/auto_aim_interfaces/include/auto_aim_interfaces/auto_aim_interfaces/msg/detail/armor__type_support.hpp
[5.032s] -- Installing: /home/yuanluochen/code/arming/rm-vision/install/auto_aim_interfaces/include/auto_aim_interfaces/auto_aim_interfaces/msg/detail/armors__builder.hpp
[5.032s] -- Installing: /home/yuanluochen/code/arming/rm-vision/install/auto_aim_interfaces/include/auto_aim_interfaces/auto_aim_interfaces/msg/detail/armors__struct.hpp
[5.032s] -- Installing: /home/yuanluochen/code/arming/rm-vision/install/auto_aim_interfaces/include/auto_aim_interfaces/auto_aim_interfaces/msg/detail/armors__traits.hpp
[5.032s] -- Installing: /home/yuanluochen/code/arming/rm-vision/install/auto_aim_interfaces/include/auto_aim_interfaces/auto_aim_interfaces/msg/detail/armors__type_support.hpp
[5.032s] -- Installing: /home/yuanluochen/code/arming/rm-vision/install/auto_aim_interfaces/include/auto_aim_interfaces/auto_aim_interfaces/msg/detail/target__builder.hpp
[5.032s] -- Installing: /home/yuanluochen/code/arming/rm-vision/install/auto_aim_interfaces/include/auto_aim_interfaces/auto_aim_interfaces/msg/detail/target__struct.hpp
[5.032s] -- Installing: /home/yuanluochen/code/arming/rm-vision/install/auto_aim_interfaces/include/auto_aim_interfaces/auto_aim_interfaces/msg/detail/target__traits.hpp
[5.032s] -- Installing: /home/yuanluochen/code/arming/rm-vision/install/auto_aim_interfaces/include/auto_aim_interfaces/auto_aim_interfaces/msg/detail/target__type_support.hpp
[5.032s] -- Installing: /home/yuanluochen/code/arming/rm-vision/install/auto_aim_interfaces/include/auto_aim_interfaces/auto_aim_interfaces/msg/detail/debug_light__builder.hpp
[5.032s] -- Installing: /home/yuanluochen/code/arming/rm-vision/install/auto_aim_interfaces/include/auto_aim_interfaces/auto_aim_interfaces/msg/detail/debug_light__struct.hpp
[5.032s] -- Installing: /home/yuanluochen/code/arming/rm-vision/install/auto_aim_interfaces/include/auto_aim_interfaces/auto_aim_interfaces/msg/detail/debug_light__traits.hpp
[5.032s] -- Installing: /home/yuanluochen/code/arming/rm-vision/install/auto_aim_interfaces/include/auto_aim_interfaces/auto_aim_interfaces/msg/detail/debug_light__type_support.hpp
[5.032s] -- Installing: /home/yuanluochen/code/arming/rm-vision/install/auto_aim_interfaces/include/auto_aim_interfaces/auto_aim_interfaces/msg/detail/debug_lights__builder.hpp
[5.032s] -- Installing: /home/yuanluochen/code/arming/rm-vision/install/auto_aim_interfaces/include/auto_aim_interfaces/auto_aim_interfaces/msg/detail/debug_lights__struct.hpp
[5.032s] -- Installing: /home/yuanluochen/code/arming/rm-vision/install/auto_aim_interfaces/include/auto_aim_interfaces/auto_aim_interfaces/msg/detail/debug_lights__traits.hpp
[5.032s] -- Installing: /home/yuanluochen/code/arming/rm-vision/install/auto_aim_interfaces/include/auto_aim_interfaces/auto_aim_interfaces/msg/detail/debug_lights__type_support.hpp
[5.032s] -- Installing: /home/yuanluochen/code/arming/rm-vision/install/auto_aim_interfaces/include/auto_aim_interfaces/auto_aim_interfaces/msg/detail/debug_armor__builder.hpp
[5.032s] -- Installing: /home/yuanluochen/code/arming/rm-vision/install/auto_aim_interfaces/include/auto_aim_interfaces/auto_aim_interfaces/msg/detail/debug_armor__struct.hpp
[5.032s] -- Installing: /home/yuanluochen/code/arming/rm-vision/install/auto_aim_interfaces/include/auto_aim_interfaces/auto_aim_interfaces/msg/detail/debug_armor__traits.hpp
[5.032s] -- Installing: /home/yuanluochen/code/arming/rm-vision/install/auto_aim_interfaces/include/auto_aim_interfaces/auto_aim_interfaces/msg/detail/debug_armor__type_support.hpp
[5.032s] -- Installing: /home/yuanluochen/code/arming/rm-vision/install/auto_aim_interfaces/include/auto_aim_interfaces/auto_aim_interfaces/msg/detail/debug_armors__builder.hpp
[5.033s] -- Installing: /home/yuanluochen/code/arming/rm-vision/install/auto_aim_interfaces/include/auto_aim_interfaces/auto_aim_interfaces/msg/detail/debug_armors__struct.hpp
[5.033s] -- Installing: /home/yuanluochen/code/arming/rm-vision/install/auto_aim_interfaces/include/auto_aim_interfaces/auto_aim_interfaces/msg/detail/debug_armors__traits.hpp
[5.033s] -- Installing: /home/yuanluochen/code/arming/rm-vision/install/auto_aim_interfaces/include/auto_aim_interfaces/auto_aim_interfaces/msg/detail/debug_armors__type_support.hpp
[5.033s] -- Installing: /home/yuanluochen/code/arming/rm-vision/install/auto_aim_interfaces/include/auto_aim_interfaces/auto_aim_interfaces/msg/detail/tracker_info__builder.hpp
[5.033s] -- Installing: /home/yuanluochen/code/arming/rm-vision/install/auto_aim_interfaces/include/auto_aim_interfaces/auto_aim_interfaces/msg/detail/tracker_info__struct.hpp
[5.033s] -- Installing: /home/yuanluochen/code/arming/rm-vision/install/auto_aim_interfaces/include/auto_aim_interfaces/auto_aim_interfaces/msg/detail/tracker_info__traits.hpp
[5.033s] -- Installing: /home/yuanluochen/code/arming/rm-vision/install/auto_aim_interfaces/include/auto_aim_interfaces/auto_aim_interfaces/msg/detail/tracker_info__type_support.hpp
[5.033s] -- Installing: /home/yuanluochen/code/arming/rm-vision/install/auto_aim_interfaces/include/auto_aim_interfaces/auto_aim_interfaces/msg/armors.hpp
[5.033s] -- Installing: /home/yuanluochen/code/arming/rm-vision/install/auto_aim_interfaces/include/auto_aim_interfaces/auto_aim_interfaces/msg/target.hpp
[5.033s] -- Installing: /home/yuanluochen/code/arming/rm-vision/install/auto_aim_interfaces/include/auto_aim_interfaces/auto_aim_interfaces/msg/debug_light.hpp
[5.033s] -- Installing: /home/yuanluochen/code/arming/rm-vision/install/auto_aim_interfaces/include/auto_aim_interfaces/auto_aim_interfaces/msg/debug_lights.hpp
[5.033s] -- Installing: /home/yuanluochen/code/arming/rm-vision/install/auto_aim_interfaces/include/auto_aim_interfaces/auto_aim_interfaces/msg/debug_armor.hpp
[5.033s] -- Installing: /home/yuanluochen/code/arming/rm-vision/install/auto_aim_interfaces/include/auto_aim_interfaces/auto_aim_interfaces/msg/debug_armors.hpp
[5.033s] -- Installing: /home/yuanluochen/code/arming/rm-vision/install/auto_aim_interfaces/include/auto_aim_interfaces/auto_aim_interfaces/msg/tracker_info.hpp
[5.033s] -- Up-to-date: /home/yuanluochen/code/arming/rm-vision/install/auto_aim_interfaces/include/auto_aim_interfaces/auto_aim_interfaces
[5.033s] -- Up-to-date: /home/yuanluochen/code/arming/rm-vision/install/auto_aim_interfaces/include/auto_aim_interfaces/auto_aim_interfaces/msg
[5.033s] -- Installing: /home/yuanluochen/code/arming/rm-vision/install/auto_aim_interfaces/include/auto_aim_interfaces/auto_aim_interfaces/msg/rosidl_typesupport_fastrtps_cpp__visibility_control.h
[5.033s] -- Up-to-date: /home/yuanluochen/code/arming/rm-vision/install/auto_aim_interfaces/include/auto_aim_interfaces/auto_aim_interfaces/msg/detail
[5.033s] -- Installing: /home/yuanluochen/code/arming/rm-vision/install/auto_aim_interfaces/include/auto_aim_interfaces/auto_aim_interfaces/msg/detail/armor__rosidl_typesupport_fastrtps_cpp.hpp
[5.033s] -- Installing: /home/yuanluochen/code/arming/rm-vision/install/auto_aim_interfaces/include/auto_aim_interfaces/auto_aim_interfaces/msg/detail/dds_fastrtps
[5.034s] -- Installing: /home/yuanluochen/code/arming/rm-vision/install/auto_aim_interfaces/include/auto_aim_interfaces/auto_aim_interfaces/msg/detail/armors__rosidl_typesupport_fastrtps_cpp.hpp
[5.034s] -- Installing: /home/yuanluochen/code/arming/rm-vision/install/auto_aim_interfaces/include/auto_aim_interfaces/auto_aim_interfaces/msg/detail/target__rosidl_typesupport_fastrtps_cpp.hpp
[5.034s] -- Installing: /home/yuanluochen/code/arming/rm-vision/install/auto_aim_interfaces/include/auto_aim_interfaces/auto_aim_interfaces/msg/detail/debug_light__rosidl_typesupport_fastrtps_cpp.hpp
[5.034s] -- Installing: /home/yuanluochen/code/arming/rm-vision/install/auto_aim_interfaces/include/auto_aim_interfaces/auto_aim_interfaces/msg/detail/debug_lights__rosidl_typesupport_fastrtps_cpp.hpp
[5.034s] -- Installing: /home/yuanluochen/code/arming/rm-vision/install/auto_aim_interfaces/include/auto_aim_interfaces/auto_aim_interfaces/msg/detail/debug_armor__rosidl_typesupport_fastrtps_cpp.hpp
[5.034s] -- Installing: /home/yuanluochen/code/arming/rm-vision/install/auto_aim_interfaces/include/auto_aim_interfaces/auto_aim_interfaces/msg/detail/debug_armors__rosidl_typesupport_fastrtps_cpp.hpp
[5.034s] -- Installing: /home/yuanluochen/code/arming/rm-vision/install/auto_aim_interfaces/include/auto_aim_interfaces/auto_aim_interfaces/msg/detail/tracker_info__rosidl_typesupport_fastrtps_cpp.hpp
[5.034s] -- Installing: /home/yuanluochen/code/arming/rm-vision/install/auto_aim_interfaces/lib/libauto_aim_interfaces__rosidl_typesupport_fastrtps_cpp.so
[5.034s] -- Set runtime path of "/home/yuanluochen/code/arming/rm-vision/install/auto_aim_interfaces/lib/libauto_aim_interfaces__rosidl_typesupport_fastrtps_cpp.so" to ""
[5.034s] -- Up-to-date: /home/yuanluochen/code/arming/rm-vision/install/auto_aim_interfaces/include/auto_aim_interfaces/auto_aim_interfaces
[5.034s] -- Up-to-date: /home/yuanluochen/code/arming/rm-vision/install/auto_aim_interfaces/include/auto_aim_interfaces/auto_aim_interfaces/msg
[5.035s] -- Up-to-date: /home/yuanluochen/code/arming/rm-vision/install/auto_aim_interfaces/include/auto_aim_interfaces/auto_aim_interfaces/msg/detail
[5.035s] -- Installing: /home/yuanluochen/code/arming/rm-vision/install/auto_aim_interfaces/include/auto_aim_interfaces/auto_aim_interfaces/msg/detail/armor__rosidl_typesupport_introspection_cpp.hpp
[5.035s] -- Installing: /home/yuanluochen/code/arming/rm-vision/install/auto_aim_interfaces/include/auto_aim_interfaces/auto_aim_interfaces/msg/detail/armor__type_support.cpp
[5.035s] -- Installing: /home/yuanluochen/code/arming/rm-vision/install/auto_aim_interfaces/include/auto_aim_interfaces/auto_aim_interfaces/msg/detail/armors__rosidl_typesupport_introspection_cpp.hpp
[5.035s] -- Installing: /home/yuanluochen/code/arming/rm-vision/install/auto_aim_interfaces/include/auto_aim_interfaces/auto_aim_interfaces/msg/detail/armors__type_support.cpp
[5.035s] -- Installing: /home/yuanluochen/code/arming/rm-vision/install/auto_aim_interfaces/include/auto_aim_interfaces/auto_aim_interfaces/msg/detail/target__rosidl_typesupport_introspection_cpp.hpp
[5.035s] -- Installing: /home/yuanluochen/code/arming/rm-vision/install/auto_aim_interfaces/include/auto_aim_interfaces/auto_aim_interfaces/msg/detail/target__type_support.cpp
[5.035s] -- Installing: /home/yuanluochen/code/arming/rm-vision/install/auto_aim_interfaces/include/auto_aim_interfaces/auto_aim_interfaces/msg/detail/debug_light__rosidl_typesupport_introspection_cpp.hpp
[5.035s] -- Installing: /home/yuanluochen/code/arming/rm-vision/install/auto_aim_interfaces/include/auto_aim_interfaces/auto_aim_interfaces/msg/detail/debug_light__type_support.cpp
[5.035s] -- Installing: /home/yuanluochen/code/arming/rm-vision/install/auto_aim_interfaces/include/auto_aim_interfaces/auto_aim_interfaces/msg/detail/debug_lights__rosidl_typesupport_introspection_cpp.hpp
[5.035s] -- Installing: /home/yuanluochen/code/arming/rm-vision/install/auto_aim_interfaces/include/auto_aim_interfaces/auto_aim_interfaces/msg/detail/debug_lights__type_support.cpp
[5.035s] -- Installing: /home/yuanluochen/code/arming/rm-vision/install/auto_aim_interfaces/include/auto_aim_interfaces/auto_aim_interfaces/msg/detail/debug_armor__rosidl_typesupport_introspection_cpp.hpp
[5.035s] -- Installing: /home/yuanluochen/code/arming/rm-vision/install/auto_aim_interfaces/include/auto_aim_interfaces/auto_aim_interfaces/msg/detail/debug_armor__type_support.cpp
[5.035s] -- Installing: /home/yuanluochen/code/arming/rm-vision/install/auto_aim_interfaces/include/auto_aim_interfaces/auto_aim_interfaces/msg/detail/debug_armors__rosidl_typesupport_introspection_cpp.hpp
[5.035s] -- Installing: /home/yuanluochen/code/arming/rm-vision/install/auto_aim_interfaces/include/auto_aim_interfaces/auto_aim_interfaces/msg/detail/debug_armors__type_support.cpp
[5.035s] -- Installing: /home/yuanluochen/code/arming/rm-vision/install/auto_aim_interfaces/include/auto_aim_interfaces/auto_aim_interfaces/msg/detail/tracker_info__rosidl_typesupport_introspection_cpp.hpp
[5.035s] -- Installing: /home/yuanluochen/code/arming/rm-vision/install/auto_aim_interfaces/include/auto_aim_interfaces/auto_aim_interfaces/msg/detail/tracker_info__type_support.cpp
[5.035s] -- Installing: /home/yuanluochen/code/arming/rm-vision/install/auto_aim_interfaces/lib/libauto_aim_interfaces__rosidl_typesupport_introspection_cpp.so
[5.036s] -- Set runtime path of "/home/yuanluochen/code/arming/rm-vision/install/auto_aim_interfaces/lib/libauto_aim_interfaces__rosidl_typesupport_introspection_cpp.so" to ""
[5.036s] -- Installing: /home/yuanluochen/code/arming/rm-vision/install/auto_aim_interfaces/lib/libauto_aim_interfaces__rosidl_typesupport_cpp.so
[5.036s] -- Set runtime path of "/home/yuanluochen/code/arming/rm-vision/install/auto_aim_interfaces/lib/libauto_aim_interfaces__rosidl_typesupport_cpp.so" to ""
[5.036s] -- Installing: /home/yuanluochen/code/arming/rm-vision/install/auto_aim_interfaces/share/auto_aim_interfaces/environment/pythonpath.sh
[5.036s] -- Installing: /home/yuanluochen/code/arming/rm-vision/install/auto_aim_interfaces/share/auto_aim_interfaces/environment/pythonpath.dsv
[5.036s] -- Installing: /home/yuanluochen/code/arming/rm-vision/install/auto_aim_interfaces/local/lib/python3.10/dist-packages/auto_aim_interfaces-0.0.0-py3.10.egg-info
[5.036s] -- Installing: /home/yuanluochen/code/arming/rm-vision/install/auto_aim_interfaces/local/lib/python3.10/dist-packages/auto_aim_interfaces-0.0.0-py3.10.egg-info/PKG-INFO
[5.037s] -- Installing: /home/yuanluochen/code/arming/rm-vision/install/auto_aim_interfaces/local/lib/python3.10/dist-packages/auto_aim_interfaces-0.0.0-py3.10.egg-info/dependency_links.txt
[5.037s] -- Installing: /home/yuanluochen/code/arming/rm-vision/install/auto_aim_interfaces/local/lib/python3.10/dist-packages/auto_aim_interfaces-0.0.0-py3.10.egg-info/top_level.txt
[5.037s] -- Installing: /home/yuanluochen/code/arming/rm-vision/install/auto_aim_interfaces/local/lib/python3.10/dist-packages/auto_aim_interfaces-0.0.0-py3.10.egg-info/SOURCES.txt
[5.037s] -- Installing: /home/yuanluochen/code/arming/rm-vision/install/auto_aim_interfaces/local/lib/python3.10/dist-packages/auto_aim_interfaces
[5.037s] -- Installing: /home/yuanluochen/code/arming/rm-vision/install/auto_aim_interfaces/local/lib/python3.10/dist-packages/auto_aim_interfaces/__init__.py
[5.037s] -- Installing: /home/yuanluochen/code/arming/rm-vision/install/auto_aim_interfaces/local/lib/python3.10/dist-packages/auto_aim_interfaces/msg
[5.037s] -- Installing: /home/yuanluochen/code/arming/rm-vision/install/auto_aim_interfaces/local/lib/python3.10/dist-packages/auto_aim_interfaces/msg/_armor.py
[5.037s] -- Installing: /home/yuanluochen/code/arming/rm-vision/install/auto_aim_interfaces/local/lib/python3.10/dist-packages/auto_aim_interfaces/msg/_armor_s.c
[5.037s] -- Installing: /home/yuanluochen/code/arming/rm-vision/install/auto_aim_interfaces/local/lib/python3.10/dist-packages/auto_aim_interfaces/msg/_armors.py
[5.037s] -- Installing: /home/yuanluochen/code/arming/rm-vision/install/auto_aim_interfaces/local/lib/python3.10/dist-packages/auto_aim_interfaces/msg/_armors_s.c
[5.037s] -- Installing: /home/yuanluochen/code/arming/rm-vision/install/auto_aim_interfaces/local/lib/python3.10/dist-packages/auto_aim_interfaces/msg/_target.py
[5.037s] -- Installing: /home/yuanluochen/code/arming/rm-vision/install/auto_aim_interfaces/local/lib/python3.10/dist-packages/auto_aim_interfaces/msg/_target_s.c
[5.037s] -- Installing: /home/yuanluochen/code/arming/rm-vision/install/auto_aim_interfaces/local/lib/python3.10/dist-packages/auto_aim_interfaces/msg/_debug_light.py
[5.037s] -- Installing: /home/yuanluochen/code/arming/rm-vision/install/auto_aim_interfaces/local/lib/python3.10/dist-packages/auto_aim_interfaces/msg/_debug_light_s.c
[5.038s] -- Installing: /home/yuanluochen/code/arming/rm-vision/install/auto_aim_interfaces/local/lib/python3.10/dist-packages/auto_aim_interfaces/msg/_debug_lights.py
[5.038s] -- Installing: /home/yuanluochen/code/arming/rm-vision/install/auto_aim_interfaces/local/lib/python3.10/dist-packages/auto_aim_interfaces/msg/_debug_lights_s.c
[5.038s] -- Installing: /home/yuanluochen/code/arming/rm-vision/install/auto_aim_interfaces/local/lib/python3.10/dist-packages/auto_aim_interfaces/msg/_debug_armor.py
[5.038s] -- Installing: /home/yuanluochen/code/arming/rm-vision/install/auto_aim_interfaces/local/lib/python3.10/dist-packages/auto_aim_interfaces/msg/_debug_armor_s.c
[5.038s] -- Installing: /home/yuanluochen/code/arming/rm-vision/install/auto_aim_interfaces/local/lib/python3.10/dist-packages/auto_aim_interfaces/msg/_debug_armors.py
[5.038s] -- Installing: /home/yuanluochen/code/arming/rm-vision/install/auto_aim_interfaces/local/lib/python3.10/dist-packages/auto_aim_interfaces/msg/_debug_armors_s.c
[5.038s] -- Installing: /home/yuanluochen/code/arming/rm-vision/install/auto_aim_interfaces/local/lib/python3.10/dist-packages/auto_aim_interfaces/msg/_tracker_info.py
[5.039s] -- Installing: /home/yuanluochen/code/arming/rm-vision/install/auto_aim_interfaces/local/lib/python3.10/dist-packages/auto_aim_interfaces/msg/_tracker_info_s.c
[5.039s] -- Installing: /home/yuanluochen/code/arming/rm-vision/install/auto_aim_interfaces/local/lib/python3.10/dist-packages/auto_aim_interfaces/msg/__init__.py
[5.039s] -- Installing: /home/yuanluochen/code/arming/rm-vision/install/auto_aim_interfaces/local/lib/python3.10/dist-packages/auto_aim_interfaces/_auto_aim_interfaces_s.ep.rosidl_typesupport_fastrtps_c.c
[5.039s] -- Installing: /home/yuanluochen/code/arming/rm-vision/install/auto_aim_interfaces/local/lib/python3.10/dist-packages/auto_aim_interfaces/_auto_aim_interfaces_s.ep.rosidl_typesupport_introspection_c.c
[5.039s] -- Installing: /home/yuanluochen/code/arming/rm-vision/install/auto_aim_interfaces/local/lib/python3.10/dist-packages/auto_aim_interfaces/_auto_aim_interfaces_s.ep.rosidl_typesupport_c.c
[5.039s] -- Installing: /home/yuanluochen/code/arming/rm-vision/install/auto_aim_interfaces/local/lib/python3.10/dist-packages/auto_aim_interfaces/libauto_aim_interfaces__rosidl_generator_py.so
[5.040s] -- Installing: /home/yuanluochen/code/arming/rm-vision/install/auto_aim_interfaces/local/lib/python3.10/dist-packages/auto_aim_interfaces/auto_aim_interfaces_s__rosidl_typesupport_introspection_c.cpython-310-x86_64-linux-gnu.so
[5.040s] -- Installing: /home/yuanluochen/code/arming/rm-vision/install/auto_aim_interfaces/local/lib/python3.10/dist-packages/auto_aim_interfaces/auto_aim_interfaces_s__rosidl_typesupport_c.cpython-310-x86_64-linux-gnu.so
[5.040s] -- Installing: /home/yuanluochen/code/arming/rm-vision/install/auto_aim_interfaces/local/lib/python3.10/dist-packages/auto_aim_interfaces/auto_aim_interfaces_s__rosidl_typesupport_fastrtps_c.cpython-310-x86_64-linux-gnu.so
[5.070s] Listing '/home/yuanluochen/code/arming/rm-vision/install/auto_aim_interfaces/local/lib/python3.10/dist-packages/auto_aim_interfaces'...
[5.070s] Compiling '/home/yuanluochen/code/arming/rm-vision/install/auto_aim_interfaces/local/lib/python3.10/dist-packages/auto_aim_interfaces/__init__.py'...
[5.070s] Listing '/home/yuanluochen/code/arming/rm-vision/install/auto_aim_interfaces/local/lib/python3.10/dist-packages/auto_aim_interfaces/msg'...
[5.070s] Compiling '/home/yuanluochen/code/arming/rm-vision/install/auto_aim_interfaces/local/lib/python3.10/dist-packages/auto_aim_interfaces/msg/__init__.py'...
[5.070s] Compiling '/home/yuanluochen/code/arming/rm-vision/install/auto_aim_interfaces/local/lib/python3.10/dist-packages/auto_aim_interfaces/msg/_armor.py'...
[5.070s] Compiling '/home/yuanluochen/code/arming/rm-vision/install/auto_aim_interfaces/local/lib/python3.10/dist-packages/auto_aim_interfaces/msg/_armors.py'...
[5.070s] Compiling '/home/yuanluochen/code/arming/rm-vision/install/auto_aim_interfaces/local/lib/python3.10/dist-packages/auto_aim_interfaces/msg/_debug_armor.py'...
[5.070s] Compiling '/home/yuanluochen/code/arming/rm-vision/install/auto_aim_interfaces/local/lib/python3.10/dist-packages/auto_aim_interfaces/msg/_debug_armors.py'...
[5.070s] Compiling '/home/yuanluochen/code/arming/rm-vision/install/auto_aim_interfaces/local/lib/python3.10/dist-packages/auto_aim_interfaces/msg/_debug_light.py'...
[5.070s] Compiling '/home/yuanluochen/code/arming/rm-vision/install/auto_aim_interfaces/local/lib/python3.10/dist-packages/auto_aim_interfaces/msg/_debug_lights.py'...
[5.070s] Compiling '/home/yuanluochen/code/arming/rm-vision/install/auto_aim_interfaces/local/lib/python3.10/dist-packages/auto_aim_interfaces/msg/_target.py'...
[5.070s] Compiling '/home/yuanluochen/code/arming/rm-vision/install/auto_aim_interfaces/local/lib/python3.10/dist-packages/auto_aim_interfaces/msg/_tracker_info.py'...
[5.075s] -- Installing: /home/yuanluochen/code/arming/rm-vision/install/auto_aim_interfaces/local/lib/python3.10/dist-packages/auto_aim_interfaces/auto_aim_interfaces_s__rosidl_typesupport_fastrtps_c.cpython-310-x86_64-linux-gnu.so
[5.075s] -- Set runtime path of "/home/yuanluochen/code/arming/rm-vision/install/auto_aim_interfaces/local/lib/python3.10/dist-packages/auto_aim_interfaces/auto_aim_interfaces_s__rosidl_typesupport_fastrtps_c.cpython-310-x86_64-linux-gnu.so" to ""
[5.075s] -- Installing: /home/yuanluochen/code/arming/rm-vision/install/auto_aim_interfaces/local/lib/python3.10/dist-packages/auto_aim_interfaces/auto_aim_interfaces_s__rosidl_typesupport_introspection_c.cpython-310-x86_64-linux-gnu.so
[5.076s] -- Set runtime path of "/home/yuanluochen/code/arming/rm-vision/install/auto_aim_interfaces/local/lib/python3.10/dist-packages/auto_aim_interfaces/auto_aim_interfaces_s__rosidl_typesupport_introspection_c.cpython-310-x86_64-linux-gnu.so" to ""
[5.076s] -- Installing: /home/yuanluochen/code/arming/rm-vision/install/auto_aim_interfaces/local/lib/python3.10/dist-packages/auto_aim_interfaces/auto_aim_interfaces_s__rosidl_typesupport_c.cpython-310-x86_64-linux-gnu.so
[5.076s] -- Set runtime path of "/home/yuanluochen/code/arming/rm-vision/install/auto_aim_interfaces/local/lib/python3.10/dist-packages/auto_aim_interfaces/auto_aim_interfaces_s__rosidl_typesupport_c.cpython-310-x86_64-linux-gnu.so" to ""
[5.076s] -- Installing: /home/yuanluochen/code/arming/rm-vision/install/auto_aim_interfaces/lib/libauto_aim_interfaces__rosidl_generator_py.so
[5.076s] -- Set runtime path of "/home/yuanluochen/code/arming/rm-vision/install/auto_aim_interfaces/lib/libauto_aim_interfaces__rosidl_generator_py.so" to ""
[5.076s] -- Installing: /home/yuanluochen/code/arming/rm-vision/install/auto_aim_interfaces/share/auto_aim_interfaces/msg/Armor.idl
[5.077s] -- Installing: /home/yuanluochen/code/arming/rm-vision/install/auto_aim_interfaces/share/auto_aim_interfaces/msg/Armors.idl
[5.077s] -- Installing: /home/yuanluochen/code/arming/rm-vision/install/auto_aim_interfaces/share/auto_aim_interfaces/msg/Target.idl
[5.077s] -- Installing: /home/yuanluochen/code/arming/rm-vision/install/auto_aim_interfaces/share/auto_aim_interfaces/msg/DebugLight.idl
[5.077s] -- Installing: /home/yuanluochen/code/arming/rm-vision/install/auto_aim_interfaces/share/auto_aim_interfaces/msg/DebugLights.idl
[5.077s] -- Installing: /home/yuanluochen/code/arming/rm-vision/install/auto_aim_interfaces/share/auto_aim_interfaces/msg/DebugArmor.idl
[5.077s] -- Installing: /home/yuanluochen/code/arming/rm-vision/install/auto_aim_interfaces/share/auto_aim_interfaces/msg/DebugArmors.idl
[5.077s] -- Installing: /home/yuanluochen/code/arming/rm-vision/install/auto_aim_interfaces/share/auto_aim_interfaces/msg/TrackerInfo.idl
[5.077s] -- Installing: /home/yuanluochen/code/arming/rm-vision/install/auto_aim_interfaces/share/auto_aim_interfaces/msg/Armor.msg
[5.077s] -- Installing: /home/yuanluochen/code/arming/rm-vision/install/auto_aim_interfaces/share/auto_aim_interfaces/msg/Armors.msg
[5.077s] -- Installing: /home/yuanluochen/code/arming/rm-vision/install/auto_aim_interfaces/share/auto_aim_interfaces/msg/Target.msg
[5.077s] -- Installing: /home/yuanluochen/code/arming/rm-vision/install/auto_aim_interfaces/share/auto_aim_interfaces/msg/DebugLight.msg
[5.077s] -- Installing: /home/yuanluochen/code/arming/rm-vision/install/auto_aim_interfaces/share/auto_aim_interfaces/msg/DebugLights.msg
[5.077s] -- Installing: /home/yuanluochen/code/arming/rm-vision/install/auto_aim_interfaces/share/auto_aim_interfaces/msg/DebugArmor.msg
[5.077s] -- Installing: /home/yuanluochen/code/arming/rm-vision/install/auto_aim_interfaces/share/auto_aim_interfaces/msg/DebugArmors.msg
[5.077s] -- Installing: /home/yuanluochen/code/arming/rm-vision/install/auto_aim_interfaces/share/auto_aim_interfaces/msg/TrackerInfo.msg
[5.078s] -- Installing: /home/yuanluochen/code/arming/rm-vision/install/auto_aim_interfaces/share/ament_index/resource_index/package_run_dependencies/auto_aim_interfaces
[5.078s] -- Installing: /home/yuanluochen/code/arming/rm-vision/install/auto_aim_interfaces/share/ament_index/resource_index/parent_prefix_path/auto_aim_interfaces
[5.078s] -- Installing: /home/yuanluochen/code/arming/rm-vision/install/auto_aim_interfaces/share/auto_aim_interfaces/environment/ament_prefix_path.sh
[5.078s] -- Installing: /home/yuanluochen/code/arming/rm-vision/install/auto_aim_interfaces/share/auto_aim_interfaces/environment/ament_prefix_path.dsv
[5.078s] -- Installing: /home/yuanluochen/code/arming/rm-vision/install/auto_aim_interfaces/share/auto_aim_interfaces/environment/path.sh
[5.078s] -- Installing: /home/yuanluochen/code/arming/rm-vision/install/auto_aim_interfaces/share/auto_aim_interfaces/environment/path.dsv
[5.078s] -- Installing: /home/yuanluochen/code/arming/rm-vision/install/auto_aim_interfaces/share/auto_aim_interfaces/local_setup.bash
[5.078s] -- Installing: /home/yuanluochen/code/arming/rm-vision/install/auto_aim_interfaces/share/auto_aim_interfaces/local_setup.sh
[5.078s] -- Installing: /home/yuanluochen/code/arming/rm-vision/install/auto_aim_interfaces/share/auto_aim_interfaces/local_setup.zsh
[5.078s] -- Installing: /home/yuanluochen/code/arming/rm-vision/install/auto_aim_interfaces/share/auto_aim_interfaces/local_setup.dsv
[5.078s] -- Installing: /home/yuanluochen/code/arming/rm-vision/install/auto_aim_interfaces/share/auto_aim_interfaces/package.dsv
[5.078s] -- Installing: /home/yuanluochen/code/arming/rm-vision/install/auto_aim_interfaces/share/ament_index/resource_index/packages/auto_aim_interfaces
[5.078s] -- Installing: /home/yuanluochen/code/arming/rm-vision/install/auto_aim_interfaces/share/auto_aim_interfaces/cmake/export_auto_aim_interfaces__rosidl_generator_cExport.cmake
[5.079s] -- Installing: /home/yuanluochen/code/arming/rm-vision/install/auto_aim_interfaces/share/auto_aim_interfaces/cmake/export_auto_aim_interfaces__rosidl_generator_cExport-noconfig.cmake
[5.079s] -- Installing: /home/yuanluochen/code/arming/rm-vision/install/auto_aim_interfaces/share/auto_aim_interfaces/cmake/export_auto_aim_interfaces__rosidl_typesupport_fastrtps_cExport.cmake
[5.079s] -- Installing: /home/yuanluochen/code/arming/rm-vision/install/auto_aim_interfaces/share/auto_aim_interfaces/cmake/export_auto_aim_interfaces__rosidl_typesupport_fastrtps_cExport-noconfig.cmake
[5.079s] -- Installing: /home/yuanluochen/code/arming/rm-vision/install/auto_aim_interfaces/share/auto_aim_interfaces/cmake/auto_aim_interfaces__rosidl_typesupport_introspection_cExport.cmake
[5.079s] -- Installing: /home/yuanluochen/code/arming/rm-vision/install/auto_aim_interfaces/share/auto_aim_interfaces/cmake/auto_aim_interfaces__rosidl_typesupport_introspection_cExport-noconfig.cmake
[5.079s] -- Installing: /home/yuanluochen/code/arming/rm-vision/install/auto_aim_interfaces/share/auto_aim_interfaces/cmake/auto_aim_interfaces__rosidl_typesupport_cExport.cmake
[5.079s] -- Installing: /home/yuanluochen/code/arming/rm-vision/install/auto_aim_interfaces/share/auto_aim_interfaces/cmake/auto_aim_interfaces__rosidl_typesupport_cExport-noconfig.cmake
[5.079s] -- Installing: /home/yuanluochen/code/arming/rm-vision/install/auto_aim_interfaces/share/auto_aim_interfaces/cmake/export_auto_aim_interfaces__rosidl_generator_cppExport.cmake
[5.079s] -- Installing: /home/yuanluochen/code/arming/rm-vision/install/auto_aim_interfaces/share/auto_aim_interfaces/cmake/export_auto_aim_interfaces__rosidl_typesupport_fastrtps_cppExport.cmake
[5.079s] -- Installing: /home/yuanluochen/code/arming/rm-vision/install/auto_aim_interfaces/share/auto_aim_interfaces/cmake/export_auto_aim_interfaces__rosidl_typesupport_fastrtps_cppExport-noconfig.cmake
[5.079s] -- Installing: /home/yuanluochen/code/arming/rm-vision/install/auto_aim_interfaces/share/auto_aim_interfaces/cmake/auto_aim_interfaces__rosidl_typesupport_introspection_cppExport.cmake
[5.079s] -- Installing: /home/yuanluochen/code/arming/rm-vision/install/auto_aim_interfaces/share/auto_aim_interfaces/cmake/auto_aim_interfaces__rosidl_typesupport_introspection_cppExport-noconfig.cmake
[5.079s] -- Installing: /home/yuanluochen/code/arming/rm-vision/install/auto_aim_interfaces/share/auto_aim_interfaces/cmake/auto_aim_interfaces__rosidl_typesupport_cppExport.cmake
[5.079s] -- Installing: /home/yuanluochen/code/arming/rm-vision/install/auto_aim_interfaces/share/auto_aim_interfaces/cmake/auto_aim_interfaces__rosidl_typesupport_cppExport-noconfig.cmake
[5.080s] -- Installing: /home/yuanluochen/code/arming/rm-vision/install/auto_aim_interfaces/share/auto_aim_interfaces/cmake/export_auto_aim_interfaces__rosidl_generator_pyExport.cmake
[5.080s] -- Installing: /home/yuanluochen/code/arming/rm-vision/install/auto_aim_interfaces/share/auto_aim_interfaces/cmake/export_auto_aim_interfaces__rosidl_generator_pyExport-noconfig.cmake
[5.080s] -- Installing: /home/yuanluochen/code/arming/rm-vision/install/auto_aim_interfaces/share/auto_aim_interfaces/cmake/rosidl_cmake-extras.cmake
[5.080s] -- Installing: /home/yuanluochen/code/arming/rm-vision/install/auto_aim_interfaces/share/auto_aim_interfaces/cmake/ament_cmake_export_dependencies-extras.cmake
[5.080s] -- Installing: /home/yuanluochen/code/arming/rm-vision/install/auto_aim_interfaces/share/auto_aim_interfaces/cmake/ament_cmake_export_include_directories-extras.cmake
[5.080s] -- Installing: /home/yuanluochen/code/arming/rm-vision/install/auto_aim_interfaces/share/auto_aim_interfaces/cmake/ament_cmake_export_libraries-extras.cmake
[5.080s] -- Installing: /home/yuanluochen/code/arming/rm-vision/install/auto_aim_interfaces/share/auto_aim_interfaces/cmake/ament_cmake_export_targets-extras.cmake
[5.080s] -- Installing: /home/yuanluochen/code/arming/rm-vision/install/auto_aim_interfaces/share/auto_aim_interfaces/cmake/rosidl_cmake_export_typesupport_targets-extras.cmake
[5.080s] -- Installing: /home/yuanluochen/code/arming/rm-vision/install/auto_aim_interfaces/share/auto_aim_interfaces/cmake/rosidl_cmake_export_typesupport_libraries-extras.cmake
[5.080s] -- Installing: /home/yuanluochen/code/arming/rm-vision/install/auto_aim_interfaces/share/auto_aim_interfaces/cmake/auto_aim_interfacesConfig.cmake
[5.080s] -- Installing: /home/yuanluochen/code/arming/rm-vision/install/auto_aim_interfaces/share/auto_aim_interfaces/cmake/auto_aim_interfacesConfig-version.cmake
[5.080s] -- Installing: /home/yuanluochen/code/arming/rm-vision/install/auto_aim_interfaces/share/auto_aim_interfaces/package.xml
[5.083s] Invoked command in '/home/yuanluochen/code/arming/rm-vision/build/auto_aim_interfaces' returned '0': CMAKE_PREFIX_PATH=/opt/ros/humble /usr/bin/cmake --install /home/yuanluochen/code/arming/rm-vision/build/auto_aim_interfaces
