[0.009s] Invoking command in '/home/yuanluochen/code/arming/rm-vision/build/hik_camera': CMAKE_PREFIX_PATH=/opt/ros/humble /usr/bin/cmake /home/yuanluochen/code/arming/rm-vision/src/ros2_hik_camera-main -DCMAKE_INSTALL_PREFIX=/home/yuanluochen/code/arming/rm-vision/install/hik_camera
[0.062s] -- The C compiler identification is GNU 11.4.0
[0.103s] -- The CXX compiler identification is GNU 11.4.0
[0.110s] -- Detecting C compiler ABI info
[0.159s] -- Detecting C compiler ABI info - done
[0.164s] -- Check for working C compiler: /usr/bin/cc - skipped
[0.164s] -- Detecting C compile features
[0.165s] -- Detecting C compile features - done
[0.167s] -- Detecting CXX compiler ABI info
[0.224s] -- Detecting CXX compiler ABI info - done
[0.230s] -- Check for working CXX compiler: /usr/bin/c++ - skipped
[0.230s] -- Detecting CXX compile features
[0.231s] -- Detecting CXX compile features - done
[0.236s] -- Found ament_cmake_auto: 1.3.11 (/opt/ros/humble/share/ament_cmake_auto/cmake)
[0.343s] -- Found Python3: /usr/bin/python3 (found version "3.10.12") found components: Interpreter 
[0.480s] -- Found rosidl_generator_c: 3.1.6 (/opt/ros/humble/share/rosidl_generator_c/cmake)
[0.483s] -- Found rosidl_adapter: 3.1.6 (/opt/ros/humble/share/rosidl_adapter/cmake)
[0.488s] -- Found rosidl_generator_cpp: 3.1.6 (/opt/ros/humble/share/rosidl_generator_cpp/cmake)
[0.495s] -- Using all available rosidl_typesupport_c: rosidl_typesupport_fastrtps_c;rosidl_typesupport_introspection_c
[0.506s] -- Using all available rosidl_typesupport_cpp: rosidl_typesupport_fastrtps_cpp;rosidl_typesupport_introspection_cpp
[0.541s] -- Found rmw_implementation_cmake: 6.1.2 (/opt/ros/humble/share/rmw_implementation_cmake/cmake)
[0.543s] -- Found rmw_fastrtps_cpp: 6.2.7 (/opt/ros/humble/share/rmw_fastrtps_cpp/cmake)
[0.613s] -- Found OpenSSL: /usr/lib/x86_64-linux-gnu/libcrypto.so (found version "3.0.2")  
[0.634s] -- Found FastRTPS: /opt/ros/humble/include  
[0.664s] -- Using RMW implementation 'rmw_fastrtps_cpp' as default
[0.670s] -- Looking for pthread.h
[0.728s] -- Looking for pthread.h - found
[0.728s] -- Performing Test CMAKE_HAVE_LIBC_PTHREAD
[0.780s] -- Performing Test CMAKE_HAVE_LIBC_PTHREAD - Success
[0.781s] -- Found Threads: TRUE  
[0.895s] -- Found ament_lint_auto: 0.12.11 (/opt/ros/humble/share/ament_lint_auto/cmake)
[0.909s] -- Added test 'cppcheck' to perform static code analysis on C / C++ code
[0.909s] -- Configured cppcheck include dirs: /home/yuanluochen/code/arming/rm-vision/src/ros2_hik_camera-main/hikSDK/include
[0.909s] -- Configured cppcheck exclude dirs and/or files: 
[0.910s] -- Added test 'flake8' to check Python code syntax and style conventions
[0.910s] -- Added test 'lint_cmake' to check CMake code style
[0.910s] -- Added test 'pep257' to check Python code against some of the docstring style conventions in PEP 257
[0.911s] -- Added test 'xmllint' to check XML markup files
[0.913s] -- Configuring done
[0.925s] -- Generating done
[0.929s] -- Build files have been written to: /home/yuanluochen/code/arming/rm-vision/build/hik_camera
[0.937s] Invoked command in '/home/yuanluochen/code/arming/rm-vision/build/hik_camera' returned '0': CMAKE_PREFIX_PATH=/opt/ros/humble /usr/bin/cmake /home/yuanluochen/code/arming/rm-vision/src/ros2_hik_camera-main -DCMAKE_INSTALL_PREFIX=/home/yuanluochen/code/arming/rm-vision/install/hik_camera
[0.938s] Invoking command in '/home/yuanluochen/code/arming/rm-vision/build/hik_camera': CMAKE_PREFIX_PATH=/opt/ros/humble /usr/bin/cmake --build /home/yuanluochen/code/arming/rm-vision/build/hik_camera -- -j16 -l16
[0.974s] [ 25%] [32mBuilding CXX object CMakeFiles/hik_camera_node.dir/rclcpp_components/node_main_hik_camera_node.cpp.o[0m
[0.974s] [ 50%] [32mBuilding CXX object CMakeFiles/hik_camera.dir/src/hik_camera_node.cpp.o[0m
[4.545s] [ 75%] [32m[1mLinking CXX executable hik_camera_node[0m
[4.661s] [ 75%] Built target hik_camera_node
[4.819s] [100%] [32m[1mLinking CXX shared library libhik_camera.so[0m
[4.939s] [100%] Built target hik_camera
[4.949s] Invoked command in '/home/yuanluochen/code/arming/rm-vision/build/hik_camera' returned '0': CMAKE_PREFIX_PATH=/opt/ros/humble /usr/bin/cmake --build /home/yuanluochen/code/arming/rm-vision/build/hik_camera -- -j16 -l16
[4.950s] Invoking command in '/home/yuanluochen/code/arming/rm-vision/build/hik_camera': CMAKE_PREFIX_PATH=/opt/ros/humble /usr/bin/cmake --install /home/yuanluochen/code/arming/rm-vision/build/hik_camera
[4.956s] -- Install configuration: ""
[4.958s] -- Installing: /home/yuanluochen/code/arming/rm-vision/install/hik_camera/lib
[4.958s] -- Installing: /home/yuanluochen/code/arming/rm-vision/install/hik_camera/lib/libFormatConversion.so
[4.958s] -- Installing: /home/yuanluochen/code/arming/rm-vision/install/hik_camera/lib/libMVRender.so
[4.958s] -- Installing: /home/yuanluochen/code/arming/rm-vision/install/hik_camera/lib/libMediaProcess.so
[4.959s] -- Installing: /home/yuanluochen/code/arming/rm-vision/install/hik_camera/lib/libMvCameraControl.so
[4.959s] -- Installing: /home/yuanluochen/code/arming/rm-vision/install/hik_camera/lib/libMvUsb3vTL.so
[4.959s] -- Installing: /home/yuanluochen/code/arming/rm-vision/install/hik_camera/lib/hik_camera/hik_camera_node
[4.961s] -- Set runtime path of "/home/yuanluochen/code/arming/rm-vision/install/hik_camera/lib/hik_camera/hik_camera_node" to ""
[4.961s] -- Installing: /home/yuanluochen/code/arming/rm-vision/install/hik_camera/share/hik_camera/environment/library_path.sh
[4.961s] -- Installing: /home/yuanluochen/code/arming/rm-vision/install/hik_camera/share/hik_camera/environment/library_path.dsv
[4.961s] -- Installing: /home/yuanluochen/code/arming/rm-vision/install/hik_camera/lib/libhik_camera.so
[4.965s] -- Set runtime path of "/home/yuanluochen/code/arming/rm-vision/install/hik_camera/lib/libhik_camera.so" to ""
[4.965s] -- Installing: /home/yuanluochen/code/arming/rm-vision/install/hik_camera/share/hik_camera/config
[4.965s] -- Installing: /home/yuanluochen/code/arming/rm-vision/install/hik_camera/share/hik_camera/config/camera_info.yaml
[4.965s] -- Installing: /home/yuanluochen/code/arming/rm-vision/install/hik_camera/share/hik_camera/config/camera_params.yaml
[4.965s] -- Installing: /home/yuanluochen/code/arming/rm-vision/install/hik_camera/share/hik_camera/launch
[4.966s] -- Installing: /home/yuanluochen/code/arming/rm-vision/install/hik_camera/share/hik_camera/launch/hik_camera.launch.py
[4.966s] -- Installing: /home/yuanluochen/code/arming/rm-vision/install/hik_camera/share/ament_index/resource_index/package_run_dependencies/hik_camera
[4.966s] -- Installing: /home/yuanluochen/code/arming/rm-vision/install/hik_camera/share/ament_index/resource_index/parent_prefix_path/hik_camera
[4.966s] -- Installing: /home/yuanluochen/code/arming/rm-vision/install/hik_camera/share/hik_camera/environment/ament_prefix_path.sh
[4.966s] -- Installing: /home/yuanluochen/code/arming/rm-vision/install/hik_camera/share/hik_camera/environment/ament_prefix_path.dsv
[4.966s] -- Installing: /home/yuanluochen/code/arming/rm-vision/install/hik_camera/share/hik_camera/environment/path.sh
[4.966s] -- Installing: /home/yuanluochen/code/arming/rm-vision/install/hik_camera/share/hik_camera/environment/path.dsv
[4.966s] -- Installing: /home/yuanluochen/code/arming/rm-vision/install/hik_camera/share/hik_camera/local_setup.bash
[4.966s] -- Installing: /home/yuanluochen/code/arming/rm-vision/install/hik_camera/share/hik_camera/local_setup.sh
[4.966s] -- Installing: /home/yuanluochen/code/arming/rm-vision/install/hik_camera/share/hik_camera/local_setup.zsh
[4.966s] -- Installing: /home/yuanluochen/code/arming/rm-vision/install/hik_camera/share/hik_camera/local_setup.dsv
[4.966s] -- Installing: /home/yuanluochen/code/arming/rm-vision/install/hik_camera/share/hik_camera/package.dsv
[4.966s] -- Installing: /home/yuanluochen/code/arming/rm-vision/install/hik_camera/share/ament_index/resource_index/packages/hik_camera
[4.967s] -- Installing: /home/yuanluochen/code/arming/rm-vision/install/hik_camera/share/ament_index/resource_index/rclcpp_components/hik_camera
[4.967s] -- Installing: /home/yuanluochen/code/arming/rm-vision/install/hik_camera/share/hik_camera/cmake/ament_cmake_export_dependencies-extras.cmake
[4.967s] -- Installing: /home/yuanluochen/code/arming/rm-vision/install/hik_camera/share/hik_camera/cmake/ament_cmake_export_libraries-extras.cmake
[4.967s] -- Installing: /home/yuanluochen/code/arming/rm-vision/install/hik_camera/share/hik_camera/cmake/hik_cameraConfig.cmake
[4.967s] -- Installing: /home/yuanluochen/code/arming/rm-vision/install/hik_camera/share/hik_camera/cmake/hik_cameraConfig-version.cmake
[4.967s] -- Installing: /home/yuanluochen/code/arming/rm-vision/install/hik_camera/share/hik_camera/package.xml
[4.969s] Invoked command in '/home/yuanluochen/code/arming/rm-vision/build/hik_camera' returned '0': CMAKE_PREFIX_PATH=/opt/ros/humble /usr/bin/cmake --install /home/yuanluochen/code/arming/rm-vision/build/hik_camera
