[0.012s] Invoking command in '/home/hsq/code/auto-arm/rm-vision/build/armor_tracker': AMENT_PREFIX_PATH=/home/hsq/code/auto-arm/rm-vision/install/auto_aim_interfaces:${AMENT_PREFIX_PATH} CMAKE_PREFIX_PATH=/home/hsq/code/auto-arm/rm-vision/install/auto_aim_interfaces:/opt/ros/humble LD_LIBRARY_PATH=/home/hsq/code/auto-arm/rm-vision/install/auto_aim_interfaces/lib:/opt/MVS/lib/64:/opt/MVS/lib/32:/opt/MVS/lib/64:/opt/MVS/lib/32:/opt/MVS/lib/64:/opt/MVS/lib/32:/opt/ros/humble/opt/rviz_ogre_vendor/lib:/opt/ros/humble/lib/x86_64-linux-gnu:/opt/ros/humble/lib:/opt/MVS/lib/64:/opt/MVS/lib/32:/opt/MVS/lib/64:/opt/MVS/lib/32:/opt/MVS/lib/64:/opt/MVS/lib/32 PYTHONPATH=/home/hsq/code/auto-arm/rm-vision/install/auto_aim_interfaces/local/lib/python3.10/dist-packages:${PYTHONPATH} /usr/bin/cmake --build /home/hsq/code/auto-arm/rm-vision/build/armor_tracker -- -j12 -l12
[0.059s] [35m[1mConsolidate compiler generated dependencies of target armor_tracker_node[0m
[0.059s] [35m[1mConsolidate compiler generated dependencies of target armor_tracker[0m
[0.076s] [ 33%] Built target armor_tracker_node
[0.086s] [100%] Built target armor_tracker
[0.097s] Invoked command in '/home/hsq/code/auto-arm/rm-vision/build/armor_tracker' returned '0': AMENT_PREFIX_PATH=/home/hsq/code/auto-arm/rm-vision/install/auto_aim_interfaces:${AMENT_PREFIX_PATH} CMAKE_PREFIX_PATH=/home/hsq/code/auto-arm/rm-vision/install/auto_aim_interfaces:/opt/ros/humble LD_LIBRARY_PATH=/home/hsq/code/auto-arm/rm-vision/install/auto_aim_interfaces/lib:/opt/MVS/lib/64:/opt/MVS/lib/32:/opt/MVS/lib/64:/opt/MVS/lib/32:/opt/MVS/lib/64:/opt/MVS/lib/32:/opt/ros/humble/opt/rviz_ogre_vendor/lib:/opt/ros/humble/lib/x86_64-linux-gnu:/opt/ros/humble/lib:/opt/MVS/lib/64:/opt/MVS/lib/32:/opt/MVS/lib/64:/opt/MVS/lib/32:/opt/MVS/lib/64:/opt/MVS/lib/32 PYTHONPATH=/home/hsq/code/auto-arm/rm-vision/install/auto_aim_interfaces/local/lib/python3.10/dist-packages:${PYTHONPATH} /usr/bin/cmake --build /home/hsq/code/auto-arm/rm-vision/build/armor_tracker -- -j12 -l12
[0.099s] Invoking command in '/home/hsq/code/auto-arm/rm-vision/build/armor_tracker': AMENT_PREFIX_PATH=/home/hsq/code/auto-arm/rm-vision/install/auto_aim_interfaces:${AMENT_PREFIX_PATH} CMAKE_PREFIX_PATH=/home/hsq/code/auto-arm/rm-vision/install/auto_aim_interfaces:/opt/ros/humble LD_LIBRARY_PATH=/home/hsq/code/auto-arm/rm-vision/install/auto_aim_interfaces/lib:/opt/MVS/lib/64:/opt/MVS/lib/32:/opt/MVS/lib/64:/opt/MVS/lib/32:/opt/MVS/lib/64:/opt/MVS/lib/32:/opt/ros/humble/opt/rviz_ogre_vendor/lib:/opt/ros/humble/lib/x86_64-linux-gnu:/opt/ros/humble/lib:/opt/MVS/lib/64:/opt/MVS/lib/32:/opt/MVS/lib/64:/opt/MVS/lib/32:/opt/MVS/lib/64:/opt/MVS/lib/32 PYTHONPATH=/home/hsq/code/auto-arm/rm-vision/install/auto_aim_interfaces/local/lib/python3.10/dist-packages:${PYTHONPATH} /usr/bin/cmake --install /home/hsq/code/auto-arm/rm-vision/build/armor_tracker
[0.108s] -- Install configuration: ""
[0.109s] -- Up-to-date: /home/hsq/code/auto-arm/rm-vision/install/armor_tracker/lib/armor_tracker/armor_tracker_node
[0.109s] -- Up-to-date: /home/hsq/code/auto-arm/rm-vision/install/armor_tracker/include
[0.109s] -- Up-to-date: /home/hsq/code/auto-arm/rm-vision/install/armor_tracker/include/armor_tracker
[0.109s] -- Up-to-date: /home/hsq/code/auto-arm/rm-vision/install/armor_tracker/include/armor_tracker/tracker_node.hpp
[0.109s] -- Up-to-date: /home/hsq/code/auto-arm/rm-vision/install/armor_tracker/include/armor_tracker/tracker.hpp
[0.109s] -- Up-to-date: /home/hsq/code/auto-arm/rm-vision/install/armor_tracker/include/armor_tracker/extended_kalman_filter.hpp
[0.109s] -- Up-to-date: /home/hsq/code/auto-arm/rm-vision/install/armor_tracker/share/armor_tracker/environment/library_path.sh
[0.109s] -- Up-to-date: /home/hsq/code/auto-arm/rm-vision/install/armor_tracker/share/armor_tracker/environment/library_path.dsv
[0.110s] -- Up-to-date: /home/hsq/code/auto-arm/rm-vision/install/armor_tracker/lib/libarmor_tracker.so
[0.110s] -- Up-to-date: /home/hsq/code/auto-arm/rm-vision/install/armor_tracker/share/ament_index/resource_index/package_run_dependencies/armor_tracker
[0.110s] -- Up-to-date: /home/hsq/code/auto-arm/rm-vision/install/armor_tracker/share/ament_index/resource_index/parent_prefix_path/armor_tracker
[0.110s] -- Up-to-date: /home/hsq/code/auto-arm/rm-vision/install/armor_tracker/share/armor_tracker/environment/ament_prefix_path.sh
[0.110s] -- Up-to-date: /home/hsq/code/auto-arm/rm-vision/install/armor_tracker/share/armor_tracker/environment/ament_prefix_path.dsv
[0.110s] -- Up-to-date: /home/hsq/code/auto-arm/rm-vision/install/armor_tracker/share/armor_tracker/environment/path.sh
[0.110s] -- Up-to-date: /home/hsq/code/auto-arm/rm-vision/install/armor_tracker/share/armor_tracker/environment/path.dsv
[0.110s] -- Up-to-date: /home/hsq/code/auto-arm/rm-vision/install/armor_tracker/share/armor_tracker/local_setup.bash
[0.110s] -- Up-to-date: /home/hsq/code/auto-arm/rm-vision/install/armor_tracker/share/armor_tracker/local_setup.sh
[0.110s] -- Up-to-date: /home/hsq/code/auto-arm/rm-vision/install/armor_tracker/share/armor_tracker/local_setup.zsh
[0.110s] -- Up-to-date: /home/hsq/code/auto-arm/rm-vision/install/armor_tracker/share/armor_tracker/local_setup.dsv
[0.111s] -- Installing: /home/hsq/code/auto-arm/rm-vision/install/armor_tracker/share/armor_tracker/package.dsv
[0.111s] -- Up-to-date: /home/hsq/code/auto-arm/rm-vision/install/armor_tracker/share/ament_index/resource_index/packages/armor_tracker
[0.111s] -- Up-to-date: /home/hsq/code/auto-arm/rm-vision/install/armor_tracker/share/ament_index/resource_index/rclcpp_components/armor_tracker
[0.111s] -- Up-to-date: /home/hsq/code/auto-arm/rm-vision/install/armor_tracker/share/armor_tracker/cmake/ament_cmake_export_dependencies-extras.cmake
[0.111s] -- Up-to-date: /home/hsq/code/auto-arm/rm-vision/install/armor_tracker/share/armor_tracker/cmake/ament_cmake_export_include_directories-extras.cmake
[0.111s] -- Up-to-date: /home/hsq/code/auto-arm/rm-vision/install/armor_tracker/share/armor_tracker/cmake/ament_cmake_export_libraries-extras.cmake
[0.111s] -- Up-to-date: /home/hsq/code/auto-arm/rm-vision/install/armor_tracker/share/armor_tracker/cmake/armor_trackerConfig.cmake
[0.111s] -- Up-to-date: /home/hsq/code/auto-arm/rm-vision/install/armor_tracker/share/armor_tracker/cmake/armor_trackerConfig-version.cmake
[0.111s] -- Up-to-date: /home/hsq/code/auto-arm/rm-vision/install/armor_tracker/share/armor_tracker/package.xml
[0.116s] Invoked command in '/home/hsq/code/auto-arm/rm-vision/build/armor_tracker' returned '0': AMENT_PREFIX_PATH=/home/hsq/code/auto-arm/rm-vision/install/auto_aim_interfaces:${AMENT_PREFIX_PATH} CMAKE_PREFIX_PATH=/home/hsq/code/auto-arm/rm-vision/install/auto_aim_interfaces:/opt/ros/humble LD_LIBRARY_PATH=/home/hsq/code/auto-arm/rm-vision/install/auto_aim_interfaces/lib:/opt/MVS/lib/64:/opt/MVS/lib/32:/opt/MVS/lib/64:/opt/MVS/lib/32:/opt/MVS/lib/64:/opt/MVS/lib/32:/opt/ros/humble/opt/rviz_ogre_vendor/lib:/opt/ros/humble/lib/x86_64-linux-gnu:/opt/ros/humble/lib:/opt/MVS/lib/64:/opt/MVS/lib/32:/opt/MVS/lib/64:/opt/MVS/lib/32:/opt/MVS/lib/64:/opt/MVS/lib/32 PYTHONPATH=/home/hsq/code/auto-arm/rm-vision/install/auto_aim_interfaces/local/lib/python3.10/dist-packages:${PYTHONPATH} /usr/bin/cmake --install /home/hsq/code/auto-arm/rm-vision/build/armor_tracker
