[0.026s] Invoking command in '/home/hsq/code/auto-arm/rm-vision/build/armor_tracker': CMAKE_PREFIX_PATH=/home/hsq/code/auto-arm/rm-vision/install/auto_aim_interfaces:/home/hsq/code/auto-arm/rm-vision/install/rm_vision_bringup:/home/hsq/code/auto-arm/rm-vision/install/rm_serial_driver:/home/hsq/code/auto-arm/rm-vision/install/rm_gimbal_description:/home/hsq/code/auto-arm/rm-vision/install/rm_auto_aim:/home/hsq/code/auto-arm/rm-vision/install/hik_camera:/home/hsq/code/auto-arm/rm-vision/install/armor_tracker:/home/hsq/code/auto-arm/rm-vision/install/armor_detector:/opt/ros/humble LD_LIBRARY_PATH=/home/hsq/code/auto-arm/rm-vision/install/auto_aim_interfaces/lib:/home/hsq/code/auto-arm/rm-vision/install/rm_serial_driver/lib:/home/hsq/code/auto-arm/rm-vision/install/hik_camera/lib:/home/hsq/code/auto-arm/rm-vision/install/armor_tracker/lib:/home/hsq/code/auto-arm/rm-vision/install/armor_detector/lib:/opt/MVS/lib/64:/opt/MVS/lib/32:/opt/MVS/lib/64:/opt/MVS/lib/32:/opt/MVS/lib/64:/opt/MVS/lib/32:/opt/ros/humble/opt/rviz_ogre_vendor/lib:/opt/ros/humble/lib/x86_64-linux-gnu:/opt/ros/humble/lib:/opt/MVS/lib/64:/opt/MVS/lib/32:/opt/MVS/lib/64:/opt/MVS/lib/32:/opt/MVS/lib/64:/opt/MVS/lib/32 /usr/bin/cmake --build /home/hsq/code/auto-arm/rm-vision/build/armor_tracker -- -j12 -l12
[0.113s] [ 66%] Built target armor_tracker
[0.152s] [100%] Built target armor_tracker_node
[0.165s] Invoked command in '/home/hsq/code/auto-arm/rm-vision/build/armor_tracker' returned '0': CMAKE_PREFIX_PATH=/home/hsq/code/auto-arm/rm-vision/install/auto_aim_interfaces:/home/hsq/code/auto-arm/rm-vision/install/rm_vision_bringup:/home/hsq/code/auto-arm/rm-vision/install/rm_serial_driver:/home/hsq/code/auto-arm/rm-vision/install/rm_gimbal_description:/home/hsq/code/auto-arm/rm-vision/install/rm_auto_aim:/home/hsq/code/auto-arm/rm-vision/install/hik_camera:/home/hsq/code/auto-arm/rm-vision/install/armor_tracker:/home/hsq/code/auto-arm/rm-vision/install/armor_detector:/opt/ros/humble LD_LIBRARY_PATH=/home/hsq/code/auto-arm/rm-vision/install/auto_aim_interfaces/lib:/home/hsq/code/auto-arm/rm-vision/install/rm_serial_driver/lib:/home/hsq/code/auto-arm/rm-vision/install/hik_camera/lib:/home/hsq/code/auto-arm/rm-vision/install/armor_tracker/lib:/home/hsq/code/auto-arm/rm-vision/install/armor_detector/lib:/opt/MVS/lib/64:/opt/MVS/lib/32:/opt/MVS/lib/64:/opt/MVS/lib/32:/opt/MVS/lib/64:/opt/MVS/lib/32:/opt/ros/humble/opt/rviz_ogre_vendor/lib:/opt/ros/humble/lib/x86_64-linux-gnu:/opt/ros/humble/lib:/opt/MVS/lib/64:/opt/MVS/lib/32:/opt/MVS/lib/64:/opt/MVS/lib/32:/opt/MVS/lib/64:/opt/MVS/lib/32 /usr/bin/cmake --build /home/hsq/code/auto-arm/rm-vision/build/armor_tracker -- -j12 -l12
[0.167s] Invoking command in '/home/hsq/code/auto-arm/rm-vision/build/armor_tracker': CMAKE_PREFIX_PATH=/home/hsq/code/auto-arm/rm-vision/install/auto_aim_interfaces:/home/hsq/code/auto-arm/rm-vision/install/rm_vision_bringup:/home/hsq/code/auto-arm/rm-vision/install/rm_serial_driver:/home/hsq/code/auto-arm/rm-vision/install/rm_gimbal_description:/home/hsq/code/auto-arm/rm-vision/install/rm_auto_aim:/home/hsq/code/auto-arm/rm-vision/install/hik_camera:/home/hsq/code/auto-arm/rm-vision/install/armor_tracker:/home/hsq/code/auto-arm/rm-vision/install/armor_detector:/opt/ros/humble LD_LIBRARY_PATH=/home/hsq/code/auto-arm/rm-vision/install/auto_aim_interfaces/lib:/home/hsq/code/auto-arm/rm-vision/install/rm_serial_driver/lib:/home/hsq/code/auto-arm/rm-vision/install/hik_camera/lib:/home/hsq/code/auto-arm/rm-vision/install/armor_tracker/lib:/home/hsq/code/auto-arm/rm-vision/install/armor_detector/lib:/opt/MVS/lib/64:/opt/MVS/lib/32:/opt/MVS/lib/64:/opt/MVS/lib/32:/opt/MVS/lib/64:/opt/MVS/lib/32:/opt/ros/humble/opt/rviz_ogre_vendor/lib:/opt/ros/humble/lib/x86_64-linux-gnu:/opt/ros/humble/lib:/opt/MVS/lib/64:/opt/MVS/lib/32:/opt/MVS/lib/64:/opt/MVS/lib/32:/opt/MVS/lib/64:/opt/MVS/lib/32 /usr/bin/cmake --install /home/hsq/code/auto-arm/rm-vision/build/armor_tracker
[0.174s] -- Install configuration: ""
[0.175s] -- Up-to-date: /home/hsq/code/auto-arm/rm-vision/install/armor_tracker/lib/armor_tracker/armor_tracker_node
[0.175s] -- Up-to-date: /home/hsq/code/auto-arm/rm-vision/install/armor_tracker/include
[0.175s] -- Up-to-date: /home/hsq/code/auto-arm/rm-vision/install/armor_tracker/include/armor_tracker
[0.175s] -- Up-to-date: /home/hsq/code/auto-arm/rm-vision/install/armor_tracker/include/armor_tracker/tracker_node.hpp
[0.175s] -- Up-to-date: /home/hsq/code/auto-arm/rm-vision/install/armor_tracker/include/armor_tracker/tracker.hpp
[0.175s] -- Up-to-date: /home/hsq/code/auto-arm/rm-vision/install/armor_tracker/include/armor_tracker/extended_kalman_filter.hpp
[0.175s] -- Up-to-date: /home/hsq/code/auto-arm/rm-vision/install/armor_tracker/share/armor_tracker/environment/library_path.sh
[0.175s] -- Up-to-date: /home/hsq/code/auto-arm/rm-vision/install/armor_tracker/share/armor_tracker/environment/library_path.dsv
[0.175s] -- Up-to-date: /home/hsq/code/auto-arm/rm-vision/install/armor_tracker/lib/libarmor_tracker.so
[0.175s] -- Up-to-date: /home/hsq/code/auto-arm/rm-vision/install/armor_tracker/share/ament_index/resource_index/package_run_dependencies/armor_tracker
[0.176s] -- Up-to-date: /home/hsq/code/auto-arm/rm-vision/install/armor_tracker/share/ament_index/resource_index/parent_prefix_path/armor_tracker
[0.176s] -- Up-to-date: /home/hsq/code/auto-arm/rm-vision/install/armor_tracker/share/armor_tracker/environment/ament_prefix_path.sh
[0.176s] -- Up-to-date: /home/hsq/code/auto-arm/rm-vision/install/armor_tracker/share/armor_tracker/environment/ament_prefix_path.dsv
[0.176s] -- Up-to-date: /home/hsq/code/auto-arm/rm-vision/install/armor_tracker/share/armor_tracker/environment/path.sh
[0.176s] -- Up-to-date: /home/hsq/code/auto-arm/rm-vision/install/armor_tracker/share/armor_tracker/environment/path.dsv
[0.176s] -- Up-to-date: /home/hsq/code/auto-arm/rm-vision/install/armor_tracker/share/armor_tracker/local_setup.bash
[0.176s] -- Up-to-date: /home/hsq/code/auto-arm/rm-vision/install/armor_tracker/share/armor_tracker/local_setup.sh
[0.176s] -- Up-to-date: /home/hsq/code/auto-arm/rm-vision/install/armor_tracker/share/armor_tracker/local_setup.zsh
[0.176s] -- Up-to-date: /home/hsq/code/auto-arm/rm-vision/install/armor_tracker/share/armor_tracker/local_setup.dsv
[0.176s] -- Installing: /home/hsq/code/auto-arm/rm-vision/install/armor_tracker/share/armor_tracker/package.dsv
[0.176s] -- Up-to-date: /home/hsq/code/auto-arm/rm-vision/install/armor_tracker/share/ament_index/resource_index/packages/armor_tracker
[0.176s] -- Up-to-date: /home/hsq/code/auto-arm/rm-vision/install/armor_tracker/share/ament_index/resource_index/rclcpp_components/armor_tracker
[0.176s] -- Up-to-date: /home/hsq/code/auto-arm/rm-vision/install/armor_tracker/share/armor_tracker/cmake/ament_cmake_export_dependencies-extras.cmake
[0.176s] -- Up-to-date: /home/hsq/code/auto-arm/rm-vision/install/armor_tracker/share/armor_tracker/cmake/ament_cmake_export_include_directories-extras.cmake
[0.176s] -- Up-to-date: /home/hsq/code/auto-arm/rm-vision/install/armor_tracker/share/armor_tracker/cmake/ament_cmake_export_libraries-extras.cmake
[0.176s] -- Up-to-date: /home/hsq/code/auto-arm/rm-vision/install/armor_tracker/share/armor_tracker/cmake/armor_trackerConfig.cmake
[0.177s] -- Up-to-date: /home/hsq/code/auto-arm/rm-vision/install/armor_tracker/share/armor_tracker/cmake/armor_trackerConfig-version.cmake
[0.177s] -- Up-to-date: /home/hsq/code/auto-arm/rm-vision/install/armor_tracker/share/armor_tracker/package.xml
[0.179s] Invoked command in '/home/hsq/code/auto-arm/rm-vision/build/armor_tracker' returned '0': CMAKE_PREFIX_PATH=/home/hsq/code/auto-arm/rm-vision/install/auto_aim_interfaces:/home/hsq/code/auto-arm/rm-vision/install/rm_vision_bringup:/home/hsq/code/auto-arm/rm-vision/install/rm_serial_driver:/home/hsq/code/auto-arm/rm-vision/install/rm_gimbal_description:/home/hsq/code/auto-arm/rm-vision/install/rm_auto_aim:/home/hsq/code/auto-arm/rm-vision/install/hik_camera:/home/hsq/code/auto-arm/rm-vision/install/armor_tracker:/home/hsq/code/auto-arm/rm-vision/install/armor_detector:/opt/ros/humble LD_LIBRARY_PATH=/home/hsq/code/auto-arm/rm-vision/install/auto_aim_interfaces/lib:/home/hsq/code/auto-arm/rm-vision/install/rm_serial_driver/lib:/home/hsq/code/auto-arm/rm-vision/install/hik_camera/lib:/home/hsq/code/auto-arm/rm-vision/install/armor_tracker/lib:/home/hsq/code/auto-arm/rm-vision/install/armor_detector/lib:/opt/MVS/lib/64:/opt/MVS/lib/32:/opt/MVS/lib/64:/opt/MVS/lib/32:/opt/MVS/lib/64:/opt/MVS/lib/32:/opt/ros/humble/opt/rviz_ogre_vendor/lib:/opt/ros/humble/lib/x86_64-linux-gnu:/opt/ros/humble/lib:/opt/MVS/lib/64:/opt/MVS/lib/32:/opt/MVS/lib/64:/opt/MVS/lib/32:/opt/MVS/lib/64:/opt/MVS/lib/32 /usr/bin/cmake --install /home/hsq/code/auto-arm/rm-vision/build/armor_tracker
