[0.021s] Invoking command in '/home/hsq/code/auto-arm/rm-vision/build/armor_detector': AMENT_PREFIX_PATH=/home/hsq/code/auto-arm/rm-vision/install/auto_aim_interfaces:${AMENT_PREFIX_PATH} CMAKE_PREFIX_PATH=/home/hsq/code/auto-arm/rm-vision/install/auto_aim_interfaces:/opt/ros/humble LD_LIBRARY_PATH=/home/hsq/code/auto-arm/rm-vision/install/auto_aim_interfaces/lib:/opt/MVS/lib/64:/opt/MVS/lib/32:/opt/MVS/lib/64:/opt/MVS/lib/32:/opt/MVS/lib/64:/opt/MVS/lib/32:/opt/ros/humble/opt/rviz_ogre_vendor/lib:/opt/ros/humble/lib/x86_64-linux-gnu:/opt/ros/humble/lib:/opt/MVS/lib/64:/opt/MVS/lib/32:/opt/MVS/lib/64:/opt/MVS/lib/32:/opt/MVS/lib/64:/opt/MVS/lib/32 PYTHONPATH=/home/hsq/code/auto-arm/rm-vision/install/auto_aim_interfaces/local/lib/python3.10/dist-packages:${PYTHONPATH} /usr/bin/cmake --build /home/hsq/code/auto-arm/rm-vision/build/armor_detector -- -j12 -l12
[0.086s] [35m[1mConsolidate compiler generated dependencies of target armor_detector[0m
[0.114s] [  6%] [32mBuilding CXX object CMakeFiles/armor_detector.dir/src/detector_node.cpp.o[0m
[20.805s] [ 13%] [32m[1mLinking CXX shared library libarmor_detector.so[0m
[23.005s] [ 33%] Built target armor_detector
[23.033s] [ 46%] Built target gtest
[23.052s] [ 60%] Built target gtest_main
[23.084s] [ 73%] Built target armor_detector_node
[23.113s] [ 80%] [32m[1mLinking CXX executable test_number_cls[0m
[24.671s] [ 86%] Built target test_number_cls
[24.700s] [ 93%] [32m[1mLinking CXX executable test_node_startup[0m
[26.238s] [100%] Built target test_node_startup
[26.249s] Invoked command in '/home/hsq/code/auto-arm/rm-vision/build/armor_detector' returned '0': AMENT_PREFIX_PATH=/home/hsq/code/auto-arm/rm-vision/install/auto_aim_interfaces:${AMENT_PREFIX_PATH} CMAKE_PREFIX_PATH=/home/hsq/code/auto-arm/rm-vision/install/auto_aim_interfaces:/opt/ros/humble LD_LIBRARY_PATH=/home/hsq/code/auto-arm/rm-vision/install/auto_aim_interfaces/lib:/opt/MVS/lib/64:/opt/MVS/lib/32:/opt/MVS/lib/64:/opt/MVS/lib/32:/opt/MVS/lib/64:/opt/MVS/lib/32:/opt/ros/humble/opt/rviz_ogre_vendor/lib:/opt/ros/humble/lib/x86_64-linux-gnu:/opt/ros/humble/lib:/opt/MVS/lib/64:/opt/MVS/lib/32:/opt/MVS/lib/64:/opt/MVS/lib/32:/opt/MVS/lib/64:/opt/MVS/lib/32 PYTHONPATH=/home/hsq/code/auto-arm/rm-vision/install/auto_aim_interfaces/local/lib/python3.10/dist-packages:${PYTHONPATH} /usr/bin/cmake --build /home/hsq/code/auto-arm/rm-vision/build/armor_detector -- -j12 -l12
[26.250s] Invoking command in '/home/hsq/code/auto-arm/rm-vision/build/armor_detector': AMENT_PREFIX_PATH=/home/hsq/code/auto-arm/rm-vision/install/auto_aim_interfaces:${AMENT_PREFIX_PATH} CMAKE_PREFIX_PATH=/home/hsq/code/auto-arm/rm-vision/install/auto_aim_interfaces:/opt/ros/humble LD_LIBRARY_PATH=/home/hsq/code/auto-arm/rm-vision/install/auto_aim_interfaces/lib:/opt/MVS/lib/64:/opt/MVS/lib/32:/opt/MVS/lib/64:/opt/MVS/lib/32:/opt/MVS/lib/64:/opt/MVS/lib/32:/opt/ros/humble/opt/rviz_ogre_vendor/lib:/opt/ros/humble/lib/x86_64-linux-gnu:/opt/ros/humble/lib:/opt/MVS/lib/64:/opt/MVS/lib/32:/opt/MVS/lib/64:/opt/MVS/lib/32:/opt/MVS/lib/64:/opt/MVS/lib/32 PYTHONPATH=/home/hsq/code/auto-arm/rm-vision/install/auto_aim_interfaces/local/lib/python3.10/dist-packages:${PYTHONPATH} /usr/bin/cmake --install /home/hsq/code/auto-arm/rm-vision/build/armor_detector
[26.260s] -- Install configuration: ""
[26.261s] -- Up-to-date: /home/hsq/code/auto-arm/rm-vision/install/armor_detector/lib/armor_detector/armor_detector_node
[26.261s] -- Up-to-date: /home/hsq/code/auto-arm/rm-vision/install/armor_detector/include
[26.261s] -- Up-to-date: /home/hsq/code/auto-arm/rm-vision/install/armor_detector/include/armor_detector
[26.261s] -- Up-to-date: /home/hsq/code/auto-arm/rm-vision/install/armor_detector/include/armor_detector/detector_node.hpp
[26.261s] -- Up-to-date: /home/hsq/code/auto-arm/rm-vision/install/armor_detector/include/armor_detector/pnp_solver.hpp
[26.261s] -- Up-to-date: /home/hsq/code/auto-arm/rm-vision/install/armor_detector/include/armor_detector/number_classifier.hpp
[26.261s] -- Up-to-date: /home/hsq/code/auto-arm/rm-vision/install/armor_detector/include/armor_detector/detector.hpp
[26.261s] -- Up-to-date: /home/hsq/code/auto-arm/rm-vision/install/armor_detector/include/armor_detector/armor.hpp
[26.261s] -- Up-to-date: /home/hsq/code/auto-arm/rm-vision/install/armor_detector/share/armor_detector/environment/library_path.sh
[26.261s] -- Up-to-date: /home/hsq/code/auto-arm/rm-vision/install/armor_detector/share/armor_detector/environment/library_path.dsv
[26.261s] -- Installing: /home/hsq/code/auto-arm/rm-vision/install/armor_detector/lib/libarmor_detector.so
[26.278s] -- Set runtime path of "/home/hsq/code/auto-arm/rm-vision/install/armor_detector/lib/libarmor_detector.so" to ""
[26.278s] -- Up-to-date: /home/hsq/code/auto-arm/rm-vision/install/armor_detector/share/armor_detector/model
[26.278s] -- Up-to-date: /home/hsq/code/auto-arm/rm-vision/install/armor_detector/share/armor_detector/model/mlp.onnx
[26.278s] -- Up-to-date: /home/hsq/code/auto-arm/rm-vision/install/armor_detector/share/armor_detector/model/label.txt
[26.278s] -- Up-to-date: /home/hsq/code/auto-arm/rm-vision/install/armor_detector/share/ament_index/resource_index/package_run_dependencies/armor_detector
[26.279s] -- Up-to-date: /home/hsq/code/auto-arm/rm-vision/install/armor_detector/share/ament_index/resource_index/parent_prefix_path/armor_detector
[26.279s] -- Up-to-date: /home/hsq/code/auto-arm/rm-vision/install/armor_detector/share/armor_detector/environment/ament_prefix_path.sh
[26.279s] -- Up-to-date: /home/hsq/code/auto-arm/rm-vision/install/armor_detector/share/armor_detector/environment/ament_prefix_path.dsv
[26.279s] -- Up-to-date: /home/hsq/code/auto-arm/rm-vision/install/armor_detector/share/armor_detector/environment/path.sh
[26.279s] -- Up-to-date: /home/hsq/code/auto-arm/rm-vision/install/armor_detector/share/armor_detector/environment/path.dsv
[26.279s] -- Up-to-date: /home/hsq/code/auto-arm/rm-vision/install/armor_detector/share/armor_detector/local_setup.bash
[26.279s] -- Up-to-date: /home/hsq/code/auto-arm/rm-vision/install/armor_detector/share/armor_detector/local_setup.sh
[26.279s] -- Up-to-date: /home/hsq/code/auto-arm/rm-vision/install/armor_detector/share/armor_detector/local_setup.zsh
[26.279s] -- Up-to-date: /home/hsq/code/auto-arm/rm-vision/install/armor_detector/share/armor_detector/local_setup.dsv
[26.279s] -- Installing: /home/hsq/code/auto-arm/rm-vision/install/armor_detector/share/armor_detector/package.dsv
[26.279s] -- Up-to-date: /home/hsq/code/auto-arm/rm-vision/install/armor_detector/share/ament_index/resource_index/packages/armor_detector
[26.279s] -- Up-to-date: /home/hsq/code/auto-arm/rm-vision/install/armor_detector/share/ament_index/resource_index/rclcpp_components/armor_detector
[26.280s] -- Up-to-date: /home/hsq/code/auto-arm/rm-vision/install/armor_detector/share/armor_detector/cmake/ament_cmake_export_dependencies-extras.cmake
[26.280s] -- Up-to-date: /home/hsq/code/auto-arm/rm-vision/install/armor_detector/share/armor_detector/cmake/ament_cmake_export_include_directories-extras.cmake
[26.280s] -- Up-to-date: /home/hsq/code/auto-arm/rm-vision/install/armor_detector/share/armor_detector/cmake/ament_cmake_export_libraries-extras.cmake
[26.281s] -- Up-to-date: /home/hsq/code/auto-arm/rm-vision/install/armor_detector/share/armor_detector/cmake/armor_detectorConfig.cmake
[26.281s] -- Up-to-date: /home/hsq/code/auto-arm/rm-vision/install/armor_detector/share/armor_detector/cmake/armor_detectorConfig-version.cmake
[26.281s] -- Up-to-date: /home/hsq/code/auto-arm/rm-vision/install/armor_detector/share/armor_detector/package.xml
[26.282s] Invoked command in '/home/hsq/code/auto-arm/rm-vision/build/armor_detector' returned '0': AMENT_PREFIX_PATH=/home/hsq/code/auto-arm/rm-vision/install/auto_aim_interfaces:${AMENT_PREFIX_PATH} CMAKE_PREFIX_PATH=/home/hsq/code/auto-arm/rm-vision/install/auto_aim_interfaces:/opt/ros/humble LD_LIBRARY_PATH=/home/hsq/code/auto-arm/rm-vision/install/auto_aim_interfaces/lib:/opt/MVS/lib/64:/opt/MVS/lib/32:/opt/MVS/lib/64:/opt/MVS/lib/32:/opt/MVS/lib/64:/opt/MVS/lib/32:/opt/ros/humble/opt/rviz_ogre_vendor/lib:/opt/ros/humble/lib/x86_64-linux-gnu:/opt/ros/humble/lib:/opt/MVS/lib/64:/opt/MVS/lib/32:/opt/MVS/lib/64:/opt/MVS/lib/32:/opt/MVS/lib/64:/opt/MVS/lib/32 PYTHONPATH=/home/hsq/code/auto-arm/rm-vision/install/auto_aim_interfaces/local/lib/python3.10/dist-packages:${PYTHONPATH} /usr/bin/cmake --install /home/hsq/code/auto-arm/rm-vision/build/armor_detector
