[0.023s] Invoking command in '/home/hsq/code/auto-arm/rm-vision/build/armor_tracker': AMENT_PREFIX_PATH=/home/hsq/code/auto-arm/rm-vision/install/auto_aim_interfaces:${AMENT_PREFIX_PATH} CMAKE_PREFIX_PATH=/home/hsq/code/auto-arm/rm-vision/install/auto_aim_interfaces:/opt/ros/humble LD_LIBRARY_PATH=/home/hsq/code/auto-arm/rm-vision/install/auto_aim_interfaces/lib:/opt/MVS/lib/64:/opt/MVS/lib/32:/opt/MVS/lib/64:/opt/MVS/lib/32:/opt/MVS/lib/64:/opt/MVS/lib/32:/opt/ros/humble/opt/rviz_ogre_vendor/lib:/opt/ros/humble/lib/x86_64-linux-gnu:/opt/ros/humble/lib:/opt/MVS/lib/64:/opt/MVS/lib/32:/opt/MVS/lib/64:/opt/MVS/lib/32:/opt/MVS/lib/64:/opt/MVS/lib/32 PYTHONPATH=/home/hsq/code/auto-arm/rm-vision/install/auto_aim_interfaces/local/lib/python3.10/dist-packages:${PYTHONPATH} /usr/bin/cmake --build /home/hsq/code/auto-arm/rm-vision/build/armor_tracker -- -j12 -l12
[0.091s] [35m[1mConsolidate compiler generated dependencies of target armor_tracker[0m
[0.124s] [ 16%] [32mBuilding CXX object CMakeFiles/armor_tracker.dir/src/tracker_node.cpp.o[0m
[17.406s] [ 33%] [32m[1mLinking CXX shared library libarmor_tracker.so[0m
[19.480s] [ 66%] Built target armor_tracker
[19.521s] [100%] Built target armor_tracker_node
[19.540s] Invoked command in '/home/hsq/code/auto-arm/rm-vision/build/armor_tracker' returned '0': AMENT_PREFIX_PATH=/home/hsq/code/auto-arm/rm-vision/install/auto_aim_interfaces:${AMENT_PREFIX_PATH} CMAKE_PREFIX_PATH=/home/hsq/code/auto-arm/rm-vision/install/auto_aim_interfaces:/opt/ros/humble LD_LIBRARY_PATH=/home/hsq/code/auto-arm/rm-vision/install/auto_aim_interfaces/lib:/opt/MVS/lib/64:/opt/MVS/lib/32:/opt/MVS/lib/64:/opt/MVS/lib/32:/opt/MVS/lib/64:/opt/MVS/lib/32:/opt/ros/humble/opt/rviz_ogre_vendor/lib:/opt/ros/humble/lib/x86_64-linux-gnu:/opt/ros/humble/lib:/opt/MVS/lib/64:/opt/MVS/lib/32:/opt/MVS/lib/64:/opt/MVS/lib/32:/opt/MVS/lib/64:/opt/MVS/lib/32 PYTHONPATH=/home/hsq/code/auto-arm/rm-vision/install/auto_aim_interfaces/local/lib/python3.10/dist-packages:${PYTHONPATH} /usr/bin/cmake --build /home/hsq/code/auto-arm/rm-vision/build/armor_tracker -- -j12 -l12
[19.542s] Invoking command in '/home/hsq/code/auto-arm/rm-vision/build/armor_tracker': AMENT_PREFIX_PATH=/home/hsq/code/auto-arm/rm-vision/install/auto_aim_interfaces:${AMENT_PREFIX_PATH} CMAKE_PREFIX_PATH=/home/hsq/code/auto-arm/rm-vision/install/auto_aim_interfaces:/opt/ros/humble LD_LIBRARY_PATH=/home/hsq/code/auto-arm/rm-vision/install/auto_aim_interfaces/lib:/opt/MVS/lib/64:/opt/MVS/lib/32:/opt/MVS/lib/64:/opt/MVS/lib/32:/opt/MVS/lib/64:/opt/MVS/lib/32:/opt/ros/humble/opt/rviz_ogre_vendor/lib:/opt/ros/humble/lib/x86_64-linux-gnu:/opt/ros/humble/lib:/opt/MVS/lib/64:/opt/MVS/lib/32:/opt/MVS/lib/64:/opt/MVS/lib/32:/opt/MVS/lib/64:/opt/MVS/lib/32 PYTHONPATH=/home/hsq/code/auto-arm/rm-vision/install/auto_aim_interfaces/local/lib/python3.10/dist-packages:${PYTHONPATH} /usr/bin/cmake --install /home/hsq/code/auto-arm/rm-vision/build/armor_tracker
[19.554s] -- Install configuration: ""
[19.555s] -- Up-to-date: /home/hsq/code/auto-arm/rm-vision/install/armor_tracker/lib/armor_tracker/armor_tracker_node
[19.555s] -- Up-to-date: /home/hsq/code/auto-arm/rm-vision/install/armor_tracker/include
[19.555s] -- Up-to-date: /home/hsq/code/auto-arm/rm-vision/install/armor_tracker/include/armor_tracker
[19.555s] -- Up-to-date: /home/hsq/code/auto-arm/rm-vision/install/armor_tracker/include/armor_tracker/tracker_node.hpp
[19.555s] -- Up-to-date: /home/hsq/code/auto-arm/rm-vision/install/armor_tracker/include/armor_tracker/tracker.hpp
[19.555s] -- Up-to-date: /home/hsq/code/auto-arm/rm-vision/install/armor_tracker/include/armor_tracker/extended_kalman_filter.hpp
[19.555s] -- Up-to-date: /home/hsq/code/auto-arm/rm-vision/install/armor_tracker/share/armor_tracker/environment/library_path.sh
[19.555s] -- Up-to-date: /home/hsq/code/auto-arm/rm-vision/install/armor_tracker/share/armor_tracker/environment/library_path.dsv
[19.555s] -- Installing: /home/hsq/code/auto-arm/rm-vision/install/armor_tracker/lib/libarmor_tracker.so
[19.572s] -- Set runtime path of "/home/hsq/code/auto-arm/rm-vision/install/armor_tracker/lib/libarmor_tracker.so" to ""
[19.572s] -- Up-to-date: /home/hsq/code/auto-arm/rm-vision/install/armor_tracker/share/ament_index/resource_index/package_run_dependencies/armor_tracker
[19.572s] -- Up-to-date: /home/hsq/code/auto-arm/rm-vision/install/armor_tracker/share/ament_index/resource_index/parent_prefix_path/armor_tracker
[19.572s] -- Up-to-date: /home/hsq/code/auto-arm/rm-vision/install/armor_tracker/share/armor_tracker/environment/ament_prefix_path.sh
[19.572s] -- Up-to-date: /home/hsq/code/auto-arm/rm-vision/install/armor_tracker/share/armor_tracker/environment/ament_prefix_path.dsv
[19.572s] -- Up-to-date: /home/hsq/code/auto-arm/rm-vision/install/armor_tracker/share/armor_tracker/environment/path.sh
[19.572s] -- Up-to-date: /home/hsq/code/auto-arm/rm-vision/install/armor_tracker/share/armor_tracker/environment/path.dsv
[19.572s] -- Up-to-date: /home/hsq/code/auto-arm/rm-vision/install/armor_tracker/share/armor_tracker/local_setup.bash
[19.572s] -- Up-to-date: /home/hsq/code/auto-arm/rm-vision/install/armor_tracker/share/armor_tracker/local_setup.sh
[19.572s] -- Up-to-date: /home/hsq/code/auto-arm/rm-vision/install/armor_tracker/share/armor_tracker/local_setup.zsh
[19.572s] -- Up-to-date: /home/hsq/code/auto-arm/rm-vision/install/armor_tracker/share/armor_tracker/local_setup.dsv
[19.573s] -- Installing: /home/hsq/code/auto-arm/rm-vision/install/armor_tracker/share/armor_tracker/package.dsv
[19.573s] -- Up-to-date: /home/hsq/code/auto-arm/rm-vision/install/armor_tracker/share/ament_index/resource_index/packages/armor_tracker
[19.573s] -- Up-to-date: /home/hsq/code/auto-arm/rm-vision/install/armor_tracker/share/ament_index/resource_index/rclcpp_components/armor_tracker
[19.573s] -- Up-to-date: /home/hsq/code/auto-arm/rm-vision/install/armor_tracker/share/armor_tracker/cmake/ament_cmake_export_dependencies-extras.cmake
[19.573s] -- Up-to-date: /home/hsq/code/auto-arm/rm-vision/install/armor_tracker/share/armor_tracker/cmake/ament_cmake_export_include_directories-extras.cmake
[19.573s] -- Up-to-date: /home/hsq/code/auto-arm/rm-vision/install/armor_tracker/share/armor_tracker/cmake/ament_cmake_export_libraries-extras.cmake
[19.573s] -- Up-to-date: /home/hsq/code/auto-arm/rm-vision/install/armor_tracker/share/armor_tracker/cmake/armor_trackerConfig.cmake
[19.573s] -- Up-to-date: /home/hsq/code/auto-arm/rm-vision/install/armor_tracker/share/armor_tracker/cmake/armor_trackerConfig-version.cmake
[19.573s] -- Up-to-date: /home/hsq/code/auto-arm/rm-vision/install/armor_tracker/share/armor_tracker/package.xml
[19.577s] Invoked command in '/home/hsq/code/auto-arm/rm-vision/build/armor_tracker' returned '0': AMENT_PREFIX_PATH=/home/hsq/code/auto-arm/rm-vision/install/auto_aim_interfaces:${AMENT_PREFIX_PATH} CMAKE_PREFIX_PATH=/home/hsq/code/auto-arm/rm-vision/install/auto_aim_interfaces:/opt/ros/humble LD_LIBRARY_PATH=/home/hsq/code/auto-arm/rm-vision/install/auto_aim_interfaces/lib:/opt/MVS/lib/64:/opt/MVS/lib/32:/opt/MVS/lib/64:/opt/MVS/lib/32:/opt/MVS/lib/64:/opt/MVS/lib/32:/opt/ros/humble/opt/rviz_ogre_vendor/lib:/opt/ros/humble/lib/x86_64-linux-gnu:/opt/ros/humble/lib:/opt/MVS/lib/64:/opt/MVS/lib/32:/opt/MVS/lib/64:/opt/MVS/lib/32:/opt/MVS/lib/64:/opt/MVS/lib/32 PYTHONPATH=/home/hsq/code/auto-arm/rm-vision/install/auto_aim_interfaces/local/lib/python3.10/dist-packages:${PYTHONPATH} /usr/bin/cmake --install /home/hsq/code/auto-arm/rm-vision/build/armor_tracker
