[0.009s] Invoking command in '/home/yuanluochen/code/arming/rm-vision/build/armor_detector': AMENT_PREFIX_PATH=/home/yuanluochen/code/arming/rm-vision/install/auto_aim_interfaces:${AMENT_PREFIX_PATH} CMAKE_PREFIX_PATH=/home/yuanluochen/code/arming/rm-vision/install/auto_aim_interfaces:/opt/ros/humble LD_LIBRARY_PATH=/home/yuanluochen/code/arming/rm-vision/install/auto_aim_interfaces/lib:/opt/MVS/lib/64:/opt/MVS/lib/32:/opt/MVS/lib/64:/opt/MVS/lib/32:/opt/ros/humble/opt/rviz_ogre_vendor/lib:/opt/ros/humble/lib/x86_64-linux-gnu:/opt/ros/humble/lib:/opt/MVS/lib/64:/opt/MVS/lib/32 PYTHONPATH=/home/yuanluochen/code/arming/rm-vision/install/auto_aim_interfaces/local/lib/python3.10/dist-packages:${PYTHONPATH} /usr/bin/cmake /home/yuanluochen/code/arming/rm-vision/src/rm_auto_aim-main/armor_detector -DCMAKE_INSTALL_PREFIX=/home/yuanluochen/code/arming/rm-vision/install/armor_detector
[0.051s] -- The C compiler identification is GNU 11.4.0
[0.088s] -- The CXX compiler identification is GNU 11.4.0
[0.093s] -- Detecting C compiler ABI info
[0.146s] -- Detecting C compiler ABI info - done
[0.151s] -- Check for working C compiler: /usr/bin/cc - skipped
[0.152s] -- Detecting C compile features
[0.152s] -- Detecting C compile features - done
[0.154s] -- Detecting CXX compiler ABI info
[0.212s] -- Detecting CXX compiler ABI info - done
[0.218s] -- Check for working CXX compiler: /usr/bin/c++ - skipped
[0.218s] -- Detecting CXX compile features
[0.218s] -- Detecting CXX compile features - done
[0.220s] -- Found ament_cmake_auto: 1.3.11 (/opt/ros/humble/share/ament_cmake_auto/cmake)
[0.328s] -- Found Python3: /usr/bin/python3 (found version "3.10.12") found components: Interpreter 
[0.407s] -- Found OpenCV: /usr (found version "4.5.4") 
[0.503s] -- Found rosidl_generator_c: 3.1.6 (/opt/ros/humble/share/rosidl_generator_c/cmake)
[0.508s] -- Found rosidl_adapter: 3.1.6 (/opt/ros/humble/share/rosidl_adapter/cmake)
[0.515s] -- Found rosidl_generator_cpp: 3.1.6 (/opt/ros/humble/share/rosidl_generator_cpp/cmake)
[0.523s] -- Using all available rosidl_typesupport_c: rosidl_typesupport_fastrtps_c;rosidl_typesupport_introspection_c
[0.534s] -- Using all available rosidl_typesupport_cpp: rosidl_typesupport_fastrtps_cpp;rosidl_typesupport_introspection_cpp
[0.563s] -- Found rmw_implementation_cmake: 6.1.2 (/opt/ros/humble/share/rmw_implementation_cmake/cmake)
[0.564s] -- Found rmw_fastrtps_cpp: 6.2.7 (/opt/ros/humble/share/rmw_fastrtps_cpp/cmake)
[0.620s] -- Found OpenSSL: /usr/lib/x86_64-linux-gnu/libcrypto.so (found version "3.0.2")  
[0.640s] -- Found FastRTPS: /opt/ros/humble/include  
[0.670s] -- Using RMW implementation 'rmw_fastrtps_cpp' as default
[0.675s] -- Looking for pthread.h
[0.725s] -- Looking for pthread.h - found
[0.726s] -- Performing Test CMAKE_HAVE_LIBC_PTHREAD
[0.780s] -- Performing Test CMAKE_HAVE_LIBC_PTHREAD - Success
[0.781s] -- Found Threads: TRUE  
[0.931s] -- Found eigen3_cmake_module: 0.1.1 (/opt/ros/humble/share/eigen3_cmake_module/cmake)
[0.932s] -- Found Eigen3: TRUE (found version "3.4.0") 
[0.932s] -- Ensuring Eigen3 include directory is part of orocos-kdl CMake target
[0.996s] -- Found ament_lint_auto: 0.12.11 (/opt/ros/humble/share/ament_lint_auto/cmake)
[1.023s] -- Found ament_cmake_gtest: 1.3.11 (/opt/ros/humble/share/ament_cmake_gtest/cmake)
[1.026s] -- Found gtest sources under '/opt/ros/humble/src/gtest_vendor': C++ tests using 'Google Test' will be built
[1.039s] -- Added test 'cppcheck' to perform static code analysis on C / C++ code
[1.039s] -- Configured cppcheck include dirs: /home/yuanluochen/code/arming/rm-vision/src/rm_auto_aim-main/armor_detector/include
[1.039s] -- Configured cppcheck exclude dirs and/or files: 
[1.040s] -- Added test 'lint_cmake' to check CMake code style
[1.040s] -- Added test 'xmllint' to check XML markup files
[1.044s] -- Configuring done
[1.090s] -- Generating done
[1.106s] -- Build files have been written to: /home/yuanluochen/code/arming/rm-vision/build/armor_detector
[1.118s] Invoked command in '/home/yuanluochen/code/arming/rm-vision/build/armor_detector' returned '0': AMENT_PREFIX_PATH=/home/yuanluochen/code/arming/rm-vision/install/auto_aim_interfaces:${AMENT_PREFIX_PATH} CMAKE_PREFIX_PATH=/home/yuanluochen/code/arming/rm-vision/install/auto_aim_interfaces:/opt/ros/humble LD_LIBRARY_PATH=/home/yuanluochen/code/arming/rm-vision/install/auto_aim_interfaces/lib:/opt/MVS/lib/64:/opt/MVS/lib/32:/opt/MVS/lib/64:/opt/MVS/lib/32:/opt/ros/humble/opt/rviz_ogre_vendor/lib:/opt/ros/humble/lib/x86_64-linux-gnu:/opt/ros/humble/lib:/opt/MVS/lib/64:/opt/MVS/lib/32 PYTHONPATH=/home/yuanluochen/code/arming/rm-vision/install/auto_aim_interfaces/local/lib/python3.10/dist-packages:${PYTHONPATH} /usr/bin/cmake /home/yuanluochen/code/arming/rm-vision/src/rm_auto_aim-main/armor_detector -DCMAKE_INSTALL_PREFIX=/home/yuanluochen/code/arming/rm-vision/install/armor_detector
[1.120s] Invoking command in '/home/yuanluochen/code/arming/rm-vision/build/armor_detector': AMENT_PREFIX_PATH=/home/yuanluochen/code/arming/rm-vision/install/auto_aim_interfaces:${AMENT_PREFIX_PATH} CMAKE_PREFIX_PATH=/home/yuanluochen/code/arming/rm-vision/install/auto_aim_interfaces:/opt/ros/humble LD_LIBRARY_PATH=/home/yuanluochen/code/arming/rm-vision/install/auto_aim_interfaces/lib:/opt/MVS/lib/64:/opt/MVS/lib/32:/opt/MVS/lib/64:/opt/MVS/lib/32:/opt/ros/humble/opt/rviz_ogre_vendor/lib:/opt/ros/humble/lib/x86_64-linux-gnu:/opt/ros/humble/lib:/opt/MVS/lib/64:/opt/MVS/lib/32 PYTHONPATH=/home/yuanluochen/code/arming/rm-vision/install/auto_aim_interfaces/local/lib/python3.10/dist-packages:${PYTHONPATH} /usr/bin/cmake --build /home/yuanluochen/code/arming/rm-vision/build/armor_detector -- -j16 -l16
[1.163s] [  6%] [32mBuilding CXX object gtest/CMakeFiles/gtest.dir/src/gtest-all.cc.o[0m
[1.163s] [ 13%] [32mBuilding CXX object gtest/CMakeFiles/gtest_main.dir/src/gtest_main.cc.o[0m
[1.166s] [ 20%] [32mBuilding CXX object CMakeFiles/armor_detector_node.dir/rclcpp_components/node_main_armor_detector_node.cpp.o[0m
[1.167s] [ 26%] [32mBuilding CXX object CMakeFiles/armor_detector.dir/src/detector_node.cpp.o[0m
[1.169s] [ 40%] [32mBuilding CXX object CMakeFiles/armor_detector.dir/src/number_classifier.cpp.o[0m
[1.169s] [ 40%] [32mBuilding CXX object CMakeFiles/armor_detector.dir/src/detector.cpp.o[0m
[1.169s] [ 46%] [32mBuilding CXX object CMakeFiles/armor_detector.dir/src/pnp_solver.cpp.o[0m
[2.107s] [ 53%] [32m[1mLinking CXX static library libgtest_main.a[0m
[2.163s] [ 53%] Built target gtest_main
[4.988s] [ 60%] [32m[1mLinking CXX static library libgtest.a[0m
[5.050s] [ 60%] Built target gtest
[5.634s] [ 66%] [32m[1mLinking CXX executable armor_detector_node[0m
[5.742s] [ 66%] Built target armor_detector_node
[16.871s] [ 73%] [32m[1mLinking CXX shared library libarmor_detector.so[0m
[17.659s] [ 73%] Built target armor_detector
[17.672s] [ 80%] [32mBuilding CXX object CMakeFiles/test_node_startup.dir/test/test_node_startup.cpp.o[0m
[17.673s] [ 86%] [32mBuilding CXX object CMakeFiles/test_number_cls.dir/test/test_number_cls.cpp.o[0m
[19.242s] [ 93%] [32m[1mLinking CXX executable test_number_cls[0m
[19.873s] [ 93%] Built target test_number_cls
[21.367s] [100%] [32m[1mLinking CXX executable test_node_startup[0m
[21.919s] [100%] Built target test_node_startup
[21.928s] Invoked command in '/home/yuanluochen/code/arming/rm-vision/build/armor_detector' returned '0': AMENT_PREFIX_PATH=/home/yuanluochen/code/arming/rm-vision/install/auto_aim_interfaces:${AMENT_PREFIX_PATH} CMAKE_PREFIX_PATH=/home/yuanluochen/code/arming/rm-vision/install/auto_aim_interfaces:/opt/ros/humble LD_LIBRARY_PATH=/home/yuanluochen/code/arming/rm-vision/install/auto_aim_interfaces/lib:/opt/MVS/lib/64:/opt/MVS/lib/32:/opt/MVS/lib/64:/opt/MVS/lib/32:/opt/ros/humble/opt/rviz_ogre_vendor/lib:/opt/ros/humble/lib/x86_64-linux-gnu:/opt/ros/humble/lib:/opt/MVS/lib/64:/opt/MVS/lib/32 PYTHONPATH=/home/yuanluochen/code/arming/rm-vision/install/auto_aim_interfaces/local/lib/python3.10/dist-packages:${PYTHONPATH} /usr/bin/cmake --build /home/yuanluochen/code/arming/rm-vision/build/armor_detector -- -j16 -l16
[21.928s] Invoking command in '/home/yuanluochen/code/arming/rm-vision/build/armor_detector': AMENT_PREFIX_PATH=/home/yuanluochen/code/arming/rm-vision/install/auto_aim_interfaces:${AMENT_PREFIX_PATH} CMAKE_PREFIX_PATH=/home/yuanluochen/code/arming/rm-vision/install/auto_aim_interfaces:/opt/ros/humble LD_LIBRARY_PATH=/home/yuanluochen/code/arming/rm-vision/install/auto_aim_interfaces/lib:/opt/MVS/lib/64:/opt/MVS/lib/32:/opt/MVS/lib/64:/opt/MVS/lib/32:/opt/ros/humble/opt/rviz_ogre_vendor/lib:/opt/ros/humble/lib/x86_64-linux-gnu:/opt/ros/humble/lib:/opt/MVS/lib/64:/opt/MVS/lib/32 PYTHONPATH=/home/yuanluochen/code/arming/rm-vision/install/auto_aim_interfaces/local/lib/python3.10/dist-packages:${PYTHONPATH} /usr/bin/cmake --install /home/yuanluochen/code/arming/rm-vision/build/armor_detector
[21.934s] -- Install configuration: ""
[21.934s] -- Installing: /home/yuanluochen/code/arming/rm-vision/install/armor_detector/lib/armor_detector/armor_detector_node
[21.945s] -- Set runtime path of "/home/yuanluochen/code/arming/rm-vision/install/armor_detector/lib/armor_detector/armor_detector_node" to ""
[21.945s] -- Installing: /home/yuanluochen/code/arming/rm-vision/install/armor_detector/include
[21.945s] -- Installing: /home/yuanluochen/code/arming/rm-vision/install/armor_detector/include/armor_detector
[21.945s] -- Installing: /home/yuanluochen/code/arming/rm-vision/install/armor_detector/include/armor_detector/armor.hpp
[21.945s] -- Installing: /home/yuanluochen/code/arming/rm-vision/install/armor_detector/include/armor_detector/detector.hpp
[21.945s] -- Installing: /home/yuanluochen/code/arming/rm-vision/install/armor_detector/include/armor_detector/detector_node.hpp
[21.945s] -- Installing: /home/yuanluochen/code/arming/rm-vision/install/armor_detector/include/armor_detector/number_classifier.hpp
[21.945s] -- Installing: /home/yuanluochen/code/arming/rm-vision/install/armor_detector/include/armor_detector/pnp_solver.hpp
[21.945s] -- Installing: /home/yuanluochen/code/arming/rm-vision/install/armor_detector/share/armor_detector/environment/library_path.sh
[21.945s] -- Installing: /home/yuanluochen/code/arming/rm-vision/install/armor_detector/share/armor_detector/environment/library_path.dsv
[21.945s] -- Installing: /home/yuanluochen/code/arming/rm-vision/install/armor_detector/lib/libarmor_detector.so
[21.951s] -- Set runtime path of "/home/yuanluochen/code/arming/rm-vision/install/armor_detector/lib/libarmor_detector.so" to ""
[21.951s] -- Installing: /home/yuanluochen/code/arming/rm-vision/install/armor_detector/share/armor_detector/model
[21.951s] -- Installing: /home/yuanluochen/code/arming/rm-vision/install/armor_detector/share/armor_detector/model/label.txt
[21.951s] -- Installing: /home/yuanluochen/code/arming/rm-vision/install/armor_detector/share/armor_detector/model/mlp.onnx
[21.951s] -- Installing: /home/yuanluochen/code/arming/rm-vision/install/armor_detector/share/ament_index/resource_index/package_run_dependencies/armor_detector
[21.952s] -- Installing: /home/yuanluochen/code/arming/rm-vision/install/armor_detector/share/ament_index/resource_index/parent_prefix_path/armor_detector
[21.952s] -- Installing: /home/yuanluochen/code/arming/rm-vision/install/armor_detector/share/armor_detector/environment/ament_prefix_path.sh
[21.952s] -- Installing: /home/yuanluochen/code/arming/rm-vision/install/armor_detector/share/armor_detector/environment/ament_prefix_path.dsv
[21.952s] -- Installing: /home/yuanluochen/code/arming/rm-vision/install/armor_detector/share/armor_detector/environment/path.sh
[21.952s] -- Installing: /home/yuanluochen/code/arming/rm-vision/install/armor_detector/share/armor_detector/environment/path.dsv
[21.952s] -- Installing: /home/yuanluochen/code/arming/rm-vision/install/armor_detector/share/armor_detector/local_setup.bash
[21.952s] -- Installing: /home/yuanluochen/code/arming/rm-vision/install/armor_detector/share/armor_detector/local_setup.sh
[21.952s] -- Installing: /home/yuanluochen/code/arming/rm-vision/install/armor_detector/share/armor_detector/local_setup.zsh
[21.952s] -- Installing: /home/yuanluochen/code/arming/rm-vision/install/armor_detector/share/armor_detector/local_setup.dsv
[21.952s] -- Installing: /home/yuanluochen/code/arming/rm-vision/install/armor_detector/share/armor_detector/package.dsv
[21.952s] -- Installing: /home/yuanluochen/code/arming/rm-vision/install/armor_detector/share/ament_index/resource_index/packages/armor_detector
[21.952s] -- Installing: /home/yuanluochen/code/arming/rm-vision/install/armor_detector/share/ament_index/resource_index/rclcpp_components/armor_detector
[21.953s] -- Installing: /home/yuanluochen/code/arming/rm-vision/install/armor_detector/share/armor_detector/cmake/ament_cmake_export_dependencies-extras.cmake
[21.953s] -- Installing: /home/yuanluochen/code/arming/rm-vision/install/armor_detector/share/armor_detector/cmake/ament_cmake_export_include_directories-extras.cmake
[21.953s] -- Installing: /home/yuanluochen/code/arming/rm-vision/install/armor_detector/share/armor_detector/cmake/ament_cmake_export_libraries-extras.cmake
[21.953s] -- Installing: /home/yuanluochen/code/arming/rm-vision/install/armor_detector/share/armor_detector/cmake/armor_detectorConfig.cmake
[21.953s] -- Installing: /home/yuanluochen/code/arming/rm-vision/install/armor_detector/share/armor_detector/cmake/armor_detectorConfig-version.cmake
[21.953s] -- Installing: /home/yuanluochen/code/arming/rm-vision/install/armor_detector/share/armor_detector/package.xml
[21.955s] Invoked command in '/home/yuanluochen/code/arming/rm-vision/build/armor_detector' returned '0': AMENT_PREFIX_PATH=/home/yuanluochen/code/arming/rm-vision/install/auto_aim_interfaces:${AMENT_PREFIX_PATH} CMAKE_PREFIX_PATH=/home/yuanluochen/code/arming/rm-vision/install/auto_aim_interfaces:/opt/ros/humble LD_LIBRARY_PATH=/home/yuanluochen/code/arming/rm-vision/install/auto_aim_interfaces/lib:/opt/MVS/lib/64:/opt/MVS/lib/32:/opt/MVS/lib/64:/opt/MVS/lib/32:/opt/ros/humble/opt/rviz_ogre_vendor/lib:/opt/ros/humble/lib/x86_64-linux-gnu:/opt/ros/humble/lib:/opt/MVS/lib/64:/opt/MVS/lib/32 PYTHONPATH=/home/yuanluochen/code/arming/rm-vision/install/auto_aim_interfaces/local/lib/python3.10/dist-packages:${PYTHONPATH} /usr/bin/cmake --install /home/yuanluochen/code/arming/rm-vision/build/armor_detector
