[0.009s] Invoking command in '/home/yuanluochen/code/arming/rm-vision/build/rm_auto_aim': AMENT_PREFIX_PATH=/home/yuanluochen/code/arming/rm-vision/install/armor_tracker:/home/yuanluochen/code/arming/rm-vision/install/armor_detector:/home/yuanluochen/code/arming/rm-vision/install/auto_aim_interfaces:${AMENT_PREFIX_PATH} CMAKE_PREFIX_PATH=/home/yuanluochen/code/arming/rm-vision/install/armor_tracker:/home/yuanluochen/code/arming/rm-vision/install/armor_detector:/home/yuanluochen/code/arming/rm-vision/install/auto_aim_interfaces:/opt/ros/humble LD_LIBRARY_PATH=/home/yuanluochen/code/arming/rm-vision/install/armor_tracker/lib:/home/yuanluochen/code/arming/rm-vision/install/armor_detector/lib:/home/yuanluochen/code/arming/rm-vision/install/auto_aim_interfaces/lib:/opt/MVS/lib/64:/opt/MVS/lib/32:/opt/MVS/lib/64:/opt/MVS/lib/32:/opt/ros/humble/opt/rviz_ogre_vendor/lib:/opt/ros/humble/lib/x86_64-linux-gnu:/opt/ros/humble/lib:/opt/MVS/lib/64:/opt/MVS/lib/32 PYTHONPATH=/home/yuanluochen/code/arming/rm-vision/install/auto_aim_interfaces/local/lib/python3.10/dist-packages:${PYTHONPATH} /usr/bin/cmake /home/yuanluochen/code/arming/rm-vision/src/rm_auto_aim-main/rm_auto_aim -DCMAKE_INSTALL_PREFIX=/home/yuanluochen/code/arming/rm-vision/install/rm_auto_aim
[0.048s] -- The C compiler identification is GNU 11.4.0
[0.088s] -- The CXX compiler identification is GNU 11.4.0
[0.093s] -- Detecting C compiler ABI info
[0.144s] -- Detecting C compiler ABI info - done
[0.151s] -- Check for working C compiler: /usr/bin/cc - skipped
[0.151s] -- Detecting C compile features
[0.151s] -- Detecting C compile features - done
[0.153s] -- Detecting CXX compiler ABI info
[0.211s] -- Detecting CXX compiler ABI info - done
[0.217s] -- Check for working CXX compiler: /usr/bin/c++ - skipped
[0.217s] -- Detecting CXX compile features
[0.218s] -- Detecting CXX compile features - done
[0.220s] -- Found ament_cmake_auto: 1.3.11 (/opt/ros/humble/share/ament_cmake_auto/cmake)
[0.318s] -- Found Python3: /usr/bin/python3 (found version "3.10.12") found components: Interpreter 
[0.376s] -- Found ament_lint_auto: 0.12.11 (/opt/ros/humble/share/ament_lint_auto/cmake)
[0.435s] -- Added test 'lint_cmake' to check CMake code style
[0.435s] -- Added test 'xmllint' to check XML markup files
[0.436s] -- Configuring done
[0.439s] -- Generating done
[0.441s] -- Build files have been written to: /home/yuanluochen/code/arming/rm-vision/build/rm_auto_aim
[0.446s] Invoked command in '/home/yuanluochen/code/arming/rm-vision/build/rm_auto_aim' returned '0': AMENT_PREFIX_PATH=/home/yuanluochen/code/arming/rm-vision/install/armor_tracker:/home/yuanluochen/code/arming/rm-vision/install/armor_detector:/home/yuanluochen/code/arming/rm-vision/install/auto_aim_interfaces:${AMENT_PREFIX_PATH} CMAKE_PREFIX_PATH=/home/yuanluochen/code/arming/rm-vision/install/armor_tracker:/home/yuanluochen/code/arming/rm-vision/install/armor_detector:/home/yuanluochen/code/arming/rm-vision/install/auto_aim_interfaces:/opt/ros/humble LD_LIBRARY_PATH=/home/yuanluochen/code/arming/rm-vision/install/armor_tracker/lib:/home/yuanluochen/code/arming/rm-vision/install/armor_detector/lib:/home/yuanluochen/code/arming/rm-vision/install/auto_aim_interfaces/lib:/opt/MVS/lib/64:/opt/MVS/lib/32:/opt/MVS/lib/64:/opt/MVS/lib/32:/opt/ros/humble/opt/rviz_ogre_vendor/lib:/opt/ros/humble/lib/x86_64-linux-gnu:/opt/ros/humble/lib:/opt/MVS/lib/64:/opt/MVS/lib/32 PYTHONPATH=/home/yuanluochen/code/arming/rm-vision/install/auto_aim_interfaces/local/lib/python3.10/dist-packages:${PYTHONPATH} /usr/bin/cmake /home/yuanluochen/code/arming/rm-vision/src/rm_auto_aim-main/rm_auto_aim -DCMAKE_INSTALL_PREFIX=/home/yuanluochen/code/arming/rm-vision/install/rm_auto_aim
[0.447s] Invoking command in '/home/yuanluochen/code/arming/rm-vision/build/rm_auto_aim': AMENT_PREFIX_PATH=/home/yuanluochen/code/arming/rm-vision/install/armor_tracker:/home/yuanluochen/code/arming/rm-vision/install/armor_detector:/home/yuanluochen/code/arming/rm-vision/install/auto_aim_interfaces:${AMENT_PREFIX_PATH} CMAKE_PREFIX_PATH=/home/yuanluochen/code/arming/rm-vision/install/armor_tracker:/home/yuanluochen/code/arming/rm-vision/install/armor_detector:/home/yuanluochen/code/arming/rm-vision/install/auto_aim_interfaces:/opt/ros/humble LD_LIBRARY_PATH=/home/yuanluochen/code/arming/rm-vision/install/armor_tracker/lib:/home/yuanluochen/code/arming/rm-vision/install/armor_detector/lib:/home/yuanluochen/code/arming/rm-vision/install/auto_aim_interfaces/lib:/opt/MVS/lib/64:/opt/MVS/lib/32:/opt/MVS/lib/64:/opt/MVS/lib/32:/opt/ros/humble/opt/rviz_ogre_vendor/lib:/opt/ros/humble/lib/x86_64-linux-gnu:/opt/ros/humble/lib:/opt/MVS/lib/64:/opt/MVS/lib/32 PYTHONPATH=/home/yuanluochen/code/arming/rm-vision/install/auto_aim_interfaces/local/lib/python3.10/dist-packages:${PYTHONPATH} /usr/bin/cmake --build /home/yuanluochen/code/arming/rm-vision/build/rm_auto_aim -- -j16 -l16
[0.472s] Invoked command in '/home/yuanluochen/code/arming/rm-vision/build/rm_auto_aim' returned '0': AMENT_PREFIX_PATH=/home/yuanluochen/code/arming/rm-vision/install/armor_tracker:/home/yuanluochen/code/arming/rm-vision/install/armor_detector:/home/yuanluochen/code/arming/rm-vision/install/auto_aim_interfaces:${AMENT_PREFIX_PATH} CMAKE_PREFIX_PATH=/home/yuanluochen/code/arming/rm-vision/install/armor_tracker:/home/yuanluochen/code/arming/rm-vision/install/armor_detector:/home/yuanluochen/code/arming/rm-vision/install/auto_aim_interfaces:/opt/ros/humble LD_LIBRARY_PATH=/home/yuanluochen/code/arming/rm-vision/install/armor_tracker/lib:/home/yuanluochen/code/arming/rm-vision/install/armor_detector/lib:/home/yuanluochen/code/arming/rm-vision/install/auto_aim_interfaces/lib:/opt/MVS/lib/64:/opt/MVS/lib/32:/opt/MVS/lib/64:/opt/MVS/lib/32:/opt/ros/humble/opt/rviz_ogre_vendor/lib:/opt/ros/humble/lib/x86_64-linux-gnu:/opt/ros/humble/lib:/opt/MVS/lib/64:/opt/MVS/lib/32 PYTHONPATH=/home/yuanluochen/code/arming/rm-vision/install/auto_aim_interfaces/local/lib/python3.10/dist-packages:${PYTHONPATH} /usr/bin/cmake --build /home/yuanluochen/code/arming/rm-vision/build/rm_auto_aim -- -j16 -l16
[0.473s] Invoking command in '/home/yuanluochen/code/arming/rm-vision/build/rm_auto_aim': AMENT_PREFIX_PATH=/home/yuanluochen/code/arming/rm-vision/install/armor_tracker:/home/yuanluochen/code/arming/rm-vision/install/armor_detector:/home/yuanluochen/code/arming/rm-vision/install/auto_aim_interfaces:${AMENT_PREFIX_PATH} CMAKE_PREFIX_PATH=/home/yuanluochen/code/arming/rm-vision/install/armor_tracker:/home/yuanluochen/code/arming/rm-vision/install/armor_detector:/home/yuanluochen/code/arming/rm-vision/install/auto_aim_interfaces:/opt/ros/humble LD_LIBRARY_PATH=/home/yuanluochen/code/arming/rm-vision/install/armor_tracker/lib:/home/yuanluochen/code/arming/rm-vision/install/armor_detector/lib:/home/yuanluochen/code/arming/rm-vision/install/auto_aim_interfaces/lib:/opt/MVS/lib/64:/opt/MVS/lib/32:/opt/MVS/lib/64:/opt/MVS/lib/32:/opt/ros/humble/opt/rviz_ogre_vendor/lib:/opt/ros/humble/lib/x86_64-linux-gnu:/opt/ros/humble/lib:/opt/MVS/lib/64:/opt/MVS/lib/32 PYTHONPATH=/home/yuanluochen/code/arming/rm-vision/install/auto_aim_interfaces/local/lib/python3.10/dist-packages:${PYTHONPATH} /usr/bin/cmake --install /home/yuanluochen/code/arming/rm-vision/build/rm_auto_aim
[0.478s] -- Install configuration: ""
[0.478s] -- Installing: /home/yuanluochen/code/arming/rm-vision/install/rm_auto_aim/share/ament_index/resource_index/package_run_dependencies/rm_auto_aim
[0.478s] -- Installing: /home/yuanluochen/code/arming/rm-vision/install/rm_auto_aim/share/ament_index/resource_index/parent_prefix_path/rm_auto_aim
[0.478s] -- Installing: /home/yuanluochen/code/arming/rm-vision/install/rm_auto_aim/share/rm_auto_aim/environment/ament_prefix_path.sh
[0.478s] -- Installing: /home/yuanluochen/code/arming/rm-vision/install/rm_auto_aim/share/rm_auto_aim/environment/ament_prefix_path.dsv
[0.478s] -- Installing: /home/yuanluochen/code/arming/rm-vision/install/rm_auto_aim/share/rm_auto_aim/environment/path.sh
[0.478s] -- Installing: /home/yuanluochen/code/arming/rm-vision/install/rm_auto_aim/share/rm_auto_aim/environment/path.dsv
[0.478s] -- Installing: /home/yuanluochen/code/arming/rm-vision/install/rm_auto_aim/share/rm_auto_aim/local_setup.bash
[0.478s] -- Installing: /home/yuanluochen/code/arming/rm-vision/install/rm_auto_aim/share/rm_auto_aim/local_setup.sh
[0.478s] -- Installing: /home/yuanluochen/code/arming/rm-vision/install/rm_auto_aim/share/rm_auto_aim/local_setup.zsh
[0.478s] -- Installing: /home/yuanluochen/code/arming/rm-vision/install/rm_auto_aim/share/rm_auto_aim/local_setup.dsv
[0.479s] -- Installing: /home/yuanluochen/code/arming/rm-vision/install/rm_auto_aim/share/rm_auto_aim/package.dsv
[0.479s] -- Installing: /home/yuanluochen/code/arming/rm-vision/install/rm_auto_aim/share/ament_index/resource_index/packages/rm_auto_aim
[0.479s] -- Installing: /home/yuanluochen/code/arming/rm-vision/install/rm_auto_aim/share/rm_auto_aim/cmake/rm_auto_aimConfig.cmake
[0.479s] -- Installing: /home/yuanluochen/code/arming/rm-vision/install/rm_auto_aim/share/rm_auto_aim/cmake/rm_auto_aimConfig-version.cmake
[0.479s] -- Installing: /home/yuanluochen/code/arming/rm-vision/install/rm_auto_aim/share/rm_auto_aim/package.xml
[0.480s] Invoked command in '/home/yuanluochen/code/arming/rm-vision/build/rm_auto_aim' returned '0': AMENT_PREFIX_PATH=/home/yuanluochen/code/arming/rm-vision/install/armor_tracker:/home/yuanluochen/code/arming/rm-vision/install/armor_detector:/home/yuanluochen/code/arming/rm-vision/install/auto_aim_interfaces:${AMENT_PREFIX_PATH} CMAKE_PREFIX_PATH=/home/yuanluochen/code/arming/rm-vision/install/armor_tracker:/home/yuanluochen/code/arming/rm-vision/install/armor_detector:/home/yuanluochen/code/arming/rm-vision/install/auto_aim_interfaces:/opt/ros/humble LD_LIBRARY_PATH=/home/yuanluochen/code/arming/rm-vision/install/armor_tracker/lib:/home/yuanluochen/code/arming/rm-vision/install/armor_detector/lib:/home/yuanluochen/code/arming/rm-vision/install/auto_aim_interfaces/lib:/opt/MVS/lib/64:/opt/MVS/lib/32:/opt/MVS/lib/64:/opt/MVS/lib/32:/opt/ros/humble/opt/rviz_ogre_vendor/lib:/opt/ros/humble/lib/x86_64-linux-gnu:/opt/ros/humble/lib:/opt/MVS/lib/64:/opt/MVS/lib/32 PYTHONPATH=/home/yuanluochen/code/arming/rm-vision/install/auto_aim_interfaces/local/lib/python3.10/dist-packages:${PYTHONPATH} /usr/bin/cmake --install /home/yuanluochen/code/arming/rm-vision/build/rm_auto_aim
