[0.012s] Invoking command in '/home/hsq/code/auto-arm/rm-vision/build/armor_detector': AMENT_PREFIX_PATH=/home/hsq/code/auto-arm/rm-vision/install/auto_aim_interfaces:${AMENT_PREFIX_PATH} CMAKE_PREFIX_PATH=/home/hsq/code/auto-arm/rm-vision/install/auto_aim_interfaces:/opt/ros/humble LD_LIBRARY_PATH=/home/hsq/code/auto-arm/rm-vision/install/auto_aim_interfaces/lib:/opt/MVS/lib/64:/opt/MVS/lib/32:/opt/MVS/lib/64:/opt/MVS/lib/32:/opt/MVS/lib/64:/opt/MVS/lib/32:/opt/ros/humble/opt/rviz_ogre_vendor/lib:/opt/ros/humble/lib/x86_64-linux-gnu:/opt/ros/humble/lib:/opt/MVS/lib/64:/opt/MVS/lib/32:/opt/MVS/lib/64:/opt/MVS/lib/32:/opt/MVS/lib/64:/opt/MVS/lib/32 PYTHONPATH=/home/hsq/code/auto-arm/rm-vision/install/auto_aim_interfaces/local/lib/python3.10/dist-packages:${PYTHONPATH} /usr/bin/cmake --build /home/hsq/code/auto-arm/rm-vision/build/armor_detector -- -j12 -l12
[0.062s] [35m[1mConsolidate compiler generated dependencies of target gtest[0m
[0.062s] [35m[1mConsolidate compiler generated dependencies of target gtest_main[0m
[0.063s] [35m[1mConsolidate compiler generated dependencies of target armor_detector[0m
[0.063s] [35m[1mConsolidate compiler generated dependencies of target armor_detector_node[0m
[0.076s] [ 13%] Built target gtest_main
[0.083s] [ 26%] Built target gtest
[0.086s] [ 40%] Built target armor_detector_node
[0.088s] [ 73%] Built target armor_detector
[0.099s] [35m[1mConsolidate compiler generated dependencies of target test_number_cls[0m
[0.099s] [35m[1mConsolidate compiler generated dependencies of target test_node_startup[0m
[0.113s] [ 86%] Built target test_number_cls
[0.117s] [100%] Built target test_node_startup
[0.149s] Invoked command in '/home/hsq/code/auto-arm/rm-vision/build/armor_detector' returned '0': AMENT_PREFIX_PATH=/home/hsq/code/auto-arm/rm-vision/install/auto_aim_interfaces:${AMENT_PREFIX_PATH} CMAKE_PREFIX_PATH=/home/hsq/code/auto-arm/rm-vision/install/auto_aim_interfaces:/opt/ros/humble LD_LIBRARY_PATH=/home/hsq/code/auto-arm/rm-vision/install/auto_aim_interfaces/lib:/opt/MVS/lib/64:/opt/MVS/lib/32:/opt/MVS/lib/64:/opt/MVS/lib/32:/opt/MVS/lib/64:/opt/MVS/lib/32:/opt/ros/humble/opt/rviz_ogre_vendor/lib:/opt/ros/humble/lib/x86_64-linux-gnu:/opt/ros/humble/lib:/opt/MVS/lib/64:/opt/MVS/lib/32:/opt/MVS/lib/64:/opt/MVS/lib/32:/opt/MVS/lib/64:/opt/MVS/lib/32 PYTHONPATH=/home/hsq/code/auto-arm/rm-vision/install/auto_aim_interfaces/local/lib/python3.10/dist-packages:${PYTHONPATH} /usr/bin/cmake --build /home/hsq/code/auto-arm/rm-vision/build/armor_detector -- -j12 -l12
[0.149s] Invoking command in '/home/hsq/code/auto-arm/rm-vision/build/armor_detector': AMENT_PREFIX_PATH=/home/hsq/code/auto-arm/rm-vision/install/auto_aim_interfaces:${AMENT_PREFIX_PATH} CMAKE_PREFIX_PATH=/home/hsq/code/auto-arm/rm-vision/install/auto_aim_interfaces:/opt/ros/humble LD_LIBRARY_PATH=/home/hsq/code/auto-arm/rm-vision/install/auto_aim_interfaces/lib:/opt/MVS/lib/64:/opt/MVS/lib/32:/opt/MVS/lib/64:/opt/MVS/lib/32:/opt/MVS/lib/64:/opt/MVS/lib/32:/opt/ros/humble/opt/rviz_ogre_vendor/lib:/opt/ros/humble/lib/x86_64-linux-gnu:/opt/ros/humble/lib:/opt/MVS/lib/64:/opt/MVS/lib/32:/opt/MVS/lib/64:/opt/MVS/lib/32:/opt/MVS/lib/64:/opt/MVS/lib/32 PYTHONPATH=/home/hsq/code/auto-arm/rm-vision/install/auto_aim_interfaces/local/lib/python3.10/dist-packages:${PYTHONPATH} /usr/bin/cmake --install /home/hsq/code/auto-arm/rm-vision/build/armor_detector
[0.159s] -- Install configuration: ""
[0.159s] -- Up-to-date: /home/hsq/code/auto-arm/rm-vision/install/armor_detector/lib/armor_detector/armor_detector_node
[0.159s] -- Up-to-date: /home/hsq/code/auto-arm/rm-vision/install/armor_detector/include
[0.159s] -- Up-to-date: /home/hsq/code/auto-arm/rm-vision/install/armor_detector/include/armor_detector
[0.160s] -- Up-to-date: /home/hsq/code/auto-arm/rm-vision/install/armor_detector/include/armor_detector/detector_node.hpp
[0.160s] -- Up-to-date: /home/hsq/code/auto-arm/rm-vision/install/armor_detector/include/armor_detector/pnp_solver.hpp
[0.160s] -- Up-to-date: /home/hsq/code/auto-arm/rm-vision/install/armor_detector/include/armor_detector/number_classifier.hpp
[0.160s] -- Up-to-date: /home/hsq/code/auto-arm/rm-vision/install/armor_detector/include/armor_detector/detector.hpp
[0.160s] -- Up-to-date: /home/hsq/code/auto-arm/rm-vision/install/armor_detector/include/armor_detector/armor.hpp
[0.160s] -- Up-to-date: /home/hsq/code/auto-arm/rm-vision/install/armor_detector/share/armor_detector/environment/library_path.sh
[0.160s] -- Up-to-date: /home/hsq/code/auto-arm/rm-vision/install/armor_detector/share/armor_detector/environment/library_path.dsv
[0.160s] -- Up-to-date: /home/hsq/code/auto-arm/rm-vision/install/armor_detector/lib/libarmor_detector.so
[0.160s] -- Up-to-date: /home/hsq/code/auto-arm/rm-vision/install/armor_detector/share/armor_detector/model
[0.160s] -- Up-to-date: /home/hsq/code/auto-arm/rm-vision/install/armor_detector/share/armor_detector/model/mlp.onnx
[0.160s] -- Up-to-date: /home/hsq/code/auto-arm/rm-vision/install/armor_detector/share/armor_detector/model/label.txt
[0.160s] -- Up-to-date: /home/hsq/code/auto-arm/rm-vision/install/armor_detector/share/ament_index/resource_index/package_run_dependencies/armor_detector
[0.161s] -- Up-to-date: /home/hsq/code/auto-arm/rm-vision/install/armor_detector/share/ament_index/resource_index/parent_prefix_path/armor_detector
[0.161s] -- Up-to-date: /home/hsq/code/auto-arm/rm-vision/install/armor_detector/share/armor_detector/environment/ament_prefix_path.sh
[0.161s] -- Up-to-date: /home/hsq/code/auto-arm/rm-vision/install/armor_detector/share/armor_detector/environment/ament_prefix_path.dsv
[0.161s] -- Up-to-date: /home/hsq/code/auto-arm/rm-vision/install/armor_detector/share/armor_detector/environment/path.sh
[0.161s] -- Up-to-date: /home/hsq/code/auto-arm/rm-vision/install/armor_detector/share/armor_detector/environment/path.dsv
[0.161s] -- Up-to-date: /home/hsq/code/auto-arm/rm-vision/install/armor_detector/share/armor_detector/local_setup.bash
[0.161s] -- Up-to-date: /home/hsq/code/auto-arm/rm-vision/install/armor_detector/share/armor_detector/local_setup.sh
[0.161s] -- Up-to-date: /home/hsq/code/auto-arm/rm-vision/install/armor_detector/share/armor_detector/local_setup.zsh
[0.161s] -- Up-to-date: /home/hsq/code/auto-arm/rm-vision/install/armor_detector/share/armor_detector/local_setup.dsv
[0.161s] -- Installing: /home/hsq/code/auto-arm/rm-vision/install/armor_detector/share/armor_detector/package.dsv
[0.161s] -- Up-to-date: /home/hsq/code/auto-arm/rm-vision/install/armor_detector/share/ament_index/resource_index/packages/armor_detector
[0.161s] -- Up-to-date: /home/hsq/code/auto-arm/rm-vision/install/armor_detector/share/ament_index/resource_index/rclcpp_components/armor_detector
[0.162s] -- Up-to-date: /home/hsq/code/auto-arm/rm-vision/install/armor_detector/share/armor_detector/cmake/ament_cmake_export_dependencies-extras.cmake
[0.162s] -- Up-to-date: /home/hsq/code/auto-arm/rm-vision/install/armor_detector/share/armor_detector/cmake/ament_cmake_export_include_directories-extras.cmake
[0.162s] -- Up-to-date: /home/hsq/code/auto-arm/rm-vision/install/armor_detector/share/armor_detector/cmake/ament_cmake_export_libraries-extras.cmake
[0.162s] -- Up-to-date: /home/hsq/code/auto-arm/rm-vision/install/armor_detector/share/armor_detector/cmake/armor_detectorConfig.cmake
[0.162s] -- Up-to-date: /home/hsq/code/auto-arm/rm-vision/install/armor_detector/share/armor_detector/cmake/armor_detectorConfig-version.cmake
[0.162s] -- Up-to-date: /home/hsq/code/auto-arm/rm-vision/install/armor_detector/share/armor_detector/package.xml
[0.164s] Invoked command in '/home/hsq/code/auto-arm/rm-vision/build/armor_detector' returned '0': AMENT_PREFIX_PATH=/home/hsq/code/auto-arm/rm-vision/install/auto_aim_interfaces:${AMENT_PREFIX_PATH} CMAKE_PREFIX_PATH=/home/hsq/code/auto-arm/rm-vision/install/auto_aim_interfaces:/opt/ros/humble LD_LIBRARY_PATH=/home/hsq/code/auto-arm/rm-vision/install/auto_aim_interfaces/lib:/opt/MVS/lib/64:/opt/MVS/lib/32:/opt/MVS/lib/64:/opt/MVS/lib/32:/opt/MVS/lib/64:/opt/MVS/lib/32:/opt/ros/humble/opt/rviz_ogre_vendor/lib:/opt/ros/humble/lib/x86_64-linux-gnu:/opt/ros/humble/lib:/opt/MVS/lib/64:/opt/MVS/lib/32:/opt/MVS/lib/64:/opt/MVS/lib/32:/opt/MVS/lib/64:/opt/MVS/lib/32 PYTHONPATH=/home/hsq/code/auto-arm/rm-vision/install/auto_aim_interfaces/local/lib/python3.10/dist-packages:${PYTHONPATH} /usr/bin/cmake --install /home/hsq/code/auto-arm/rm-vision/build/armor_detector
